[INFO] 2024-04-08 01:13:32.111 Aws_Init_Cleanup [140294717572160] Initiate AWS SDK for C++ with Version:1.11.282
[DEBUG] 2024-04-08 01:13:32.111 FileSystemUtils [140294717572160] Environment value for variable HOME is /home/vcm
[DEBUG] 2024-04-08 01:13:32.111 FileSystemUtils [140294717572160] Home directory is missing the final / appending one to normalize
[DEBUG] 2024-04-08 01:13:32.111 FileSystemUtils [140294717572160] Final Home Directory is /home/vcm/
[INFO] 2024-04-08 01:13:32.111 Aws::Config::AWSConfigFileProfileConfigLoader [140294717572160] Initializing config loader against fileName /home/vcm/.aws/credentials and using profilePrefix = 0
[DEBUG] 2024-04-08 01:13:32.111 FileSystemUtils [140294717572160] Environment value for variable HOME is /home/vcm
[DEBUG] 2024-04-08 01:13:32.111 FileSystemUtils [140294717572160] Home directory is missing the final / appending one to normalize
[DEBUG] 2024-04-08 01:13:32.111 FileSystemUtils [140294717572160] Final Home Directory is /home/vcm/
[INFO] 2024-04-08 01:13:32.111 Aws::Config::AWSConfigFileProfileConfigLoader [140294717572160] Initializing config loader against fileName /home/vcm/.aws/config and using profilePrefix = 1
[DEBUG] 2024-04-08 01:13:32.111 FileSystemUtils [140294717572160] Environment value for variable HOME is /home/vcm
[DEBUG] 2024-04-08 01:13:32.111 FileSystemUtils [140294717572160] Home directory is missing the final / appending one to normalize
[DEBUG] 2024-04-08 01:13:32.111 FileSystemUtils [140294717572160] Final Home Directory is /home/vcm/
[INFO] 2024-04-08 01:13:32.111 Aws::Config::ConfigFileProfileFSM [140294717572160] Unknown property: aws_access_key_id in the profile: default
[INFO] 2024-04-08 01:13:32.111 Aws::Config::ConfigFileProfileFSM [140294717572160] Unknown property: aws_secret_access_key in the profile: default
[DEBUG] 2024-04-08 01:13:32.111 Aws::Config::ConfigFileProfileFSM [140294717572160] found access key AKIAXYKJVWUMV5VJDJWU
[INFO] 2024-04-08 01:13:32.111 Aws::Config::AWSProfileConfigLoaderBase [140294717572160] Successfully reloaded configuration.
[DEBUG] 2024-04-08 01:13:32.111 FileSystemUtils [140294717572160] Environment value for variable HOME is /home/vcm
[DEBUG] 2024-04-08 01:13:32.111 FileSystemUtils [140294717572160] Home directory is missing the final / appending one to normalize
[DEBUG] 2024-04-08 01:13:32.111 FileSystemUtils [140294717572160] Final Home Directory is /home/vcm/
[INFO] 2024-04-08 01:13:32.111 Aws::Config::AWSConfigFileProfileConfigLoader [140294717572160] Unable to open config file /home/vcm/.aws/config for reading.
[INFO] 2024-04-08 01:13:32.111 Aws::Config::AWSProfileConfigLoaderBase [140294717572160] Failed to reload configuration.
[INFO] 2024-04-08 01:13:32.112 event-loop [140294717572160] id=0x55929236e0d0: Initializing edge-triggered epoll
[INFO] 2024-04-08 01:13:32.112 event-loop [140294717572160] id=0x55929236e0d0: Using eventfd for cross-thread notifications.
[INFO] 2024-04-08 01:13:32.112 event-loop [140294717572160] id=0x55929236e0d0: Starting event-loop thread.
[INFO] 2024-04-08 01:13:32.112 event-loop [140294717572160] id=0x55929230fea0: Initializing edge-triggered epoll
[INFO] 2024-04-08 01:13:32.112 event-loop [140294717572160] id=0x55929230fea0: Using eventfd for cross-thread notifications.
[INFO] 2024-04-08 01:13:32.112 event-loop [140294717572160] id=0x55929230fea0: Starting event-loop thread.
[INFO] 2024-04-08 01:13:32.112 dns [140294717572160] id=0x5592923eac20: Initializing default host resolver with 8 max host entries.
[INFO] 2024-04-08 01:13:32.112 event-loop [140294709110336] id=0x55929236e0d0: main loop started
[INFO] 2024-04-08 01:13:32.112 event-loop [140294709110336] id=0x55929236e0d0: default timeout 100000, and max events to process per tick 100
[INFO] 2024-04-08 01:13:32.112 event-loop [140294700717632] id=0x55929230fea0: main loop started
[INFO] 2024-04-08 01:13:32.112 event-loop [140294700717632] id=0x55929230fea0: default timeout 100000, and max events to process per tick 100
[INFO] 2024-04-08 01:13:32.112 channel-bootstrap [140294717572160] id=0x5592923eae70: Initializing client bootstrap with event-loop group 0x5592923cb570
[DEBUG] 2024-04-08 01:13:32.199 HttpClientFactory [140294717572160] Initializing Http Static State
[DEBUG] 2024-04-08 01:13:32.199 HttpClientFactory [140294717572160] Initializing Curl Http Client
[INFO] 2024-04-08 01:13:32.199 CurlHttpClient [140294717572160] Initializing Curl library with version: 7.81.0, ssl version: OpenSSL/3.0.2
[INFO] 2024-04-08 01:13:32.200 EC2MetadataClient [140294717572160] Using IMDS endpoint: http://169.254.169.254
[DEBUG] 2024-04-08 01:13:32.200 ClientConfiguration [140294717572160] Request Compression enabled
[DEBUG] 2024-04-08 01:13:32.200 ClientConfiguration [140294717572160] ClientConfiguration will use MinReqCompression: 10240
[DEBUG] 2024-04-08 01:13:32.200 ClientConfiguration [140294717572160] ClientConfiguration will use SDK Auto Resolved profile: [default] if not specified by users.
[INFO] 2024-04-08 01:13:32.200 ClientConfiguration [140294717572160] Retry Strategy will use the default max attempts.
[INFO] 2024-04-08 01:13:32.200 EC2MetadataClient [140294717572160] Creating AWSHttpResourceClient with max connections 2 and scheme http
[INFO] 2024-04-08 01:13:32.200 CurlHandleContainer [140294717572160] Initializing CurlHandleContainer with size 2
[DEBUG] 2024-04-08 01:13:32.200 ClientConfiguration [140294717572160] Request Compression enabled
[DEBUG] 2024-04-08 01:13:32.200 ClientConfiguration [140294717572160] ClientConfiguration will use MinReqCompression: 10240
[DEBUG] 2024-04-08 01:13:32.200 ClientConfiguration [140294717572160] ClientConfiguration will use SDK Auto Resolved profile: [default] if not specified by users.
[INFO] 2024-04-08 01:13:32.200 ClientConfiguration [140294717572160] Retry Strategy will use the default max attempts.
[DEBUG] 2024-04-08 01:13:32.201 CurlHandleContainer [140294717572160] Attempting to acquire curl connection.
[DEBUG] 2024-04-08 01:13:32.201 CurlHandleContainer [140294717572160] No current connections available in pool. Attempting to create new connections.
[DEBUG] 2024-04-08 01:13:32.201 CurlHandleContainer [140294717572160] attempting to grow pool size by 2
[INFO] 2024-04-08 01:13:32.201 CurlHandleContainer [140294717572160] Pool grown by 2
[DEBUG] 2024-04-08 01:13:32.201 CurlHandleContainer [140294717572160] Connection has been released. Continuing.
[DEBUG] 2024-04-08 01:13:32.201 CurlHandleContainer [140294717572160] Returning connection handle 0x559292501aa0
[DEBUG] 2024-04-08 01:13:32.201 CurlHttpClient [140294717572160] Obtained connection handle 0x559292501aa0
[DEBUG] 2024-04-08 01:13:32.201 CURL [140294717572160] (Text)   Trying 169.254.169.254:80...

[DEBUG] 2024-04-08 01:13:33.208 CURL [140294717572160] (Text) After 1000ms connect time, move on!

[DEBUG] 2024-04-08 01:13:33.208 CURL [140294717572160] (Text) connect to 169.254.169.254 port 80 failed: Connection timed out

[DEBUG] 2024-04-08 01:13:33.208 CURL [140294717572160] (Text) Connection timeout after 1006 ms

[DEBUG] 2024-04-08 01:13:33.208 CURL [140294717572160] (Text) Closing connection 0

[ERROR] 2024-04-08 01:13:33.208 CurlHttpClient [140294717572160] Curl returned error code 28 - Timeout was reached
[DEBUG] 2024-04-08 01:13:33.208 CurlHandleContainer [140294717572160] Destroy curl handle: 0x559292501aa0
[DEBUG] 2024-04-08 01:13:33.208 CurlHandleContainer [140294717572160] Created replacement handle and released to pool: 0x559292501aa0
[ERROR] 2024-04-08 01:13:33.208 EC2MetadataClient [140294717572160] Http request to retrieve credentials failed
[WARN] 2024-04-08 01:13:33.208 EC2MetadataClient [140294717572160] Request failed, now waiting 0 ms before attempting again.
[DEBUG] 2024-04-08 01:13:33.208 CurlHandleContainer [140294717572160] Attempting to acquire curl connection.
[DEBUG] 2024-04-08 01:13:33.208 CurlHandleContainer [140294717572160] Connection has been released. Continuing.
[DEBUG] 2024-04-08 01:13:33.208 CurlHandleContainer [140294717572160] Returning connection handle 0x559292501aa0
[DEBUG] 2024-04-08 01:13:33.208 CurlHttpClient [140294717572160] Obtained connection handle 0x559292501aa0
[DEBUG] 2024-04-08 01:13:33.208 CURL [140294717572160] (Text)   Trying 169.254.169.254:80...

[DEBUG] 2024-04-08 01:13:34.210 CURL [140294717572160] (Text) After 1000ms connect time, move on!

[DEBUG] 2024-04-08 01:13:34.210 CURL [140294717572160] (Text) connect to 169.254.169.254 port 80 failed: Connection timed out

[DEBUG] 2024-04-08 01:13:34.210 CURL [140294717572160] (Text) Connection timeout after 1001 ms

[DEBUG] 2024-04-08 01:13:34.210 CURL [140294717572160] (Text) Closing connection 0

[ERROR] 2024-04-08 01:13:34.210 CurlHttpClient [140294717572160] Curl returned error code 28 - Timeout was reached
[DEBUG] 2024-04-08 01:13:34.210 CurlHandleContainer [140294717572160] Destroy curl handle: 0x559292501aa0
[DEBUG] 2024-04-08 01:13:34.210 CurlHandleContainer [140294717572160] Created replacement handle and released to pool: 0x559292501aa0
[ERROR] 2024-04-08 01:13:34.210 EC2MetadataClient [140294717572160] Http request to retrieve credentials failed
[ERROR] 2024-04-08 01:13:34.210 EC2MetadataClient [140294717572160] Can not retrieve resource from http://169.254.169.254/latest/api/token
[DEBUG] 2024-04-08 01:13:34.211 CurlHandleContainer [140294717572160] Attempting to acquire curl connection.
[DEBUG] 2024-04-08 01:13:34.211 CurlHandleContainer [140294717572160] Connection has been released. Continuing.
[DEBUG] 2024-04-08 01:13:34.211 CurlHandleContainer [140294717572160] Returning connection handle 0x559292501aa0
[DEBUG] 2024-04-08 01:13:34.211 CurlHttpClient [140294717572160] Obtained connection handle 0x559292501aa0
[DEBUG] 2024-04-08 01:13:34.211 CURL [140294717572160] (Text)   Trying 169.254.169.254:80...

[DEBUG] 2024-04-08 01:13:35.212 CURL [140294717572160] (Text) After 1000ms connect time, move on!

[DEBUG] 2024-04-08 01:13:35.212 CURL [140294717572160] (Text) connect to 169.254.169.254 port 80 failed: Connection timed out

[DEBUG] 2024-04-08 01:13:35.212 CURL [140294717572160] (Text) Connection timeout after 1001 ms

[DEBUG] 2024-04-08 01:13:35.212 CURL [140294717572160] (Text) Closing connection 0

[ERROR] 2024-04-08 01:13:35.212 CurlHttpClient [140294717572160] Curl returned error code 28 - Timeout was reached
[DEBUG] 2024-04-08 01:13:35.212 CurlHandleContainer [140294717572160] Destroy curl handle: 0x559292501aa0
[DEBUG] 2024-04-08 01:13:35.212 CurlHandleContainer [140294717572160] Created replacement handle and released to pool: 0x559292501aa0
[ERROR] 2024-04-08 01:13:35.212 EC2MetadataClient [140294717572160] Http request to retrieve credentials failed
[WARN] 2024-04-08 01:13:35.212 EC2MetadataClient [140294717572160] Request failed, now waiting 0 ms before attempting again.
[DEBUG] 2024-04-08 01:13:35.213 CurlHandleContainer [140294717572160] Attempting to acquire curl connection.
[DEBUG] 2024-04-08 01:13:35.213 CurlHandleContainer [140294717572160] Connection has been released. Continuing.
[DEBUG] 2024-04-08 01:13:35.213 CurlHandleContainer [140294717572160] Returning connection handle 0x559292501aa0
[DEBUG] 2024-04-08 01:13:35.213 CurlHttpClient [140294717572160] Obtained connection handle 0x559292501aa0
[DEBUG] 2024-04-08 01:13:35.213 CURL [140294717572160] (Text)   Trying 169.254.169.254:80...

[DEBUG] 2024-04-08 01:13:36.214 CURL [140294717572160] (Text) After 1000ms connect time, move on!

[DEBUG] 2024-04-08 01:13:36.214 CURL [140294717572160] (Text) connect to 169.254.169.254 port 80 failed: Connection timed out

[DEBUG] 2024-04-08 01:13:36.214 CURL [140294717572160] (Text) Connection timeout after 1001 ms

[DEBUG] 2024-04-08 01:13:36.214 CURL [140294717572160] (Text) Closing connection 0

[ERROR] 2024-04-08 01:13:36.215 CurlHttpClient [140294717572160] Curl returned error code 28 - Timeout was reached
[DEBUG] 2024-04-08 01:13:36.215 CurlHandleContainer [140294717572160] Destroy curl handle: 0x559292501aa0
[DEBUG] 2024-04-08 01:13:36.215 CurlHandleContainer [140294717572160] Created replacement handle and released to pool: 0x559292501aa0
[ERROR] 2024-04-08 01:13:36.215 EC2MetadataClient [140294717572160] Http request to retrieve credentials failed
[ERROR] 2024-04-08 01:13:36.215 EC2MetadataClient [140294717572160] Can not retrieve resource from http://169.254.169.254/latest/meta-data/iam/security-credentials
[INFO] 2024-04-08 01:16:52.247 Aws_Init_Cleanup [139729325597760] Initiate AWS SDK for C++ with Version:1.11.282
[DEBUG] 2024-04-08 01:16:52.247 FileSystemUtils [139729325597760] Environment value for variable HOME is /home/vcm
[DEBUG] 2024-04-08 01:16:52.247 FileSystemUtils [139729325597760] Home directory is missing the final / appending one to normalize
[DEBUG] 2024-04-08 01:16:52.247 FileSystemUtils [139729325597760] Final Home Directory is /home/vcm/
[INFO] 2024-04-08 01:16:52.247 Aws::Config::AWSConfigFileProfileConfigLoader [139729325597760] Initializing config loader against fileName /home/vcm/.aws/credentials and using profilePrefix = 0
[DEBUG] 2024-04-08 01:16:52.247 FileSystemUtils [139729325597760] Environment value for variable HOME is /home/vcm
[DEBUG] 2024-04-08 01:16:52.247 FileSystemUtils [139729325597760] Home directory is missing the final / appending one to normalize
[DEBUG] 2024-04-08 01:16:52.247 FileSystemUtils [139729325597760] Final Home Directory is /home/vcm/
[INFO] 2024-04-08 01:16:52.247 Aws::Config::AWSConfigFileProfileConfigLoader [139729325597760] Initializing config loader against fileName /home/vcm/.aws/config and using profilePrefix = 1
[DEBUG] 2024-04-08 01:16:52.247 FileSystemUtils [139729325597760] Environment value for variable HOME is /home/vcm
[DEBUG] 2024-04-08 01:16:52.247 FileSystemUtils [139729325597760] Home directory is missing the final / appending one to normalize
[DEBUG] 2024-04-08 01:16:52.247 FileSystemUtils [139729325597760] Final Home Directory is /home/vcm/
[INFO] 2024-04-08 01:16:52.247 Aws::Config::ConfigFileProfileFSM [139729325597760] Unknown property: aws_access_key_id in the profile: default
[INFO] 2024-04-08 01:16:52.247 Aws::Config::ConfigFileProfileFSM [139729325597760] Unknown property: aws_secret_access_key in the profile: default
[DEBUG] 2024-04-08 01:16:52.247 Aws::Config::ConfigFileProfileFSM [139729325597760] found access key AKIAXYKJVWUMV5VJDJWU
[INFO] 2024-04-08 01:16:52.247 Aws::Config::AWSProfileConfigLoaderBase [139729325597760] Successfully reloaded configuration.
[DEBUG] 2024-04-08 01:16:52.247 FileSystemUtils [139729325597760] Environment value for variable HOME is /home/vcm
[DEBUG] 2024-04-08 01:16:52.247 FileSystemUtils [139729325597760] Home directory is missing the final / appending one to normalize
[DEBUG] 2024-04-08 01:16:52.247 FileSystemUtils [139729325597760] Final Home Directory is /home/vcm/
[INFO] 2024-04-08 01:16:52.247 Aws::Config::AWSConfigFileProfileConfigLoader [139729325597760] Unable to open config file /home/vcm/.aws/config for reading.
[INFO] 2024-04-08 01:16:52.247 Aws::Config::AWSProfileConfigLoaderBase [139729325597760] Failed to reload configuration.
[INFO] 2024-04-08 01:16:52.247 event-loop [139729325597760] id=0x5579112d40d0: Initializing edge-triggered epoll
[INFO] 2024-04-08 01:16:52.247 event-loop [139729325597760] id=0x5579112d40d0: Using eventfd for cross-thread notifications.
[INFO] 2024-04-08 01:16:52.247 event-loop [139729325597760] id=0x5579112d40d0: Starting event-loop thread.
[INFO] 2024-04-08 01:16:52.247 event-loop [139729325597760] id=0x557911275ea0: Initializing edge-triggered epoll
[INFO] 2024-04-08 01:16:52.247 event-loop [139729325597760] id=0x557911275ea0: Using eventfd for cross-thread notifications.
[INFO] 2024-04-08 01:16:52.247 event-loop [139729325597760] id=0x557911275ea0: Starting event-loop thread.
[INFO] 2024-04-08 01:16:52.248 dns [139729325597760] id=0x557911350c20: Initializing default host resolver with 8 max host entries.
[INFO] 2024-04-08 01:16:52.248 event-loop [139729308743232] id=0x557911275ea0: main loop started
[INFO] 2024-04-08 01:16:52.248 event-loop [139729317135936] id=0x5579112d40d0: main loop started
[INFO] 2024-04-08 01:16:52.248 event-loop [139729308743232] id=0x557911275ea0: default timeout 100000, and max events to process per tick 100
[INFO] 2024-04-08 01:16:52.248 channel-bootstrap [139729325597760] id=0x557911350e70: Initializing client bootstrap with event-loop group 0x557911331570
[INFO] 2024-04-08 01:16:52.248 event-loop [139729317135936] id=0x5579112d40d0: default timeout 100000, and max events to process per tick 100
[DEBUG] 2024-04-08 01:16:52.332 HttpClientFactory [139729325597760] Initializing Http Static State
[DEBUG] 2024-04-08 01:16:52.332 HttpClientFactory [139729325597760] Initializing Curl Http Client
[INFO] 2024-04-08 01:16:52.332 CurlHttpClient [139729325597760] Initializing Curl library with version: 7.81.0, ssl version: OpenSSL/3.0.2
[INFO] 2024-04-08 01:16:52.333 EC2MetadataClient [139729325597760] Using IMDS endpoint: http://169.254.169.254
[DEBUG] 2024-04-08 01:16:52.333 ClientConfiguration [139729325597760] Request Compression enabled
[DEBUG] 2024-04-08 01:16:52.333 ClientConfiguration [139729325597760] ClientConfiguration will use MinReqCompression: 10240
[DEBUG] 2024-04-08 01:16:52.333 ClientConfiguration [139729325597760] ClientConfiguration will use SDK Auto Resolved profile: [default] if not specified by users.
[INFO] 2024-04-08 01:16:52.333 ClientConfiguration [139729325597760] Retry Strategy will use the default max attempts.
[INFO] 2024-04-08 01:16:52.333 EC2MetadataClient [139729325597760] Creating AWSHttpResourceClient with max connections 2 and scheme http
[INFO] 2024-04-08 01:16:52.333 CurlHandleContainer [139729325597760] Initializing CurlHandleContainer with size 2
[DEBUG] 2024-04-08 01:16:52.333 ClientConfiguration [139729325597760] Request Compression enabled
[DEBUG] 2024-04-08 01:16:52.333 ClientConfiguration [139729325597760] ClientConfiguration will use MinReqCompression: 10240
[DEBUG] 2024-04-08 01:16:52.333 ClientConfiguration [139729325597760] ClientConfiguration will use SDK Auto Resolved profile: [default] if not specified by users.
[INFO] 2024-04-08 01:16:52.333 ClientConfiguration [139729325597760] Retry Strategy will use the default max attempts.
[DEBUG] 2024-04-08 01:16:52.334 CurlHandleContainer [139729325597760] Attempting to acquire curl connection.
[DEBUG] 2024-04-08 01:16:52.334 CurlHandleContainer [139729325597760] No current connections available in pool. Attempting to create new connections.
[DEBUG] 2024-04-08 01:16:52.334 CurlHandleContainer [139729325597760] attempting to grow pool size by 2
[INFO] 2024-04-08 01:16:52.334 CurlHandleContainer [139729325597760] Pool grown by 2
[DEBUG] 2024-04-08 01:16:52.334 CurlHandleContainer [139729325597760] Connection has been released. Continuing.
[DEBUG] 2024-04-08 01:16:52.334 CurlHandleContainer [139729325597760] Returning connection handle 0x557911467600
[DEBUG] 2024-04-08 01:16:52.334 CurlHttpClient [139729325597760] Obtained connection handle 0x557911467600
[DEBUG] 2024-04-08 01:16:52.334 CURL [139729325597760] (Text)   Trying 169.254.169.254:80...

[DEBUG] 2024-04-08 01:16:53.335 CURL [139729325597760] (Text) After 1000ms connect time, move on!

[DEBUG] 2024-04-08 01:16:53.335 CURL [139729325597760] (Text) connect to 169.254.169.254 port 80 failed: Connection timed out

[DEBUG] 2024-04-08 01:16:53.336 CURL [139729325597760] (Text) Connection timeout after 1001 ms

[DEBUG] 2024-04-08 01:16:53.336 CURL [139729325597760] (Text) Closing connection 0

[ERROR] 2024-04-08 01:16:53.336 CurlHttpClient [139729325597760] Curl returned error code 28 - Timeout was reached
[DEBUG] 2024-04-08 01:16:53.336 CurlHandleContainer [139729325597760] Destroy curl handle: 0x557911467600
[DEBUG] 2024-04-08 01:16:53.336 CurlHandleContainer [139729325597760] Created replacement handle and released to pool: 0x557911467600
[ERROR] 2024-04-08 01:16:53.336 EC2MetadataClient [139729325597760] Http request to retrieve credentials failed
[WARN] 2024-04-08 01:16:53.336 EC2MetadataClient [139729325597760] Request failed, now waiting 0 ms before attempting again.
[DEBUG] 2024-04-08 01:16:53.337 CurlHandleContainer [139729325597760] Attempting to acquire curl connection.
[DEBUG] 2024-04-08 01:16:53.337 CurlHandleContainer [139729325597760] Connection has been released. Continuing.
[DEBUG] 2024-04-08 01:16:53.337 CurlHandleContainer [139729325597760] Returning connection handle 0x557911467600
[DEBUG] 2024-04-08 01:16:53.337 CurlHttpClient [139729325597760] Obtained connection handle 0x557911467600
[DEBUG] 2024-04-08 01:16:53.337 CURL [139729325597760] (Text)   Trying 169.254.169.254:80...

[DEBUG] 2024-04-08 01:16:54.338 CURL [139729325597760] (Text) After 1000ms connect time, move on!

[DEBUG] 2024-04-08 01:16:54.338 CURL [139729325597760] (Text) connect to 169.254.169.254 port 80 failed: Connection timed out

[DEBUG] 2024-04-08 01:16:54.338 CURL [139729325597760] (Text) Connection timeout after 1001 ms

[DEBUG] 2024-04-08 01:16:54.338 CURL [139729325597760] (Text) Closing connection 0

[ERROR] 2024-04-08 01:16:54.338 CurlHttpClient [139729325597760] Curl returned error code 28 - Timeout was reached
[DEBUG] 2024-04-08 01:16:54.339 CurlHandleContainer [139729325597760] Destroy curl handle: 0x557911467600
[DEBUG] 2024-04-08 01:16:54.339 CurlHandleContainer [139729325597760] Created replacement handle and released to pool: 0x557911467600
[ERROR] 2024-04-08 01:16:54.339 EC2MetadataClient [139729325597760] Http request to retrieve credentials failed
[ERROR] 2024-04-08 01:16:54.339 EC2MetadataClient [139729325597760] Can not retrieve resource from http://169.254.169.254/latest/api/token
[DEBUG] 2024-04-08 01:16:54.339 CurlHandleContainer [139729325597760] Attempting to acquire curl connection.
[DEBUG] 2024-04-08 01:16:54.339 CurlHandleContainer [139729325597760] Connection has been released. Continuing.
[DEBUG] 2024-04-08 01:16:54.339 CurlHandleContainer [139729325597760] Returning connection handle 0x557911467600
[DEBUG] 2024-04-08 01:16:54.339 CurlHttpClient [139729325597760] Obtained connection handle 0x557911467600
[DEBUG] 2024-04-08 01:16:54.339 CURL [139729325597760] (Text)   Trying 169.254.169.254:80...

[DEBUG] 2024-04-08 01:16:55.340 CURL [139729325597760] (Text) After 1000ms connect time, move on!

[DEBUG] 2024-04-08 01:16:55.340 CURL [139729325597760] (Text) connect to 169.254.169.254 port 80 failed: Connection timed out

[DEBUG] 2024-04-08 01:16:55.340 CURL [139729325597760] (Text) Connection timeout after 1001 ms

[DEBUG] 2024-04-08 01:16:55.340 CURL [139729325597760] (Text) Closing connection 0

[ERROR] 2024-04-08 01:16:55.340 CurlHttpClient [139729325597760] Curl returned error code 28 - Timeout was reached
[DEBUG] 2024-04-08 01:16:55.341 CurlHandleContainer [139729325597760] Destroy curl handle: 0x557911467600
[DEBUG] 2024-04-08 01:16:55.341 CurlHandleContainer [139729325597760] Created replacement handle and released to pool: 0x557911467600
[ERROR] 2024-04-08 01:16:55.341 EC2MetadataClient [139729325597760] Http request to retrieve credentials failed
[WARN] 2024-04-08 01:16:55.341 EC2MetadataClient [139729325597760] Request failed, now waiting 0 ms before attempting again.
[DEBUG] 2024-04-08 01:16:55.341 CurlHandleContainer [139729325597760] Attempting to acquire curl connection.
[DEBUG] 2024-04-08 01:16:55.341 CurlHandleContainer [139729325597760] Connection has been released. Continuing.
[DEBUG] 2024-04-08 01:16:55.341 CurlHandleContainer [139729325597760] Returning connection handle 0x557911467600
[DEBUG] 2024-04-08 01:16:55.341 CurlHttpClient [139729325597760] Obtained connection handle 0x557911467600
[DEBUG] 2024-04-08 01:16:55.341 CURL [139729325597760] (Text)   Trying 169.254.169.254:80...

[DEBUG] 2024-04-08 01:16:56.343 CURL [139729325597760] (Text) After 1000ms connect time, move on!

[DEBUG] 2024-04-08 01:16:56.343 CURL [139729325597760] (Text) connect to 169.254.169.254 port 80 failed: Connection timed out

[DEBUG] 2024-04-08 01:16:56.343 CURL [139729325597760] (Text) Connection timeout after 1001 ms

[DEBUG] 2024-04-08 01:16:56.343 CURL [139729325597760] (Text) Closing connection 0

[ERROR] 2024-04-08 01:16:56.343 CurlHttpClient [139729325597760] Curl returned error code 28 - Timeout was reached
[DEBUG] 2024-04-08 01:16:56.343 CurlHandleContainer [139729325597760] Destroy curl handle: 0x557911467600
[DEBUG] 2024-04-08 01:16:56.343 CurlHandleContainer [139729325597760] Created replacement handle and released to pool: 0x557911467600
[ERROR] 2024-04-08 01:16:56.343 EC2MetadataClient [139729325597760] Http request to retrieve credentials failed
[ERROR] 2024-04-08 01:16:56.343 EC2MetadataClient [139729325597760] Can not retrieve resource from http://169.254.169.254/latest/meta-data/iam/security-credentials
