[INFO] 2024-04-03 16:08:29.489 Aws_Init_Cleanup [140083717858368] Initiate AWS SDK for C++ with Version:1.11.282
[DEBUG] 2024-04-03 16:08:29.489 FileSystemUtils [140083717858368] Environment value for variable HOME is /home/vcm
[DEBUG] 2024-04-03 16:08:29.489 FileSystemUtils [140083717858368] Home directory is missing the final / appending one to normalize
[DEBUG] 2024-04-03 16:08:29.489 FileSystemUtils [140083717858368] Final Home Directory is /home/vcm/
[INFO] 2024-04-03 16:08:29.489 Aws::Config::AWSConfigFileProfileConfigLoader [140083717858368] Initializing config loader against fileName /home/vcm/.aws/credentials and using profilePrefix = 0
[DEBUG] 2024-04-03 16:08:29.489 FileSystemUtils [140083717858368] Environment value for variable HOME is /home/vcm
[DEBUG] 2024-04-03 16:08:29.489 FileSystemUtils [140083717858368] Home directory is missing the final / appending one to normalize
[DEBUG] 2024-04-03 16:08:29.489 FileSystemUtils [140083717858368] Final Home Directory is /home/vcm/
[INFO] 2024-04-03 16:08:29.489 Aws::Config::AWSConfigFileProfileConfigLoader [140083717858368] Initializing config loader against fileName /home/vcm/.aws/config and using profilePrefix = 1
[DEBUG] 2024-04-03 16:08:29.489 FileSystemUtils [140083717858368] Environment value for variable HOME is /home/vcm
[DEBUG] 2024-04-03 16:08:29.489 FileSystemUtils [140083717858368] Home directory is missing the final / appending one to normalize
[DEBUG] 2024-04-03 16:08:29.489 FileSystemUtils [140083717858368] Final Home Directory is /home/vcm/
[INFO] 2024-04-03 16:08:29.489 Aws::Config::ConfigFileProfileFSM [140083717858368] Unknown property: aws_access_key_id in the profile: default
[INFO] 2024-04-03 16:08:29.489 Aws::Config::ConfigFileProfileFSM [140083717858368] Unknown property: aws_secret_access_key in the profile: default
[DEBUG] 2024-04-03 16:08:29.489 Aws::Config::ConfigFileProfileFSM [140083717858368] found access key AKIAXYKJVWUMV5VJDJWU
[INFO] 2024-04-03 16:08:29.489 Aws::Config::AWSProfileConfigLoaderBase [140083717858368] Successfully reloaded configuration.
[DEBUG] 2024-04-03 16:08:29.489 FileSystemUtils [140083717858368] Environment value for variable HOME is /home/vcm
[DEBUG] 2024-04-03 16:08:29.489 FileSystemUtils [140083717858368] Home directory is missing the final / appending one to normalize
[DEBUG] 2024-04-03 16:08:29.489 FileSystemUtils [140083717858368] Final Home Directory is /home/vcm/
[INFO] 2024-04-03 16:08:29.489 Aws::Config::AWSConfigFileProfileConfigLoader [140083717858368] Unable to open config file /home/vcm/.aws/config for reading.
[INFO] 2024-04-03 16:08:29.489 Aws::Config::AWSProfileConfigLoaderBase [140083717858368] Failed to reload configuration.
[INFO] 2024-04-03 16:08:29.489 event-loop [140083717858368] id=0x559859c34eb0: Initializing edge-triggered epoll
[INFO] 2024-04-03 16:08:29.489 event-loop [140083717858368] id=0x559859c34eb0: Using eventfd for cross-thread notifications.
[INFO] 2024-04-03 16:08:29.489 event-loop [140083717858368] id=0x559859c34eb0: Starting event-loop thread.
[INFO] 2024-04-03 16:08:29.490 event-loop [140083717858368] id=0x559859bd6c60: Initializing edge-triggered epoll
[INFO] 2024-04-03 16:08:29.490 event-loop [140083717858368] id=0x559859bd6c60: Using eventfd for cross-thread notifications.
[INFO] 2024-04-03 16:08:29.490 event-loop [140083717858368] id=0x559859bd6c60: Starting event-loop thread.
[INFO] 2024-04-03 16:08:29.490 dns [140083717858368] id=0x559859cb1a00: Initializing default host resolver with 8 max host entries.
[INFO] 2024-04-03 16:08:29.490 event-loop [140083709396544] id=0x559859c34eb0: main loop started
[INFO] 2024-04-03 16:08:29.490 event-loop [140083709396544] id=0x559859c34eb0: default timeout 100000, and max events to process per tick 100
[INFO] 2024-04-03 16:08:29.490 channel-bootstrap [140083717858368] id=0x559859cb1c50: Initializing client bootstrap with event-loop group 0x559859c92350
[INFO] 2024-04-03 16:08:29.490 event-loop [140083701003840] id=0x559859bd6c60: main loop started
[INFO] 2024-04-03 16:08:29.490 event-loop [140083701003840] id=0x559859bd6c60: default timeout 100000, and max events to process per tick 100
[DEBUG] 2024-04-03 16:08:29.571 HttpClientFactory [140083717858368] Initializing Http Static State
[DEBUG] 2024-04-03 16:08:29.571 HttpClientFactory [140083717858368] Initializing Curl Http Client
[INFO] 2024-04-03 16:08:29.571 CurlHttpClient [140083717858368] Initializing Curl library with version: 7.81.0, ssl version: OpenSSL/3.0.2
[INFO] 2024-04-03 16:08:29.571 EC2MetadataClient [140083717858368] Using IMDS endpoint: http://169.254.169.254
[DEBUG] 2024-04-03 16:08:29.571 ClientConfiguration [140083717858368] Request Compression enabled
[DEBUG] 2024-04-03 16:08:29.571 ClientConfiguration [140083717858368] ClientConfiguration will use MinReqCompression: 10240
[DEBUG] 2024-04-03 16:08:29.571 ClientConfiguration [140083717858368] ClientConfiguration will use SDK Auto Resolved profile: [default] if not specified by users.
[INFO] 2024-04-03 16:08:29.571 ClientConfiguration [140083717858368] Retry Strategy will use the default max attempts.
[INFO] 2024-04-03 16:08:29.572 EC2MetadataClient [140083717858368] Creating AWSHttpResourceClient with max connections 2 and scheme http
[INFO] 2024-04-03 16:08:29.572 CurlHandleContainer [140083717858368] Initializing CurlHandleContainer with size 2
[DEBUG] 2024-04-03 16:08:29.572 ClientConfiguration [140083717858368] Request Compression enabled
[DEBUG] 2024-04-03 16:08:29.572 ClientConfiguration [140083717858368] ClientConfiguration will use MinReqCompression: 10240
[DEBUG] 2024-04-03 16:08:29.572 ClientConfiguration [140083717858368] ClientConfiguration will use SDK Auto Resolved profile: [default] if not specified by users.
[INFO] 2024-04-03 16:08:29.572 ClientConfiguration [140083717858368] Retry Strategy will use the default max attempts.
[DEBUG] 2024-04-03 16:08:29.572 CurlHandleContainer [140083717858368] Attempting to acquire curl connection.
[DEBUG] 2024-04-03 16:08:29.572 CurlHandleContainer [140083717858368] No current connections available in pool. Attempting to create new connections.
[DEBUG] 2024-04-03 16:08:29.572 CurlHandleContainer [140083717858368] attempting to grow pool size by 2
[INFO] 2024-04-03 16:08:29.572 CurlHandleContainer [140083717858368] Pool grown by 2
[DEBUG] 2024-04-03 16:08:29.572 CurlHandleContainer [140083717858368] Connection has been released. Continuing.
[DEBUG] 2024-04-03 16:08:29.572 CurlHandleContainer [140083717858368] Returning connection handle 0x559859dc8470
[DEBUG] 2024-04-03 16:08:29.572 CurlHttpClient [140083717858368] Obtained connection handle 0x559859dc8470
[DEBUG] 2024-04-03 16:08:29.572 CURL [140083717858368] (Text)   Trying 169.254.169.254:80...

[DEBUG] 2024-04-03 16:08:30.574 CURL [140083717858368] (Text) After 1000ms connect time, move on!

[DEBUG] 2024-04-03 16:08:30.574 CURL [140083717858368] (Text) connect to 169.254.169.254 port 80 failed: Connection timed out

[DEBUG] 2024-04-03 16:08:30.574 CURL [140083717858368] (Text) Connection timeout after 1001 ms

[DEBUG] 2024-04-03 16:08:30.574 CURL [140083717858368] (Text) Closing connection 0

[ERROR] 2024-04-03 16:08:30.574 CurlHttpClient [140083717858368] Curl returned error code 28 - Timeout was reached
[DEBUG] 2024-04-03 16:08:30.574 CurlHandleContainer [140083717858368] Destroy curl handle: 0x559859dc8470
[DEBUG] 2024-04-03 16:08:30.574 CurlHandleContainer [140083717858368] Created replacement handle and released to pool: 0x559859dc8470
[ERROR] 2024-04-03 16:08:30.574 EC2MetadataClient [140083717858368] Http request to retrieve credentials failed
[WARN] 2024-04-03 16:08:30.574 EC2MetadataClient [140083717858368] Request failed, now waiting 0 ms before attempting again.
[DEBUG] 2024-04-03 16:08:30.574 CurlHandleContainer [140083717858368] Attempting to acquire curl connection.
[DEBUG] 2024-04-03 16:08:30.574 CurlHandleContainer [140083717858368] Connection has been released. Continuing.
[DEBUG] 2024-04-03 16:08:30.574 CurlHandleContainer [140083717858368] Returning connection handle 0x559859dc8470
[DEBUG] 2024-04-03 16:08:30.574 CurlHttpClient [140083717858368] Obtained connection handle 0x559859dc8470
[DEBUG] 2024-04-03 16:08:30.574 CURL [140083717858368] (Text)   Trying 169.254.169.254:80...

[DEBUG] 2024-04-03 16:08:31.576 CURL [140083717858368] (Text) After 1000ms connect time, move on!

[DEBUG] 2024-04-03 16:08:31.576 CURL [140083717858368] (Text) connect to 169.254.169.254 port 80 failed: Connection timed out

[DEBUG] 2024-04-03 16:08:31.576 CURL [140083717858368] (Text) Connection timeout after 1001 ms

[DEBUG] 2024-04-03 16:08:31.576 CURL [140083717858368] (Text) Closing connection 0

[ERROR] 2024-04-03 16:08:31.576 CurlHttpClient [140083717858368] Curl returned error code 28 - Timeout was reached
[DEBUG] 2024-04-03 16:08:31.576 CurlHandleContainer [140083717858368] Destroy curl handle: 0x559859dc8470
[DEBUG] 2024-04-03 16:08:31.576 CurlHandleContainer [140083717858368] Created replacement handle and released to pool: 0x559859dc8470
[ERROR] 2024-04-03 16:08:31.576 EC2MetadataClient [140083717858368] Http request to retrieve credentials failed
[ERROR] 2024-04-03 16:08:31.576 EC2MetadataClient [140083717858368] Can not retrieve resource from http://169.254.169.254/latest/api/token
[DEBUG] 2024-04-03 16:08:31.576 CurlHandleContainer [140083717858368] Attempting to acquire curl connection.
[DEBUG] 2024-04-03 16:08:31.576 CurlHandleContainer [140083717858368] Connection has been released. Continuing.
[DEBUG] 2024-04-03 16:08:31.576 CurlHandleContainer [140083717858368] Returning connection handle 0x559859dc8470
[DEBUG] 2024-04-03 16:08:31.576 CurlHttpClient [140083717858368] Obtained connection handle 0x559859dc8470
[DEBUG] 2024-04-03 16:08:31.576 CURL [140083717858368] (Text)   Trying 169.254.169.254:80...

[DEBUG] 2024-04-03 16:08:32.578 CURL [140083717858368] (Text) After 1000ms connect time, move on!

[DEBUG] 2024-04-03 16:08:32.578 CURL [140083717858368] (Text) connect to 169.254.169.254 port 80 failed: Connection timed out

[DEBUG] 2024-04-03 16:08:32.578 CURL [140083717858368] (Text) Connection timeout after 1001 ms

[DEBUG] 2024-04-03 16:08:32.578 CURL [140083717858368] (Text) Closing connection 0

[ERROR] 2024-04-03 16:08:32.578 CurlHttpClient [140083717858368] Curl returned error code 28 - Timeout was reached
[DEBUG] 2024-04-03 16:08:32.578 CurlHandleContainer [140083717858368] Destroy curl handle: 0x559859dc8470
[DEBUG] 2024-04-03 16:08:32.578 CurlHandleContainer [140083717858368] Created replacement handle and released to pool: 0x559859dc8470
[ERROR] 2024-04-03 16:08:32.578 EC2MetadataClient [140083717858368] Http request to retrieve credentials failed
[WARN] 2024-04-03 16:08:32.578 EC2MetadataClient [140083717858368] Request failed, now waiting 0 ms before attempting again.
[DEBUG] 2024-04-03 16:08:32.578 CurlHandleContainer [140083717858368] Attempting to acquire curl connection.
[DEBUG] 2024-04-03 16:08:32.578 CurlHandleContainer [140083717858368] Connection has been released. Continuing.
[DEBUG] 2024-04-03 16:08:32.578 CurlHandleContainer [140083717858368] Returning connection handle 0x559859dc8470
[DEBUG] 2024-04-03 16:08:32.578 CurlHttpClient [140083717858368] Obtained connection handle 0x559859dc8470
[DEBUG] 2024-04-03 16:08:32.578 CURL [140083717858368] (Text)   Trying 169.254.169.254:80...

[DEBUG] 2024-04-03 16:08:33.580 CURL [140083717858368] (Text) After 1000ms connect time, move on!

[DEBUG] 2024-04-03 16:08:33.580 CURL [140083717858368] (Text) connect to 169.254.169.254 port 80 failed: Connection timed out

[DEBUG] 2024-04-03 16:08:33.580 CURL [140083717858368] (Text) Connection timeout after 1001 ms

[DEBUG] 2024-04-03 16:08:33.580 CURL [140083717858368] (Text) Closing connection 0

[ERROR] 2024-04-03 16:08:33.580 CurlHttpClient [140083717858368] Curl returned error code 28 - Timeout was reached
[INFO] 2024-04-03 16:09:54.175 Aws_Init_Cleanup [140114755183680] Initiate AWS SDK for C++ with Version:1.11.282
[DEBUG] 2024-04-03 16:09:54.175 FileSystemUtils [140114755183680] Environment value for variable HOME is /home/vcm
[DEBUG] 2024-04-03 16:09:54.175 FileSystemUtils [140114755183680] Home directory is missing the final / appending one to normalize
[DEBUG] 2024-04-03 16:09:54.175 FileSystemUtils [140114755183680] Final Home Directory is /home/vcm/
[INFO] 2024-04-03 16:09:54.175 Aws::Config::AWSConfigFileProfileConfigLoader [140114755183680] Initializing config loader against fileName /home/vcm/.aws/credentials and using profilePrefix = 0
[DEBUG] 2024-04-03 16:09:54.175 FileSystemUtils [140114755183680] Environment value for variable HOME is /home/vcm
[DEBUG] 2024-04-03 16:09:54.175 FileSystemUtils [140114755183680] Home directory is missing the final / appending one to normalize
[DEBUG] 2024-04-03 16:09:54.175 FileSystemUtils [140114755183680] Final Home Directory is /home/vcm/
[INFO] 2024-04-03 16:09:54.175 Aws::Config::AWSConfigFileProfileConfigLoader [140114755183680] Initializing config loader against fileName /home/vcm/.aws/config and using profilePrefix = 1
[DEBUG] 2024-04-03 16:09:54.175 FileSystemUtils [140114755183680] Environment value for variable HOME is /home/vcm
[DEBUG] 2024-04-03 16:09:54.175 FileSystemUtils [140114755183680] Home directory is missing the final / appending one to normalize
[DEBUG] 2024-04-03 16:09:54.175 FileSystemUtils [140114755183680] Final Home Directory is /home/vcm/
[INFO] 2024-04-03 16:09:54.176 Aws::Config::ConfigFileProfileFSM [140114755183680] Unknown property: aws_access_key_id in the profile: default
[INFO] 2024-04-03 16:09:54.176 Aws::Config::ConfigFileProfileFSM [140114755183680] Unknown property: aws_secret_access_key in the profile: default
[DEBUG] 2024-04-03 16:09:54.176 Aws::Config::ConfigFileProfileFSM [140114755183680] found access key AKIAXYKJVWUMV5VJDJWU
[INFO] 2024-04-03 16:09:54.176 Aws::Config::AWSProfileConfigLoaderBase [140114755183680] Successfully reloaded configuration.
[DEBUG] 2024-04-03 16:09:54.176 FileSystemUtils [140114755183680] Environment value for variable HOME is /home/vcm
[DEBUG] 2024-04-03 16:09:54.176 FileSystemUtils [140114755183680] Home directory is missing the final / appending one to normalize
[DEBUG] 2024-04-03 16:09:54.176 FileSystemUtils [140114755183680] Final Home Directory is /home/vcm/
[INFO] 2024-04-03 16:09:54.176 Aws::Config::AWSConfigFileProfileConfigLoader [140114755183680] Unable to open config file /home/vcm/.aws/config for reading.
[INFO] 2024-04-03 16:09:54.176 Aws::Config::AWSProfileConfigLoaderBase [140114755183680] Failed to reload configuration.
[INFO] 2024-04-03 16:09:54.176 event-loop [140114755183680] id=0x556816907eb0: Initializing edge-triggered epoll
[INFO] 2024-04-03 16:09:54.176 event-loop [140114755183680] id=0x556816907eb0: Using eventfd for cross-thread notifications.
[INFO] 2024-04-03 16:09:54.176 event-loop [140114755183680] id=0x556816907eb0: Starting event-loop thread.
[INFO] 2024-04-03 16:09:54.176 event-loop [140114755183680] id=0x5568168a9570: Initializing edge-triggered epoll
[INFO] 2024-04-03 16:09:54.176 event-loop [140114755183680] id=0x5568168a9570: Using eventfd for cross-thread notifications.
[INFO] 2024-04-03 16:09:54.176 event-loop [140114755183680] id=0x5568168a9570: Starting event-loop thread.
[INFO] 2024-04-03 16:09:54.176 dns [140114755183680] id=0x5568169848e0: Initializing default host resolver with 8 max host entries.
[INFO] 2024-04-03 16:09:54.176 event-loop [140114746721856] id=0x556816907eb0: main loop started
[INFO] 2024-04-03 16:09:54.176 event-loop [140114746721856] id=0x556816907eb0: default timeout 100000, and max events to process per tick 100
[INFO] 2024-04-03 16:09:54.176 event-loop [140114738329152] id=0x5568168a9570: main loop started
[INFO] 2024-04-03 16:09:54.176 event-loop [140114738329152] id=0x5568168a9570: default timeout 100000, and max events to process per tick 100
[INFO] 2024-04-03 16:09:54.176 channel-bootstrap [140114755183680] id=0x556816984b30: Initializing client bootstrap with event-loop group 0x556816965350
[DEBUG] 2024-04-03 16:09:54.255 HttpClientFactory [140114755183680] Initializing Http Static State
[DEBUG] 2024-04-03 16:09:54.255 HttpClientFactory [140114755183680] Initializing Curl Http Client
[INFO] 2024-04-03 16:09:54.255 CurlHttpClient [140114755183680] Initializing Curl library with version: 7.81.0, ssl version: OpenSSL/3.0.2
[INFO] 2024-04-03 16:09:54.255 EC2MetadataClient [140114755183680] Using IMDS endpoint: http://169.254.169.254
[DEBUG] 2024-04-03 16:09:54.256 ClientConfiguration [140114755183680] Request Compression enabled
[DEBUG] 2024-04-03 16:09:54.256 ClientConfiguration [140114755183680] ClientConfiguration will use MinReqCompression: 10240
[DEBUG] 2024-04-03 16:09:54.256 ClientConfiguration [140114755183680] ClientConfiguration will use SDK Auto Resolved profile: [default] if not specified by users.
[INFO] 2024-04-03 16:09:54.256 ClientConfiguration [140114755183680] Retry Strategy will use the default max attempts.
[INFO] 2024-04-03 16:09:54.256 EC2MetadataClient [140114755183680] Creating AWSHttpResourceClient with max connections 2 and scheme http
[INFO] 2024-04-03 16:09:54.256 CurlHandleContainer [140114755183680] Initializing CurlHandleContainer with size 2
[DEBUG] 2024-04-03 16:09:54.256 ClientConfiguration [140114755183680] Request Compression enabled
[DEBUG] 2024-04-03 16:09:54.256 ClientConfiguration [140114755183680] ClientConfiguration will use MinReqCompression: 10240
[DEBUG] 2024-04-03 16:09:54.256 ClientConfiguration [140114755183680] ClientConfiguration will use SDK Auto Resolved profile: [default] if not specified by users.
[INFO] 2024-04-03 16:09:54.256 ClientConfiguration [140114755183680] Retry Strategy will use the default max attempts.
[DEBUG] 2024-04-03 16:09:54.256 CurlHandleContainer [140114755183680] Attempting to acquire curl connection.
[DEBUG] 2024-04-03 16:09:54.256 CurlHandleContainer [140114755183680] No current connections available in pool. Attempting to create new connections.
[DEBUG] 2024-04-03 16:09:54.256 CurlHandleContainer [140114755183680] attempting to grow pool size by 2
[INFO] 2024-04-03 16:09:54.256 CurlHandleContainer [140114755183680] Pool grown by 2
[DEBUG] 2024-04-03 16:09:54.256 CurlHandleContainer [140114755183680] Connection has been released. Continuing.
[DEBUG] 2024-04-03 16:09:54.256 CurlHandleContainer [140114755183680] Returning connection handle 0x556816a9ae40
[DEBUG] 2024-04-03 16:09:54.256 CurlHttpClient [140114755183680] Obtained connection handle 0x556816a9ae40
[DEBUG] 2024-04-03 16:09:54.257 CURL [140114755183680] (Text)   Trying 169.254.169.254:80...

[DEBUG] 2024-04-03 16:09:55.258 CURL [140114755183680] (Text) After 1000ms connect time, move on!

[DEBUG] 2024-04-03 16:09:55.258 CURL [140114755183680] (Text) connect to 169.254.169.254 port 80 failed: Connection timed out

[DEBUG] 2024-04-03 16:09:55.258 CURL [140114755183680] (Text) Connection timeout after 1001 ms

[DEBUG] 2024-04-03 16:09:55.258 CURL [140114755183680] (Text) Closing connection 0

[ERROR] 2024-04-03 16:09:55.258 CurlHttpClient [140114755183680] Curl returned error code 28 - Timeout was reached
[DEBUG] 2024-04-03 16:09:55.258 CurlHandleContainer [140114755183680] Destroy curl handle: 0x556816a9ae40
[DEBUG] 2024-04-03 16:09:55.258 CurlHandleContainer [140114755183680] Created replacement handle and released to pool: 0x556816a9ae40
[ERROR] 2024-04-03 16:09:55.258 EC2MetadataClient [140114755183680] Http request to retrieve credentials failed
[WARN] 2024-04-03 16:09:55.258 EC2MetadataClient [140114755183680] Request failed, now waiting 0 ms before attempting again.
[DEBUG] 2024-04-03 16:09:55.259 CurlHandleContainer [140114755183680] Attempting to acquire curl connection.
[DEBUG] 2024-04-03 16:09:55.259 CurlHandleContainer [140114755183680] Connection has been released. Continuing.
[DEBUG] 2024-04-03 16:09:55.259 CurlHandleContainer [140114755183680] Returning connection handle 0x556816a9ae40
[DEBUG] 2024-04-03 16:09:55.259 CurlHttpClient [140114755183680] Obtained connection handle 0x556816a9ae40
[DEBUG] 2024-04-03 16:09:55.259 CURL [140114755183680] (Text)   Trying 169.254.169.254:80...

[DEBUG] 2024-04-03 16:09:56.260 CURL [140114755183680] (Text) After 1000ms connect time, move on!

[DEBUG] 2024-04-03 16:09:56.260 CURL [140114755183680] (Text) connect to 169.254.169.254 port 80 failed: Connection timed out

[DEBUG] 2024-04-03 16:09:56.260 CURL [140114755183680] (Text) Connection timeout after 1001 ms

[DEBUG] 2024-04-03 16:09:56.260 CURL [140114755183680] (Text) Closing connection 0

[ERROR] 2024-04-03 16:09:56.260 CurlHttpClient [140114755183680] Curl returned error code 28 - Timeout was reached
[DEBUG] 2024-04-03 16:09:56.260 CurlHandleContainer [140114755183680] Destroy curl handle: 0x556816a9ae40
[DEBUG] 2024-04-03 16:09:56.260 CurlHandleContainer [140114755183680] Created replacement handle and released to pool: 0x556816a9ae40
[ERROR] 2024-04-03 16:09:56.260 EC2MetadataClient [140114755183680] Http request to retrieve credentials failed
[ERROR] 2024-04-03 16:09:56.260 EC2MetadataClient [140114755183680] Can not retrieve resource from http://169.254.169.254/latest/api/token
[DEBUG] 2024-04-03 16:09:56.260 CurlHandleContainer [140114755183680] Attempting to acquire curl connection.
[DEBUG] 2024-04-03 16:09:56.260 CurlHandleContainer [140114755183680] Connection has been released. Continuing.
[DEBUG] 2024-04-03 16:09:56.260 CurlHandleContainer [140114755183680] Returning connection handle 0x556816a9ae40
[DEBUG] 2024-04-03 16:09:56.260 CurlHttpClient [140114755183680] Obtained connection handle 0x556816a9ae40
[DEBUG] 2024-04-03 16:09:56.261 CURL [140114755183680] (Text)   Trying 169.254.169.254:80...

[DEBUG] 2024-04-03 16:09:57.262 CURL [140114755183680] (Text) After 1000ms connect time, move on!

[DEBUG] 2024-04-03 16:09:57.262 CURL [140114755183680] (Text) connect to 169.254.169.254 port 80 failed: Connection timed out

[DEBUG] 2024-04-03 16:09:57.262 CURL [140114755183680] (Text) Connection timeout after 1001 ms

[DEBUG] 2024-04-03 16:09:57.262 CURL [140114755183680] (Text) Closing connection 0

[ERROR] 2024-04-03 16:09:57.262 CurlHttpClient [140114755183680] Curl returned error code 28 - Timeout was reached
[DEBUG] 2024-04-03 16:09:57.262 CurlHandleContainer [140114755183680] Destroy curl handle: 0x556816a9ae40
[DEBUG] 2024-04-03 16:09:57.262 CurlHandleContainer [140114755183680] Created replacement handle and released to pool: 0x556816a9ae40
[ERROR] 2024-04-03 16:09:57.262 EC2MetadataClient [140114755183680] Http request to retrieve credentials failed
[WARN] 2024-04-03 16:09:57.262 EC2MetadataClient [140114755183680] Request failed, now waiting 0 ms before attempting again.
[DEBUG] 2024-04-03 16:09:57.262 CurlHandleContainer [140114755183680] Attempting to acquire curl connection.
[DEBUG] 2024-04-03 16:09:57.262 CurlHandleContainer [140114755183680] Connection has been released. Continuing.
[DEBUG] 2024-04-03 16:09:57.262 CurlHandleContainer [140114755183680] Returning connection handle 0x556816a9ae40
[DEBUG] 2024-04-03 16:09:57.262 CurlHttpClient [140114755183680] Obtained connection handle 0x556816a9ae40
[DEBUG] 2024-04-03 16:09:57.262 CURL [140114755183680] (Text)   Trying 169.254.169.254:80...

[DEBUG] 2024-04-03 16:09:58.264 CURL [140114755183680] (Text) After 1000ms connect time, move on!

[DEBUG] 2024-04-03 16:09:58.264 CURL [140114755183680] (Text) connect to 169.254.169.254 port 80 failed: Connection timed out

[DEBUG] 2024-04-03 16:09:58.264 CURL [140114755183680] (Text) Connection timeout after 1001 ms

[DEBUG] 2024-04-03 16:09:58.264 CURL [140114755183680] (Text) Closing connection 0

[ERROR] 2024-04-03 16:09:58.264 CurlHttpClient [140114755183680] Curl returned error code 28 - Timeout was reached
[DEBUG] 2024-04-03 16:09:58.264 CurlHandleContainer [140114755183680] Destroy curl handle: 0x556816a9ae40
[DEBUG] 2024-04-03 16:09:58.264 CurlHandleContainer [140114755183680] Created replacement handle and released to pool: 0x556816a9ae40
[ERROR] 2024-04-03 16:09:58.264 EC2MetadataClient [140114755183680] Http request to retrieve credentials failed
[ERROR] 2024-04-03 16:09:58.264 EC2MetadataClient [140114755183680] Can not retrieve resource from http://169.254.169.254/latest/meta-data/iam/security-credentials
[DEBUG] 2024-04-03 16:09:58.264 CurlHandleContainer [140114755183680] Attempting to acquire curl connection.
[DEBUG] 2024-04-03 16:09:58.264 CurlHandleContainer [140114755183680] Connection has been released. Continuing.
[DEBUG] 2024-04-03 16:09:58.264 CurlHandleContainer [140114755183680] Returning connection handle 0x556816a9ae40
[DEBUG] 2024-04-03 16:09:58.264 CurlHttpClient [140114755183680] Obtained connection handle 0x556816a9ae40
[DEBUG] 2024-04-03 16:09:58.264 CURL [140114755183680] (Text)   Trying 169.254.169.254:80...

[DEBUG] 2024-04-03 16:09:59.266 CURL [140114755183680] (Text) After 1000ms connect time, move on!

[DEBUG] 2024-04-03 16:09:59.266 CURL [140114755183680] (Text) connect to 169.254.169.254 port 80 failed: Connection timed out

[DEBUG] 2024-04-03 16:09:59.266 CURL [140114755183680] (Text) Connection timeout after 1001 ms

[DEBUG] 2024-04-03 16:09:59.266 CURL [140114755183680] (Text) Closing connection 0

[ERROR] 2024-04-03 16:09:59.266 CurlHttpClient [140114755183680] Curl returned error code 28 - Timeout was reached
