[INFO] 2024-04-04 04:04:10.830 Aws_Init_Cleanup [139808387728448] Initiate AWS SDK for C++ with Version:1.11.292
[DEBUG] 2024-04-04 04:04:10.830 FileSystemUtils [139808387728448] Environment value for variable HOME is /home/vcm
[DEBUG] 2024-04-04 04:04:10.830 FileSystemUtils [139808387728448] Home directory is missing the final / appending one to normalize
[DEBUG] 2024-04-04 04:04:10.830 FileSystemUtils [139808387728448] Final Home Directory is /home/vcm/
[INFO] 2024-04-04 04:04:10.830 Aws::Config::AWSConfigFileProfileConfigLoader [139808387728448] Initializing config loader against fileName /home/vcm/.aws/credentials and using profilePrefix = 0
[DEBUG] 2024-04-04 04:04:10.830 FileSystemUtils [139808387728448] Environment value for variable HOME is /home/vcm
[DEBUG] 2024-04-04 04:04:10.830 FileSystemUtils [139808387728448] Home directory is missing the final / appending one to normalize
[DEBUG] 2024-04-04 04:04:10.830 FileSystemUtils [139808387728448] Final Home Directory is /home/vcm/
[INFO] 2024-04-04 04:04:10.830 Aws::Config::AWSConfigFileProfileConfigLoader [139808387728448] Initializing config loader against fileName /home/vcm/.aws/config and using profilePrefix = 1
[DEBUG] 2024-04-04 04:04:10.830 FileSystemUtils [139808387728448] Environment value for variable HOME is /home/vcm
[DEBUG] 2024-04-04 04:04:10.830 FileSystemUtils [139808387728448] Home directory is missing the final / appending one to normalize
[DEBUG] 2024-04-04 04:04:10.830 FileSystemUtils [139808387728448] Final Home Directory is /home/vcm/
[INFO] 2024-04-04 04:04:10.831 Aws::Config::ConfigFileProfileFSM [139808387728448] Unknown property: aws_access_key_id in the profile: default
[INFO] 2024-04-04 04:04:10.831 Aws::Config::ConfigFileProfileFSM [139808387728448] Unknown property: aws_secret_access_key in the profile: default
[DEBUG] 2024-04-04 04:04:10.831 Aws::Config::ConfigFileProfileFSM [139808387728448] found access key AKIA47CRYQIYS3LH7YFY
[INFO] 2024-04-04 04:04:10.831 Aws::Config::AWSProfileConfigLoaderBase [139808387728448] Successfully reloaded configuration.
[DEBUG] 2024-04-04 04:04:10.831 FileSystemUtils [139808387728448] Environment value for variable HOME is /home/vcm
[DEBUG] 2024-04-04 04:04:10.831 FileSystemUtils [139808387728448] Home directory is missing the final / appending one to normalize
[DEBUG] 2024-04-04 04:04:10.831 FileSystemUtils [139808387728448] Final Home Directory is /home/vcm/
[INFO] 2024-04-04 04:04:10.831 Aws::Config::AWSProfileConfigLoaderBase [139808387728448] Successfully reloaded configuration.
[INFO] 2024-04-04 04:04:10.831 event-loop [139808387728448] id=0x562d2721c4a0: Initializing edge-triggered epoll
[INFO] 2024-04-04 04:04:10.831 event-loop [139808387728448] id=0x562d2721c4a0: Using eventfd for cross-thread notifications.
[INFO] 2024-04-04 04:04:10.831 event-loop [139808387728448] id=0x562d2721c4a0: Starting event-loop thread.
[INFO] 2024-04-04 04:04:10.831 dns [139808387728448] id=0x562d272e26d0: Initializing default host resolver with 8 max host entries.
[INFO] 2024-04-04 04:04:10.831 event-loop [139808379266816] id=0x562d2721c4a0: main loop started
[INFO] 2024-04-04 04:04:10.831 event-loop [139808379266816] id=0x562d2721c4a0: default timeout 100000, and max events to process per tick 100
[INFO] 2024-04-04 04:04:10.831 channel-bootstrap [139808387728448] id=0x562d272e2940: Initializing client bootstrap with event-loop group 0x562d27244d30
[DEBUG] 2024-04-04 04:04:10.845 HttpClientFactory [139808387728448] Initializing Http Static State
[DEBUG] 2024-04-04 04:04:10.845 HttpClientFactory [139808387728448] Initializing Curl Http Client
[INFO] 2024-04-04 04:04:10.845 CurlHttpClient [139808387728448] Initializing Curl library with version: 7.68.0, ssl version: OpenSSL/1.1.1f
[INFO] 2024-04-04 04:04:10.846 EC2MetadataClient [139808387728448] Using IMDS endpoint: http://169.254.169.254
[DEBUG] 2024-04-04 04:04:10.846 ClientConfiguration [139808387728448] Request Compression enabled
[DEBUG] 2024-04-04 04:04:10.846 ClientConfiguration [139808387728448] ClientConfiguration will use MinReqCompression: 10240
[DEBUG] 2024-04-04 04:04:10.846 ClientConfiguration [139808387728448] ClientConfiguration will use SDK Auto Resolved profile: [default] if not specified by users.
[INFO] 2024-04-04 04:04:10.846 ClientConfiguration [139808387728448] Retry Strategy will use the default max attempts.
[INFO] 2024-04-04 04:04:10.846 EC2MetadataClient [139808387728448] Creating AWSHttpResourceClient with max connections 2 and scheme http
[INFO] 2024-04-04 04:04:10.846 CurlHandleContainer [139808387728448] Initializing CurlHandleContainer with size 2
[DEBUG] 2024-04-04 04:04:10.846 ClientConfiguration [139808387728448] Request Compression enabled
[DEBUG] 2024-04-04 04:04:10.846 ClientConfiguration [139808387728448] ClientConfiguration will use MinReqCompression: 10240
[DEBUG] 2024-04-04 04:04:10.846 ClientConfiguration [139808387728448] ClientConfiguration will use SDK Auto Resolved profile: [default] if not specified by users.
[INFO] 2024-04-04 04:04:10.846 ClientConfiguration [139808387728448] Retry Strategy will use the default max attempts.
[DEBUG] 2024-04-04 04:04:10.847 CurlHandleContainer [139808387728448] Attempting to acquire curl connection.
[DEBUG] 2024-04-04 04:04:10.847 CurlHandleContainer [139808387728448] No current connections available in pool. Attempting to create new connections.
[DEBUG] 2024-04-04 04:04:10.847 CurlHandleContainer [139808387728448] attempting to grow pool size by 2
[INFO] 2024-04-04 04:04:10.847 CurlHandleContainer [139808387728448] Pool grown by 2
[DEBUG] 2024-04-04 04:04:10.847 CurlHandleContainer [139808387728448] Connection has been released. Continuing.
[DEBUG] 2024-04-04 04:04:10.847 CurlHandleContainer [139808387728448] Returning connection handle 0x562d273ebeb0
[DEBUG] 2024-04-04 04:04:10.847 CurlHttpClient [139808387728448] Obtained connection handle 0x562d273ebeb0
[DEBUG] 2024-04-04 04:04:10.847 CURL [139808387728448] (Text)   Trying 169.254.169.254:80...

[DEBUG] 2024-04-04 04:04:10.847 CURL [139808387728448] (Text) TCP_NODELAY set

[DEBUG] 2024-04-04 04:04:11.848 CURL [139808387728448] (Text) Connection timed out after 1000 milliseconds

[DEBUG] 2024-04-04 04:04:11.848 CURL [139808387728448] (Text) Closing connection 0

[ERROR] 2024-04-04 04:04:11.848 CurlHttpClient [139808387728448] Curl returned error code 28 - Timeout was reached
[DEBUG] 2024-04-04 04:04:11.848 CurlHandleContainer [139808387728448] Destroy curl handle: 0x562d273ebeb0
[DEBUG] 2024-04-04 04:04:11.848 CurlHandleContainer [139808387728448] Created replacement handle and released to pool: 0x562d273ebeb0
[ERROR] 2024-04-04 04:04:11.848 EC2MetadataClient [139808387728448] Http request to retrieve credentials failed
[WARN] 2024-04-04 04:04:11.848 EC2MetadataClient [139808387728448] Request failed, now waiting 0 ms before attempting again.
[DEBUG] 2024-04-04 04:04:11.848 CurlHandleContainer [139808387728448] Attempting to acquire curl connection.
[DEBUG] 2024-04-04 04:04:11.848 CurlHandleContainer [139808387728448] Connection has been released. Continuing.
[DEBUG] 2024-04-04 04:04:11.848 CurlHandleContainer [139808387728448] Returning connection handle 0x562d273ebeb0
[DEBUG] 2024-04-04 04:04:11.848 CurlHttpClient [139808387728448] Obtained connection handle 0x562d273ebeb0
[DEBUG] 2024-04-04 04:04:11.848 CURL [139808387728448] (Text)   Trying 169.254.169.254:80...

[DEBUG] 2024-04-04 04:04:11.848 CURL [139808387728448] (Text) TCP_NODELAY set

[DEBUG] 2024-04-04 04:04:12.850 CURL [139808387728448] (Text) Connection timed out after 1001 milliseconds

[DEBUG] 2024-04-04 04:04:12.850 CURL [139808387728448] (Text) Closing connection 0

[ERROR] 2024-04-04 04:04:12.850 CurlHttpClient [139808387728448] Curl returned error code 28 - Timeout was reached
[DEBUG] 2024-04-04 04:04:12.851 CurlHandleContainer [139808387728448] Destroy curl handle: 0x562d273ebeb0
[DEBUG] 2024-04-04 04:04:12.851 CurlHandleContainer [139808387728448] Created replacement handle and released to pool: 0x562d273ebeb0
[ERROR] 2024-04-04 04:04:12.851 EC2MetadataClient [139808387728448] Http request to retrieve credentials failed
[ERROR] 2024-04-04 04:04:12.851 EC2MetadataClient [139808387728448] Can not retrieve resource from http://169.254.169.254/latest/api/token
[DEBUG] 2024-04-04 04:04:12.851 CurlHandleContainer [139808387728448] Attempting to acquire curl connection.
[DEBUG] 2024-04-04 04:04:12.851 CurlHandleContainer [139808387728448] Connection has been released. Continuing.
[DEBUG] 2024-04-04 04:04:12.851 CurlHandleContainer [139808387728448] Returning connection handle 0x562d273ebeb0
[DEBUG] 2024-04-04 04:04:12.851 CurlHttpClient [139808387728448] Obtained connection handle 0x562d273ebeb0
[DEBUG] 2024-04-04 04:04:12.851 CURL [139808387728448] (Text)   Trying 169.254.169.254:80...

[DEBUG] 2024-04-04 04:04:12.851 CURL [139808387728448] (Text) TCP_NODELAY set

[DEBUG] 2024-04-04 04:04:13.853 CURL [139808387728448] (Text) Connection timed out after 1001 milliseconds

[DEBUG] 2024-04-04 04:04:13.853 CURL [139808387728448] (Text) Closing connection 0

[ERROR] 2024-04-04 04:04:13.853 CurlHttpClient [139808387728448] Curl returned error code 28 - Timeout was reached
[DEBUG] 2024-04-04 04:04:13.853 CurlHandleContainer [139808387728448] Destroy curl handle: 0x562d273ebeb0
[DEBUG] 2024-04-04 04:04:13.853 CurlHandleContainer [139808387728448] Created replacement handle and released to pool: 0x562d273ebeb0
[ERROR] 2024-04-04 04:04:13.853 EC2MetadataClient [139808387728448] Http request to retrieve credentials failed
[WARN] 2024-04-04 04:04:13.853 EC2MetadataClient [139808387728448] Request failed, now waiting 0 ms before attempting again.
[DEBUG] 2024-04-04 04:04:13.853 CurlHandleContainer [139808387728448] Attempting to acquire curl connection.
[DEBUG] 2024-04-04 04:04:13.853 CurlHandleContainer [139808387728448] Connection has been released. Continuing.
[DEBUG] 2024-04-04 04:04:13.853 CurlHandleContainer [139808387728448] Returning connection handle 0x562d273ebeb0
[DEBUG] 2024-04-04 04:04:13.853 CurlHttpClient [139808387728448] Obtained connection handle 0x562d273ebeb0
[DEBUG] 2024-04-04 04:04:13.853 CURL [139808387728448] (Text)   Trying 169.254.169.254:80...

[DEBUG] 2024-04-04 04:04:13.854 CURL [139808387728448] (Text) TCP_NODELAY set

[DEBUG] 2024-04-04 04:04:14.855 CURL [139808387728448] (Text) Connection timed out after 1001 milliseconds

[DEBUG] 2024-04-04 04:04:14.855 CURL [139808387728448] (Text) Closing connection 0

[ERROR] 2024-04-04 04:04:14.855 CurlHttpClient [139808387728448] Curl returned error code 28 - Timeout was reached
[DEBUG] 2024-04-04 04:04:14.855 CurlHandleContainer [139808387728448] Destroy curl handle: 0x562d273ebeb0
[DEBUG] 2024-04-04 04:04:14.855 CurlHandleContainer [139808387728448] Created replacement handle and released to pool: 0x562d273ebeb0
[ERROR] 2024-04-04 04:04:14.855 EC2MetadataClient [139808387728448] Http request to retrieve credentials failed
[ERROR] 2024-04-04 04:04:14.855 EC2MetadataClient [139808387728448] Can not retrieve resource from http://169.254.169.254/latest/meta-data/iam/security-credentials
[DEBUG] 2024-04-04 04:04:14.855 CurlHandleContainer [139808387728448] Attempting to acquire curl connection.
[DEBUG] 2024-04-04 04:04:14.855 CurlHandleContainer [139808387728448] Connection has been released. Continuing.
[DEBUG] 2024-04-04 04:04:14.855 CurlHandleContainer [139808387728448] Returning connection handle 0x562d273ebeb0
[DEBUG] 2024-04-04 04:04:14.855 CurlHttpClient [139808387728448] Obtained connection handle 0x562d273ebeb0
[DEBUG] 2024-04-04 04:04:14.856 CURL [139808387728448] (Text)   Trying 169.254.169.254:80...

[DEBUG] 2024-04-04 04:04:14.856 CURL [139808387728448] (Text) TCP_NODELAY set

[INFO] 2024-04-04 04:07:40.048 Aws_Init_Cleanup [140198249133120] Initiate AWS SDK for C++ with Version:1.11.292
[DEBUG] 2024-04-04 04:07:40.048 FileSystemUtils [140198249133120] Environment value for variable HOME is /home/vcm
[DEBUG] 2024-04-04 04:07:40.048 FileSystemUtils [140198249133120] Home directory is missing the final / appending one to normalize
[DEBUG] 2024-04-04 04:07:40.048 FileSystemUtils [140198249133120] Final Home Directory is /home/vcm/
[INFO] 2024-04-04 04:07:40.048 Aws::Config::AWSConfigFileProfileConfigLoader [140198249133120] Initializing config loader against fileName /home/vcm/.aws/credentials and using profilePrefix = 0
[DEBUG] 2024-04-04 04:07:40.048 FileSystemUtils [140198249133120] Environment value for variable HOME is /home/vcm
[DEBUG] 2024-04-04 04:07:40.048 FileSystemUtils [140198249133120] Home directory is missing the final / appending one to normalize
[DEBUG] 2024-04-04 04:07:40.048 FileSystemUtils [140198249133120] Final Home Directory is /home/vcm/
[INFO] 2024-04-04 04:07:40.048 Aws::Config::AWSConfigFileProfileConfigLoader [140198249133120] Initializing config loader against fileName /home/vcm/.aws/config and using profilePrefix = 1
[DEBUG] 2024-04-04 04:07:40.048 FileSystemUtils [140198249133120] Environment value for variable HOME is /home/vcm
[DEBUG] 2024-04-04 04:07:40.048 FileSystemUtils [140198249133120] Home directory is missing the final / appending one to normalize
[DEBUG] 2024-04-04 04:07:40.048 FileSystemUtils [140198249133120] Final Home Directory is /home/vcm/
[INFO] 2024-04-04 04:07:40.049 Aws::Config::ConfigFileProfileFSM [140198249133120] Unknown property: aws_access_key_id in the profile: default
[INFO] 2024-04-04 04:07:40.049 Aws::Config::ConfigFileProfileFSM [140198249133120] Unknown property: aws_secret_access_key in the profile: default
[DEBUG] 2024-04-04 04:07:40.049 Aws::Config::ConfigFileProfileFSM [140198249133120] found access key AKIA47CRYQIYS3LH7YFY
[INFO] 2024-04-04 04:07:40.049 Aws::Config::AWSProfileConfigLoaderBase [140198249133120] Successfully reloaded configuration.
[DEBUG] 2024-04-04 04:07:40.049 FileSystemUtils [140198249133120] Environment value for variable HOME is /home/vcm
[DEBUG] 2024-04-04 04:07:40.049 FileSystemUtils [140198249133120] Home directory is missing the final / appending one to normalize
[DEBUG] 2024-04-04 04:07:40.049 FileSystemUtils [140198249133120] Final Home Directory is /home/vcm/
[INFO] 2024-04-04 04:07:40.049 Aws::Config::AWSProfileConfigLoaderBase [140198249133120] Successfully reloaded configuration.
[INFO] 2024-04-04 04:07:40.049 event-loop [140198249133120] id=0x55e10ddf54a0: Initializing edge-triggered epoll
[INFO] 2024-04-04 04:07:40.049 event-loop [140198249133120] id=0x55e10ddf54a0: Using eventfd for cross-thread notifications.
[INFO] 2024-04-04 04:07:40.049 event-loop [140198249133120] id=0x55e10ddf54a0: Starting event-loop thread.
[INFO] 2024-04-04 04:07:40.049 dns [140198249133120] id=0x55e10debb6d0: Initializing default host resolver with 8 max host entries.
[INFO] 2024-04-04 04:07:40.049 event-loop [140198240671488] id=0x55e10ddf54a0: main loop started
[INFO] 2024-04-04 04:07:40.049 event-loop [140198240671488] id=0x55e10ddf54a0: default timeout 100000, and max events to process per tick 100
[INFO] 2024-04-04 04:07:40.049 channel-bootstrap [140198249133120] id=0x55e10debb940: Initializing client bootstrap with event-loop group 0x55e10de1dd30
[DEBUG] 2024-04-04 04:07:40.062 HttpClientFactory [140198249133120] Initializing Http Static State
[DEBUG] 2024-04-04 04:07:40.062 HttpClientFactory [140198249133120] Initializing Curl Http Client
[INFO] 2024-04-04 04:07:40.062 CurlHttpClient [140198249133120] Initializing Curl library with version: 7.68.0, ssl version: OpenSSL/1.1.1f
[INFO] 2024-04-04 04:07:40.063 EC2MetadataClient [140198249133120] Using IMDS endpoint: http://169.254.169.254
[DEBUG] 2024-04-04 04:07:40.063 ClientConfiguration [140198249133120] Request Compression enabled
[DEBUG] 2024-04-04 04:07:40.063 ClientConfiguration [140198249133120] ClientConfiguration will use MinReqCompression: 10240
[DEBUG] 2024-04-04 04:07:40.063 ClientConfiguration [140198249133120] ClientConfiguration will use SDK Auto Resolved profile: [default] if not specified by users.
[INFO] 2024-04-04 04:07:40.063 ClientConfiguration [140198249133120] Retry Strategy will use the default max attempts.
[INFO] 2024-04-04 04:07:40.063 EC2MetadataClient [140198249133120] Creating AWSHttpResourceClient with max connections 2 and scheme http
[INFO] 2024-04-04 04:07:40.064 CurlHandleContainer [140198249133120] Initializing CurlHandleContainer with size 2
[DEBUG] 2024-04-04 04:07:40.064 ClientConfiguration [140198249133120] Request Compression enabled
[DEBUG] 2024-04-04 04:07:40.064 ClientConfiguration [140198249133120] ClientConfiguration will use MinReqCompression: 10240
[DEBUG] 2024-04-04 04:07:40.064 ClientConfiguration [140198249133120] ClientConfiguration will use SDK Auto Resolved profile: [default] if not specified by users.
[INFO] 2024-04-04 04:07:40.064 ClientConfiguration [140198249133120] Retry Strategy will use the default max attempts.
[DEBUG] 2024-04-04 04:07:40.064 CurlHandleContainer [140198249133120] Attempting to acquire curl connection.
[DEBUG] 2024-04-04 04:07:40.064 CurlHandleContainer [140198249133120] No current connections available in pool. Attempting to create new connections.
[DEBUG] 2024-04-04 04:07:40.064 CurlHandleContainer [140198249133120] attempting to grow pool size by 2
[INFO] 2024-04-04 04:07:40.064 CurlHandleContainer [140198249133120] Pool grown by 2
[DEBUG] 2024-04-04 04:07:40.064 CurlHandleContainer [140198249133120] Connection has been released. Continuing.
[DEBUG] 2024-04-04 04:07:40.064 CurlHandleContainer [140198249133120] Returning connection handle 0x55e10dfc4eb0
[DEBUG] 2024-04-04 04:07:40.064 CurlHttpClient [140198249133120] Obtained connection handle 0x55e10dfc4eb0
[DEBUG] 2024-04-04 04:07:40.064 CURL [140198249133120] (Text)   Trying 169.254.169.254:80...

[DEBUG] 2024-04-04 04:07:40.064 CURL [140198249133120] (Text) TCP_NODELAY set

[DEBUG] 2024-04-04 04:07:41.064 CURL [140198249133120] (Text) Connection timed out after 1000 milliseconds

[DEBUG] 2024-04-04 04:07:41.064 CURL [140198249133120] (Text) Closing connection 0

[ERROR] 2024-04-04 04:07:41.065 CurlHttpClient [140198249133120] Curl returned error code 28 - Timeout was reached
[DEBUG] 2024-04-04 04:07:41.065 CurlHandleContainer [140198249133120] Destroy curl handle: 0x55e10dfc4eb0
[DEBUG] 2024-04-04 04:07:41.065 CurlHandleContainer [140198249133120] Created replacement handle and released to pool: 0x55e10dfc4eb0
[ERROR] 2024-04-04 04:07:41.065 EC2MetadataClient [140198249133120] Http request to retrieve credentials failed
[WARN] 2024-04-04 04:07:41.065 EC2MetadataClient [140198249133120] Request failed, now waiting 0 ms before attempting again.
[DEBUG] 2024-04-04 04:07:41.065 CurlHandleContainer [140198249133120] Attempting to acquire curl connection.
[DEBUG] 2024-04-04 04:07:41.065 CurlHandleContainer [140198249133120] Connection has been released. Continuing.
[DEBUG] 2024-04-04 04:07:41.065 CurlHandleContainer [140198249133120] Returning connection handle 0x55e10dfc4eb0
[DEBUG] 2024-04-04 04:07:41.065 CurlHttpClient [140198249133120] Obtained connection handle 0x55e10dfc4eb0
[DEBUG] 2024-04-04 04:07:41.065 CURL [140198249133120] (Text)   Trying 169.254.169.254:80...

[DEBUG] 2024-04-04 04:07:41.065 CURL [140198249133120] (Text) TCP_NODELAY set

[DEBUG] 2024-04-04 04:07:42.066 CURL [140198249133120] (Text) Connection timed out after 1000 milliseconds

[DEBUG] 2024-04-04 04:07:42.066 CURL [140198249133120] (Text) Closing connection 0

[ERROR] 2024-04-04 04:07:42.066 CurlHttpClient [140198249133120] Curl returned error code 28 - Timeout was reached
[DEBUG] 2024-04-04 04:07:42.066 CurlHandleContainer [140198249133120] Destroy curl handle: 0x55e10dfc4eb0
[DEBUG] 2024-04-04 04:07:42.066 CurlHandleContainer [140198249133120] Created replacement handle and released to pool: 0x55e10dfc4eb0
[ERROR] 2024-04-04 04:07:42.066 EC2MetadataClient [140198249133120] Http request to retrieve credentials failed
[ERROR] 2024-04-04 04:07:42.066 EC2MetadataClient [140198249133120] Can not retrieve resource from http://169.254.169.254/latest/api/token
[DEBUG] 2024-04-04 04:07:42.067 CurlHandleContainer [140198249133120] Attempting to acquire curl connection.
[DEBUG] 2024-04-04 04:07:42.067 CurlHandleContainer [140198249133120] Connection has been released. Continuing.
[DEBUG] 2024-04-04 04:07:42.067 CurlHandleContainer [140198249133120] Returning connection handle 0x55e10dfc4eb0
[DEBUG] 2024-04-04 04:07:42.067 CurlHttpClient [140198249133120] Obtained connection handle 0x55e10dfc4eb0
[DEBUG] 2024-04-04 04:07:42.067 CURL [140198249133120] (Text)   Trying 169.254.169.254:80...

[DEBUG] 2024-04-04 04:07:42.067 CURL [140198249133120] (Text) TCP_NODELAY set

[DEBUG] 2024-04-04 04:07:43.068 CURL [140198249133120] (Text) Connection timed out after 1000 milliseconds

[DEBUG] 2024-04-04 04:07:43.068 CURL [140198249133120] (Text) Closing connection 0

[ERROR] 2024-04-04 04:07:43.068 CurlHttpClient [140198249133120] Curl returned error code 28 - Timeout was reached
[DEBUG] 2024-04-04 04:07:43.068 CurlHandleContainer [140198249133120] Destroy curl handle: 0x55e10dfc4eb0
[DEBUG] 2024-04-04 04:07:43.068 CurlHandleContainer [140198249133120] Created replacement handle and released to pool: 0x55e10dfc4eb0
[ERROR] 2024-04-04 04:07:43.068 EC2MetadataClient [140198249133120] Http request to retrieve credentials failed
[WARN] 2024-04-04 04:07:43.068 EC2MetadataClient [140198249133120] Request failed, now waiting 0 ms before attempting again.
[DEBUG] 2024-04-04 04:07:43.068 CurlHandleContainer [140198249133120] Attempting to acquire curl connection.
[DEBUG] 2024-04-04 04:07:43.068 CurlHandleContainer [140198249133120] Connection has been released. Continuing.
[DEBUG] 2024-04-04 04:07:43.068 CurlHandleContainer [140198249133120] Returning connection handle 0x55e10dfc4eb0
[DEBUG] 2024-04-04 04:07:43.068 CurlHttpClient [140198249133120] Obtained connection handle 0x55e10dfc4eb0
[DEBUG] 2024-04-04 04:07:43.068 CURL [140198249133120] (Text)   Trying 169.254.169.254:80...

[DEBUG] 2024-04-04 04:07:43.068 CURL [140198249133120] (Text) TCP_NODELAY set

[DEBUG] 2024-04-04 04:07:44.068 CURL [140198249133120] (Text) Connection timed out after 1000 milliseconds

[DEBUG] 2024-04-04 04:07:44.068 CURL [140198249133120] (Text) Closing connection 0

[ERROR] 2024-04-04 04:07:44.068 CurlHttpClient [140198249133120] Curl returned error code 28 - Timeout was reached
[DEBUG] 2024-04-04 04:07:44.068 CurlHandleContainer [140198249133120] Destroy curl handle: 0x55e10dfc4eb0
[DEBUG] 2024-04-04 04:07:44.068 CurlHandleContainer [140198249133120] Created replacement handle and released to pool: 0x55e10dfc4eb0
[ERROR] 2024-04-04 04:07:44.068 EC2MetadataClient [140198249133120] Http request to retrieve credentials failed
[ERROR] 2024-04-04 04:07:44.068 EC2MetadataClient [140198249133120] Can not retrieve resource from http://169.254.169.254/latest/meta-data/iam/security-credentials
[DEBUG] 2024-04-04 04:07:44.068 CurlHandleContainer [140198249133120] Attempting to acquire curl connection.
[DEBUG] 2024-04-04 04:07:44.068 CurlHandleContainer [140198249133120] Connection has been released. Continuing.
[DEBUG] 2024-04-04 04:07:44.068 CurlHandleContainer [140198249133120] Returning connection handle 0x55e10dfc4eb0
[DEBUG] 2024-04-04 04:07:44.068 CurlHttpClient [140198249133120] Obtained connection handle 0x55e10dfc4eb0
[DEBUG] 2024-04-04 04:07:44.069 CURL [140198249133120] (Text)   Trying 169.254.169.254:80...

[DEBUG] 2024-04-04 04:07:44.069 CURL [140198249133120] (Text) TCP_NODELAY set

[INFO] 2024-04-04 04:12:12.863 Aws_Init_Cleanup [140058991658048] Initiate AWS SDK for C++ with Version:1.11.292
[DEBUG] 2024-04-04 04:12:12.864 FileSystemUtils [140058991658048] Environment value for variable HOME is /home/vcm
[DEBUG] 2024-04-04 04:12:12.864 FileSystemUtils [140058991658048] Home directory is missing the final / appending one to normalize
[DEBUG] 2024-04-04 04:12:12.864 FileSystemUtils [140058991658048] Final Home Directory is /home/vcm/
[INFO] 2024-04-04 04:12:12.864 Aws::Config::AWSConfigFileProfileConfigLoader [140058991658048] Initializing config loader against fileName /home/vcm/.aws/credentials and using profilePrefix = 0
[DEBUG] 2024-04-04 04:12:12.864 FileSystemUtils [140058991658048] Environment value for variable HOME is /home/vcm
[DEBUG] 2024-04-04 04:12:12.864 FileSystemUtils [140058991658048] Home directory is missing the final / appending one to normalize
[DEBUG] 2024-04-04 04:12:12.864 FileSystemUtils [140058991658048] Final Home Directory is /home/vcm/
[INFO] 2024-04-04 04:12:12.864 Aws::Config::AWSConfigFileProfileConfigLoader [140058991658048] Initializing config loader against fileName /home/vcm/.aws/config and using profilePrefix = 1
[DEBUG] 2024-04-04 04:12:12.864 FileSystemUtils [140058991658048] Environment value for variable HOME is /home/vcm
[DEBUG] 2024-04-04 04:12:12.864 FileSystemUtils [140058991658048] Home directory is missing the final / appending one to normalize
[DEBUG] 2024-04-04 04:12:12.864 FileSystemUtils [140058991658048] Final Home Directory is /home/vcm/
[INFO] 2024-04-04 04:12:12.864 Aws::Config::ConfigFileProfileFSM [140058991658048] Unknown property: aws_access_key_id in the profile: default
[INFO] 2024-04-04 04:12:12.864 Aws::Config::ConfigFileProfileFSM [140058991658048] Unknown property: aws_secret_access_key in the profile: default
[DEBUG] 2024-04-04 04:12:12.864 Aws::Config::ConfigFileProfileFSM [140058991658048] found access key AKIA47CRYQIYS3LH7YFY
[INFO] 2024-04-04 04:12:12.864 Aws::Config::AWSProfileConfigLoaderBase [140058991658048] Successfully reloaded configuration.
[DEBUG] 2024-04-04 04:12:12.864 FileSystemUtils [140058991658048] Environment value for variable HOME is /home/vcm
[DEBUG] 2024-04-04 04:12:12.864 FileSystemUtils [140058991658048] Home directory is missing the final / appending one to normalize
[DEBUG] 2024-04-04 04:12:12.864 FileSystemUtils [140058991658048] Final Home Directory is /home/vcm/
[INFO] 2024-04-04 04:12:12.864 Aws::Config::AWSProfileConfigLoaderBase [140058991658048] Successfully reloaded configuration.
[INFO] 2024-04-04 04:12:12.864 event-loop [140058991658048] id=0x558817c834a0: Initializing edge-triggered epoll
[INFO] 2024-04-04 04:12:12.864 event-loop [140058991658048] id=0x558817c834a0: Using eventfd for cross-thread notifications.
[INFO] 2024-04-04 04:12:12.864 event-loop [140058991658048] id=0x558817c834a0: Starting event-loop thread.
[INFO] 2024-04-04 04:12:12.864 dns [140058991658048] id=0x558817d496d0: Initializing default host resolver with 8 max host entries.
[INFO] 2024-04-04 04:12:12.864 event-loop [140058983196416] id=0x558817c834a0: main loop started
[INFO] 2024-04-04 04:12:12.864 event-loop [140058983196416] id=0x558817c834a0: default timeout 100000, and max events to process per tick 100
[INFO] 2024-04-04 04:12:12.864 channel-bootstrap [140058991658048] id=0x558817d49940: Initializing client bootstrap with event-loop group 0x558817cabd30
[DEBUG] 2024-04-04 04:12:12.877 HttpClientFactory [140058991658048] Initializing Http Static State
[DEBUG] 2024-04-04 04:12:12.877 HttpClientFactory [140058991658048] Initializing Curl Http Client
[INFO] 2024-04-04 04:12:12.877 CurlHttpClient [140058991658048] Initializing Curl library with version: 7.68.0, ssl version: OpenSSL/1.1.1f
[INFO] 2024-04-04 04:12:12.878 EC2MetadataClient [140058991658048] Using IMDS endpoint: http://169.254.169.254
[DEBUG] 2024-04-04 04:12:12.878 ClientConfiguration [140058991658048] Request Compression enabled
[DEBUG] 2024-04-04 04:12:12.878 ClientConfiguration [140058991658048] ClientConfiguration will use MinReqCompression: 10240
[DEBUG] 2024-04-04 04:12:12.878 ClientConfiguration [140058991658048] ClientConfiguration will use SDK Auto Resolved profile: [default] if not specified by users.
[INFO] 2024-04-04 04:12:12.878 ClientConfiguration [140058991658048] Retry Strategy will use the default max attempts.
[INFO] 2024-04-04 04:12:12.878 EC2MetadataClient [140058991658048] Creating AWSHttpResourceClient with max connections 2 and scheme http
[INFO] 2024-04-04 04:12:12.878 CurlHandleContainer [140058991658048] Initializing CurlHandleContainer with size 2
[DEBUG] 2024-04-04 04:12:12.878 ClientConfiguration [140058991658048] Request Compression enabled
[DEBUG] 2024-04-04 04:12:12.878 ClientConfiguration [140058991658048] ClientConfiguration will use MinReqCompression: 10240
[DEBUG] 2024-04-04 04:12:12.878 ClientConfiguration [140058991658048] ClientConfiguration will use SDK Auto Resolved profile: [default] if not specified by users.
[INFO] 2024-04-04 04:12:12.878 ClientConfiguration [140058991658048] Retry Strategy will use the default max attempts.
[DEBUG] 2024-04-04 04:12:12.879 CurlHandleContainer [140058991658048] Attempting to acquire curl connection.
[DEBUG] 2024-04-04 04:12:12.879 CurlHandleContainer [140058991658048] No current connections available in pool. Attempting to create new connections.
[DEBUG] 2024-04-04 04:12:12.879 CurlHandleContainer [140058991658048] attempting to grow pool size by 2
[INFO] 2024-04-04 04:12:12.879 CurlHandleContainer [140058991658048] Pool grown by 2
[DEBUG] 2024-04-04 04:12:12.879 CurlHandleContainer [140058991658048] Connection has been released. Continuing.
[DEBUG] 2024-04-04 04:12:12.879 CurlHandleContainer [140058991658048] Returning connection handle 0x558817e52eb0
[DEBUG] 2024-04-04 04:12:12.879 CurlHttpClient [140058991658048] Obtained connection handle 0x558817e52eb0
[DEBUG] 2024-04-04 04:12:12.879 CURL [140058991658048] (Text)   Trying 169.254.169.254:80...

[DEBUG] 2024-04-04 04:12:12.879 CURL [140058991658048] (Text) TCP_NODELAY set

[DEBUG] 2024-04-04 04:12:13.880 CURL [140058991658048] (Text) Connection timed out after 1001 milliseconds

[DEBUG] 2024-04-04 04:12:13.880 CURL [140058991658048] (Text) Closing connection 0

[ERROR] 2024-04-04 04:12:13.881 CurlHttpClient [140058991658048] Curl returned error code 28 - Timeout was reached
[DEBUG] 2024-04-04 04:12:13.881 CurlHandleContainer [140058991658048] Destroy curl handle: 0x558817e52eb0
[DEBUG] 2024-04-04 04:12:13.881 CurlHandleContainer [140058991658048] Created replacement handle and released to pool: 0x558817e52eb0
[ERROR] 2024-04-04 04:12:13.881 EC2MetadataClient [140058991658048] Http request to retrieve credentials failed
[WARN] 2024-04-04 04:12:13.881 EC2MetadataClient [140058991658048] Request failed, now waiting 0 ms before attempting again.
[DEBUG] 2024-04-04 04:12:13.881 CurlHandleContainer [140058991658048] Attempting to acquire curl connection.
[DEBUG] 2024-04-04 04:12:13.881 CurlHandleContainer [140058991658048] Connection has been released. Continuing.
[DEBUG] 2024-04-04 04:12:13.881 CurlHandleContainer [140058991658048] Returning connection handle 0x558817e52eb0
[DEBUG] 2024-04-04 04:12:13.881 CurlHttpClient [140058991658048] Obtained connection handle 0x558817e52eb0
[DEBUG] 2024-04-04 04:12:13.881 CURL [140058991658048] (Text)   Trying 169.254.169.254:80...

[DEBUG] 2024-04-04 04:12:13.881 CURL [140058991658048] (Text) TCP_NODELAY set

[DEBUG] 2024-04-04 04:12:14.883 CURL [140058991658048] (Text) Connection timed out after 1001 milliseconds

[DEBUG] 2024-04-04 04:12:14.883 CURL [140058991658048] (Text) Closing connection 0

[ERROR] 2024-04-04 04:12:14.883 CurlHttpClient [140058991658048] Curl returned error code 28 - Timeout was reached
[DEBUG] 2024-04-04 04:12:14.883 CurlHandleContainer [140058991658048] Destroy curl handle: 0x558817e52eb0
[DEBUG] 2024-04-04 04:12:14.883 CurlHandleContainer [140058991658048] Created replacement handle and released to pool: 0x558817e52eb0
[ERROR] 2024-04-04 04:12:14.883 EC2MetadataClient [140058991658048] Http request to retrieve credentials failed
[ERROR] 2024-04-04 04:12:14.883 EC2MetadataClient [140058991658048] Can not retrieve resource from http://169.254.169.254/latest/api/token
[DEBUG] 2024-04-04 04:12:14.883 CurlHandleContainer [140058991658048] Attempting to acquire curl connection.
[DEBUG] 2024-04-04 04:12:14.883 CurlHandleContainer [140058991658048] Connection has been released. Continuing.
[DEBUG] 2024-04-04 04:12:14.883 CurlHandleContainer [140058991658048] Returning connection handle 0x558817e52eb0
[DEBUG] 2024-04-04 04:12:14.883 CurlHttpClient [140058991658048] Obtained connection handle 0x558817e52eb0
[DEBUG] 2024-04-04 04:12:14.883 CURL [140058991658048] (Text)   Trying 169.254.169.254:80...

[DEBUG] 2024-04-04 04:12:14.883 CURL [140058991658048] (Text) TCP_NODELAY set

[DEBUG] 2024-04-04 04:12:15.884 CURL [140058991658048] (Text) Connection timed out after 1001 milliseconds

[DEBUG] 2024-04-04 04:12:15.885 CURL [140058991658048] (Text) Closing connection 0

[ERROR] 2024-04-04 04:12:15.885 CurlHttpClient [140058991658048] Curl returned error code 28 - Timeout was reached
[DEBUG] 2024-04-04 04:12:15.885 CurlHandleContainer [140058991658048] Destroy curl handle: 0x558817e52eb0
[DEBUG] 2024-04-04 04:12:15.885 CurlHandleContainer [140058991658048] Created replacement handle and released to pool: 0x558817e52eb0
[ERROR] 2024-04-04 04:12:15.885 EC2MetadataClient [140058991658048] Http request to retrieve credentials failed
[WARN] 2024-04-04 04:12:15.885 EC2MetadataClient [140058991658048] Request failed, now waiting 0 ms before attempting again.
[DEBUG] 2024-04-04 04:12:15.886 CurlHandleContainer [140058991658048] Attempting to acquire curl connection.
[DEBUG] 2024-04-04 04:12:15.886 CurlHandleContainer [140058991658048] Connection has been released. Continuing.
[DEBUG] 2024-04-04 04:12:15.886 CurlHandleContainer [140058991658048] Returning connection handle 0x558817e52eb0
[DEBUG] 2024-04-04 04:12:15.886 CurlHttpClient [140058991658048] Obtained connection handle 0x558817e52eb0
[DEBUG] 2024-04-04 04:12:15.886 CURL [140058991658048] (Text)   Trying 169.254.169.254:80...

[DEBUG] 2024-04-04 04:12:15.886 CURL [140058991658048] (Text) TCP_NODELAY set

[DEBUG] 2024-04-04 04:12:16.887 CURL [140058991658048] (Text) Connection timed out after 1000 milliseconds

[DEBUG] 2024-04-04 04:12:16.887 CURL [140058991658048] (Text) Closing connection 0

[ERROR] 2024-04-04 04:12:16.887 CurlHttpClient [140058991658048] Curl returned error code 28 - Timeout was reached
[DEBUG] 2024-04-04 04:12:16.887 CurlHandleContainer [140058991658048] Destroy curl handle: 0x558817e52eb0
[DEBUG] 2024-04-04 04:12:16.887 CurlHandleContainer [140058991658048] Created replacement handle and released to pool: 0x558817e52eb0
[ERROR] 2024-04-04 04:12:16.887 EC2MetadataClient [140058991658048] Http request to retrieve credentials failed
[ERROR] 2024-04-04 04:12:16.887 EC2MetadataClient [140058991658048] Can not retrieve resource from http://169.254.169.254/latest/meta-data/iam/security-credentials
[DEBUG] 2024-04-04 04:12:16.887 CurlHandleContainer [140058991658048] Attempting to acquire curl connection.
[DEBUG] 2024-04-04 04:12:16.887 CurlHandleContainer [140058991658048] Connection has been released. Continuing.
[DEBUG] 2024-04-04 04:12:16.887 CurlHandleContainer [140058991658048] Returning connection handle 0x558817e52eb0
[DEBUG] 2024-04-04 04:12:16.887 CurlHttpClient [140058991658048] Obtained connection handle 0x558817e52eb0
[DEBUG] 2024-04-04 04:12:16.887 CURL [140058991658048] (Text)   Trying 169.254.169.254:80...

[DEBUG] 2024-04-04 04:12:16.887 CURL [140058991658048] (Text) TCP_NODELAY set

[INFO] 2024-04-04 04:12:58.138 Aws_Init_Cleanup [140150109279296] Initiate AWS SDK for C++ with Version:1.11.292
[DEBUG] 2024-04-04 04:12:58.138 FileSystemUtils [140150109279296] Environment value for variable HOME is /home/vcm
[DEBUG] 2024-04-04 04:12:58.138 FileSystemUtils [140150109279296] Home directory is missing the final / appending one to normalize
[DEBUG] 2024-04-04 04:12:58.138 FileSystemUtils [140150109279296] Final Home Directory is /home/vcm/
[INFO] 2024-04-04 04:12:58.138 Aws::Config::AWSConfigFileProfileConfigLoader [140150109279296] Initializing config loader against fileName /home/vcm/.aws/credentials and using profilePrefix = 0
[DEBUG] 2024-04-04 04:12:58.138 FileSystemUtils [140150109279296] Environment value for variable HOME is /home/vcm
[DEBUG] 2024-04-04 04:12:58.138 FileSystemUtils [140150109279296] Home directory is missing the final / appending one to normalize
[DEBUG] 2024-04-04 04:12:58.138 FileSystemUtils [140150109279296] Final Home Directory is /home/vcm/
[INFO] 2024-04-04 04:12:58.138 Aws::Config::AWSConfigFileProfileConfigLoader [140150109279296] Initializing config loader against fileName /home/vcm/.aws/config and using profilePrefix = 1
[DEBUG] 2024-04-04 04:12:58.138 FileSystemUtils [140150109279296] Environment value for variable HOME is /home/vcm
[DEBUG] 2024-04-04 04:12:58.138 FileSystemUtils [140150109279296] Home directory is missing the final / appending one to normalize
[DEBUG] 2024-04-04 04:12:58.138 FileSystemUtils [140150109279296] Final Home Directory is /home/vcm/
[INFO] 2024-04-04 04:12:58.139 Aws::Config::ConfigFileProfileFSM [140150109279296] Unknown property: aws_access_key_id in the profile: default
[INFO] 2024-04-04 04:12:58.139 Aws::Config::ConfigFileProfileFSM [140150109279296] Unknown property: aws_secret_access_key in the profile: default
[DEBUG] 2024-04-04 04:12:58.139 Aws::Config::ConfigFileProfileFSM [140150109279296] found access key AKIA47CRYQIYS3LH7YFY
[INFO] 2024-04-04 04:12:58.139 Aws::Config::AWSProfileConfigLoaderBase [140150109279296] Successfully reloaded configuration.
[DEBUG] 2024-04-04 04:12:58.139 FileSystemUtils [140150109279296] Environment value for variable HOME is /home/vcm
[DEBUG] 2024-04-04 04:12:58.139 FileSystemUtils [140150109279296] Home directory is missing the final / appending one to normalize
[DEBUG] 2024-04-04 04:12:58.139 FileSystemUtils [140150109279296] Final Home Directory is /home/vcm/
[INFO] 2024-04-04 04:12:58.139 Aws::Config::AWSProfileConfigLoaderBase [140150109279296] Successfully reloaded configuration.
[INFO] 2024-04-04 04:12:58.139 event-loop [140150109279296] id=0x557fafef14a0: Initializing edge-triggered epoll
[INFO] 2024-04-04 04:12:58.139 event-loop [140150109279296] id=0x557fafef14a0: Using eventfd for cross-thread notifications.
[INFO] 2024-04-04 04:12:58.139 event-loop [140150109279296] id=0x557fafef14a0: Starting event-loop thread.
[INFO] 2024-04-04 04:12:58.139 dns [140150109279296] id=0x557faffb76d0: Initializing default host resolver with 8 max host entries.
[INFO] 2024-04-04 04:12:58.139 event-loop [140150100817664] id=0x557fafef14a0: main loop started
[INFO] 2024-04-04 04:12:58.139 event-loop [140150100817664] id=0x557fafef14a0: default timeout 100000, and max events to process per tick 100
[INFO] 2024-04-04 04:12:58.139 channel-bootstrap [140150109279296] id=0x557faffb7940: Initializing client bootstrap with event-loop group 0x557faff19d30
[DEBUG] 2024-04-04 04:12:58.152 HttpClientFactory [140150109279296] Initializing Http Static State
[DEBUG] 2024-04-04 04:12:58.152 HttpClientFactory [140150109279296] Initializing Curl Http Client
[INFO] 2024-04-04 04:12:58.152 CurlHttpClient [140150109279296] Initializing Curl library with version: 7.68.0, ssl version: OpenSSL/1.1.1f
[INFO] 2024-04-04 04:12:58.153 EC2MetadataClient [140150109279296] Using IMDS endpoint: http://169.254.169.254
[DEBUG] 2024-04-04 04:12:58.153 ClientConfiguration [140150109279296] Request Compression enabled
[DEBUG] 2024-04-04 04:12:58.153 ClientConfiguration [140150109279296] ClientConfiguration will use MinReqCompression: 10240
[DEBUG] 2024-04-04 04:12:58.153 ClientConfiguration [140150109279296] ClientConfiguration will use SDK Auto Resolved profile: [default] if not specified by users.
[INFO] 2024-04-04 04:12:58.153 ClientConfiguration [140150109279296] Retry Strategy will use the default max attempts.
[INFO] 2024-04-04 04:12:58.153 EC2MetadataClient [140150109279296] Creating AWSHttpResourceClient with max connections 2 and scheme http
[INFO] 2024-04-04 04:12:58.153 CurlHandleContainer [140150109279296] Initializing CurlHandleContainer with size 2
[DEBUG] 2024-04-04 04:12:58.153 ClientConfiguration [140150109279296] Request Compression enabled
[DEBUG] 2024-04-04 04:12:58.153 ClientConfiguration [140150109279296] ClientConfiguration will use MinReqCompression: 10240
[DEBUG] 2024-04-04 04:12:58.153 ClientConfiguration [140150109279296] ClientConfiguration will use SDK Auto Resolved profile: [default] if not specified by users.
[INFO] 2024-04-04 04:12:58.153 ClientConfiguration [140150109279296] Retry Strategy will use the default max attempts.
[DEBUG] 2024-04-04 04:12:58.154 CurlHandleContainer [140150109279296] Attempting to acquire curl connection.
[DEBUG] 2024-04-04 04:12:58.154 CurlHandleContainer [140150109279296] No current connections available in pool. Attempting to create new connections.
[DEBUG] 2024-04-04 04:12:58.154 CurlHandleContainer [140150109279296] attempting to grow pool size by 2
[INFO] 2024-04-04 04:12:58.154 CurlHandleContainer [140150109279296] Pool grown by 2
[DEBUG] 2024-04-04 04:12:58.154 CurlHandleContainer [140150109279296] Connection has been released. Continuing.
[DEBUG] 2024-04-04 04:12:58.154 CurlHandleContainer [140150109279296] Returning connection handle 0x557fb00c0eb0
[DEBUG] 2024-04-04 04:12:58.154 CurlHttpClient [140150109279296] Obtained connection handle 0x557fb00c0eb0
[DEBUG] 2024-04-04 04:12:58.154 CURL [140150109279296] (Text)   Trying 169.254.169.254:80...

[DEBUG] 2024-04-04 04:12:58.154 CURL [140150109279296] (Text) TCP_NODELAY set

[DEBUG] 2024-04-04 04:12:59.154 CURL [140150109279296] (Text) Connection timed out after 1000 milliseconds

[DEBUG] 2024-04-04 04:12:59.154 CURL [140150109279296] (Text) Closing connection 0

[ERROR] 2024-04-04 04:12:59.154 CurlHttpClient [140150109279296] Curl returned error code 28 - Timeout was reached
[DEBUG] 2024-04-04 04:12:59.154 CurlHandleContainer [140150109279296] Destroy curl handle: 0x557fb00c0eb0
[DEBUG] 2024-04-04 04:12:59.155 CurlHandleContainer [140150109279296] Created replacement handle and released to pool: 0x557fb00c0eb0
[ERROR] 2024-04-04 04:12:59.155 EC2MetadataClient [140150109279296] Http request to retrieve credentials failed
[WARN] 2024-04-04 04:12:59.155 EC2MetadataClient [140150109279296] Request failed, now waiting 0 ms before attempting again.
[DEBUG] 2024-04-04 04:12:59.155 CurlHandleContainer [140150109279296] Attempting to acquire curl connection.
[DEBUG] 2024-04-04 04:12:59.155 CurlHandleContainer [140150109279296] Connection has been released. Continuing.
[DEBUG] 2024-04-04 04:12:59.155 CurlHandleContainer [140150109279296] Returning connection handle 0x557fb00c0eb0
[DEBUG] 2024-04-04 04:12:59.155 CurlHttpClient [140150109279296] Obtained connection handle 0x557fb00c0eb0
[DEBUG] 2024-04-04 04:12:59.155 CURL [140150109279296] (Text)   Trying 169.254.169.254:80...

[DEBUG] 2024-04-04 04:12:59.155 CURL [140150109279296] (Text) TCP_NODELAY set

[DEBUG] 2024-04-04 04:13:00.155 CURL [140150109279296] (Text) Connection timed out after 1000 milliseconds

[DEBUG] 2024-04-04 04:13:00.155 CURL [140150109279296] (Text) Closing connection 0

[ERROR] 2024-04-04 04:13:00.156 CurlHttpClient [140150109279296] Curl returned error code 28 - Timeout was reached
[DEBUG] 2024-04-04 04:13:00.156 CurlHandleContainer [140150109279296] Destroy curl handle: 0x557fb00c0eb0
[DEBUG] 2024-04-04 04:13:00.156 CurlHandleContainer [140150109279296] Created replacement handle and released to pool: 0x557fb00c0eb0
[ERROR] 2024-04-04 04:13:00.156 EC2MetadataClient [140150109279296] Http request to retrieve credentials failed
[ERROR] 2024-04-04 04:13:00.156 EC2MetadataClient [140150109279296] Can not retrieve resource from http://169.254.169.254/latest/api/token
[DEBUG] 2024-04-04 04:13:00.156 CurlHandleContainer [140150109279296] Attempting to acquire curl connection.
[DEBUG] 2024-04-04 04:13:00.156 CurlHandleContainer [140150109279296] Connection has been released. Continuing.
[DEBUG] 2024-04-04 04:13:00.156 CurlHandleContainer [140150109279296] Returning connection handle 0x557fb00c0eb0
[DEBUG] 2024-04-04 04:13:00.156 CurlHttpClient [140150109279296] Obtained connection handle 0x557fb00c0eb0
[DEBUG] 2024-04-04 04:13:00.156 CURL [140150109279296] (Text)   Trying 169.254.169.254:80...

[DEBUG] 2024-04-04 04:13:00.156 CURL [140150109279296] (Text) TCP_NODELAY set

[DEBUG] 2024-04-04 04:13:01.157 CURL [140150109279296] (Text) Connection timed out after 1000 milliseconds

[DEBUG] 2024-04-04 04:13:01.157 CURL [140150109279296] (Text) Closing connection 0

[ERROR] 2024-04-04 04:13:01.157 CurlHttpClient [140150109279296] Curl returned error code 28 - Timeout was reached
[DEBUG] 2024-04-04 04:13:01.157 CurlHandleContainer [140150109279296] Destroy curl handle: 0x557fb00c0eb0
[DEBUG] 2024-04-04 04:13:01.157 CurlHandleContainer [140150109279296] Created replacement handle and released to pool: 0x557fb00c0eb0
[ERROR] 2024-04-04 04:13:01.157 EC2MetadataClient [140150109279296] Http request to retrieve credentials failed
[WARN] 2024-04-04 04:13:01.157 EC2MetadataClient [140150109279296] Request failed, now waiting 0 ms before attempting again.
[DEBUG] 2024-04-04 04:13:01.158 CurlHandleContainer [140150109279296] Attempting to acquire curl connection.
[DEBUG] 2024-04-04 04:13:01.158 CurlHandleContainer [140150109279296] Connection has been released. Continuing.
[DEBUG] 2024-04-04 04:13:01.158 CurlHandleContainer [140150109279296] Returning connection handle 0x557fb00c0eb0
[DEBUG] 2024-04-04 04:13:01.158 CurlHttpClient [140150109279296] Obtained connection handle 0x557fb00c0eb0
[DEBUG] 2024-04-04 04:13:01.158 CURL [140150109279296] (Text)   Trying 169.254.169.254:80...

[DEBUG] 2024-04-04 04:13:01.158 CURL [140150109279296] (Text) TCP_NODELAY set

[DEBUG] 2024-04-04 04:13:02.158 CURL [140150109279296] (Text) Connection timed out after 1000 milliseconds

[DEBUG] 2024-04-04 04:13:02.159 CURL [140150109279296] (Text) Closing connection 0

[ERROR] 2024-04-04 04:13:02.159 CurlHttpClient [140150109279296] Curl returned error code 28 - Timeout was reached
[DEBUG] 2024-04-04 04:13:02.159 CurlHandleContainer [140150109279296] Destroy curl handle: 0x557fb00c0eb0
[DEBUG] 2024-04-04 04:13:02.159 CurlHandleContainer [140150109279296] Created replacement handle and released to pool: 0x557fb00c0eb0
[ERROR] 2024-04-04 04:13:02.159 EC2MetadataClient [140150109279296] Http request to retrieve credentials failed
[ERROR] 2024-04-04 04:13:02.159 EC2MetadataClient [140150109279296] Can not retrieve resource from http://169.254.169.254/latest/meta-data/iam/security-credentials
[DEBUG] 2024-04-04 04:13:02.159 CurlHandleContainer [140150109279296] Attempting to acquire curl connection.
[DEBUG] 2024-04-04 04:13:02.159 CurlHandleContainer [140150109279296] Connection has been released. Continuing.
[DEBUG] 2024-04-04 04:13:02.159 CurlHandleContainer [140150109279296] Returning connection handle 0x557fb00c0eb0
[DEBUG] 2024-04-04 04:13:02.159 CurlHttpClient [140150109279296] Obtained connection handle 0x557fb00c0eb0
[DEBUG] 2024-04-04 04:13:02.159 CURL [140150109279296] (Text)   Trying 169.254.169.254:80...

[DEBUG] 2024-04-04 04:13:02.159 CURL [140150109279296] (Text) TCP_NODELAY set

[INFO] 2024-04-04 04:14:15.800 Aws_Init_Cleanup [139935383307328] Initiate AWS SDK for C++ with Version:1.11.292
[DEBUG] 2024-04-04 04:14:15.801 FileSystemUtils [139935383307328] Environment value for variable HOME is /home/vcm
[DEBUG] 2024-04-04 04:14:15.801 FileSystemUtils [139935383307328] Home directory is missing the final / appending one to normalize
[DEBUG] 2024-04-04 04:14:15.801 FileSystemUtils [139935383307328] Final Home Directory is /home/vcm/
[INFO] 2024-04-04 04:14:15.801 Aws::Config::AWSConfigFileProfileConfigLoader [139935383307328] Initializing config loader against fileName /home/vcm/.aws/credentials and using profilePrefix = 0
[DEBUG] 2024-04-04 04:14:15.801 FileSystemUtils [139935383307328] Environment value for variable HOME is /home/vcm
[DEBUG] 2024-04-04 04:14:15.801 FileSystemUtils [139935383307328] Home directory is missing the final / appending one to normalize
[DEBUG] 2024-04-04 04:14:15.801 FileSystemUtils [139935383307328] Final Home Directory is /home/vcm/
[INFO] 2024-04-04 04:14:15.801 Aws::Config::AWSConfigFileProfileConfigLoader [139935383307328] Initializing config loader against fileName /home/vcm/.aws/config and using profilePrefix = 1
[DEBUG] 2024-04-04 04:14:15.801 FileSystemUtils [139935383307328] Environment value for variable HOME is /home/vcm
[DEBUG] 2024-04-04 04:14:15.801 FileSystemUtils [139935383307328] Home directory is missing the final / appending one to normalize
[DEBUG] 2024-04-04 04:14:15.801 FileSystemUtils [139935383307328] Final Home Directory is /home/vcm/
[INFO] 2024-04-04 04:14:15.801 Aws::Config::ConfigFileProfileFSM [139935383307328] Unknown property: aws_access_key_id in the profile: default
[INFO] 2024-04-04 04:14:15.801 Aws::Config::ConfigFileProfileFSM [139935383307328] Unknown property: aws_secret_access_key in the profile: default
[DEBUG] 2024-04-04 04:14:15.801 Aws::Config::ConfigFileProfileFSM [139935383307328] found access key AKIA47CRYQIYS3LH7YFY
[INFO] 2024-04-04 04:14:15.801 Aws::Config::AWSProfileConfigLoaderBase [139935383307328] Successfully reloaded configuration.
[DEBUG] 2024-04-04 04:14:15.801 FileSystemUtils [139935383307328] Environment value for variable HOME is /home/vcm
[DEBUG] 2024-04-04 04:14:15.801 FileSystemUtils [139935383307328] Home directory is missing the final / appending one to normalize
[DEBUG] 2024-04-04 04:14:15.801 FileSystemUtils [139935383307328] Final Home Directory is /home/vcm/
[INFO] 2024-04-04 04:14:15.801 Aws::Config::AWSProfileConfigLoaderBase [139935383307328] Successfully reloaded configuration.
[INFO] 2024-04-04 04:14:15.801 event-loop [139935383307328] id=0x55c96c11b4a0: Initializing edge-triggered epoll
[INFO] 2024-04-04 04:14:15.801 event-loop [139935383307328] id=0x55c96c11b4a0: Using eventfd for cross-thread notifications.
[INFO] 2024-04-04 04:14:15.801 event-loop [139935383307328] id=0x55c96c11b4a0: Starting event-loop thread.
[INFO] 2024-04-04 04:14:15.802 dns [139935383307328] id=0x55c96c1e16d0: Initializing default host resolver with 8 max host entries.
[INFO] 2024-04-04 04:14:15.802 event-loop [139935374845696] id=0x55c96c11b4a0: main loop started
[INFO] 2024-04-04 04:14:15.802 channel-bootstrap [139935383307328] id=0x55c96c1e1940: Initializing client bootstrap with event-loop group 0x55c96c143d30
[INFO] 2024-04-04 04:14:15.802 event-loop [139935374845696] id=0x55c96c11b4a0: default timeout 100000, and max events to process per tick 100
[DEBUG] 2024-04-04 04:14:15.820 HttpClientFactory [139935383307328] Initializing Http Static State
[DEBUG] 2024-04-04 04:14:15.820 HttpClientFactory [139935383307328] Initializing Curl Http Client
[INFO] 2024-04-04 04:14:15.820 CurlHttpClient [139935383307328] Initializing Curl library with version: 7.68.0, ssl version: OpenSSL/1.1.1f
[INFO] 2024-04-04 04:14:15.821 EC2MetadataClient [139935383307328] Using IMDS endpoint: http://169.254.169.254
[DEBUG] 2024-04-04 04:14:15.821 ClientConfiguration [139935383307328] Request Compression enabled
[DEBUG] 2024-04-04 04:14:15.821 ClientConfiguration [139935383307328] ClientConfiguration will use MinReqCompression: 10240
[DEBUG] 2024-04-04 04:14:15.821 ClientConfiguration [139935383307328] ClientConfiguration will use SDK Auto Resolved profile: [default] if not specified by users.
[INFO] 2024-04-04 04:14:15.821 ClientConfiguration [139935383307328] Retry Strategy will use the default max attempts.
[INFO] 2024-04-04 04:14:15.821 EC2MetadataClient [139935383307328] Creating AWSHttpResourceClient with max connections 2 and scheme http
[INFO] 2024-04-04 04:14:15.822 CurlHandleContainer [139935383307328] Initializing CurlHandleContainer with size 2
[DEBUG] 2024-04-04 04:14:15.822 ClientConfiguration [139935383307328] Request Compression enabled
[DEBUG] 2024-04-04 04:14:15.822 ClientConfiguration [139935383307328] ClientConfiguration will use MinReqCompression: 10240
[DEBUG] 2024-04-04 04:14:15.822 ClientConfiguration [139935383307328] ClientConfiguration will use SDK Auto Resolved profile: [default] if not specified by users.
[INFO] 2024-04-04 04:14:15.822 ClientConfiguration [139935383307328] Retry Strategy will use the default max attempts.
[DEBUG] 2024-04-04 04:14:15.822 CurlHandleContainer [139935383307328] Attempting to acquire curl connection.
[DEBUG] 2024-04-04 04:14:15.822 CurlHandleContainer [139935383307328] No current connections available in pool. Attempting to create new connections.
[DEBUG] 2024-04-04 04:14:15.822 CurlHandleContainer [139935383307328] attempting to grow pool size by 2
[INFO] 2024-04-04 04:14:15.822 CurlHandleContainer [139935383307328] Pool grown by 2
[DEBUG] 2024-04-04 04:14:15.822 CurlHandleContainer [139935383307328] Connection has been released. Continuing.
[DEBUG] 2024-04-04 04:14:15.822 CurlHandleContainer [139935383307328] Returning connection handle 0x55c96c2eaeb0
[DEBUG] 2024-04-04 04:14:15.822 CurlHttpClient [139935383307328] Obtained connection handle 0x55c96c2eaeb0
[DEBUG] 2024-04-04 04:14:15.822 CURL [139935383307328] (Text)   Trying 169.254.169.254:80...

[DEBUG] 2024-04-04 04:14:15.822 CURL [139935383307328] (Text) TCP_NODELAY set

[DEBUG] 2024-04-04 04:14:16.823 CURL [139935383307328] (Text) Connection timed out after 1000 milliseconds

[DEBUG] 2024-04-04 04:14:16.823 CURL [139935383307328] (Text) Closing connection 0

[ERROR] 2024-04-04 04:14:16.823 CurlHttpClient [139935383307328] Curl returned error code 28 - Timeout was reached
[DEBUG] 2024-04-04 04:14:16.824 CurlHandleContainer [139935383307328] Destroy curl handle: 0x55c96c2eaeb0
[DEBUG] 2024-04-04 04:14:16.824 CurlHandleContainer [139935383307328] Created replacement handle and released to pool: 0x55c96c2eaeb0
[ERROR] 2024-04-04 04:14:16.824 EC2MetadataClient [139935383307328] Http request to retrieve credentials failed
[WARN] 2024-04-04 04:14:16.824 EC2MetadataClient [139935383307328] Request failed, now waiting 0 ms before attempting again.
[DEBUG] 2024-04-04 04:14:16.824 CurlHandleContainer [139935383307328] Attempting to acquire curl connection.
[DEBUG] 2024-04-04 04:14:16.824 CurlHandleContainer [139935383307328] Connection has been released. Continuing.
[DEBUG] 2024-04-04 04:14:16.824 CurlHandleContainer [139935383307328] Returning connection handle 0x55c96c2eaeb0
[DEBUG] 2024-04-04 04:14:16.824 CurlHttpClient [139935383307328] Obtained connection handle 0x55c96c2eaeb0
[DEBUG] 2024-04-04 04:14:16.825 CURL [139935383307328] (Text)   Trying 169.254.169.254:80...

[DEBUG] 2024-04-04 04:14:16.825 CURL [139935383307328] (Text) TCP_NODELAY set

[DEBUG] 2024-04-04 04:14:17.826 CURL [139935383307328] (Text) Connection timed out after 1001 milliseconds

[DEBUG] 2024-04-04 04:14:17.826 CURL [139935383307328] (Text) Closing connection 0

[ERROR] 2024-04-04 04:14:17.826 CurlHttpClient [139935383307328] Curl returned error code 28 - Timeout was reached
[DEBUG] 2024-04-04 04:14:17.826 CurlHandleContainer [139935383307328] Destroy curl handle: 0x55c96c2eaeb0
[DEBUG] 2024-04-04 04:14:17.826 CurlHandleContainer [139935383307328] Created replacement handle and released to pool: 0x55c96c2eaeb0
[ERROR] 2024-04-04 04:14:17.826 EC2MetadataClient [139935383307328] Http request to retrieve credentials failed
[ERROR] 2024-04-04 04:14:17.826 EC2MetadataClient [139935383307328] Can not retrieve resource from http://169.254.169.254/latest/api/token
[DEBUG] 2024-04-04 04:14:17.827 CurlHandleContainer [139935383307328] Attempting to acquire curl connection.
[DEBUG] 2024-04-04 04:14:17.827 CurlHandleContainer [139935383307328] Connection has been released. Continuing.
[DEBUG] 2024-04-04 04:14:17.827 CurlHandleContainer [139935383307328] Returning connection handle 0x55c96c2eaeb0
[DEBUG] 2024-04-04 04:14:17.827 CurlHttpClient [139935383307328] Obtained connection handle 0x55c96c2eaeb0
[DEBUG] 2024-04-04 04:14:17.827 CURL [139935383307328] (Text)   Trying 169.254.169.254:80...

[DEBUG] 2024-04-04 04:14:17.827 CURL [139935383307328] (Text) TCP_NODELAY set

[DEBUG] 2024-04-04 04:14:18.828 CURL [139935383307328] (Text) Connection timed out after 1001 milliseconds

[DEBUG] 2024-04-04 04:14:18.828 CURL [139935383307328] (Text) Closing connection 0

[ERROR] 2024-04-04 04:14:18.828 CurlHttpClient [139935383307328] Curl returned error code 28 - Timeout was reached
[DEBUG] 2024-04-04 04:14:18.828 CurlHandleContainer [139935383307328] Destroy curl handle: 0x55c96c2eaeb0
[DEBUG] 2024-04-04 04:14:18.828 CurlHandleContainer [139935383307328] Created replacement handle and released to pool: 0x55c96c2eaeb0
[ERROR] 2024-04-04 04:14:18.828 EC2MetadataClient [139935383307328] Http request to retrieve credentials failed
[WARN] 2024-04-04 04:14:18.828 EC2MetadataClient [139935383307328] Request failed, now waiting 0 ms before attempting again.
[DEBUG] 2024-04-04 04:14:18.828 CurlHandleContainer [139935383307328] Attempting to acquire curl connection.
[DEBUG] 2024-04-04 04:14:18.828 CurlHandleContainer [139935383307328] Connection has been released. Continuing.
[DEBUG] 2024-04-04 04:14:18.828 CurlHandleContainer [139935383307328] Returning connection handle 0x55c96c2eaeb0
[DEBUG] 2024-04-04 04:14:18.828 CurlHttpClient [139935383307328] Obtained connection handle 0x55c96c2eaeb0
[DEBUG] 2024-04-04 04:14:18.829 CURL [139935383307328] (Text)   Trying 169.254.169.254:80...

[DEBUG] 2024-04-04 04:14:18.829 CURL [139935383307328] (Text) TCP_NODELAY set

[DEBUG] 2024-04-04 04:14:19.830 CURL [139935383307328] (Text) Connection timed out after 1001 milliseconds

[DEBUG] 2024-04-04 04:14:19.830 CURL [139935383307328] (Text) Closing connection 0

[ERROR] 2024-04-04 04:14:19.830 CurlHttpClient [139935383307328] Curl returned error code 28 - Timeout was reached
[DEBUG] 2024-04-04 04:14:19.830 CurlHandleContainer [139935383307328] Destroy curl handle: 0x55c96c2eaeb0
[DEBUG] 2024-04-04 04:14:19.830 CurlHandleContainer [139935383307328] Created replacement handle and released to pool: 0x55c96c2eaeb0
[ERROR] 2024-04-04 04:14:19.830 EC2MetadataClient [139935383307328] Http request to retrieve credentials failed
[ERROR] 2024-04-04 04:14:19.830 EC2MetadataClient [139935383307328] Can not retrieve resource from http://169.254.169.254/latest/meta-data/iam/security-credentials
[DEBUG] 2024-04-04 04:14:19.830 CurlHandleContainer [139935383307328] Attempting to acquire curl connection.
[DEBUG] 2024-04-04 04:14:19.830 CurlHandleContainer [139935383307328] Connection has been released. Continuing.
[DEBUG] 2024-04-04 04:14:19.830 CurlHandleContainer [139935383307328] Returning connection handle 0x55c96c2eaeb0
[DEBUG] 2024-04-04 04:14:19.830 CurlHttpClient [139935383307328] Obtained connection handle 0x55c96c2eaeb0
[DEBUG] 2024-04-04 04:14:19.830 CURL [139935383307328] (Text)   Trying 169.254.169.254:80...

[DEBUG] 2024-04-04 04:14:19.830 CURL [139935383307328] (Text) TCP_NODELAY set

[INFO] 2024-04-04 04:17:06.805 Aws_Init_Cleanup [140482577101888] Initiate AWS SDK for C++ with Version:1.11.292
[DEBUG] 2024-04-04 04:17:06.805 FileSystemUtils [140482577101888] Environment value for variable HOME is /home/vcm
[DEBUG] 2024-04-04 04:17:06.805 FileSystemUtils [140482577101888] Home directory is missing the final / appending one to normalize
[DEBUG] 2024-04-04 04:17:06.806 FileSystemUtils [140482577101888] Final Home Directory is /home/vcm/
[INFO] 2024-04-04 04:17:06.806 Aws::Config::AWSConfigFileProfileConfigLoader [140482577101888] Initializing config loader against fileName /home/vcm/.aws/credentials and using profilePrefix = 0
[DEBUG] 2024-04-04 04:17:06.806 FileSystemUtils [140482577101888] Environment value for variable HOME is /home/vcm
[DEBUG] 2024-04-04 04:17:06.806 FileSystemUtils [140482577101888] Home directory is missing the final / appending one to normalize
[DEBUG] 2024-04-04 04:17:06.806 FileSystemUtils [140482577101888] Final Home Directory is /home/vcm/
[INFO] 2024-04-04 04:17:06.806 Aws::Config::AWSConfigFileProfileConfigLoader [140482577101888] Initializing config loader against fileName /home/vcm/.aws/config and using profilePrefix = 1
[DEBUG] 2024-04-04 04:17:06.806 FileSystemUtils [140482577101888] Environment value for variable HOME is /home/vcm
[DEBUG] 2024-04-04 04:17:06.806 FileSystemUtils [140482577101888] Home directory is missing the final / appending one to normalize
[DEBUG] 2024-04-04 04:17:06.806 FileSystemUtils [140482577101888] Final Home Directory is /home/vcm/
[INFO] 2024-04-04 04:17:06.806 Aws::Config::ConfigFileProfileFSM [140482577101888] Unknown property: aws_access_key_id in the profile: default
[INFO] 2024-04-04 04:17:06.806 Aws::Config::ConfigFileProfileFSM [140482577101888] Unknown property: aws_secret_access_key in the profile: default
[DEBUG] 2024-04-04 04:17:06.806 Aws::Config::ConfigFileProfileFSM [140482577101888] found access key AKIA47CRYQIYS3LH7YFY
[INFO] 2024-04-04 04:17:06.806 Aws::Config::AWSProfileConfigLoaderBase [140482577101888] Successfully reloaded configuration.
[DEBUG] 2024-04-04 04:17:06.806 FileSystemUtils [140482577101888] Environment value for variable HOME is /home/vcm
[DEBUG] 2024-04-04 04:17:06.806 FileSystemUtils [140482577101888] Home directory is missing the final / appending one to normalize
[DEBUG] 2024-04-04 04:17:06.806 FileSystemUtils [140482577101888] Final Home Directory is /home/vcm/
[INFO] 2024-04-04 04:17:06.806 Aws::Config::AWSProfileConfigLoaderBase [140482577101888] Successfully reloaded configuration.
[INFO] 2024-04-04 04:17:06.806 event-loop [140482577101888] id=0x558007ff34a0: Initializing edge-triggered epoll
[INFO] 2024-04-04 04:17:06.806 event-loop [140482577101888] id=0x558007ff34a0: Using eventfd for cross-thread notifications.
[INFO] 2024-04-04 04:17:06.806 event-loop [140482577101888] id=0x558007ff34a0: Starting event-loop thread.
[INFO] 2024-04-04 04:17:06.806 dns [140482577101888] id=0x5580080b96d0: Initializing default host resolver with 8 max host entries.
[INFO] 2024-04-04 04:17:06.806 channel-bootstrap [140482577101888] id=0x5580080b9940: Initializing client bootstrap with event-loop group 0x55800801bd30
[INFO] 2024-04-04 04:17:06.812 event-loop [140482568640256] id=0x558007ff34a0: main loop started
[INFO] 2024-04-04 04:17:06.812 event-loop [140482568640256] id=0x558007ff34a0: default timeout 100000, and max events to process per tick 100
[DEBUG] 2024-04-04 04:17:06.820 HttpClientFactory [140482577101888] Initializing Http Static State
[DEBUG] 2024-04-04 04:17:06.820 HttpClientFactory [140482577101888] Initializing Curl Http Client
[INFO] 2024-04-04 04:17:06.820 CurlHttpClient [140482577101888] Initializing Curl library with version: 7.68.0, ssl version: OpenSSL/1.1.1f
[INFO] 2024-04-04 04:17:06.820 EC2MetadataClient [140482577101888] Using IMDS endpoint: http://169.254.169.254
[DEBUG] 2024-04-04 04:17:06.821 ClientConfiguration [140482577101888] Request Compression enabled
[DEBUG] 2024-04-04 04:17:06.821 ClientConfiguration [140482577101888] ClientConfiguration will use MinReqCompression: 10240
[DEBUG] 2024-04-04 04:17:06.821 ClientConfiguration [140482577101888] ClientConfiguration will use SDK Auto Resolved profile: [default] if not specified by users.
[INFO] 2024-04-04 04:17:06.821 ClientConfiguration [140482577101888] Retry Strategy will use the default max attempts.
[INFO] 2024-04-04 04:17:06.821 EC2MetadataClient [140482577101888] Creating AWSHttpResourceClient with max connections 2 and scheme http
[INFO] 2024-04-04 04:17:06.821 CurlHandleContainer [140482577101888] Initializing CurlHandleContainer with size 2
[DEBUG] 2024-04-04 04:17:06.821 ClientConfiguration [140482577101888] Request Compression enabled
[DEBUG] 2024-04-04 04:17:06.821 ClientConfiguration [140482577101888] ClientConfiguration will use MinReqCompression: 10240
[DEBUG] 2024-04-04 04:17:06.821 ClientConfiguration [140482577101888] ClientConfiguration will use SDK Auto Resolved profile: [default] if not specified by users.
[INFO] 2024-04-04 04:17:06.821 ClientConfiguration [140482577101888] Retry Strategy will use the default max attempts.
[DEBUG] 2024-04-04 04:17:06.822 CurlHandleContainer [140482577101888] Attempting to acquire curl connection.
[DEBUG] 2024-04-04 04:17:06.822 CurlHandleContainer [140482577101888] No current connections available in pool. Attempting to create new connections.
[DEBUG] 2024-04-04 04:17:06.822 CurlHandleContainer [140482577101888] attempting to grow pool size by 2
[INFO] 2024-04-04 04:17:06.822 CurlHandleContainer [140482577101888] Pool grown by 2
[DEBUG] 2024-04-04 04:17:06.822 CurlHandleContainer [140482577101888] Connection has been released. Continuing.
[DEBUG] 2024-04-04 04:17:06.822 CurlHandleContainer [140482577101888] Returning connection handle 0x5580081c2df0
[DEBUG] 2024-04-04 04:17:06.822 CurlHttpClient [140482577101888] Obtained connection handle 0x5580081c2df0
[DEBUG] 2024-04-04 04:17:06.822 CURL [140482577101888] (Text)   Trying 169.254.169.254:80...

[DEBUG] 2024-04-04 04:17:06.822 CURL [140482577101888] (Text) TCP_NODELAY set

[DEBUG] 2024-04-04 04:17:07.823 CURL [140482577101888] (Text) Connection timed out after 1001 milliseconds

[DEBUG] 2024-04-04 04:17:07.823 CURL [140482577101888] (Text) Closing connection 0

[ERROR] 2024-04-04 04:17:07.823 CurlHttpClient [140482577101888] Curl returned error code 28 - Timeout was reached
[DEBUG] 2024-04-04 04:17:07.824 CurlHandleContainer [140482577101888] Destroy curl handle: 0x5580081c2df0
[DEBUG] 2024-04-04 04:17:07.824 CurlHandleContainer [140482577101888] Created replacement handle and released to pool: 0x5580081c2df0
[ERROR] 2024-04-04 04:17:07.824 EC2MetadataClient [140482577101888] Http request to retrieve credentials failed
[WARN] 2024-04-04 04:17:07.824 EC2MetadataClient [140482577101888] Request failed, now waiting 0 ms before attempting again.
[DEBUG] 2024-04-04 04:17:07.824 CurlHandleContainer [140482577101888] Attempting to acquire curl connection.
[DEBUG] 2024-04-04 04:17:07.824 CurlHandleContainer [140482577101888] Connection has been released. Continuing.
[DEBUG] 2024-04-04 04:17:07.824 CurlHandleContainer [140482577101888] Returning connection handle 0x5580081c2df0
[DEBUG] 2024-04-04 04:17:07.824 CurlHttpClient [140482577101888] Obtained connection handle 0x5580081c2df0
[DEBUG] 2024-04-04 04:17:07.824 CURL [140482577101888] (Text)   Trying 169.254.169.254:80...

[DEBUG] 2024-04-04 04:17:07.824 CURL [140482577101888] (Text) TCP_NODELAY set

[DEBUG] 2024-04-04 04:17:08.824 CURL [140482577101888] (Text) Connection timed out after 1000 milliseconds

[DEBUG] 2024-04-04 04:17:08.824 CURL [140482577101888] (Text) Closing connection 0

[ERROR] 2024-04-04 04:17:08.825 CurlHttpClient [140482577101888] Curl returned error code 28 - Timeout was reached
[DEBUG] 2024-04-04 04:17:08.825 CurlHandleContainer [140482577101888] Destroy curl handle: 0x5580081c2df0
[DEBUG] 2024-04-04 04:17:08.825 CurlHandleContainer [140482577101888] Created replacement handle and released to pool: 0x5580081c2df0
[ERROR] 2024-04-04 04:17:08.825 EC2MetadataClient [140482577101888] Http request to retrieve credentials failed
[ERROR] 2024-04-04 04:17:08.825 EC2MetadataClient [140482577101888] Can not retrieve resource from http://169.254.169.254/latest/api/token
[DEBUG] 2024-04-04 04:17:08.825 CurlHandleContainer [140482577101888] Attempting to acquire curl connection.
[DEBUG] 2024-04-04 04:17:08.825 CurlHandleContainer [140482577101888] Connection has been released. Continuing.
[DEBUG] 2024-04-04 04:17:08.825 CurlHandleContainer [140482577101888] Returning connection handle 0x5580081c2df0
[DEBUG] 2024-04-04 04:17:08.825 CurlHttpClient [140482577101888] Obtained connection handle 0x5580081c2df0
[DEBUG] 2024-04-04 04:17:08.825 CURL [140482577101888] (Text)   Trying 169.254.169.254:80...

[DEBUG] 2024-04-04 04:17:08.825 CURL [140482577101888] (Text) TCP_NODELAY set

[DEBUG] 2024-04-04 04:17:09.826 CURL [140482577101888] (Text) Connection timed out after 1001 milliseconds

[DEBUG] 2024-04-04 04:17:09.826 CURL [140482577101888] (Text) Closing connection 0

[ERROR] 2024-04-04 04:17:09.826 CurlHttpClient [140482577101888] Curl returned error code 28 - Timeout was reached
[DEBUG] 2024-04-04 04:17:09.827 CurlHandleContainer [140482577101888] Destroy curl handle: 0x5580081c2df0
[DEBUG] 2024-04-04 04:17:09.827 CurlHandleContainer [140482577101888] Created replacement handle and released to pool: 0x5580081c2df0
[ERROR] 2024-04-04 04:17:09.827 EC2MetadataClient [140482577101888] Http request to retrieve credentials failed
[WARN] 2024-04-04 04:17:09.827 EC2MetadataClient [140482577101888] Request failed, now waiting 0 ms before attempting again.
[DEBUG] 2024-04-04 04:17:09.827 CurlHandleContainer [140482577101888] Attempting to acquire curl connection.
[DEBUG] 2024-04-04 04:17:09.827 CurlHandleContainer [140482577101888] Connection has been released. Continuing.
[DEBUG] 2024-04-04 04:17:09.827 CurlHandleContainer [140482577101888] Returning connection handle 0x5580081c2df0
[DEBUG] 2024-04-04 04:17:09.827 CurlHttpClient [140482577101888] Obtained connection handle 0x5580081c2df0
[DEBUG] 2024-04-04 04:17:09.827 CURL [140482577101888] (Text)   Trying 169.254.169.254:80...

[DEBUG] 2024-04-04 04:17:09.827 CURL [140482577101888] (Text) TCP_NODELAY set

[DEBUG] 2024-04-04 04:17:10.828 CURL [140482577101888] (Text) Connection timed out after 1001 milliseconds

[DEBUG] 2024-04-04 04:17:10.828 CURL [140482577101888] (Text) Closing connection 0

[ERROR] 2024-04-04 04:17:10.828 CurlHttpClient [140482577101888] Curl returned error code 28 - Timeout was reached
[DEBUG] 2024-04-04 04:17:10.829 CurlHandleContainer [140482577101888] Destroy curl handle: 0x5580081c2df0
[DEBUG] 2024-04-04 04:17:10.829 CurlHandleContainer [140482577101888] Created replacement handle and released to pool: 0x5580081c2df0
[ERROR] 2024-04-04 04:17:10.829 EC2MetadataClient [140482577101888] Http request to retrieve credentials failed
[ERROR] 2024-04-04 04:17:10.829 EC2MetadataClient [140482577101888] Can not retrieve resource from http://169.254.169.254/latest/meta-data/iam/security-credentials
[DEBUG] 2024-04-04 04:17:10.829 CurlHandleContainer [140482577101888] Attempting to acquire curl connection.
[DEBUG] 2024-04-04 04:17:10.829 CurlHandleContainer [140482577101888] Connection has been released. Continuing.
[DEBUG] 2024-04-04 04:17:10.829 CurlHandleContainer [140482577101888] Returning connection handle 0x5580081c2df0
[DEBUG] 2024-04-04 04:17:10.829 CurlHttpClient [140482577101888] Obtained connection handle 0x5580081c2df0
[DEBUG] 2024-04-04 04:17:10.829 CURL [140482577101888] (Text)   Trying 169.254.169.254:80...

[DEBUG] 2024-04-04 04:17:10.829 CURL [140482577101888] (Text) TCP_NODELAY set

[DEBUG] 2024-04-04 04:17:10.837 CURL [140482577101888] (Text) connect to 169.254.169.254 port 80 failed: Network is unreachable

[DEBUG] 2024-04-04 04:17:10.837 CURL [140482577101888] (Text) Failed to connect to 169.254.169.254 port 80: Network is unreachable

[DEBUG] 2024-04-04 04:17:10.837 CURL [140482577101888] (Text) Closing connection 0

[ERROR] 2024-04-04 04:17:10.837 CurlHttpClient [140482577101888] Curl returned error code 7 - Couldn't connect to server
[DEBUG] 2024-04-04 04:17:10.837 CurlHandleContainer [140482577101888] Destroy curl handle: 0x5580081c2df0
[DEBUG] 2024-04-04 04:17:10.837 CurlHandleContainer [140482577101888] Created replacement handle and released to pool: 0x5580081c2df0
[ERROR] 2024-04-04 04:17:10.837 EC2MetadataClient [140482577101888] Http request to retrieve credentials failed
[WARN] 2024-04-04 04:17:10.837 EC2MetadataClient [140482577101888] Request failed, now waiting 0 ms before attempting again.
[DEBUG] 2024-04-04 04:17:10.837 CurlHandleContainer [140482577101888] Attempting to acquire curl connection.
[DEBUG] 2024-04-04 04:17:10.837 CurlHandleContainer [140482577101888] Connection has been released. Continuing.
[DEBUG] 2024-04-04 04:17:10.837 CurlHandleContainer [140482577101888] Returning connection handle 0x5580081c2df0
[DEBUG] 2024-04-04 04:17:10.837 CurlHttpClient [140482577101888] Obtained connection handle 0x5580081c2df0
[DEBUG] 2024-04-04 04:17:10.837 CURL [140482577101888] (Text)   Trying 169.254.169.254:80...

[DEBUG] 2024-04-04 04:17:10.837 CURL [140482577101888] (Text) TCP_NODELAY set

[DEBUG] 2024-04-04 04:17:11.839 CURL [140482577101888] (Text) Connection timed out after 1001 milliseconds

[DEBUG] 2024-04-04 04:17:11.839 CURL [140482577101888] (Text) Closing connection 0

[ERROR] 2024-04-04 04:17:11.839 CurlHttpClient [140482577101888] Curl returned error code 28 - Timeout was reached
[DEBUG] 2024-04-04 04:17:11.839 CurlHandleContainer [140482577101888] Destroy curl handle: 0x5580081c2df0
[DEBUG] 2024-04-04 04:17:11.839 CurlHandleContainer [140482577101888] Created replacement handle and released to pool: 0x5580081c2df0
[ERROR] 2024-04-04 04:17:11.839 EC2MetadataClient [140482577101888] Http request to retrieve credentials failed
[ERROR] 2024-04-04 04:17:11.839 EC2MetadataClient [140482577101888] Can not retrieve resource from http://169.254.169.254/latest/meta-data/placement/availability-zone
[INFO] 2024-04-04 04:17:11.839 EC2MetadataClient [140482577101888] Unable to pull region from instance metadata service 
[DEBUG] 2024-04-04 04:17:11.839 FileSystemUtils [140482577101888] Environment value for variable HOME is /home/vcm
[DEBUG] 2024-04-04 04:17:11.839 FileSystemUtils [140482577101888] Home directory is missing the final / appending one to normalize
[DEBUG] 2024-04-04 04:17:11.839 FileSystemUtils [140482577101888] Final Home Directory is /home/vcm/
[INFO] 2024-04-04 04:17:11.839 Aws::Config::AWSConfigFileProfileConfigLoader [140482577101888] Initializing config loader against fileName /home/vcm/.aws/credentials and using profilePrefix = 0
[DEBUG] 2024-04-04 04:17:11.839 FileSystemUtils [140482577101888] Environment value for variable HOME is /home/vcm
[DEBUG] 2024-04-04 04:17:11.839 FileSystemUtils [140482577101888] Home directory is missing the final / appending one to normalize
[DEBUG] 2024-04-04 04:17:11.839 FileSystemUtils [140482577101888] Final Home Directory is /home/vcm/
[DEBUG] 2024-04-04 04:17:11.839 FileSystemUtils [140482577101888] Environment value for variable HOME is /home/vcm
[DEBUG] 2024-04-04 04:17:11.839 FileSystemUtils [140482577101888] Home directory is missing the final / appending one to normalize
[DEBUG] 2024-04-04 04:17:11.839 FileSystemUtils [140482577101888] Final Home Directory is /home/vcm/
[INFO] 2024-04-04 04:17:11.839 ProfileConfigFileAWSCredentialsProvider [140482577101888] Setting provider to read credentials from /home/vcm/.aws/credentials for credentials file and /home/vcm/.aws/config for the config file , for use with profile default
[INFO] 2024-04-04 04:17:11.839 ProcessCredentialsProvider [140482577101888] Setting process credentials provider to read config from default
[WARN] 2024-04-04 04:17:11.839 STSAssumeRoleWithWebIdentityCredentialsProvider [140482577101888] Token file must be specified to use STS AssumeRole web identity creds provider.
[INFO] 2024-04-04 04:17:11.840 SSOBearerTokenProvider [140482577101888] Setting sso bearerToken provider to read config from default
[INFO] 2024-04-04 04:17:11.840 SSOCredentialsProvider [140482577101888] Setting sso credentials provider to read config from default
[DEBUG] 2024-04-04 04:17:11.840 DefaultAWSCredentialsProviderChain [140482577101888] The environment variable value AWS_CONTAINER_CREDENTIALS_RELATIVE_URI is 
[DEBUG] 2024-04-04 04:17:11.840 DefaultAWSCredentialsProviderChain [140482577101888] The environment variable value AWS_CONTAINER_CREDENTIALS_FULL_URI is 
[DEBUG] 2024-04-04 04:17:11.840 DefaultAWSCredentialsProviderChain [140482577101888] The environment variable value AWS_EC2_METADATA_DISABLED is 
[INFO] 2024-04-04 04:17:11.840 InstanceProfileCredentialsProvider [140482577101888] Creating Instance with default EC2MetadataClient and refresh rate 300000
[INFO] 2024-04-04 04:17:11.840 DefaultAWSCredentialsProviderChain [140482577101888] Added EC2 metadata service credentials provider to the provider chain.
[INFO] 2024-04-04 04:30:04.862 Aws_Init_Cleanup [139654817109056] Initiate AWS SDK for C++ with Version:1.11.292
[DEBUG] 2024-04-04 04:30:04.863 FileSystemUtils [139654817109056] Environment value for variable HOME is /home/vcm
[DEBUG] 2024-04-04 04:30:04.863 FileSystemUtils [139654817109056] Home directory is missing the final / appending one to normalize
[DEBUG] 2024-04-04 04:30:04.863 FileSystemUtils [139654817109056] Final Home Directory is /home/vcm/
[INFO] 2024-04-04 04:30:04.863 Aws::Config::AWSConfigFileProfileConfigLoader [139654817109056] Initializing config loader against fileName /home/vcm/.aws/credentials and using profilePrefix = 0
[DEBUG] 2024-04-04 04:30:04.863 FileSystemUtils [139654817109056] Environment value for variable HOME is /home/vcm
[DEBUG] 2024-04-04 04:30:04.863 FileSystemUtils [139654817109056] Home directory is missing the final / appending one to normalize
[DEBUG] 2024-04-04 04:30:04.863 FileSystemUtils [139654817109056] Final Home Directory is /home/vcm/
[INFO] 2024-04-04 04:30:04.863 Aws::Config::AWSConfigFileProfileConfigLoader [139654817109056] Initializing config loader against fileName /home/vcm/.aws/config and using profilePrefix = 1
[DEBUG] 2024-04-04 04:30:04.863 FileSystemUtils [139654817109056] Environment value for variable HOME is /home/vcm
[DEBUG] 2024-04-04 04:30:04.863 FileSystemUtils [139654817109056] Home directory is missing the final / appending one to normalize
[DEBUG] 2024-04-04 04:30:04.863 FileSystemUtils [139654817109056] Final Home Directory is /home/vcm/
[INFO] 2024-04-04 04:30:04.863 Aws::Config::ConfigFileProfileFSM [139654817109056] Unknown property: aws_access_key_id in the profile: default
[INFO] 2024-04-04 04:30:04.863 Aws::Config::ConfigFileProfileFSM [139654817109056] Unknown property: aws_secret_access_key in the profile: default
[DEBUG] 2024-04-04 04:30:04.863 Aws::Config::ConfigFileProfileFSM [139654817109056] found access key AKIA47CRYQIYS3LH7YFY
[INFO] 2024-04-04 04:30:04.863 Aws::Config::AWSProfileConfigLoaderBase [139654817109056] Successfully reloaded configuration.
[DEBUG] 2024-04-04 04:30:04.863 FileSystemUtils [139654817109056] Environment value for variable HOME is /home/vcm
[DEBUG] 2024-04-04 04:30:04.863 FileSystemUtils [139654817109056] Home directory is missing the final / appending one to normalize
[DEBUG] 2024-04-04 04:30:04.863 FileSystemUtils [139654817109056] Final Home Directory is /home/vcm/
[INFO] 2024-04-04 04:30:04.863 Aws::Config::AWSProfileConfigLoaderBase [139654817109056] Successfully reloaded configuration.
[INFO] 2024-04-04 04:30:04.863 event-loop [139654817109056] id=0x559cb6d254a0: Initializing edge-triggered epoll
[INFO] 2024-04-04 04:30:04.863 event-loop [139654817109056] id=0x559cb6d254a0: Using eventfd for cross-thread notifications.
[INFO] 2024-04-04 04:30:04.863 event-loop [139654817109056] id=0x559cb6d254a0: Starting event-loop thread.
[INFO] 2024-04-04 04:30:04.863 dns [139654817109056] id=0x559cb6deb6d0: Initializing default host resolver with 8 max host entries.
[INFO] 2024-04-04 04:30:04.863 event-loop [139654808647424] id=0x559cb6d254a0: main loop started
[INFO] 2024-04-04 04:30:04.863 event-loop [139654808647424] id=0x559cb6d254a0: default timeout 100000, and max events to process per tick 100
[INFO] 2024-04-04 04:30:04.864 channel-bootstrap [139654817109056] id=0x559cb6deb940: Initializing client bootstrap with event-loop group 0x559cb6d4dd30
[DEBUG] 2024-04-04 04:30:04.879 HttpClientFactory [139654817109056] Initializing Http Static State
[DEBUG] 2024-04-04 04:30:04.879 HttpClientFactory [139654817109056] Initializing Curl Http Client
[INFO] 2024-04-04 04:30:04.879 CurlHttpClient [139654817109056] Initializing Curl library with version: 7.68.0, ssl version: OpenSSL/1.1.1f
[INFO] 2024-04-04 04:30:04.879 EC2MetadataClient [139654817109056] Using IMDS endpoint: http://169.254.169.254
[DEBUG] 2024-04-04 04:30:04.880 ClientConfiguration [139654817109056] Request Compression enabled
[DEBUG] 2024-04-04 04:30:04.880 ClientConfiguration [139654817109056] ClientConfiguration will use MinReqCompression: 10240
[DEBUG] 2024-04-04 04:30:04.880 ClientConfiguration [139654817109056] ClientConfiguration will use SDK Auto Resolved profile: [default] if not specified by users.
[INFO] 2024-04-04 04:30:04.880 ClientConfiguration [139654817109056] Retry Strategy will use the default max attempts.
[INFO] 2024-04-04 04:30:04.880 EC2MetadataClient [139654817109056] Creating AWSHttpResourceClient with max connections 2 and scheme http
[INFO] 2024-04-04 04:30:04.880 CurlHandleContainer [139654817109056] Initializing CurlHandleContainer with size 2
[DEBUG] 2024-04-04 04:30:04.880 ClientConfiguration [139654817109056] Request Compression enabled
[DEBUG] 2024-04-04 04:30:04.880 ClientConfiguration [139654817109056] ClientConfiguration will use MinReqCompression: 10240
[DEBUG] 2024-04-04 04:30:04.880 ClientConfiguration [139654817109056] ClientConfiguration will use SDK Auto Resolved profile: [default] if not specified by users.
[INFO] 2024-04-04 04:30:04.880 ClientConfiguration [139654817109056] Retry Strategy will use the default max attempts.
[DEBUG] 2024-04-04 04:30:04.881 CurlHandleContainer [139654817109056] Attempting to acquire curl connection.
[DEBUG] 2024-04-04 04:30:04.881 CurlHandleContainer [139654817109056] No current connections available in pool. Attempting to create new connections.
[DEBUG] 2024-04-04 04:30:04.881 CurlHandleContainer [139654817109056] attempting to grow pool size by 2
[INFO] 2024-04-04 04:30:04.881 CurlHandleContainer [139654817109056] Pool grown by 2
[DEBUG] 2024-04-04 04:30:04.881 CurlHandleContainer [139654817109056] Connection has been released. Continuing.
[DEBUG] 2024-04-04 04:30:04.881 CurlHandleContainer [139654817109056] Returning connection handle 0x559cb6ef4eb0
[DEBUG] 2024-04-04 04:30:04.881 CurlHttpClient [139654817109056] Obtained connection handle 0x559cb6ef4eb0
[DEBUG] 2024-04-04 04:30:04.881 CURL [139654817109056] (Text)   Trying 169.254.169.254:80...

[DEBUG] 2024-04-04 04:30:04.881 CURL [139654817109056] (Text) TCP_NODELAY set

[DEBUG] 2024-04-04 04:30:05.883 CURL [139654817109056] (Text) Connection timed out after 1001 milliseconds

[DEBUG] 2024-04-04 04:30:05.883 CURL [139654817109056] (Text) Closing connection 0

[ERROR] 2024-04-04 04:30:05.883 CurlHttpClient [139654817109056] Curl returned error code 28 - Timeout was reached
[DEBUG] 2024-04-04 04:30:05.883 CurlHandleContainer [139654817109056] Destroy curl handle: 0x559cb6ef4eb0
[DEBUG] 2024-04-04 04:30:05.883 CurlHandleContainer [139654817109056] Created replacement handle and released to pool: 0x559cb6ef4eb0
[ERROR] 2024-04-04 04:30:05.883 EC2MetadataClient [139654817109056] Http request to retrieve credentials failed
[WARN] 2024-04-04 04:30:05.883 EC2MetadataClient [139654817109056] Request failed, now waiting 0 ms before attempting again.
[DEBUG] 2024-04-04 04:30:05.883 CurlHandleContainer [139654817109056] Attempting to acquire curl connection.
[DEBUG] 2024-04-04 04:30:05.883 CurlHandleContainer [139654817109056] Connection has been released. Continuing.
[DEBUG] 2024-04-04 04:30:05.883 CurlHandleContainer [139654817109056] Returning connection handle 0x559cb6ef4eb0
[DEBUG] 2024-04-04 04:30:05.883 CurlHttpClient [139654817109056] Obtained connection handle 0x559cb6ef4eb0
[DEBUG] 2024-04-04 04:30:05.883 CURL [139654817109056] (Text)   Trying 169.254.169.254:80...

[DEBUG] 2024-04-04 04:30:05.883 CURL [139654817109056] (Text) TCP_NODELAY set

[DEBUG] 2024-04-04 04:30:06.884 CURL [139654817109056] (Text) Connection timed out after 1000 milliseconds

[DEBUG] 2024-04-04 04:30:06.884 CURL [139654817109056] (Text) Closing connection 0

[ERROR] 2024-04-04 04:30:06.885 CurlHttpClient [139654817109056] Curl returned error code 28 - Timeout was reached
[DEBUG] 2024-04-04 04:30:06.885 CurlHandleContainer [139654817109056] Destroy curl handle: 0x559cb6ef4eb0
[DEBUG] 2024-04-04 04:30:06.885 CurlHandleContainer [139654817109056] Created replacement handle and released to pool: 0x559cb6ef4eb0
[ERROR] 2024-04-04 04:30:06.885 EC2MetadataClient [139654817109056] Http request to retrieve credentials failed
[ERROR] 2024-04-04 04:30:06.885 EC2MetadataClient [139654817109056] Can not retrieve resource from http://169.254.169.254/latest/api/token
[DEBUG] 2024-04-04 04:30:06.885 CurlHandleContainer [139654817109056] Attempting to acquire curl connection.
[DEBUG] 2024-04-04 04:30:06.885 CurlHandleContainer [139654817109056] Connection has been released. Continuing.
[DEBUG] 2024-04-04 04:30:06.885 CurlHandleContainer [139654817109056] Returning connection handle 0x559cb6ef4eb0
[DEBUG] 2024-04-04 04:30:06.885 CurlHttpClient [139654817109056] Obtained connection handle 0x559cb6ef4eb0
[DEBUG] 2024-04-04 04:30:06.885 CURL [139654817109056] (Text)   Trying 169.254.169.254:80...

[DEBUG] 2024-04-04 04:30:06.885 CURL [139654817109056] (Text) TCP_NODELAY set

[DEBUG] 2024-04-04 04:30:07.886 CURL [139654817109056] (Text) Connection timed out after 1001 milliseconds

[DEBUG] 2024-04-04 04:30:07.886 CURL [139654817109056] (Text) Closing connection 0

[ERROR] 2024-04-04 04:30:07.887 CurlHttpClient [139654817109056] Curl returned error code 28 - Timeout was reached
[DEBUG] 2024-04-04 04:30:07.887 CurlHandleContainer [139654817109056] Destroy curl handle: 0x559cb6ef4eb0
[DEBUG] 2024-04-04 04:30:07.887 CurlHandleContainer [139654817109056] Created replacement handle and released to pool: 0x559cb6ef4eb0
[ERROR] 2024-04-04 04:30:07.887 EC2MetadataClient [139654817109056] Http request to retrieve credentials failed
[WARN] 2024-04-04 04:30:07.887 EC2MetadataClient [139654817109056] Request failed, now waiting 0 ms before attempting again.
[DEBUG] 2024-04-04 04:30:07.887 CurlHandleContainer [139654817109056] Attempting to acquire curl connection.
[DEBUG] 2024-04-04 04:30:07.887 CurlHandleContainer [139654817109056] Connection has been released. Continuing.
[DEBUG] 2024-04-04 04:30:07.887 CurlHandleContainer [139654817109056] Returning connection handle 0x559cb6ef4eb0
[DEBUG] 2024-04-04 04:30:07.887 CurlHttpClient [139654817109056] Obtained connection handle 0x559cb6ef4eb0
[DEBUG] 2024-04-04 04:30:07.887 CURL [139654817109056] (Text)   Trying 169.254.169.254:80...

[DEBUG] 2024-04-04 04:30:07.887 CURL [139654817109056] (Text) TCP_NODELAY set

[DEBUG] 2024-04-04 04:30:08.888 CURL [139654817109056] (Text) Connection timed out after 1001 milliseconds

[DEBUG] 2024-04-04 04:30:08.888 CURL [139654817109056] (Text) Closing connection 0

[ERROR] 2024-04-04 04:30:08.888 CurlHttpClient [139654817109056] Curl returned error code 28 - Timeout was reached
[DEBUG] 2024-04-04 04:30:08.888 CurlHandleContainer [139654817109056] Destroy curl handle: 0x559cb6ef4eb0
[DEBUG] 2024-04-04 04:30:08.889 CurlHandleContainer [139654817109056] Created replacement handle and released to pool: 0x559cb6ef4eb0
[ERROR] 2024-04-04 04:30:08.889 EC2MetadataClient [139654817109056] Http request to retrieve credentials failed
[ERROR] 2024-04-04 04:30:08.889 EC2MetadataClient [139654817109056] Can not retrieve resource from http://169.254.169.254/latest/meta-data/iam/security-credentials
[DEBUG] 2024-04-04 04:30:08.889 CurlHandleContainer [139654817109056] Attempting to acquire curl connection.
[DEBUG] 2024-04-04 04:30:08.889 CurlHandleContainer [139654817109056] Connection has been released. Continuing.
[DEBUG] 2024-04-04 04:30:08.889 CurlHandleContainer [139654817109056] Returning connection handle 0x559cb6ef4eb0
[DEBUG] 2024-04-04 04:30:08.889 CurlHttpClient [139654817109056] Obtained connection handle 0x559cb6ef4eb0
[DEBUG] 2024-04-04 04:30:08.889 CURL [139654817109056] (Text)   Trying 169.254.169.254:80...

[DEBUG] 2024-04-04 04:30:08.889 CURL [139654817109056] (Text) TCP_NODELAY set

