[INFO] 2024-03-26 19:36:53.436 Aws_Init_Cleanup [140066048263232] Initiate AWS SDK for C++ with Version:1.11.292
[DEBUG] 2024-03-26 19:36:53.436 FileSystemUtils [140066048263232] Environment value for variable HOME is /home/vcm
[DEBUG] 2024-03-26 19:36:53.436 FileSystemUtils [140066048263232] Home directory is missing the final / appending one to normalize
[DEBUG] 2024-03-26 19:36:53.436 FileSystemUtils [140066048263232] Final Home Directory is /home/vcm/
[INFO] 2024-03-26 19:36:53.436 Aws::Config::AWSConfigFileProfileConfigLoader [140066048263232] Initializing config loader against fileName /home/vcm/.aws/credentials and using profilePrefix = 0
[DEBUG] 2024-03-26 19:36:53.436 FileSystemUtils [140066048263232] Environment value for variable HOME is /home/vcm
[DEBUG] 2024-03-26 19:36:53.436 FileSystemUtils [140066048263232] Home directory is missing the final / appending one to normalize
[DEBUG] 2024-03-26 19:36:53.436 FileSystemUtils [140066048263232] Final Home Directory is /home/vcm/
[INFO] 2024-03-26 19:36:53.436 Aws::Config::AWSConfigFileProfileConfigLoader [140066048263232] Initializing config loader against fileName /home/vcm/.aws/config and using profilePrefix = 1
[DEBUG] 2024-03-26 19:36:53.436 FileSystemUtils [140066048263232] Environment value for variable HOME is /home/vcm
[DEBUG] 2024-03-26 19:36:53.436 FileSystemUtils [140066048263232] Home directory is missing the final / appending one to normalize
[DEBUG] 2024-03-26 19:36:53.436 FileSystemUtils [140066048263232] Final Home Directory is /home/vcm/
[INFO] 2024-03-26 19:36:53.437 Aws::Config::ConfigFileProfileFSM [140066048263232] Unknown property: aws_access_key_id in the profile: default
[INFO] 2024-03-26 19:36:53.437 Aws::Config::ConfigFileProfileFSM [140066048263232] Unknown property: aws_secret_access_key in the profile: default
[DEBUG] 2024-03-26 19:36:53.437 Aws::Config::ConfigFileProfileFSM [140066048263232] found access key AKIA47CRYQIYS3LH7YFY
[INFO] 2024-03-26 19:36:53.437 Aws::Config::AWSProfileConfigLoaderBase [140066048263232] Successfully reloaded configuration.
[DEBUG] 2024-03-26 19:36:53.437 FileSystemUtils [140066048263232] Environment value for variable HOME is /home/vcm
[DEBUG] 2024-03-26 19:36:53.437 FileSystemUtils [140066048263232] Home directory is missing the final / appending one to normalize
[DEBUG] 2024-03-26 19:36:53.437 FileSystemUtils [140066048263232] Final Home Directory is /home/vcm/
[INFO] 2024-03-26 19:36:53.437 Aws::Config::AWSProfileConfigLoaderBase [140066048263232] Successfully reloaded configuration.
[INFO] 2024-03-26 19:36:53.437 event-loop [140066048263232] id=0x5600088a6480: Initializing edge-triggered epoll
[INFO] 2024-03-26 19:36:53.437 event-loop [140066048263232] id=0x5600088a6480: Using eventfd for cross-thread notifications.
[INFO] 2024-03-26 19:36:53.437 event-loop [140066048263232] id=0x5600088a6480: Starting event-loop thread.
[INFO] 2024-03-26 19:36:53.437 dns [140066048263232] id=0x56000896c6b0: Initializing default host resolver with 8 max host entries.
[INFO] 2024-03-26 19:36:53.437 event-loop [140066039801600] id=0x5600088a6480: main loop started
[INFO] 2024-03-26 19:36:53.437 event-loop [140066039801600] id=0x5600088a6480: default timeout 100000, and max events to process per tick 100
[INFO] 2024-03-26 19:36:53.437 channel-bootstrap [140066048263232] id=0x56000896c920: Initializing client bootstrap with event-loop group 0x5600088ced10
[DEBUG] 2024-03-26 19:36:53.450 HttpClientFactory [140066048263232] Initializing Http Static State
[DEBUG] 2024-03-26 19:36:53.450 HttpClientFactory [140066048263232] Initializing Curl Http Client
[INFO] 2024-03-26 19:36:53.450 CurlHttpClient [140066048263232] Initializing Curl library with version: 7.68.0, ssl version: OpenSSL/1.1.1f
[INFO] 2024-03-26 19:36:53.451 EC2MetadataClient [140066048263232] Using IMDS endpoint: http://169.254.169.254
[DEBUG] 2024-03-26 19:36:53.451 ClientConfiguration [140066048263232] Request Compression enabled
[DEBUG] 2024-03-26 19:36:53.451 ClientConfiguration [140066048263232] ClientConfiguration will use MinReqCompression: 10240
[DEBUG] 2024-03-26 19:36:53.452 ClientConfiguration [140066048263232] ClientConfiguration will use SDK Auto Resolved profile: [default] if not specified by users.
[INFO] 2024-03-26 19:36:53.452 ClientConfiguration [140066048263232] Retry Strategy will use the default max attempts.
[INFO] 2024-03-26 19:36:53.452 EC2MetadataClient [140066048263232] Creating AWSHttpResourceClient with max connections 2 and scheme http
[INFO] 2024-03-26 19:36:53.452 CurlHandleContainer [140066048263232] Initializing CurlHandleContainer with size 2
[DEBUG] 2024-03-26 19:36:53.452 ClientConfiguration [140066048263232] Request Compression enabled
[DEBUG] 2024-03-26 19:36:53.452 ClientConfiguration [140066048263232] ClientConfiguration will use MinReqCompression: 10240
[DEBUG] 2024-03-26 19:36:53.452 ClientConfiguration [140066048263232] ClientConfiguration will use SDK Auto Resolved profile: [default] if not specified by users.
[INFO] 2024-03-26 19:36:53.452 ClientConfiguration [140066048263232] Retry Strategy will use the default max attempts.
[DEBUG] 2024-03-26 19:36:53.452 CurlHandleContainer [140066048263232] Attempting to acquire curl connection.
[DEBUG] 2024-03-26 19:36:53.452 CurlHandleContainer [140066048263232] No current connections available in pool. Attempting to create new connections.
[DEBUG] 2024-03-26 19:36:53.452 CurlHandleContainer [140066048263232] attempting to grow pool size by 2
[INFO] 2024-03-26 19:36:53.452 CurlHandleContainer [140066048263232] Pool grown by 2
[DEBUG] 2024-03-26 19:36:53.452 CurlHandleContainer [140066048263232] Connection has been released. Continuing.
[DEBUG] 2024-03-26 19:36:53.452 CurlHandleContainer [140066048263232] Returning connection handle 0x560008a75e80
[DEBUG] 2024-03-26 19:36:53.452 CurlHttpClient [140066048263232] Obtained connection handle 0x560008a75e80
[DEBUG] 2024-03-26 19:36:53.452 CURL [140066048263232] (Text)   Trying 169.254.169.254:80...

[DEBUG] 2024-03-26 19:36:53.453 CURL [140066048263232] (Text) TCP_NODELAY set

[DEBUG] 2024-03-26 19:36:54.454 CURL [140066048263232] (Text) Connection timed out after 1001 milliseconds

[DEBUG] 2024-03-26 19:36:54.454 CURL [140066048263232] (Text) Closing connection 0

[ERROR] 2024-03-26 19:36:54.454 CurlHttpClient [140066048263232] Curl returned error code 28 - Timeout was reached
[DEBUG] 2024-03-26 19:36:54.454 CurlHandleContainer [140066048263232] Destroy curl handle: 0x560008a75e80
[DEBUG] 2024-03-26 19:36:54.454 CurlHandleContainer [140066048263232] Created replacement handle and released to pool: 0x560008a75e80
[ERROR] 2024-03-26 19:36:54.454 EC2MetadataClient [140066048263232] Http request to retrieve credentials failed
[WARN] 2024-03-26 19:36:54.454 EC2MetadataClient [140066048263232] Request failed, now waiting 0 ms before attempting again.
[DEBUG] 2024-03-26 19:36:54.454 CurlHandleContainer [140066048263232] Attempting to acquire curl connection.
[DEBUG] 2024-03-26 19:36:54.454 CurlHandleContainer [140066048263232] Connection has been released. Continuing.
[DEBUG] 2024-03-26 19:36:54.454 CurlHandleContainer [140066048263232] Returning connection handle 0x560008a75e80
[DEBUG] 2024-03-26 19:36:54.454 CurlHttpClient [140066048263232] Obtained connection handle 0x560008a75e80
[DEBUG] 2024-03-26 19:36:54.454 CURL [140066048263232] (Text)   Trying 169.254.169.254:80...

[DEBUG] 2024-03-26 19:36:54.454 CURL [140066048263232] (Text) TCP_NODELAY set

[DEBUG] 2024-03-26 19:36:55.456 CURL [140066048263232] (Text) Connection timed out after 1001 milliseconds

[DEBUG] 2024-03-26 19:36:55.456 CURL [140066048263232] (Text) Closing connection 0

[ERROR] 2024-03-26 19:36:55.456 CurlHttpClient [140066048263232] Curl returned error code 28 - Timeout was reached
[DEBUG] 2024-03-26 19:36:55.456 CurlHandleContainer [140066048263232] Destroy curl handle: 0x560008a75e80
[DEBUG] 2024-03-26 19:36:55.456 CurlHandleContainer [140066048263232] Created replacement handle and released to pool: 0x560008a75e80
[ERROR] 2024-03-26 19:36:55.456 EC2MetadataClient [140066048263232] Http request to retrieve credentials failed
[ERROR] 2024-03-26 19:36:55.456 EC2MetadataClient [140066048263232] Can not retrieve resource from http://169.254.169.254/latest/api/token
[DEBUG] 2024-03-26 19:36:55.457 CurlHandleContainer [140066048263232] Attempting to acquire curl connection.
[DEBUG] 2024-03-26 19:36:55.457 CurlHandleContainer [140066048263232] Connection has been released. Continuing.
[DEBUG] 2024-03-26 19:36:55.457 CurlHandleContainer [140066048263232] Returning connection handle 0x560008a75e80
[DEBUG] 2024-03-26 19:36:55.457 CurlHttpClient [140066048263232] Obtained connection handle 0x560008a75e80
[DEBUG] 2024-03-26 19:36:55.457 CURL [140066048263232] (Text)   Trying 169.254.169.254:80...

[DEBUG] 2024-03-26 19:36:55.457 CURL [140066048263232] (Text) TCP_NODELAY set

[DEBUG] 2024-03-26 19:36:56.458 CURL [140066048263232] (Text) Connection timed out after 1001 milliseconds

[DEBUG] 2024-03-26 19:36:56.458 CURL [140066048263232] (Text) Closing connection 0

[ERROR] 2024-03-26 19:36:56.458 CurlHttpClient [140066048263232] Curl returned error code 28 - Timeout was reached
[DEBUG] 2024-03-26 19:36:56.458 CurlHandleContainer [140066048263232] Destroy curl handle: 0x560008a75e80
[DEBUG] 2024-03-26 19:36:56.458 CurlHandleContainer [140066048263232] Created replacement handle and released to pool: 0x560008a75e80
[ERROR] 2024-03-26 19:36:56.458 EC2MetadataClient [140066048263232] Http request to retrieve credentials failed
[WARN] 2024-03-26 19:36:56.458 EC2MetadataClient [140066048263232] Request failed, now waiting 0 ms before attempting again.
[DEBUG] 2024-03-26 19:36:56.459 CurlHandleContainer [140066048263232] Attempting to acquire curl connection.
[DEBUG] 2024-03-26 19:36:56.459 CurlHandleContainer [140066048263232] Connection has been released. Continuing.
[DEBUG] 2024-03-26 19:36:56.459 CurlHandleContainer [140066048263232] Returning connection handle 0x560008a75e80
[DEBUG] 2024-03-26 19:36:56.459 CurlHttpClient [140066048263232] Obtained connection handle 0x560008a75e80
[DEBUG] 2024-03-26 19:36:56.459 CURL [140066048263232] (Text)   Trying 169.254.169.254:80...

[DEBUG] 2024-03-26 19:36:56.459 CURL [140066048263232] (Text) TCP_NODELAY set

[DEBUG] 2024-03-26 19:36:57.460 CURL [140066048263232] (Text) Connection timed out after 1001 milliseconds

[DEBUG] 2024-03-26 19:36:57.460 CURL [140066048263232] (Text) Closing connection 0

[ERROR] 2024-03-26 19:36:57.460 CurlHttpClient [140066048263232] Curl returned error code 28 - Timeout was reached
[DEBUG] 2024-03-26 19:36:57.460 CurlHandleContainer [140066048263232] Destroy curl handle: 0x560008a75e80
[DEBUG] 2024-03-26 19:36:57.460 CurlHandleContainer [140066048263232] Created replacement handle and released to pool: 0x560008a75e80
[ERROR] 2024-03-26 19:36:57.460 EC2MetadataClient [140066048263232] Http request to retrieve credentials failed
[ERROR] 2024-03-26 19:36:57.460 EC2MetadataClient [140066048263232] Can not retrieve resource from http://169.254.169.254/latest/meta-data/iam/security-credentials
[DEBUG] 2024-03-26 19:36:57.461 CurlHandleContainer [140066048263232] Attempting to acquire curl connection.
[DEBUG] 2024-03-26 19:36:57.461 CurlHandleContainer [140066048263232] Connection has been released. Continuing.
[DEBUG] 2024-03-26 19:36:57.461 CurlHandleContainer [140066048263232] Returning connection handle 0x560008a75e80
[DEBUG] 2024-03-26 19:36:57.461 CurlHttpClient [140066048263232] Obtained connection handle 0x560008a75e80
[DEBUG] 2024-03-26 19:36:57.461 CURL [140066048263232] (Text)   Trying 169.254.169.254:80...

[DEBUG] 2024-03-26 19:36:57.461 CURL [140066048263232] (Text) TCP_NODELAY set

[INFO] 2024-03-26 19:39:43.069 Aws_Init_Cleanup [140024394163264] Initiate AWS SDK for C++ with Version:1.11.292
[DEBUG] 2024-03-26 19:39:43.069 FileSystemUtils [140024394163264] Environment value for variable HOME is /home/vcm
[DEBUG] 2024-03-26 19:39:43.069 FileSystemUtils [140024394163264] Home directory is missing the final / appending one to normalize
[DEBUG] 2024-03-26 19:39:43.069 FileSystemUtils [140024394163264] Final Home Directory is /home/vcm/
[INFO] 2024-03-26 19:39:43.069 Aws::Config::AWSConfigFileProfileConfigLoader [140024394163264] Initializing config loader against fileName /home/vcm/.aws/credentials and using profilePrefix = 0
[DEBUG] 2024-03-26 19:39:43.069 FileSystemUtils [140024394163264] Environment value for variable HOME is /home/vcm
[DEBUG] 2024-03-26 19:39:43.069 FileSystemUtils [140024394163264] Home directory is missing the final / appending one to normalize
[DEBUG] 2024-03-26 19:39:43.069 FileSystemUtils [140024394163264] Final Home Directory is /home/vcm/
[INFO] 2024-03-26 19:39:43.069 Aws::Config::AWSConfigFileProfileConfigLoader [140024394163264] Initializing config loader against fileName /home/vcm/.aws/config and using profilePrefix = 1
[DEBUG] 2024-03-26 19:39:43.069 FileSystemUtils [140024394163264] Environment value for variable HOME is /home/vcm
[DEBUG] 2024-03-26 19:39:43.069 FileSystemUtils [140024394163264] Home directory is missing the final / appending one to normalize
[DEBUG] 2024-03-26 19:39:43.069 FileSystemUtils [140024394163264] Final Home Directory is /home/vcm/
[INFO] 2024-03-26 19:39:43.070 Aws::Config::ConfigFileProfileFSM [140024394163264] Unknown property: aws_access_key_id in the profile: default
[INFO] 2024-03-26 19:39:43.070 Aws::Config::ConfigFileProfileFSM [140024394163264] Unknown property: aws_secret_access_key in the profile: default
[DEBUG] 2024-03-26 19:39:43.070 Aws::Config::ConfigFileProfileFSM [140024394163264] found access key AKIA47CRYQIYS3LH7YFY
[INFO] 2024-03-26 19:39:43.070 Aws::Config::AWSProfileConfigLoaderBase [140024394163264] Successfully reloaded configuration.
[DEBUG] 2024-03-26 19:39:43.070 FileSystemUtils [140024394163264] Environment value for variable HOME is /home/vcm
[DEBUG] 2024-03-26 19:39:43.070 FileSystemUtils [140024394163264] Home directory is missing the final / appending one to normalize
[DEBUG] 2024-03-26 19:39:43.070 FileSystemUtils [140024394163264] Final Home Directory is /home/vcm/
[INFO] 2024-03-26 19:39:43.070 Aws::Config::AWSProfileConfigLoaderBase [140024394163264] Successfully reloaded configuration.
[INFO] 2024-03-26 19:39:43.070 event-loop [140024394163264] id=0x55e91f3a6480: Initializing edge-triggered epoll
[INFO] 2024-03-26 19:39:43.070 event-loop [140024394163264] id=0x55e91f3a6480: Using eventfd for cross-thread notifications.
[INFO] 2024-03-26 19:39:43.070 event-loop [140024394163264] id=0x55e91f3a6480: Starting event-loop thread.
[INFO] 2024-03-26 19:39:43.070 dns [140024394163264] id=0x55e91f46c6b0: Initializing default host resolver with 8 max host entries.
[INFO] 2024-03-26 19:39:43.070 event-loop [140024385701632] id=0x55e91f3a6480: main loop started
[INFO] 2024-03-26 19:39:43.070 event-loop [140024385701632] id=0x55e91f3a6480: default timeout 100000, and max events to process per tick 100
[INFO] 2024-03-26 19:39:43.070 channel-bootstrap [140024394163264] id=0x55e91f46c920: Initializing client bootstrap with event-loop group 0x55e91f3ced10
[DEBUG] 2024-03-26 19:39:43.083 HttpClientFactory [140024394163264] Initializing Http Static State
[DEBUG] 2024-03-26 19:39:43.083 HttpClientFactory [140024394163264] Initializing Curl Http Client
[INFO] 2024-03-26 19:39:43.083 CurlHttpClient [140024394163264] Initializing Curl library with version: 7.68.0, ssl version: OpenSSL/1.1.1f
[INFO] 2024-03-26 19:39:43.084 EC2MetadataClient [140024394163264] Using IMDS endpoint: http://169.254.169.254
[DEBUG] 2024-03-26 19:39:43.084 ClientConfiguration [140024394163264] Request Compression enabled
[DEBUG] 2024-03-26 19:39:43.084 ClientConfiguration [140024394163264] ClientConfiguration will use MinReqCompression: 10240
[DEBUG] 2024-03-26 19:39:43.084 ClientConfiguration [140024394163264] ClientConfiguration will use SDK Auto Resolved profile: [default] if not specified by users.
[INFO] 2024-03-26 19:39:43.084 ClientConfiguration [140024394163264] Retry Strategy will use the default max attempts.
[INFO] 2024-03-26 19:39:43.084 EC2MetadataClient [140024394163264] Creating AWSHttpResourceClient with max connections 2 and scheme http
[INFO] 2024-03-26 19:39:43.084 CurlHandleContainer [140024394163264] Initializing CurlHandleContainer with size 2
[DEBUG] 2024-03-26 19:39:43.085 ClientConfiguration [140024394163264] Request Compression enabled
[DEBUG] 2024-03-26 19:39:43.085 ClientConfiguration [140024394163264] ClientConfiguration will use MinReqCompression: 10240
[DEBUG] 2024-03-26 19:39:43.085 ClientConfiguration [140024394163264] ClientConfiguration will use SDK Auto Resolved profile: [default] if not specified by users.
[INFO] 2024-03-26 19:39:43.085 ClientConfiguration [140024394163264] Retry Strategy will use the default max attempts.
[DEBUG] 2024-03-26 19:39:43.085 CurlHandleContainer [140024394163264] Attempting to acquire curl connection.
[DEBUG] 2024-03-26 19:39:43.085 CurlHandleContainer [140024394163264] No current connections available in pool. Attempting to create new connections.
[DEBUG] 2024-03-26 19:39:43.085 CurlHandleContainer [140024394163264] attempting to grow pool size by 2
[INFO] 2024-03-26 19:39:43.085 CurlHandleContainer [140024394163264] Pool grown by 2
[DEBUG] 2024-03-26 19:39:43.085 CurlHandleContainer [140024394163264] Connection has been released. Continuing.
[DEBUG] 2024-03-26 19:39:43.085 CurlHandleContainer [140024394163264] Returning connection handle 0x55e91f575e80
[DEBUG] 2024-03-26 19:39:43.085 CurlHttpClient [140024394163264] Obtained connection handle 0x55e91f575e80
[DEBUG] 2024-03-26 19:39:43.085 CURL [140024394163264] (Text)   Trying 169.254.169.254:80...

[DEBUG] 2024-03-26 19:39:43.085 CURL [140024394163264] (Text) TCP_NODELAY set

[DEBUG] 2024-03-26 19:39:44.086 CURL [140024394163264] (Text) Connection timed out after 1000 milliseconds

[DEBUG] 2024-03-26 19:39:44.086 CURL [140024394163264] (Text) Closing connection 0

[ERROR] 2024-03-26 19:39:44.086 CurlHttpClient [140024394163264] Curl returned error code 28 - Timeout was reached
[DEBUG] 2024-03-26 19:39:44.086 CurlHandleContainer [140024394163264] Destroy curl handle: 0x55e91f575e80
[DEBUG] 2024-03-26 19:39:44.086 CurlHandleContainer [140024394163264] Created replacement handle and released to pool: 0x55e91f575e80
[ERROR] 2024-03-26 19:39:44.086 EC2MetadataClient [140024394163264] Http request to retrieve credentials failed
[WARN] 2024-03-26 19:39:44.086 EC2MetadataClient [140024394163264] Request failed, now waiting 0 ms before attempting again.
[DEBUG] 2024-03-26 19:39:44.087 CurlHandleContainer [140024394163264] Attempting to acquire curl connection.
[DEBUG] 2024-03-26 19:39:44.087 CurlHandleContainer [140024394163264] Connection has been released. Continuing.
[DEBUG] 2024-03-26 19:39:44.087 CurlHandleContainer [140024394163264] Returning connection handle 0x55e91f575e80
[DEBUG] 2024-03-26 19:39:44.087 CurlHttpClient [140024394163264] Obtained connection handle 0x55e91f575e80
[DEBUG] 2024-03-26 19:39:44.087 CURL [140024394163264] (Text)   Trying 169.254.169.254:80...

[DEBUG] 2024-03-26 19:39:44.087 CURL [140024394163264] (Text) TCP_NODELAY set

[DEBUG] 2024-03-26 19:39:45.087 CURL [140024394163264] (Text) Connection timed out after 1000 milliseconds

[DEBUG] 2024-03-26 19:39:45.087 CURL [140024394163264] (Text) Closing connection 0

[ERROR] 2024-03-26 19:39:45.087 CurlHttpClient [140024394163264] Curl returned error code 28 - Timeout was reached
[DEBUG] 2024-03-26 19:39:45.087 CurlHandleContainer [140024394163264] Destroy curl handle: 0x55e91f575e80
[DEBUG] 2024-03-26 19:39:45.087 CurlHandleContainer [140024394163264] Created replacement handle and released to pool: 0x55e91f575e80
[ERROR] 2024-03-26 19:39:45.087 EC2MetadataClient [140024394163264] Http request to retrieve credentials failed
[ERROR] 2024-03-26 19:39:45.087 EC2MetadataClient [140024394163264] Can not retrieve resource from http://169.254.169.254/latest/api/token
[DEBUG] 2024-03-26 19:39:45.088 CurlHandleContainer [140024394163264] Attempting to acquire curl connection.
[DEBUG] 2024-03-26 19:39:45.088 CurlHandleContainer [140024394163264] Connection has been released. Continuing.
[DEBUG] 2024-03-26 19:39:45.088 CurlHandleContainer [140024394163264] Returning connection handle 0x55e91f575e80
[DEBUG] 2024-03-26 19:39:45.088 CurlHttpClient [140024394163264] Obtained connection handle 0x55e91f575e80
[DEBUG] 2024-03-26 19:39:45.088 CURL [140024394163264] (Text)   Trying 169.254.169.254:80...

[DEBUG] 2024-03-26 19:39:45.088 CURL [140024394163264] (Text) TCP_NODELAY set

[DEBUG] 2024-03-26 19:39:46.088 CURL [140024394163264] (Text) Connection timed out after 1000 milliseconds

[DEBUG] 2024-03-26 19:39:46.089 CURL [140024394163264] (Text) Closing connection 0

[ERROR] 2024-03-26 19:39:46.089 CurlHttpClient [140024394163264] Curl returned error code 28 - Timeout was reached
[DEBUG] 2024-03-26 19:39:46.089 CurlHandleContainer [140024394163264] Destroy curl handle: 0x55e91f575e80
[DEBUG] 2024-03-26 19:39:46.089 CurlHandleContainer [140024394163264] Created replacement handle and released to pool: 0x55e91f575e80
[ERROR] 2024-03-26 19:39:46.089 EC2MetadataClient [140024394163264] Http request to retrieve credentials failed
[WARN] 2024-03-26 19:39:46.089 EC2MetadataClient [140024394163264] Request failed, now waiting 0 ms before attempting again.
[DEBUG] 2024-03-26 19:39:46.089 CurlHandleContainer [140024394163264] Attempting to acquire curl connection.
[DEBUG] 2024-03-26 19:39:46.089 CurlHandleContainer [140024394163264] Connection has been released. Continuing.
[DEBUG] 2024-03-26 19:39:46.089 CurlHandleContainer [140024394163264] Returning connection handle 0x55e91f575e80
[DEBUG] 2024-03-26 19:39:46.089 CurlHttpClient [140024394163264] Obtained connection handle 0x55e91f575e80
[DEBUG] 2024-03-26 19:39:46.089 CURL [140024394163264] (Text)   Trying 169.254.169.254:80...

[DEBUG] 2024-03-26 19:39:46.089 CURL [140024394163264] (Text) TCP_NODELAY set

[DEBUG] 2024-03-26 19:39:47.090 CURL [140024394163264] (Text) Connection timed out after 1000 milliseconds

[DEBUG] 2024-03-26 19:39:47.090 CURL [140024394163264] (Text) Closing connection 0

[ERROR] 2024-03-26 19:39:47.090 CurlHttpClient [140024394163264] Curl returned error code 28 - Timeout was reached
[DEBUG] 2024-03-26 19:39:47.090 CurlHandleContainer [140024394163264] Destroy curl handle: 0x55e91f575e80
[DEBUG] 2024-03-26 19:39:47.090 CurlHandleContainer [140024394163264] Created replacement handle and released to pool: 0x55e91f575e80
[ERROR] 2024-03-26 19:39:47.090 EC2MetadataClient [140024394163264] Http request to retrieve credentials failed
[ERROR] 2024-03-26 19:39:47.090 EC2MetadataClient [140024394163264] Can not retrieve resource from http://169.254.169.254/latest/meta-data/iam/security-credentials
[DEBUG] 2024-03-26 19:39:47.090 CurlHandleContainer [140024394163264] Attempting to acquire curl connection.
[DEBUG] 2024-03-26 19:39:47.090 CurlHandleContainer [140024394163264] Connection has been released. Continuing.
[DEBUG] 2024-03-26 19:39:47.090 CurlHandleContainer [140024394163264] Returning connection handle 0x55e91f575e80
[DEBUG] 2024-03-26 19:39:47.090 CurlHttpClient [140024394163264] Obtained connection handle 0x55e91f575e80
[DEBUG] 2024-03-26 19:39:47.090 CURL [140024394163264] (Text)   Trying 169.254.169.254:80...

[DEBUG] 2024-03-26 19:39:47.090 CURL [140024394163264] (Text) TCP_NODELAY set

