[INFO] 2024-03-18 18:51:01.335 Aws_Init_Cleanup [140425013818432] Initiate AWS SDK for C++ with Version:1.11.282
[DEBUG] 2024-03-18 18:51:01.335 FileSystemUtils [140425013818432] Environment value for variable HOME is /home/vcm
[DEBUG] 2024-03-18 18:51:01.335 FileSystemUtils [140425013818432] Home directory is missing the final / appending one to normalize
[DEBUG] 2024-03-18 18:51:01.335 FileSystemUtils [140425013818432] Final Home Directory is /home/vcm/
[INFO] 2024-03-18 18:51:01.335 Aws::Config::AWSConfigFileProfileConfigLoader [140425013818432] Initializing config loader against fileName /home/vcm/.aws/credentials and using profilePrefix = 0
[DEBUG] 2024-03-18 18:51:01.335 FileSystemUtils [140425013818432] Environment value for variable HOME is /home/vcm
[DEBUG] 2024-03-18 18:51:01.335 FileSystemUtils [140425013818432] Home directory is missing the final / appending one to normalize
[DEBUG] 2024-03-18 18:51:01.335 FileSystemUtils [140425013818432] Final Home Directory is /home/vcm/
[INFO] 2024-03-18 18:51:01.335 Aws::Config::AWSConfigFileProfileConfigLoader [140425013818432] Initializing config loader against fileName /home/vcm/.aws/config and using profilePrefix = 1
[DEBUG] 2024-03-18 18:51:01.335 FileSystemUtils [140425013818432] Environment value for variable HOME is /home/vcm
[DEBUG] 2024-03-18 18:51:01.335 FileSystemUtils [140425013818432] Home directory is missing the final / appending one to normalize
[DEBUG] 2024-03-18 18:51:01.335 FileSystemUtils [140425013818432] Final Home Directory is /home/vcm/
[INFO] 2024-03-18 18:51:01.335 Aws::Config::ConfigFileProfileFSM [140425013818432] Unknown property: aws_access_key_id in the profile: default
[INFO] 2024-03-18 18:51:01.335 Aws::Config::ConfigFileProfileFSM [140425013818432] Unknown property: aws_secret_access_key in the profile: default
[DEBUG] 2024-03-18 18:51:01.335 Aws::Config::ConfigFileProfileFSM [140425013818432] found access key AKIAXYKJVWUMV5VJDJWU
[INFO] 2024-03-18 18:51:01.335 Aws::Config::AWSProfileConfigLoaderBase [140425013818432] Successfully reloaded configuration.
[DEBUG] 2024-03-18 18:51:01.335 FileSystemUtils [140425013818432] Environment value for variable HOME is /home/vcm
[DEBUG] 2024-03-18 18:51:01.335 FileSystemUtils [140425013818432] Home directory is missing the final / appending one to normalize
[DEBUG] 2024-03-18 18:51:01.335 FileSystemUtils [140425013818432] Final Home Directory is /home/vcm/
[INFO] 2024-03-18 18:51:01.335 Aws::Config::AWSConfigFileProfileConfigLoader [140425013818432] Unable to open config file /home/vcm/.aws/config for reading.
[INFO] 2024-03-18 18:51:01.335 Aws::Config::AWSProfileConfigLoaderBase [140425013818432] Failed to reload configuration.
[INFO] 2024-03-18 18:51:01.335 event-loop [140425013818432] id=0x5608714cd920: Initializing edge-triggered epoll
[INFO] 2024-03-18 18:51:01.336 event-loop [140425013818432] id=0x5608714cd920: Using eventfd for cross-thread notifications.
[INFO] 2024-03-18 18:51:01.336 event-loop [140425013818432] id=0x5608714cd920: Starting event-loop thread.
[INFO] 2024-03-18 18:51:01.336 event-loop [140425013818432] id=0x5608714450a0: Initializing edge-triggered epoll
[INFO] 2024-03-18 18:51:01.336 event-loop [140425013818432] id=0x5608714450a0: Using eventfd for cross-thread notifications.
[INFO] 2024-03-18 18:51:01.336 event-loop [140425013818432] id=0x5608714450a0: Starting event-loop thread.
[INFO] 2024-03-18 18:51:01.336 dns [140425013818432] id=0x5608714d1c30: Initializing default host resolver with 8 max host entries.
[INFO] 2024-03-18 18:51:01.336 event-loop [140425005356608] id=0x5608714cd920: main loop started
[INFO] 2024-03-18 18:51:01.336 event-loop [140425005356608] id=0x5608714cd920: default timeout 100000, and max events to process per tick 100
[INFO] 2024-03-18 18:51:01.336 event-loop [140424996963904] id=0x5608714450a0: main loop started
[INFO] 2024-03-18 18:51:01.336 event-loop [140424996963904] id=0x5608714450a0: default timeout 100000, and max events to process per tick 100
[INFO] 2024-03-18 18:51:01.336 channel-bootstrap [140425013818432] id=0x5608714d1fa0: Initializing client bootstrap with event-loop group 0x5608714d27d0
[DEBUG] 2024-03-18 18:51:01.379 HttpClientFactory [140425013818432] Initializing Http Static State
[DEBUG] 2024-03-18 18:51:01.379 HttpClientFactory [140425013818432] Initializing Curl Http Client
[INFO] 2024-03-18 18:51:01.379 CurlHttpClient [140425013818432] Initializing Curl library with version: 7.81.0, ssl version: OpenSSL/3.0.2
[INFO] 2024-03-18 18:51:01.379 EC2MetadataClient [140425013818432] Using IMDS endpoint: http://169.254.169.254
[DEBUG] 2024-03-18 18:51:01.380 ClientConfiguration [140425013818432] Request Compression enabled
[DEBUG] 2024-03-18 18:51:01.380 ClientConfiguration [140425013818432] ClientConfiguration will use MinReqCompression: 10240
[DEBUG] 2024-03-18 18:51:01.380 ClientConfiguration [140425013818432] ClientConfiguration will use SDK Auto Resolved profile: [default] if not specified by users.
[INFO] 2024-03-18 18:51:01.380 ClientConfiguration [140425013818432] Retry Strategy will use the default max attempts.
[INFO] 2024-03-18 18:51:01.380 EC2MetadataClient [140425013818432] Creating AWSHttpResourceClient with max connections 2 and scheme http
[INFO] 2024-03-18 18:51:01.380 CurlHandleContainer [140425013818432] Initializing CurlHandleContainer with size 2
[DEBUG] 2024-03-18 18:51:01.380 ClientConfiguration [140425013818432] Request Compression enabled
[DEBUG] 2024-03-18 18:51:01.380 ClientConfiguration [140425013818432] ClientConfiguration will use MinReqCompression: 10240
[DEBUG] 2024-03-18 18:51:01.380 ClientConfiguration [140425013818432] ClientConfiguration will use SDK Auto Resolved profile: [default] if not specified by users.
[INFO] 2024-03-18 18:51:01.380 ClientConfiguration [140425013818432] Retry Strategy will use the default max attempts.
[DEBUG] 2024-03-18 18:51:01.381 CurlHandleContainer [140425013818432] Attempting to acquire curl connection.
[DEBUG] 2024-03-18 18:51:01.381 CurlHandleContainer [140425013818432] No current connections available in pool. Attempting to create new connections.
[DEBUG] 2024-03-18 18:51:01.381 CurlHandleContainer [140425013818432] attempting to grow pool size by 2
[INFO] 2024-03-18 18:51:01.381 CurlHandleContainer [140425013818432] Pool grown by 2
[DEBUG] 2024-03-18 18:51:01.381 CurlHandleContainer [140425013818432] Connection has been released. Continuing.
[DEBUG] 2024-03-18 18:51:01.381 CurlHandleContainer [140425013818432] Returning connection handle 0x5608715c77b0
[DEBUG] 2024-03-18 18:51:01.381 CurlHttpClient [140425013818432] Obtained connection handle 0x5608715c77b0
[DEBUG] 2024-03-18 18:51:01.381 CURL [140425013818432] (Text)   Trying 169.254.169.254:80...

[DEBUG] 2024-03-18 18:51:02.381 CURL [140425013818432] (Text) After 1000ms connect time, move on!

[DEBUG] 2024-03-18 18:51:02.381 CURL [140425013818432] (Text) connect to 169.254.169.254 port 80 failed: Connection timed out

[DEBUG] 2024-03-18 18:51:02.381 CURL [140425013818432] (Text) Connection timeout after 1000 ms

[DEBUG] 2024-03-18 18:51:02.382 CURL [140425013818432] (Text) Closing connection 0

[ERROR] 2024-03-18 18:51:02.382 CurlHttpClient [140425013818432] Curl returned error code 28 - Timeout was reached
[DEBUG] 2024-03-18 18:51:02.382 CurlHandleContainer [140425013818432] Destroy curl handle: 0x5608715c77b0
[DEBUG] 2024-03-18 18:51:02.382 CurlHandleContainer [140425013818432] Created replacement handle and released to pool: 0x5608715c9070
[ERROR] 2024-03-18 18:51:02.382 EC2MetadataClient [140425013818432] Http request to retrieve credentials failed
[WARN] 2024-03-18 18:51:02.382 EC2MetadataClient [140425013818432] Request failed, now waiting 0 ms before attempting again.
[DEBUG] 2024-03-18 18:51:02.382 CurlHandleContainer [140425013818432] Attempting to acquire curl connection.
[DEBUG] 2024-03-18 18:51:02.382 CurlHandleContainer [140425013818432] Connection has been released. Continuing.
[DEBUG] 2024-03-18 18:51:02.382 CurlHandleContainer [140425013818432] Returning connection handle 0x5608715c9070
[DEBUG] 2024-03-18 18:51:02.382 CurlHttpClient [140425013818432] Obtained connection handle 0x5608715c9070
[DEBUG] 2024-03-18 18:51:02.382 CURL [140425013818432] (Text)   Trying 169.254.169.254:80...

[DEBUG] 2024-03-18 18:51:03.383 CURL [140425013818432] (Text) After 1000ms connect time, move on!

[DEBUG] 2024-03-18 18:51:03.383 CURL [140425013818432] (Text) connect to 169.254.169.254 port 80 failed: Connection timed out

[DEBUG] 2024-03-18 18:51:03.383 CURL [140425013818432] (Text) Connection timeout after 1000 ms

[DEBUG] 2024-03-18 18:51:03.383 CURL [140425013818432] (Text) Closing connection 0

[ERROR] 2024-03-18 18:51:03.383 CurlHttpClient [140425013818432] Curl returned error code 28 - Timeout was reached
[DEBUG] 2024-03-18 18:51:03.383 CurlHandleContainer [140425013818432] Destroy curl handle: 0x5608715c9070
[DEBUG] 2024-03-18 18:51:03.383 CurlHandleContainer [140425013818432] Created replacement handle and released to pool: 0x5608715c9070
[ERROR] 2024-03-18 18:51:03.383 EC2MetadataClient [140425013818432] Http request to retrieve credentials failed
[ERROR] 2024-03-18 18:51:03.383 EC2MetadataClient [140425013818432] Can not retrieve resource from http://169.254.169.254/latest/api/token
[DEBUG] 2024-03-18 18:51:03.383 CurlHandleContainer [140425013818432] Attempting to acquire curl connection.
[DEBUG] 2024-03-18 18:51:03.383 CurlHandleContainer [140425013818432] Connection has been released. Continuing.
[DEBUG] 2024-03-18 18:51:03.383 CurlHandleContainer [140425013818432] Returning connection handle 0x5608715c9070
[DEBUG] 2024-03-18 18:51:03.383 CurlHttpClient [140425013818432] Obtained connection handle 0x5608715c9070
[DEBUG] 2024-03-18 18:51:03.383 CURL [140425013818432] (Text)   Trying 169.254.169.254:80...

[DEBUG] 2024-03-18 18:51:04.385 CURL [140425013818432] (Text) After 1000ms connect time, move on!

[DEBUG] 2024-03-18 18:51:04.385 CURL [140425013818432] (Text) connect to 169.254.169.254 port 80 failed: Connection timed out

[DEBUG] 2024-03-18 18:51:04.385 CURL [140425013818432] (Text) Connection timeout after 1001 ms

[DEBUG] 2024-03-18 18:51:04.385 CURL [140425013818432] (Text) Closing connection 0

[ERROR] 2024-03-18 18:51:04.385 CurlHttpClient [140425013818432] Curl returned error code 28 - Timeout was reached
[DEBUG] 2024-03-18 18:51:04.385 CurlHandleContainer [140425013818432] Destroy curl handle: 0x5608715c9070
[DEBUG] 2024-03-18 18:51:04.385 CurlHandleContainer [140425013818432] Created replacement handle and released to pool: 0x5608715c9070
[ERROR] 2024-03-18 18:51:04.385 EC2MetadataClient [140425013818432] Http request to retrieve credentials failed
[WARN] 2024-03-18 18:51:04.385 EC2MetadataClient [140425013818432] Request failed, now waiting 0 ms before attempting again.
[DEBUG] 2024-03-18 18:51:04.386 CurlHandleContainer [140425013818432] Attempting to acquire curl connection.
[DEBUG] 2024-03-18 18:51:04.386 CurlHandleContainer [140425013818432] Connection has been released. Continuing.
[DEBUG] 2024-03-18 18:51:04.386 CurlHandleContainer [140425013818432] Returning connection handle 0x5608715c9070
[DEBUG] 2024-03-18 18:51:04.386 CurlHttpClient [140425013818432] Obtained connection handle 0x5608715c9070
[DEBUG] 2024-03-18 18:51:04.386 CURL [140425013818432] (Text)   Trying 169.254.169.254:80...

[DEBUG] 2024-03-18 18:51:05.388 CURL [140425013818432] (Text) After 1000ms connect time, move on!

[DEBUG] 2024-03-18 18:51:05.388 CURL [140425013818432] (Text) connect to 169.254.169.254 port 80 failed: Connection timed out

[DEBUG] 2024-03-18 18:51:05.388 CURL [140425013818432] (Text) Connection timeout after 1001 ms

[DEBUG] 2024-03-18 18:51:05.388 CURL [140425013818432] (Text) Closing connection 0

[ERROR] 2024-03-18 18:51:05.388 CurlHttpClient [140425013818432] Curl returned error code 28 - Timeout was reached
[DEBUG] 2024-03-18 18:51:05.388 CurlHandleContainer [140425013818432] Destroy curl handle: 0x5608715c9070
[DEBUG] 2024-03-18 18:51:05.388 CurlHandleContainer [140425013818432] Created replacement handle and released to pool: 0x5608715c9070
[ERROR] 2024-03-18 18:51:05.388 EC2MetadataClient [140425013818432] Http request to retrieve credentials failed
[ERROR] 2024-03-18 18:51:05.388 EC2MetadataClient [140425013818432] Can not retrieve resource from http://169.254.169.254/latest/meta-data/iam/security-credentials
