[INFO] 2024-03-17 19:27:06.638 Aws_Init_Cleanup [140547707753536] Initiate AWS SDK for C++ with Version:1.11.282
[DEBUG] 2024-03-17 19:27:06.638 FileSystemUtils [140547707753536] Environment value for variable HOME is /home/vcm
[DEBUG] 2024-03-17 19:27:06.638 FileSystemUtils [140547707753536] Home directory is missing the final / appending one to normalize
[DEBUG] 2024-03-17 19:27:06.638 FileSystemUtils [140547707753536] Final Home Directory is /home/vcm/
[INFO] 2024-03-17 19:27:06.638 Aws::Config::AWSConfigFileProfileConfigLoader [140547707753536] Initializing config loader against fileName /home/vcm/.aws/credentials and using profilePrefix = 0
[DEBUG] 2024-03-17 19:27:06.638 FileSystemUtils [140547707753536] Environment value for variable HOME is /home/vcm
[DEBUG] 2024-03-17 19:27:06.638 FileSystemUtils [140547707753536] Home directory is missing the final / appending one to normalize
[DEBUG] 2024-03-17 19:27:06.638 FileSystemUtils [140547707753536] Final Home Directory is /home/vcm/
[INFO] 2024-03-17 19:27:06.638 Aws::Config::AWSConfigFileProfileConfigLoader [140547707753536] Initializing config loader against fileName /home/vcm/.aws/config and using profilePrefix = 1
[DEBUG] 2024-03-17 19:27:06.638 FileSystemUtils [140547707753536] Environment value for variable HOME is /home/vcm
[DEBUG] 2024-03-17 19:27:06.638 FileSystemUtils [140547707753536] Home directory is missing the final / appending one to normalize
[DEBUG] 2024-03-17 19:27:06.638 FileSystemUtils [140547707753536] Final Home Directory is /home/vcm/
[INFO] 2024-03-17 19:27:06.638 Aws::Config::ConfigFileProfileFSM [140547707753536] Unknown property: aws_access_key_id in the profile: default
[INFO] 2024-03-17 19:27:06.638 Aws::Config::ConfigFileProfileFSM [140547707753536] Unknown property: aws_secret_access_key in the profile: default
[DEBUG] 2024-03-17 19:27:06.638 Aws::Config::ConfigFileProfileFSM [140547707753536] found access key AKIAXYKJVWUMV5VJDJWU
[INFO] 2024-03-17 19:27:06.638 Aws::Config::AWSProfileConfigLoaderBase [140547707753536] Successfully reloaded configuration.
[DEBUG] 2024-03-17 19:27:06.638 FileSystemUtils [140547707753536] Environment value for variable HOME is /home/vcm
[DEBUG] 2024-03-17 19:27:06.638 FileSystemUtils [140547707753536] Home directory is missing the final / appending one to normalize
[DEBUG] 2024-03-17 19:27:06.638 FileSystemUtils [140547707753536] Final Home Directory is /home/vcm/
[INFO] 2024-03-17 19:27:06.638 Aws::Config::AWSConfigFileProfileConfigLoader [140547707753536] Unable to open config file /home/vcm/.aws/config for reading.
[INFO] 2024-03-17 19:27:06.638 Aws::Config::AWSProfileConfigLoaderBase [140547707753536] Failed to reload configuration.
[INFO] 2024-03-17 19:27:06.638 event-loop [140547707753536] id=0x5586b7fa8920: Initializing edge-triggered epoll
[INFO] 2024-03-17 19:27:06.638 event-loop [140547707753536] id=0x5586b7fa8920: Using eventfd for cross-thread notifications.
[INFO] 2024-03-17 19:27:06.638 event-loop [140547707753536] id=0x5586b7fa8920: Starting event-loop thread.
[INFO] 2024-03-17 19:27:06.639 event-loop [140547707753536] id=0x5586b7f200a0: Initializing edge-triggered epoll
[INFO] 2024-03-17 19:27:06.639 event-loop [140547707753536] id=0x5586b7f200a0: Using eventfd for cross-thread notifications.
[INFO] 2024-03-17 19:27:06.639 event-loop [140547707753536] id=0x5586b7f200a0: Starting event-loop thread.
[INFO] 2024-03-17 19:27:06.639 dns [140547707753536] id=0x5586b7facc30: Initializing default host resolver with 8 max host entries.
[INFO] 2024-03-17 19:27:06.639 event-loop [140547699291712] id=0x5586b7fa8920: main loop started
[INFO] 2024-03-17 19:27:06.639 event-loop [140547699291712] id=0x5586b7fa8920: default timeout 100000, and max events to process per tick 100
[INFO] 2024-03-17 19:27:06.639 event-loop [140547690899008] id=0x5586b7f200a0: main loop started
[INFO] 2024-03-17 19:27:06.639 event-loop [140547690899008] id=0x5586b7f200a0: default timeout 100000, and max events to process per tick 100
[INFO] 2024-03-17 19:27:06.639 channel-bootstrap [140547707753536] id=0x5586b7facfa0: Initializing client bootstrap with event-loop group 0x5586b7fad7d0
[DEBUG] 2024-03-17 19:27:06.677 HttpClientFactory [140547707753536] Initializing Http Static State
[DEBUG] 2024-03-17 19:27:06.677 HttpClientFactory [140547707753536] Initializing Curl Http Client
[INFO] 2024-03-17 19:27:06.677 CurlHttpClient [140547707753536] Initializing Curl library with version: 7.81.0, ssl version: OpenSSL/3.0.2
[INFO] 2024-03-17 19:27:06.677 EC2MetadataClient [140547707753536] Using IMDS endpoint: http://169.254.169.254
[DEBUG] 2024-03-17 19:27:06.677 ClientConfiguration [140547707753536] Request Compression enabled
[DEBUG] 2024-03-17 19:27:06.677 ClientConfiguration [140547707753536] ClientConfiguration will use MinReqCompression: 10240
[DEBUG] 2024-03-17 19:27:06.677 ClientConfiguration [140547707753536] ClientConfiguration will use SDK Auto Resolved profile: [default] if not specified by users.
[INFO] 2024-03-17 19:27:06.677 ClientConfiguration [140547707753536] Retry Strategy will use the default max attempts.
[INFO] 2024-03-17 19:27:06.678 EC2MetadataClient [140547707753536] Creating AWSHttpResourceClient with max connections 2 and scheme http
[INFO] 2024-03-17 19:27:06.678 CurlHandleContainer [140547707753536] Initializing CurlHandleContainer with size 2
[DEBUG] 2024-03-17 19:27:06.678 ClientConfiguration [140547707753536] Request Compression enabled
[DEBUG] 2024-03-17 19:27:06.678 ClientConfiguration [140547707753536] ClientConfiguration will use MinReqCompression: 10240
[DEBUG] 2024-03-17 19:27:06.678 ClientConfiguration [140547707753536] ClientConfiguration will use SDK Auto Resolved profile: [default] if not specified by users.
[INFO] 2024-03-17 19:27:06.678 ClientConfiguration [140547707753536] Retry Strategy will use the default max attempts.
[DEBUG] 2024-03-17 19:27:06.678 CurlHandleContainer [140547707753536] Attempting to acquire curl connection.
[DEBUG] 2024-03-17 19:27:06.678 CurlHandleContainer [140547707753536] No current connections available in pool. Attempting to create new connections.
[DEBUG] 2024-03-17 19:27:06.678 CurlHandleContainer [140547707753536] attempting to grow pool size by 2
[INFO] 2024-03-17 19:27:06.678 CurlHandleContainer [140547707753536] Pool grown by 2
[DEBUG] 2024-03-17 19:27:06.678 CurlHandleContainer [140547707753536] Connection has been released. Continuing.
[DEBUG] 2024-03-17 19:27:06.678 CurlHandleContainer [140547707753536] Returning connection handle 0x5586b80a27b0
[DEBUG] 2024-03-17 19:27:06.678 CurlHttpClient [140547707753536] Obtained connection handle 0x5586b80a27b0
[DEBUG] 2024-03-17 19:27:06.678 CURL [140547707753536] (Text)   Trying 169.254.169.254:80...

[DEBUG] 2024-03-17 19:27:07.680 CURL [140547707753536] (Text) After 1000ms connect time, move on!

[DEBUG] 2024-03-17 19:27:07.680 CURL [140547707753536] (Text) connect to 169.254.169.254 port 80 failed: Connection timed out

[DEBUG] 2024-03-17 19:27:07.680 CURL [140547707753536] (Text) Connection timeout after 1001 ms

[DEBUG] 2024-03-17 19:27:07.680 CURL [140547707753536] (Text) Closing connection 0

[ERROR] 2024-03-17 19:27:07.680 CurlHttpClient [140547707753536] Curl returned error code 28 - Timeout was reached
[DEBUG] 2024-03-17 19:27:07.680 CurlHandleContainer [140547707753536] Destroy curl handle: 0x5586b80a27b0
[DEBUG] 2024-03-17 19:27:07.680 CurlHandleContainer [140547707753536] Created replacement handle and released to pool: 0x5586b80a4070
[ERROR] 2024-03-17 19:27:07.680 EC2MetadataClient [140547707753536] Http request to retrieve credentials failed
[WARN] 2024-03-17 19:27:07.680 EC2MetadataClient [140547707753536] Request failed, now waiting 0 ms before attempting again.
[DEBUG] 2024-03-17 19:27:07.680 CurlHandleContainer [140547707753536] Attempting to acquire curl connection.
[DEBUG] 2024-03-17 19:27:07.680 CurlHandleContainer [140547707753536] Connection has been released. Continuing.
[DEBUG] 2024-03-17 19:27:07.680 CurlHandleContainer [140547707753536] Returning connection handle 0x5586b80a4070
[DEBUG] 2024-03-17 19:27:07.680 CurlHttpClient [140547707753536] Obtained connection handle 0x5586b80a4070
[DEBUG] 2024-03-17 19:27:07.680 CURL [140547707753536] (Text)   Trying 169.254.169.254:80...

[DEBUG] 2024-03-17 19:27:08.681 CURL [140547707753536] (Text) After 1000ms connect time, move on!

[DEBUG] 2024-03-17 19:27:08.682 CURL [140547707753536] (Text) connect to 169.254.169.254 port 80 failed: Connection timed out

[DEBUG] 2024-03-17 19:27:08.682 CURL [140547707753536] (Text) Connection timeout after 1001 ms

[DEBUG] 2024-03-17 19:27:08.682 CURL [140547707753536] (Text) Closing connection 0

[ERROR] 2024-03-17 19:27:08.682 CurlHttpClient [140547707753536] Curl returned error code 28 - Timeout was reached
[DEBUG] 2024-03-17 19:27:08.682 CurlHandleContainer [140547707753536] Destroy curl handle: 0x5586b80a4070
[DEBUG] 2024-03-17 19:27:08.682 CurlHandleContainer [140547707753536] Created replacement handle and released to pool: 0x5586b80a4070
[ERROR] 2024-03-17 19:27:08.682 EC2MetadataClient [140547707753536] Http request to retrieve credentials failed
[ERROR] 2024-03-17 19:27:08.682 EC2MetadataClient [140547707753536] Can not retrieve resource from http://169.254.169.254/latest/api/token
[DEBUG] 2024-03-17 19:27:08.682 CurlHandleContainer [140547707753536] Attempting to acquire curl connection.
[DEBUG] 2024-03-17 19:27:08.682 CurlHandleContainer [140547707753536] Connection has been released. Continuing.
[DEBUG] 2024-03-17 19:27:08.682 CurlHandleContainer [140547707753536] Returning connection handle 0x5586b80a4070
[DEBUG] 2024-03-17 19:27:08.682 CurlHttpClient [140547707753536] Obtained connection handle 0x5586b80a4070
[DEBUG] 2024-03-17 19:27:08.682 CURL [140547707753536] (Text)   Trying 169.254.169.254:80...

[DEBUG] 2024-03-17 19:27:09.684 CURL [140547707753536] (Text) After 1000ms connect time, move on!

[DEBUG] 2024-03-17 19:27:09.684 CURL [140547707753536] (Text) connect to 169.254.169.254 port 80 failed: Connection timed out

[DEBUG] 2024-03-17 19:27:09.684 CURL [140547707753536] (Text) Connection timeout after 1001 ms

[DEBUG] 2024-03-17 19:27:09.684 CURL [140547707753536] (Text) Closing connection 0

[ERROR] 2024-03-17 19:27:09.684 CurlHttpClient [140547707753536] Curl returned error code 28 - Timeout was reached
[DEBUG] 2024-03-17 19:27:09.684 CurlHandleContainer [140547707753536] Destroy curl handle: 0x5586b80a4070
[DEBUG] 2024-03-17 19:27:09.684 CurlHandleContainer [140547707753536] Created replacement handle and released to pool: 0x5586b80a4070
[ERROR] 2024-03-17 19:27:09.684 EC2MetadataClient [140547707753536] Http request to retrieve credentials failed
[WARN] 2024-03-17 19:27:09.684 EC2MetadataClient [140547707753536] Request failed, now waiting 0 ms before attempting again.
[DEBUG] 2024-03-17 19:27:09.685 CurlHandleContainer [140547707753536] Attempting to acquire curl connection.
[DEBUG] 2024-03-17 19:27:09.685 CurlHandleContainer [140547707753536] Connection has been released. Continuing.
[DEBUG] 2024-03-17 19:27:09.685 CurlHandleContainer [140547707753536] Returning connection handle 0x5586b80a4070
[DEBUG] 2024-03-17 19:27:09.685 CurlHttpClient [140547707753536] Obtained connection handle 0x5586b80a4070
[DEBUG] 2024-03-17 19:27:09.685 CURL [140547707753536] (Text)   Trying 169.254.169.254:80...

[DEBUG] 2024-03-17 19:27:10.686 CURL [140547707753536] (Text) After 1000ms connect time, move on!

[DEBUG] 2024-03-17 19:27:10.686 CURL [140547707753536] (Text) connect to 169.254.169.254 port 80 failed: Connection timed out

[DEBUG] 2024-03-17 19:27:10.686 CURL [140547707753536] (Text) Connection timeout after 1000 ms

[DEBUG] 2024-03-17 19:27:10.686 CURL [140547707753536] (Text) Closing connection 0

[ERROR] 2024-03-17 19:27:10.686 CurlHttpClient [140547707753536] Curl returned error code 28 - Timeout was reached
[DEBUG] 2024-03-17 19:27:10.686 CurlHandleContainer [140547707753536] Destroy curl handle: 0x5586b80a4070
[DEBUG] 2024-03-17 19:27:10.686 CurlHandleContainer [140547707753536] Created replacement handle and released to pool: 0x5586b80a4070
[ERROR] 2024-03-17 19:27:10.686 EC2MetadataClient [140547707753536] Http request to retrieve credentials failed
[ERROR] 2024-03-17 19:27:10.686 EC2MetadataClient [140547707753536] Can not retrieve resource from http://169.254.169.254/latest/meta-data/iam/security-credentials
[INFO] 2024-03-17 19:29:33.096 Aws_Init_Cleanup [140693463991360] Initiate AWS SDK for C++ with Version:1.11.282
[DEBUG] 2024-03-17 19:29:33.096 FileSystemUtils [140693463991360] Environment value for variable HOME is /home/vcm
[DEBUG] 2024-03-17 19:29:33.096 FileSystemUtils [140693463991360] Home directory is missing the final / appending one to normalize
[DEBUG] 2024-03-17 19:29:33.096 FileSystemUtils [140693463991360] Final Home Directory is /home/vcm/
[INFO] 2024-03-17 19:29:33.096 Aws::Config::AWSConfigFileProfileConfigLoader [140693463991360] Initializing config loader against fileName /home/vcm/.aws/credentials and using profilePrefix = 0
[DEBUG] 2024-03-17 19:29:33.096 FileSystemUtils [140693463991360] Environment value for variable HOME is /home/vcm
[DEBUG] 2024-03-17 19:29:33.096 FileSystemUtils [140693463991360] Home directory is missing the final / appending one to normalize
[DEBUG] 2024-03-17 19:29:33.096 FileSystemUtils [140693463991360] Final Home Directory is /home/vcm/
[INFO] 2024-03-17 19:29:33.096 Aws::Config::AWSConfigFileProfileConfigLoader [140693463991360] Initializing config loader against fileName /home/vcm/.aws/config and using profilePrefix = 1
[DEBUG] 2024-03-17 19:29:33.096 FileSystemUtils [140693463991360] Environment value for variable HOME is /home/vcm
[DEBUG] 2024-03-17 19:29:33.096 FileSystemUtils [140693463991360] Home directory is missing the final / appending one to normalize
[DEBUG] 2024-03-17 19:29:33.096 FileSystemUtils [140693463991360] Final Home Directory is /home/vcm/
[INFO] 2024-03-17 19:29:33.096 Aws::Config::ConfigFileProfileFSM [140693463991360] Unknown property: aws_access_key_id in the profile: default
[INFO] 2024-03-17 19:29:33.096 Aws::Config::ConfigFileProfileFSM [140693463991360] Unknown property: aws_secret_access_key in the profile: default
[DEBUG] 2024-03-17 19:29:33.096 Aws::Config::ConfigFileProfileFSM [140693463991360] found access key AKIAXYKJVWUMV5VJDJWU
[INFO] 2024-03-17 19:29:33.097 Aws::Config::AWSProfileConfigLoaderBase [140693463991360] Successfully reloaded configuration.
[DEBUG] 2024-03-17 19:29:33.097 FileSystemUtils [140693463991360] Environment value for variable HOME is /home/vcm
[DEBUG] 2024-03-17 19:29:33.097 FileSystemUtils [140693463991360] Home directory is missing the final / appending one to normalize
[DEBUG] 2024-03-17 19:29:33.097 FileSystemUtils [140693463991360] Final Home Directory is /home/vcm/
[INFO] 2024-03-17 19:29:33.097 Aws::Config::AWSConfigFileProfileConfigLoader [140693463991360] Unable to open config file /home/vcm/.aws/config for reading.
[INFO] 2024-03-17 19:29:33.097 Aws::Config::AWSProfileConfigLoaderBase [140693463991360] Failed to reload configuration.
[INFO] 2024-03-17 19:29:33.097 event-loop [140693463991360] id=0x55e17e70a920: Initializing edge-triggered epoll
[INFO] 2024-03-17 19:29:33.097 event-loop [140693463991360] id=0x55e17e70a920: Using eventfd for cross-thread notifications.
[INFO] 2024-03-17 19:29:33.097 event-loop [140693463991360] id=0x55e17e70a920: Starting event-loop thread.
[INFO] 2024-03-17 19:29:33.097 event-loop [140693463991360] id=0x55e17e6820a0: Initializing edge-triggered epoll
[INFO] 2024-03-17 19:29:33.097 event-loop [140693463991360] id=0x55e17e6820a0: Using eventfd for cross-thread notifications.
[INFO] 2024-03-17 19:29:33.097 event-loop [140693463991360] id=0x55e17e6820a0: Starting event-loop thread.
[INFO] 2024-03-17 19:29:33.097 event-loop [140693455529536] id=0x55e17e70a920: main loop started
[INFO] 2024-03-17 19:29:33.097 dns [140693463991360] id=0x55e17e70ec30: Initializing default host resolver with 8 max host entries.
[INFO] 2024-03-17 19:29:33.097 event-loop [140693455529536] id=0x55e17e70a920: default timeout 100000, and max events to process per tick 100
[INFO] 2024-03-17 19:29:33.097 channel-bootstrap [140693463991360] id=0x55e17e70efa0: Initializing client bootstrap with event-loop group 0x55e17e70f6c0
[INFO] 2024-03-17 19:29:33.098 event-loop [140693447136832] id=0x55e17e6820a0: main loop started
[INFO] 2024-03-17 19:29:33.098 event-loop [140693447136832] id=0x55e17e6820a0: default timeout 100000, and max events to process per tick 100
[DEBUG] 2024-03-17 19:29:33.136 HttpClientFactory [140693463991360] Initializing Http Static State
[DEBUG] 2024-03-17 19:29:33.136 HttpClientFactory [140693463991360] Initializing Curl Http Client
[INFO] 2024-03-17 19:29:33.136 CurlHttpClient [140693463991360] Initializing Curl library with version: 7.81.0, ssl version: OpenSSL/3.0.2
[INFO] 2024-03-17 19:29:33.136 EC2MetadataClient [140693463991360] Using IMDS endpoint: http://169.254.169.254
[DEBUG] 2024-03-17 19:29:33.136 ClientConfiguration [140693463991360] Request Compression enabled
[DEBUG] 2024-03-17 19:29:33.136 ClientConfiguration [140693463991360] ClientConfiguration will use MinReqCompression: 10240
[DEBUG] 2024-03-17 19:29:33.136 ClientConfiguration [140693463991360] ClientConfiguration will use SDK Auto Resolved profile: [default] if not specified by users.
[INFO] 2024-03-17 19:29:33.136 ClientConfiguration [140693463991360] Retry Strategy will use the default max attempts.
[INFO] 2024-03-17 19:29:33.136 EC2MetadataClient [140693463991360] Creating AWSHttpResourceClient with max connections 2 and scheme http
[INFO] 2024-03-17 19:29:33.136 CurlHandleContainer [140693463991360] Initializing CurlHandleContainer with size 2
[DEBUG] 2024-03-17 19:29:33.137 ClientConfiguration [140693463991360] Request Compression enabled
[DEBUG] 2024-03-17 19:29:33.137 ClientConfiguration [140693463991360] ClientConfiguration will use MinReqCompression: 10240
[DEBUG] 2024-03-17 19:29:33.137 ClientConfiguration [140693463991360] ClientConfiguration will use SDK Auto Resolved profile: [default] if not specified by users.
[INFO] 2024-03-17 19:29:33.137 ClientConfiguration [140693463991360] Retry Strategy will use the default max attempts.
[DEBUG] 2024-03-17 19:29:33.137 CurlHandleContainer [140693463991360] Attempting to acquire curl connection.
[DEBUG] 2024-03-17 19:29:33.137 CurlHandleContainer [140693463991360] No current connections available in pool. Attempting to create new connections.
[DEBUG] 2024-03-17 19:29:33.137 CurlHandleContainer [140693463991360] attempting to grow pool size by 2
[INFO] 2024-03-17 19:29:33.137 CurlHandleContainer [140693463991360] Pool grown by 2
[DEBUG] 2024-03-17 19:29:33.137 CurlHandleContainer [140693463991360] Connection has been released. Continuing.
[DEBUG] 2024-03-17 19:29:33.137 CurlHandleContainer [140693463991360] Returning connection handle 0x55e17e803a70
[DEBUG] 2024-03-17 19:29:33.137 CurlHttpClient [140693463991360] Obtained connection handle 0x55e17e803a70
[DEBUG] 2024-03-17 19:29:33.137 CURL [140693463991360] (Text)   Trying 169.254.169.254:80...

[DEBUG] 2024-03-17 19:29:33.143 CURL [140693463991360] (Text) connect to 169.254.169.254 port 80 failed: Network is unreachable

[DEBUG] 2024-03-17 19:29:33.143 CURL [140693463991360] (Text) Failed to connect to 169.254.169.254 port 80 after 6 ms: Network is unreachable

[DEBUG] 2024-03-17 19:29:33.143 CURL [140693463991360] (Text) Closing connection 0

[ERROR] 2024-03-17 19:29:33.143 CurlHttpClient [140693463991360] Curl returned error code 7 - Couldn't connect to server
[DEBUG] 2024-03-17 19:29:33.144 CurlHandleContainer [140693463991360] Destroy curl handle: 0x55e17e803a70
[DEBUG] 2024-03-17 19:29:33.144 CurlHandleContainer [140693463991360] Created replacement handle and released to pool: 0x55e17e803a70
[ERROR] 2024-03-17 19:29:33.144 EC2MetadataClient [140693463991360] Http request to retrieve credentials failed
[WARN] 2024-03-17 19:29:33.144 EC2MetadataClient [140693463991360] Request failed, now waiting 0 ms before attempting again.
[DEBUG] 2024-03-17 19:29:33.144 CurlHandleContainer [140693463991360] Attempting to acquire curl connection.
[DEBUG] 2024-03-17 19:29:33.144 CurlHandleContainer [140693463991360] Connection has been released. Continuing.
[DEBUG] 2024-03-17 19:29:33.144 CurlHandleContainer [140693463991360] Returning connection handle 0x55e17e803a70
[DEBUG] 2024-03-17 19:29:33.144 CurlHttpClient [140693463991360] Obtained connection handle 0x55e17e803a70
[DEBUG] 2024-03-17 19:29:33.144 CURL [140693463991360] (Text)   Trying 169.254.169.254:80...

[DEBUG] 2024-03-17 19:29:34.145 CURL [140693463991360] (Text) After 1000ms connect time, move on!

[DEBUG] 2024-03-17 19:29:34.145 CURL [140693463991360] (Text) connect to 169.254.169.254 port 80 failed: Connection timed out

[DEBUG] 2024-03-17 19:29:34.145 CURL [140693463991360] (Text) Connection timeout after 1001 ms

[DEBUG] 2024-03-17 19:29:34.145 CURL [140693463991360] (Text) Closing connection 0

[ERROR] 2024-03-17 19:29:34.145 CurlHttpClient [140693463991360] Curl returned error code 28 - Timeout was reached
[DEBUG] 2024-03-17 19:29:34.145 CurlHandleContainer [140693463991360] Destroy curl handle: 0x55e17e803a70
[DEBUG] 2024-03-17 19:29:34.146 CurlHandleContainer [140693463991360] Created replacement handle and released to pool: 0x55e17e803a70
[ERROR] 2024-03-17 19:29:34.146 EC2MetadataClient [140693463991360] Http request to retrieve credentials failed
[ERROR] 2024-03-17 19:29:34.146 EC2MetadataClient [140693463991360] Can not retrieve resource from http://169.254.169.254/latest/api/token
[DEBUG] 2024-03-17 19:29:34.146 CurlHandleContainer [140693463991360] Attempting to acquire curl connection.
[DEBUG] 2024-03-17 19:29:34.146 CurlHandleContainer [140693463991360] Connection has been released. Continuing.
[DEBUG] 2024-03-17 19:29:34.146 CurlHandleContainer [140693463991360] Returning connection handle 0x55e17e803a70
[DEBUG] 2024-03-17 19:29:34.146 CurlHttpClient [140693463991360] Obtained connection handle 0x55e17e803a70
[DEBUG] 2024-03-17 19:29:34.146 CURL [140693463991360] (Text)   Trying 169.254.169.254:80...

[DEBUG] 2024-03-17 19:29:35.147 CURL [140693463991360] (Text) After 1000ms connect time, move on!

[DEBUG] 2024-03-17 19:29:35.147 CURL [140693463991360] (Text) connect to 169.254.169.254 port 80 failed: Connection timed out

[DEBUG] 2024-03-17 19:29:35.148 CURL [140693463991360] (Text) Connection timeout after 1001 ms

[DEBUG] 2024-03-17 19:29:35.148 CURL [140693463991360] (Text) Closing connection 0

[ERROR] 2024-03-17 19:29:35.148 CurlHttpClient [140693463991360] Curl returned error code 28 - Timeout was reached
[DEBUG] 2024-03-17 19:29:35.148 CurlHandleContainer [140693463991360] Destroy curl handle: 0x55e17e803a70
[DEBUG] 2024-03-17 19:29:35.148 CurlHandleContainer [140693463991360] Created replacement handle and released to pool: 0x55e17e803a70
[ERROR] 2024-03-17 19:29:35.148 EC2MetadataClient [140693463991360] Http request to retrieve credentials failed
[WARN] 2024-03-17 19:29:35.148 EC2MetadataClient [140693463991360] Request failed, now waiting 0 ms before attempting again.
[DEBUG] 2024-03-17 19:29:35.148 CurlHandleContainer [140693463991360] Attempting to acquire curl connection.
[DEBUG] 2024-03-17 19:29:35.148 CurlHandleContainer [140693463991360] Connection has been released. Continuing.
[DEBUG] 2024-03-17 19:29:35.148 CurlHandleContainer [140693463991360] Returning connection handle 0x55e17e803a70
[DEBUG] 2024-03-17 19:29:35.148 CurlHttpClient [140693463991360] Obtained connection handle 0x55e17e803a70
[DEBUG] 2024-03-17 19:29:35.148 CURL [140693463991360] (Text)   Trying 169.254.169.254:80...

[DEBUG] 2024-03-17 19:29:36.150 CURL [140693463991360] (Text) After 1000ms connect time, move on!

[DEBUG] 2024-03-17 19:29:36.150 CURL [140693463991360] (Text) connect to 169.254.169.254 port 80 failed: Connection timed out

[DEBUG] 2024-03-17 19:29:36.150 CURL [140693463991360] (Text) Connection timeout after 1001 ms

[DEBUG] 2024-03-17 19:29:36.150 CURL [140693463991360] (Text) Closing connection 0

[ERROR] 2024-03-17 19:29:36.150 CurlHttpClient [140693463991360] Curl returned error code 28 - Timeout was reached
[DEBUG] 2024-03-17 19:29:36.150 CurlHandleContainer [140693463991360] Destroy curl handle: 0x55e17e803a70
[DEBUG] 2024-03-17 19:29:36.150 CurlHandleContainer [140693463991360] Created replacement handle and released to pool: 0x55e17e803a70
[ERROR] 2024-03-17 19:29:36.150 EC2MetadataClient [140693463991360] Http request to retrieve credentials failed
[ERROR] 2024-03-17 19:29:36.150 EC2MetadataClient [140693463991360] Can not retrieve resource from http://169.254.169.254/latest/meta-data/iam/security-credentials
[DEBUG] 2024-03-17 19:29:36.150 CurlHandleContainer [140693463991360] Attempting to acquire curl connection.
[DEBUG] 2024-03-17 19:29:36.150 CurlHandleContainer [140693463991360] Connection has been released. Continuing.
[DEBUG] 2024-03-17 19:29:36.150 CurlHandleContainer [140693463991360] Returning connection handle 0x55e17e803a70
[DEBUG] 2024-03-17 19:29:36.150 CurlHttpClient [140693463991360] Obtained connection handle 0x55e17e803a70
[DEBUG] 2024-03-17 19:29:36.150 CURL [140693463991360] (Text)   Trying 169.254.169.254:80...

[DEBUG] 2024-03-17 19:29:37.151 CURL [140693463991360] (Text) After 1000ms connect time, move on!

[DEBUG] 2024-03-17 19:29:37.152 CURL [140693463991360] (Text) connect to 169.254.169.254 port 80 failed: Connection timed out

[DEBUG] 2024-03-17 19:29:37.152 CURL [140693463991360] (Text) Connection timeout after 1001 ms

[DEBUG] 2024-03-17 19:29:37.152 CURL [140693463991360] (Text) Closing connection 0

[ERROR] 2024-03-17 19:29:37.152 CurlHttpClient [140693463991360] Curl returned error code 28 - Timeout was reached
[DEBUG] 2024-03-17 19:29:37.152 CurlHandleContainer [140693463991360] Destroy curl handle: 0x55e17e803a70
[DEBUG] 2024-03-17 19:29:37.152 CurlHandleContainer [140693463991360] Created replacement handle and released to pool: 0x55e17e803a70
[ERROR] 2024-03-17 19:29:37.152 EC2MetadataClient [140693463991360] Http request to retrieve credentials failed
[WARN] 2024-03-17 19:29:37.152 EC2MetadataClient [140693463991360] Request failed, now waiting 0 ms before attempting again.
[DEBUG] 2024-03-17 19:29:37.152 CurlHandleContainer [140693463991360] Attempting to acquire curl connection.
[DEBUG] 2024-03-17 19:29:37.152 CurlHandleContainer [140693463991360] Connection has been released. Continuing.
[DEBUG] 2024-03-17 19:29:37.152 CurlHandleContainer [140693463991360] Returning connection handle 0x55e17e803a70
[DEBUG] 2024-03-17 19:29:37.152 CurlHttpClient [140693463991360] Obtained connection handle 0x55e17e803a70
[DEBUG] 2024-03-17 19:29:37.152 CURL [140693463991360] (Text)   Trying 169.254.169.254:80...

[DEBUG] 2024-03-17 19:29:37.160 CURL [140693463991360] (Text) connect to 169.254.169.254 port 80 failed: Network is unreachable

[DEBUG] 2024-03-17 19:29:37.160 CURL [140693463991360] (Text) Failed to connect to 169.254.169.254 port 80 after 8 ms: Network is unreachable

[DEBUG] 2024-03-17 19:29:37.160 CURL [140693463991360] (Text) Closing connection 0

[ERROR] 2024-03-17 19:29:37.160 CurlHttpClient [140693463991360] Curl returned error code 7 - Couldn't connect to server
[DEBUG] 2024-03-17 19:29:37.161 CurlHandleContainer [140693463991360] Destroy curl handle: 0x55e17e803a70
[DEBUG] 2024-03-17 19:29:37.161 CurlHandleContainer [140693463991360] Created replacement handle and released to pool: 0x55e17e80bc10
[ERROR] 2024-03-17 19:29:37.161 EC2MetadataClient [140693463991360] Http request to retrieve credentials failed
[ERROR] 2024-03-17 19:29:37.161 EC2MetadataClient [140693463991360] Can not retrieve resource from http://169.254.169.254/latest/meta-data/placement/availability-zone
[INFO] 2024-03-17 19:29:37.161 EC2MetadataClient [140693463991360] Unable to pull region from instance metadata service 
[INFO] 2024-03-17 19:37:43.431 Aws_Init_Cleanup [140534727042112] Initiate AWS SDK for C++ with Version:1.11.282
[DEBUG] 2024-03-17 19:37:43.431 FileSystemUtils [140534727042112] Environment value for variable HOME is /home/vcm
[DEBUG] 2024-03-17 19:37:43.431 FileSystemUtils [140534727042112] Home directory is missing the final / appending one to normalize
[DEBUG] 2024-03-17 19:37:43.431 FileSystemUtils [140534727042112] Final Home Directory is /home/vcm/
[INFO] 2024-03-17 19:37:43.431 Aws::Config::AWSConfigFileProfileConfigLoader [140534727042112] Initializing config loader against fileName /home/vcm/.aws/credentials and using profilePrefix = 0
[DEBUG] 2024-03-17 19:37:43.431 FileSystemUtils [140534727042112] Environment value for variable HOME is /home/vcm
[DEBUG] 2024-03-17 19:37:43.431 FileSystemUtils [140534727042112] Home directory is missing the final / appending one to normalize
[DEBUG] 2024-03-17 19:37:43.431 FileSystemUtils [140534727042112] Final Home Directory is /home/vcm/
[INFO] 2024-03-17 19:37:43.431 Aws::Config::AWSConfigFileProfileConfigLoader [140534727042112] Initializing config loader against fileName /home/vcm/.aws/config and using profilePrefix = 1
[DEBUG] 2024-03-17 19:37:43.431 FileSystemUtils [140534727042112] Environment value for variable HOME is /home/vcm
[DEBUG] 2024-03-17 19:37:43.431 FileSystemUtils [140534727042112] Home directory is missing the final / appending one to normalize
[DEBUG] 2024-03-17 19:37:43.431 FileSystemUtils [140534727042112] Final Home Directory is /home/vcm/
[INFO] 2024-03-17 19:37:43.431 Aws::Config::ConfigFileProfileFSM [140534727042112] Unknown property: aws_access_key_id in the profile: default
[INFO] 2024-03-17 19:37:43.431 Aws::Config::ConfigFileProfileFSM [140534727042112] Unknown property: aws_secret_access_key in the profile: default
[DEBUG] 2024-03-17 19:37:43.431 Aws::Config::ConfigFileProfileFSM [140534727042112] found access key AKIAXYKJVWUMV5VJDJWU
[INFO] 2024-03-17 19:37:43.431 Aws::Config::AWSProfileConfigLoaderBase [140534727042112] Successfully reloaded configuration.
[DEBUG] 2024-03-17 19:37:43.431 FileSystemUtils [140534727042112] Environment value for variable HOME is /home/vcm
[DEBUG] 2024-03-17 19:37:43.431 FileSystemUtils [140534727042112] Home directory is missing the final / appending one to normalize
[DEBUG] 2024-03-17 19:37:43.431 FileSystemUtils [140534727042112] Final Home Directory is /home/vcm/
[INFO] 2024-03-17 19:37:43.431 Aws::Config::AWSConfigFileProfileConfigLoader [140534727042112] Unable to open config file /home/vcm/.aws/config for reading.
[INFO] 2024-03-17 19:37:43.431 Aws::Config::AWSProfileConfigLoaderBase [140534727042112] Failed to reload configuration.
[INFO] 2024-03-17 19:37:43.432 event-loop [140534727042112] id=0x55f026b45920: Initializing edge-triggered epoll
[INFO] 2024-03-17 19:37:43.432 event-loop [140534727042112] id=0x55f026b45920: Using eventfd for cross-thread notifications.
[INFO] 2024-03-17 19:37:43.432 event-loop [140534727042112] id=0x55f026b45920: Starting event-loop thread.
[INFO] 2024-03-17 19:37:43.432 event-loop [140534727042112] id=0x55f026abd0a0: Initializing edge-triggered epoll
[INFO] 2024-03-17 19:37:43.432 event-loop [140534727042112] id=0x55f026abd0a0: Using eventfd for cross-thread notifications.
[INFO] 2024-03-17 19:37:43.432 event-loop [140534727042112] id=0x55f026abd0a0: Starting event-loop thread.
[INFO] 2024-03-17 19:37:43.432 dns [140534727042112] id=0x55f026b49c30: Initializing default host resolver with 8 max host entries.
[INFO] 2024-03-17 19:37:43.432 event-loop [140534718580288] id=0x55f026b45920: main loop started
[INFO] 2024-03-17 19:37:43.432 event-loop [140534718580288] id=0x55f026b45920: default timeout 100000, and max events to process per tick 100
[INFO] 2024-03-17 19:37:43.432 event-loop [140534710187584] id=0x55f026abd0a0: main loop started
[INFO] 2024-03-17 19:37:43.432 event-loop [140534710187584] id=0x55f026abd0a0: default timeout 100000, and max events to process per tick 100
[INFO] 2024-03-17 19:37:43.432 channel-bootstrap [140534727042112] id=0x55f026b49fa0: Initializing client bootstrap with event-loop group 0x55f026b48320
[DEBUG] 2024-03-17 19:37:43.471 HttpClientFactory [140534727042112] Initializing Http Static State
[DEBUG] 2024-03-17 19:37:43.471 HttpClientFactory [140534727042112] Initializing Curl Http Client
[INFO] 2024-03-17 19:37:43.471 CurlHttpClient [140534727042112] Initializing Curl library with version: 7.81.0, ssl version: OpenSSL/3.0.2
[INFO] 2024-03-17 19:37:43.471 EC2MetadataClient [140534727042112] Using IMDS endpoint: http://169.254.169.254
[DEBUG] 2024-03-17 19:37:43.471 ClientConfiguration [140534727042112] Request Compression enabled
[DEBUG] 2024-03-17 19:37:43.471 ClientConfiguration [140534727042112] ClientConfiguration will use MinReqCompression: 10240
[DEBUG] 2024-03-17 19:37:43.471 ClientConfiguration [140534727042112] ClientConfiguration will use SDK Auto Resolved profile: [default] if not specified by users.
[INFO] 2024-03-17 19:37:43.471 ClientConfiguration [140534727042112] Retry Strategy will use the default max attempts.
[INFO] 2024-03-17 19:37:43.472 EC2MetadataClient [140534727042112] Creating AWSHttpResourceClient with max connections 2 and scheme http
[INFO] 2024-03-17 19:37:43.472 CurlHandleContainer [140534727042112] Initializing CurlHandleContainer with size 2
[DEBUG] 2024-03-17 19:37:43.472 ClientConfiguration [140534727042112] Request Compression enabled
[DEBUG] 2024-03-17 19:37:43.472 ClientConfiguration [140534727042112] ClientConfiguration will use MinReqCompression: 10240
[DEBUG] 2024-03-17 19:37:43.472 ClientConfiguration [140534727042112] ClientConfiguration will use SDK Auto Resolved profile: [default] if not specified by users.
[INFO] 2024-03-17 19:37:43.472 ClientConfiguration [140534727042112] Retry Strategy will use the default max attempts.
[DEBUG] 2024-03-17 19:37:43.472 CurlHandleContainer [140534727042112] Attempting to acquire curl connection.
[DEBUG] 2024-03-17 19:37:43.472 CurlHandleContainer [140534727042112] No current connections available in pool. Attempting to create new connections.
[DEBUG] 2024-03-17 19:37:43.472 CurlHandleContainer [140534727042112] attempting to grow pool size by 2
[INFO] 2024-03-17 19:37:43.472 CurlHandleContainer [140534727042112] Pool grown by 2
[DEBUG] 2024-03-17 19:37:43.472 CurlHandleContainer [140534727042112] Connection has been released. Continuing.
[DEBUG] 2024-03-17 19:37:43.472 CurlHandleContainer [140534727042112] Returning connection handle 0x55f026c3ee30
[DEBUG] 2024-03-17 19:37:43.472 CurlHttpClient [140534727042112] Obtained connection handle 0x55f026c3ee30
[DEBUG] 2024-03-17 19:37:43.472 CURL [140534727042112] (Text)   Trying 169.254.169.254:80...

[DEBUG] 2024-03-17 19:37:44.473 CURL [140534727042112] (Text) After 1000ms connect time, move on!

[DEBUG] 2024-03-17 19:37:44.473 CURL [140534727042112] (Text) connect to 169.254.169.254 port 80 failed: Connection timed out

[DEBUG] 2024-03-17 19:37:44.473 CURL [140534727042112] (Text) Connection timeout after 1000 ms

[DEBUG] 2024-03-17 19:37:44.473 CURL [140534727042112] (Text) Closing connection 0

[ERROR] 2024-03-17 19:37:44.473 CurlHttpClient [140534727042112] Curl returned error code 28 - Timeout was reached
[DEBUG] 2024-03-17 19:37:44.473 CurlHandleContainer [140534727042112] Destroy curl handle: 0x55f026c3ee30
[DEBUG] 2024-03-17 19:37:44.473 CurlHandleContainer [140534727042112] Created replacement handle and released to pool: 0x55f026c406f0
[ERROR] 2024-03-17 19:37:44.473 EC2MetadataClient [140534727042112] Http request to retrieve credentials failed
[WARN] 2024-03-17 19:37:44.473 EC2MetadataClient [140534727042112] Request failed, now waiting 0 ms before attempting again.
[DEBUG] 2024-03-17 19:37:44.474 CurlHandleContainer [140534727042112] Attempting to acquire curl connection.
[DEBUG] 2024-03-17 19:37:44.474 CurlHandleContainer [140534727042112] Connection has been released. Continuing.
[DEBUG] 2024-03-17 19:37:44.474 CurlHandleContainer [140534727042112] Returning connection handle 0x55f026c406f0
[DEBUG] 2024-03-17 19:37:44.474 CurlHttpClient [140534727042112] Obtained connection handle 0x55f026c406f0
[DEBUG] 2024-03-17 19:37:44.474 CURL [140534727042112] (Text)   Trying 169.254.169.254:80...

[DEBUG] 2024-03-17 19:37:45.473 CURL [140534727042112] (Text) After 1000ms connect time, move on!

[DEBUG] 2024-03-17 19:37:45.474 CURL [140534727042112] (Text) connect to 169.254.169.254 port 80 failed: Connection timed out

[DEBUG] 2024-03-17 19:37:45.474 CURL [140534727042112] (Text) Connection timeout after 1000 ms

[DEBUG] 2024-03-17 19:37:45.474 CURL [140534727042112] (Text) Closing connection 0

[ERROR] 2024-03-17 19:37:45.474 CurlHttpClient [140534727042112] Curl returned error code 28 - Timeout was reached
[DEBUG] 2024-03-17 19:37:45.474 CurlHandleContainer [140534727042112] Destroy curl handle: 0x55f026c406f0
[DEBUG] 2024-03-17 19:37:45.474 CurlHandleContainer [140534727042112] Created replacement handle and released to pool: 0x55f026c406f0
[ERROR] 2024-03-17 19:37:45.474 EC2MetadataClient [140534727042112] Http request to retrieve credentials failed
[ERROR] 2024-03-17 19:37:45.474 EC2MetadataClient [140534727042112] Can not retrieve resource from http://169.254.169.254/latest/api/token
[DEBUG] 2024-03-17 19:37:45.474 CurlHandleContainer [140534727042112] Attempting to acquire curl connection.
[DEBUG] 2024-03-17 19:37:45.474 CurlHandleContainer [140534727042112] Connection has been released. Continuing.
[DEBUG] 2024-03-17 19:37:45.474 CurlHandleContainer [140534727042112] Returning connection handle 0x55f026c406f0
[DEBUG] 2024-03-17 19:37:45.474 CurlHttpClient [140534727042112] Obtained connection handle 0x55f026c406f0
[DEBUG] 2024-03-17 19:37:45.474 CURL [140534727042112] (Text)   Trying 169.254.169.254:80...

[DEBUG] 2024-03-17 19:37:46.475 CURL [140534727042112] (Text) After 1000ms connect time, move on!

[DEBUG] 2024-03-17 19:37:46.475 CURL [140534727042112] (Text) connect to 169.254.169.254 port 80 failed: Connection timed out

[DEBUG] 2024-03-17 19:37:46.475 CURL [140534727042112] (Text) Connection timeout after 1000 ms

[DEBUG] 2024-03-17 19:37:46.475 CURL [140534727042112] (Text) Closing connection 0

[ERROR] 2024-03-17 19:37:46.475 CurlHttpClient [140534727042112] Curl returned error code 28 - Timeout was reached
[DEBUG] 2024-03-17 19:37:46.475 CurlHandleContainer [140534727042112] Destroy curl handle: 0x55f026c406f0
[DEBUG] 2024-03-17 19:37:46.475 CurlHandleContainer [140534727042112] Created replacement handle and released to pool: 0x55f026c406f0
[ERROR] 2024-03-17 19:37:46.475 EC2MetadataClient [140534727042112] Http request to retrieve credentials failed
[WARN] 2024-03-17 19:37:46.475 EC2MetadataClient [140534727042112] Request failed, now waiting 0 ms before attempting again.
[DEBUG] 2024-03-17 19:37:46.475 CurlHandleContainer [140534727042112] Attempting to acquire curl connection.
[DEBUG] 2024-03-17 19:37:46.476 CurlHandleContainer [140534727042112] Connection has been released. Continuing.
[DEBUG] 2024-03-17 19:37:46.476 CurlHandleContainer [140534727042112] Returning connection handle 0x55f026c406f0
[DEBUG] 2024-03-17 19:37:46.476 CurlHttpClient [140534727042112] Obtained connection handle 0x55f026c406f0
[DEBUG] 2024-03-17 19:37:46.476 CURL [140534727042112] (Text)   Trying 169.254.169.254:80...

[DEBUG] 2024-03-17 19:37:47.476 CURL [140534727042112] (Text) After 1000ms connect time, move on!

[DEBUG] 2024-03-17 19:37:47.476 CURL [140534727042112] (Text) connect to 169.254.169.254 port 80 failed: Connection timed out

[DEBUG] 2024-03-17 19:37:47.476 CURL [140534727042112] (Text) Connection timeout after 1000 ms

[DEBUG] 2024-03-17 19:37:47.476 CURL [140534727042112] (Text) Closing connection 0

[ERROR] 2024-03-17 19:37:47.476 CurlHttpClient [140534727042112] Curl returned error code 28 - Timeout was reached
[DEBUG] 2024-03-17 19:37:47.476 CurlHandleContainer [140534727042112] Destroy curl handle: 0x55f026c406f0
[DEBUG] 2024-03-17 19:37:47.477 CurlHandleContainer [140534727042112] Created replacement handle and released to pool: 0x55f026c406f0
[ERROR] 2024-03-17 19:37:47.477 EC2MetadataClient [140534727042112] Http request to retrieve credentials failed
[ERROR] 2024-03-17 19:37:47.477 EC2MetadataClient [140534727042112] Can not retrieve resource from http://169.254.169.254/latest/meta-data/iam/security-credentials
[DEBUG] 2024-03-17 19:37:47.477 CurlHandleContainer [140534727042112] Attempting to acquire curl connection.
[DEBUG] 2024-03-17 19:37:47.477 CurlHandleContainer [140534727042112] Connection has been released. Continuing.
[DEBUG] 2024-03-17 19:37:47.477 CurlHandleContainer [140534727042112] Returning connection handle 0x55f026c406f0
[DEBUG] 2024-03-17 19:37:47.477 CurlHttpClient [140534727042112] Obtained connection handle 0x55f026c406f0
[DEBUG] 2024-03-17 19:37:47.477 CURL [140534727042112] (Text)   Trying 169.254.169.254:80...

[DEBUG] 2024-03-17 19:37:48.477 CURL [140534727042112] (Text) After 1000ms connect time, move on!

[DEBUG] 2024-03-17 19:37:48.478 CURL [140534727042112] (Text) connect to 169.254.169.254 port 80 failed: Connection timed out

[DEBUG] 2024-03-17 19:37:48.478 CURL [140534727042112] (Text) Connection timeout after 1000 ms

[DEBUG] 2024-03-17 19:37:48.478 CURL [140534727042112] (Text) Closing connection 0

[ERROR] 2024-03-17 19:37:48.478 CurlHttpClient [140534727042112] Curl returned error code 28 - Timeout was reached
[INFO] 2024-03-17 19:39:12.468 Aws_Init_Cleanup [140660337415232] Initiate AWS SDK for C++ with Version:1.11.282
[DEBUG] 2024-03-17 19:39:12.468 FileSystemUtils [140660337415232] Environment value for variable HOME is /home/vcm
[DEBUG] 2024-03-17 19:39:12.468 FileSystemUtils [140660337415232] Home directory is missing the final / appending one to normalize
[DEBUG] 2024-03-17 19:39:12.468 FileSystemUtils [140660337415232] Final Home Directory is /home/vcm/
[INFO] 2024-03-17 19:39:12.468 Aws::Config::AWSConfigFileProfileConfigLoader [140660337415232] Initializing config loader against fileName /home/vcm/.aws/credentials and using profilePrefix = 0
[DEBUG] 2024-03-17 19:39:12.468 FileSystemUtils [140660337415232] Environment value for variable HOME is /home/vcm
[DEBUG] 2024-03-17 19:39:12.468 FileSystemUtils [140660337415232] Home directory is missing the final / appending one to normalize
[DEBUG] 2024-03-17 19:39:12.468 FileSystemUtils [140660337415232] Final Home Directory is /home/vcm/
[INFO] 2024-03-17 19:39:12.468 Aws::Config::AWSConfigFileProfileConfigLoader [140660337415232] Initializing config loader against fileName /home/vcm/.aws/config and using profilePrefix = 1
[DEBUG] 2024-03-17 19:39:12.468 FileSystemUtils [140660337415232] Environment value for variable HOME is /home/vcm
[DEBUG] 2024-03-17 19:39:12.468 FileSystemUtils [140660337415232] Home directory is missing the final / appending one to normalize
[DEBUG] 2024-03-17 19:39:12.468 FileSystemUtils [140660337415232] Final Home Directory is /home/vcm/
[INFO] 2024-03-17 19:39:12.468 Aws::Config::ConfigFileProfileFSM [140660337415232] Unknown property: aws_access_key_id in the profile: default
[INFO] 2024-03-17 19:39:12.468 Aws::Config::ConfigFileProfileFSM [140660337415232] Unknown property: aws_secret_access_key in the profile: default
[DEBUG] 2024-03-17 19:39:12.468 Aws::Config::ConfigFileProfileFSM [140660337415232] found access key AKIAXYKJVWUMV5VJDJWU
[INFO] 2024-03-17 19:39:12.468 Aws::Config::AWSProfileConfigLoaderBase [140660337415232] Successfully reloaded configuration.
[DEBUG] 2024-03-17 19:39:12.468 FileSystemUtils [140660337415232] Environment value for variable HOME is /home/vcm
[DEBUG] 2024-03-17 19:39:12.468 FileSystemUtils [140660337415232] Home directory is missing the final / appending one to normalize
[DEBUG] 2024-03-17 19:39:12.468 FileSystemUtils [140660337415232] Final Home Directory is /home/vcm/
[INFO] 2024-03-17 19:39:12.468 Aws::Config::AWSConfigFileProfileConfigLoader [140660337415232] Unable to open config file /home/vcm/.aws/config for reading.
[INFO] 2024-03-17 19:39:12.468 Aws::Config::AWSProfileConfigLoaderBase [140660337415232] Failed to reload configuration.
[INFO] 2024-03-17 19:39:12.468 event-loop [140660337415232] id=0x55a425030920: Initializing edge-triggered epoll
[INFO] 2024-03-17 19:39:12.468 event-loop [140660337415232] id=0x55a425030920: Using eventfd for cross-thread notifications.
[INFO] 2024-03-17 19:39:12.468 event-loop [140660337415232] id=0x55a425030920: Starting event-loop thread.
[INFO] 2024-03-17 19:39:12.468 event-loop [140660337415232] id=0x55a424fa80a0: Initializing edge-triggered epoll
[INFO] 2024-03-17 19:39:12.468 event-loop [140660337415232] id=0x55a424fa80a0: Using eventfd for cross-thread notifications.
[INFO] 2024-03-17 19:39:12.468 event-loop [140660337415232] id=0x55a424fa80a0: Starting event-loop thread.
[INFO] 2024-03-17 19:39:12.468 dns [140660337415232] id=0x55a425034c30: Initializing default host resolver with 8 max host entries.
[INFO] 2024-03-17 19:39:12.468 event-loop [140660328953408] id=0x55a425030920: main loop started
[INFO] 2024-03-17 19:39:12.468 event-loop [140660320560704] id=0x55a424fa80a0: main loop started
[INFO] 2024-03-17 19:39:12.468 event-loop [140660320560704] id=0x55a424fa80a0: default timeout 100000, and max events to process per tick 100
[INFO] 2024-03-17 19:39:12.468 event-loop [140660328953408] id=0x55a425030920: default timeout 100000, and max events to process per tick 100
[INFO] 2024-03-17 19:39:12.469 channel-bootstrap [140660337415232] id=0x55a425034fa0: Initializing client bootstrap with event-loop group 0x55a4250357d0
[DEBUG] 2024-03-17 19:39:12.507 HttpClientFactory [140660337415232] Initializing Http Static State
[DEBUG] 2024-03-17 19:39:12.507 HttpClientFactory [140660337415232] Initializing Curl Http Client
[INFO] 2024-03-17 19:39:12.507 CurlHttpClient [140660337415232] Initializing Curl library with version: 7.81.0, ssl version: OpenSSL/3.0.2
[INFO] 2024-03-17 19:39:12.507 EC2MetadataClient [140660337415232] Using IMDS endpoint: http://169.254.169.254
[DEBUG] 2024-03-17 19:39:12.508 ClientConfiguration [140660337415232] Request Compression enabled
[DEBUG] 2024-03-17 19:39:12.508 ClientConfiguration [140660337415232] ClientConfiguration will use MinReqCompression: 10240
[DEBUG] 2024-03-17 19:39:12.508 ClientConfiguration [140660337415232] ClientConfiguration will use SDK Auto Resolved profile: [default] if not specified by users.
[INFO] 2024-03-17 19:39:12.508 ClientConfiguration [140660337415232] Retry Strategy will use the default max attempts.
[INFO] 2024-03-17 19:39:12.508 EC2MetadataClient [140660337415232] Creating AWSHttpResourceClient with max connections 2 and scheme http
[INFO] 2024-03-17 19:39:12.508 CurlHandleContainer [140660337415232] Initializing CurlHandleContainer with size 2
[DEBUG] 2024-03-17 19:39:12.508 ClientConfiguration [140660337415232] Request Compression enabled
[DEBUG] 2024-03-17 19:39:12.508 ClientConfiguration [140660337415232] ClientConfiguration will use MinReqCompression: 10240
[DEBUG] 2024-03-17 19:39:12.508 ClientConfiguration [140660337415232] ClientConfiguration will use SDK Auto Resolved profile: [default] if not specified by users.
[INFO] 2024-03-17 19:39:12.508 ClientConfiguration [140660337415232] Retry Strategy will use the default max attempts.
[DEBUG] 2024-03-17 19:39:12.508 CurlHandleContainer [140660337415232] Attempting to acquire curl connection.
[DEBUG] 2024-03-17 19:39:12.508 CurlHandleContainer [140660337415232] No current connections available in pool. Attempting to create new connections.
[DEBUG] 2024-03-17 19:39:12.508 CurlHandleContainer [140660337415232] attempting to grow pool size by 2
[INFO] 2024-03-17 19:39:12.509 CurlHandleContainer [140660337415232] Pool grown by 2
[DEBUG] 2024-03-17 19:39:12.509 CurlHandleContainer [140660337415232] Connection has been released. Continuing.
[DEBUG] 2024-03-17 19:39:12.509 CurlHandleContainer [140660337415232] Returning connection handle 0x55a42512a7b0
[DEBUG] 2024-03-17 19:39:12.509 CurlHttpClient [140660337415232] Obtained connection handle 0x55a42512a7b0
[DEBUG] 2024-03-17 19:39:12.509 CURL [140660337415232] (Text)   Trying 169.254.169.254:80...

[DEBUG] 2024-03-17 19:39:13.509 CURL [140660337415232] (Text) After 1000ms connect time, move on!

[DEBUG] 2024-03-17 19:39:13.509 CURL [140660337415232] (Text) connect to 169.254.169.254 port 80 failed: Connection timed out

[DEBUG] 2024-03-17 19:39:13.509 CURL [140660337415232] (Text) Connection timeout after 1000 ms

[DEBUG] 2024-03-17 19:39:13.509 CURL [140660337415232] (Text) Closing connection 0

[ERROR] 2024-03-17 19:39:13.509 CurlHttpClient [140660337415232] Curl returned error code 28 - Timeout was reached
[DEBUG] 2024-03-17 19:39:13.510 CurlHandleContainer [140660337415232] Destroy curl handle: 0x55a42512a7b0
[DEBUG] 2024-03-17 19:39:13.510 CurlHandleContainer [140660337415232] Created replacement handle and released to pool: 0x55a42512c070
[ERROR] 2024-03-17 19:39:13.510 EC2MetadataClient [140660337415232] Http request to retrieve credentials failed
[WARN] 2024-03-17 19:39:13.510 EC2MetadataClient [140660337415232] Request failed, now waiting 0 ms before attempting again.
[DEBUG] 2024-03-17 19:39:13.510 CurlHandleContainer [140660337415232] Attempting to acquire curl connection.
[DEBUG] 2024-03-17 19:39:13.510 CurlHandleContainer [140660337415232] Connection has been released. Continuing.
[DEBUG] 2024-03-17 19:39:13.510 CurlHandleContainer [140660337415232] Returning connection handle 0x55a42512c070
[DEBUG] 2024-03-17 19:39:13.510 CurlHttpClient [140660337415232] Obtained connection handle 0x55a42512c070
[DEBUG] 2024-03-17 19:39:13.511 CURL [140660337415232] (Text)   Trying 169.254.169.254:80...

[DEBUG] 2024-03-17 19:39:14.511 CURL [140660337415232] (Text) After 1000ms connect time, move on!

[DEBUG] 2024-03-17 19:39:14.511 CURL [140660337415232] (Text) connect to 169.254.169.254 port 80 failed: Connection timed out

[DEBUG] 2024-03-17 19:39:14.511 CURL [140660337415232] (Text) Connection timeout after 1000 ms

[DEBUG] 2024-03-17 19:39:14.511 CURL [140660337415232] (Text) Closing connection 0

[ERROR] 2024-03-17 19:39:14.511 CurlHttpClient [140660337415232] Curl returned error code 28 - Timeout was reached
[DEBUG] 2024-03-17 19:39:14.511 CurlHandleContainer [140660337415232] Destroy curl handle: 0x55a42512c070
[DEBUG] 2024-03-17 19:39:14.511 CurlHandleContainer [140660337415232] Created replacement handle and released to pool: 0x55a42512c070
[ERROR] 2024-03-17 19:39:14.511 EC2MetadataClient [140660337415232] Http request to retrieve credentials failed
[ERROR] 2024-03-17 19:39:14.511 EC2MetadataClient [140660337415232] Can not retrieve resource from http://169.254.169.254/latest/api/token
[DEBUG] 2024-03-17 19:39:14.511 CurlHandleContainer [140660337415232] Attempting to acquire curl connection.
[DEBUG] 2024-03-17 19:39:14.511 CurlHandleContainer [140660337415232] Connection has been released. Continuing.
[DEBUG] 2024-03-17 19:39:14.511 CurlHandleContainer [140660337415232] Returning connection handle 0x55a42512c070
[DEBUG] 2024-03-17 19:39:14.511 CurlHttpClient [140660337415232] Obtained connection handle 0x55a42512c070
[DEBUG] 2024-03-17 19:39:14.511 CURL [140660337415232] (Text)   Trying 169.254.169.254:80...

[DEBUG] 2024-03-17 19:39:15.512 CURL [140660337415232] (Text) After 1000ms connect time, move on!

[DEBUG] 2024-03-17 19:39:15.512 CURL [140660337415232] (Text) connect to 169.254.169.254 port 80 failed: Connection timed out

[DEBUG] 2024-03-17 19:39:15.512 CURL [140660337415232] (Text) Connection timeout after 1000 ms

[DEBUG] 2024-03-17 19:39:15.512 CURL [140660337415232] (Text) Closing connection 0

[ERROR] 2024-03-17 19:39:15.512 CurlHttpClient [140660337415232] Curl returned error code 28 - Timeout was reached
[DEBUG] 2024-03-17 19:39:15.512 CurlHandleContainer [140660337415232] Destroy curl handle: 0x55a42512c070
[DEBUG] 2024-03-17 19:39:15.512 CurlHandleContainer [140660337415232] Created replacement handle and released to pool: 0x55a42512c070
[ERROR] 2024-03-17 19:39:15.512 EC2MetadataClient [140660337415232] Http request to retrieve credentials failed
[WARN] 2024-03-17 19:39:15.512 EC2MetadataClient [140660337415232] Request failed, now waiting 0 ms before attempting again.
[DEBUG] 2024-03-17 19:39:15.512 CurlHandleContainer [140660337415232] Attempting to acquire curl connection.
[DEBUG] 2024-03-17 19:39:15.512 CurlHandleContainer [140660337415232] Connection has been released. Continuing.
[DEBUG] 2024-03-17 19:39:15.512 CurlHandleContainer [140660337415232] Returning connection handle 0x55a42512c070
[DEBUG] 2024-03-17 19:39:15.512 CurlHttpClient [140660337415232] Obtained connection handle 0x55a42512c070
[DEBUG] 2024-03-17 19:39:15.512 CURL [140660337415232] (Text)   Trying 169.254.169.254:80...

[DEBUG] 2024-03-17 19:39:16.513 CURL [140660337415232] (Text) After 1000ms connect time, move on!

[DEBUG] 2024-03-17 19:39:16.513 CURL [140660337415232] (Text) connect to 169.254.169.254 port 80 failed: Connection timed out

[DEBUG] 2024-03-17 19:39:16.513 CURL [140660337415232] (Text) Connection timeout after 1000 ms

[DEBUG] 2024-03-17 19:39:16.513 CURL [140660337415232] (Text) Closing connection 0

[ERROR] 2024-03-17 19:39:16.513 CurlHttpClient [140660337415232] Curl returned error code 28 - Timeout was reached
[DEBUG] 2024-03-17 19:39:16.513 CurlHandleContainer [140660337415232] Destroy curl handle: 0x55a42512c070
[DEBUG] 2024-03-17 19:39:16.513 CurlHandleContainer [140660337415232] Created replacement handle and released to pool: 0x55a42512c070
[INFO] 2024-03-17 19:40:25.438 Aws_Init_Cleanup [140397186393152] Initiate AWS SDK for C++ with Version:1.11.282
[DEBUG] 2024-03-17 19:40:25.439 FileSystemUtils [140397186393152] Environment value for variable HOME is /home/vcm
[DEBUG] 2024-03-17 19:40:25.439 FileSystemUtils [140397186393152] Home directory is missing the final / appending one to normalize
[DEBUG] 2024-03-17 19:40:25.439 FileSystemUtils [140397186393152] Final Home Directory is /home/vcm/
[INFO] 2024-03-17 19:40:25.439 Aws::Config::AWSConfigFileProfileConfigLoader [140397186393152] Initializing config loader against fileName /home/vcm/.aws/credentials and using profilePrefix = 0
[DEBUG] 2024-03-17 19:40:25.439 FileSystemUtils [140397186393152] Environment value for variable HOME is /home/vcm
[DEBUG] 2024-03-17 19:40:25.439 FileSystemUtils [140397186393152] Home directory is missing the final / appending one to normalize
[DEBUG] 2024-03-17 19:40:25.439 FileSystemUtils [140397186393152] Final Home Directory is /home/vcm/
[INFO] 2024-03-17 19:40:25.439 Aws::Config::AWSConfigFileProfileConfigLoader [140397186393152] Initializing config loader against fileName /home/vcm/.aws/config and using profilePrefix = 1
[DEBUG] 2024-03-17 19:40:25.439 FileSystemUtils [140397186393152] Environment value for variable HOME is /home/vcm
[DEBUG] 2024-03-17 19:40:25.439 FileSystemUtils [140397186393152] Home directory is missing the final / appending one to normalize
[DEBUG] 2024-03-17 19:40:25.439 FileSystemUtils [140397186393152] Final Home Directory is /home/vcm/
[INFO] 2024-03-17 19:40:25.439 Aws::Config::ConfigFileProfileFSM [140397186393152] Unknown property: aws_access_key_id in the profile: default
[INFO] 2024-03-17 19:40:25.439 Aws::Config::ConfigFileProfileFSM [140397186393152] Unknown property: aws_secret_access_key in the profile: default
[DEBUG] 2024-03-17 19:40:25.439 Aws::Config::ConfigFileProfileFSM [140397186393152] found access key AKIAXYKJVWUMV5VJDJWU
[INFO] 2024-03-17 19:40:25.439 Aws::Config::AWSProfileConfigLoaderBase [140397186393152] Successfully reloaded configuration.
[DEBUG] 2024-03-17 19:40:25.439 FileSystemUtils [140397186393152] Environment value for variable HOME is /home/vcm
[DEBUG] 2024-03-17 19:40:25.439 FileSystemUtils [140397186393152] Home directory is missing the final / appending one to normalize
[DEBUG] 2024-03-17 19:40:25.439 FileSystemUtils [140397186393152] Final Home Directory is /home/vcm/
[INFO] 2024-03-17 19:40:25.439 Aws::Config::AWSConfigFileProfileConfigLoader [140397186393152] Unable to open config file /home/vcm/.aws/config for reading.
[INFO] 2024-03-17 19:40:25.439 Aws::Config::AWSProfileConfigLoaderBase [140397186393152] Failed to reload configuration.
[INFO] 2024-03-17 19:40:25.439 event-loop [140397186393152] id=0x55803addf920: Initializing edge-triggered epoll
[INFO] 2024-03-17 19:40:25.439 event-loop [140397186393152] id=0x55803addf920: Using eventfd for cross-thread notifications.
[INFO] 2024-03-17 19:40:25.439 event-loop [140397186393152] id=0x55803addf920: Starting event-loop thread.
[INFO] 2024-03-17 19:40:25.439 event-loop [140397186393152] id=0x55803ad570a0: Initializing edge-triggered epoll
[INFO] 2024-03-17 19:40:25.439 event-loop [140397186393152] id=0x55803ad570a0: Using eventfd for cross-thread notifications.
[INFO] 2024-03-17 19:40:25.439 event-loop [140397186393152] id=0x55803ad570a0: Starting event-loop thread.
[INFO] 2024-03-17 19:40:25.439 dns [140397186393152] id=0x55803ade3c30: Initializing default host resolver with 8 max host entries.
[INFO] 2024-03-17 19:40:25.439 event-loop [140397169538624] id=0x55803ad570a0: main loop started
[INFO] 2024-03-17 19:40:25.439 channel-bootstrap [140397186393152] id=0x55803ade3fa0: Initializing client bootstrap with event-loop group 0x55803ade47d0
[INFO] 2024-03-17 19:40:25.439 event-loop [140397177931328] id=0x55803addf920: main loop started
[INFO] 2024-03-17 19:40:25.439 event-loop [140397169538624] id=0x55803ad570a0: default timeout 100000, and max events to process per tick 100
[INFO] 2024-03-17 19:40:25.439 event-loop [140397177931328] id=0x55803addf920: default timeout 100000, and max events to process per tick 100
[DEBUG] 2024-03-17 19:40:25.479 HttpClientFactory [140397186393152] Initializing Http Static State
[DEBUG] 2024-03-17 19:40:25.479 HttpClientFactory [140397186393152] Initializing Curl Http Client
[INFO] 2024-03-17 19:40:25.479 CurlHttpClient [140397186393152] Initializing Curl library with version: 7.81.0, ssl version: OpenSSL/3.0.2
[INFO] 2024-03-17 19:40:25.479 EC2MetadataClient [140397186393152] Using IMDS endpoint: http://169.254.169.254
[DEBUG] 2024-03-17 19:40:25.479 ClientConfiguration [140397186393152] Request Compression enabled
[DEBUG] 2024-03-17 19:40:25.479 ClientConfiguration [140397186393152] ClientConfiguration will use MinReqCompression: 10240
[DEBUG] 2024-03-17 19:40:25.479 ClientConfiguration [140397186393152] ClientConfiguration will use SDK Auto Resolved profile: [default] if not specified by users.
[INFO] 2024-03-17 19:40:25.479 ClientConfiguration [140397186393152] Retry Strategy will use the default max attempts.
[INFO] 2024-03-17 19:40:25.479 EC2MetadataClient [140397186393152] Creating AWSHttpResourceClient with max connections 2 and scheme http
[INFO] 2024-03-17 19:40:25.479 CurlHandleContainer [140397186393152] Initializing CurlHandleContainer with size 2
[DEBUG] 2024-03-17 19:40:25.480 ClientConfiguration [140397186393152] Request Compression enabled
[DEBUG] 2024-03-17 19:40:25.480 ClientConfiguration [140397186393152] ClientConfiguration will use MinReqCompression: 10240
[DEBUG] 2024-03-17 19:40:25.480 ClientConfiguration [140397186393152] ClientConfiguration will use SDK Auto Resolved profile: [default] if not specified by users.
[INFO] 2024-03-17 19:40:25.480 ClientConfiguration [140397186393152] Retry Strategy will use the default max attempts.
[DEBUG] 2024-03-17 19:40:25.480 CurlHandleContainer [140397186393152] Attempting to acquire curl connection.
[DEBUG] 2024-03-17 19:40:25.480 CurlHandleContainer [140397186393152] No current connections available in pool. Attempting to create new connections.
[DEBUG] 2024-03-17 19:40:25.480 CurlHandleContainer [140397186393152] attempting to grow pool size by 2
[INFO] 2024-03-17 19:40:25.480 CurlHandleContainer [140397186393152] Pool grown by 2
[DEBUG] 2024-03-17 19:40:25.480 CurlHandleContainer [140397186393152] Connection has been released. Continuing.
[DEBUG] 2024-03-17 19:40:25.480 CurlHandleContainer [140397186393152] Returning connection handle 0x55803aed93c0
[DEBUG] 2024-03-17 19:40:25.480 CurlHttpClient [140397186393152] Obtained connection handle 0x55803aed93c0
[DEBUG] 2024-03-17 19:40:25.480 CURL [140397186393152] (Text)   Trying 169.254.169.254:80...

[DEBUG] 2024-03-17 19:40:26.480 CURL [140397186393152] (Text) After 1000ms connect time, move on!

[DEBUG] 2024-03-17 19:40:26.480 CURL [140397186393152] (Text) connect to 169.254.169.254 port 80 failed: Connection timed out

[DEBUG] 2024-03-17 19:40:26.480 CURL [140397186393152] (Text) Connection timeout after 1000 ms

[DEBUG] 2024-03-17 19:40:26.480 CURL [140397186393152] (Text) Closing connection 0

[ERROR] 2024-03-17 19:40:26.480 CurlHttpClient [140397186393152] Curl returned error code 28 - Timeout was reached
[DEBUG] 2024-03-17 19:40:26.481 CurlHandleContainer [140397186393152] Destroy curl handle: 0x55803aed93c0
[DEBUG] 2024-03-17 19:40:26.481 CurlHandleContainer [140397186393152] Created replacement handle and released to pool: 0x55803aedac80
[ERROR] 2024-03-17 19:40:26.481 EC2MetadataClient [140397186393152] Http request to retrieve credentials failed
[WARN] 2024-03-17 19:40:26.481 EC2MetadataClient [140397186393152] Request failed, now waiting 0 ms before attempting again.
[DEBUG] 2024-03-17 19:40:26.481 CurlHandleContainer [140397186393152] Attempting to acquire curl connection.
[DEBUG] 2024-03-17 19:40:26.481 CurlHandleContainer [140397186393152] Connection has been released. Continuing.
[DEBUG] 2024-03-17 19:40:26.481 CurlHandleContainer [140397186393152] Returning connection handle 0x55803aedac80
[DEBUG] 2024-03-17 19:40:26.481 CurlHttpClient [140397186393152] Obtained connection handle 0x55803aedac80
[DEBUG] 2024-03-17 19:40:26.481 CURL [140397186393152] (Text)   Trying 169.254.169.254:80...

[DEBUG] 2024-03-17 19:40:27.481 CURL [140397186393152] (Text) After 1000ms connect time, move on!

[DEBUG] 2024-03-17 19:40:27.481 CURL [140397186393152] (Text) connect to 169.254.169.254 port 80 failed: Connection timed out

[DEBUG] 2024-03-17 19:40:27.481 CURL [140397186393152] (Text) Connection timeout after 1000 ms

[DEBUG] 2024-03-17 19:40:27.481 CURL [140397186393152] (Text) Closing connection 0

[ERROR] 2024-03-17 19:40:27.481 CurlHttpClient [140397186393152] Curl returned error code 28 - Timeout was reached
[DEBUG] 2024-03-17 19:40:27.481 CurlHandleContainer [140397186393152] Destroy curl handle: 0x55803aedac80
[DEBUG] 2024-03-17 19:40:27.481 CurlHandleContainer [140397186393152] Created replacement handle and released to pool: 0x55803aedf340
[ERROR] 2024-03-17 19:40:27.481 EC2MetadataClient [140397186393152] Http request to retrieve credentials failed
[ERROR] 2024-03-17 19:40:27.482 EC2MetadataClient [140397186393152] Can not retrieve resource from http://169.254.169.254/latest/api/token
[DEBUG] 2024-03-17 19:40:27.482 CurlHandleContainer [140397186393152] Attempting to acquire curl connection.
[DEBUG] 2024-03-17 19:40:27.482 CurlHandleContainer [140397186393152] Connection has been released. Continuing.
[DEBUG] 2024-03-17 19:40:27.482 CurlHandleContainer [140397186393152] Returning connection handle 0x55803aedf340
[DEBUG] 2024-03-17 19:40:27.482 CurlHttpClient [140397186393152] Obtained connection handle 0x55803aedf340
[DEBUG] 2024-03-17 19:40:27.482 CURL [140397186393152] (Text)   Trying 169.254.169.254:80...

[DEBUG] 2024-03-17 19:40:28.482 CURL [140397186393152] (Text) After 1000ms connect time, move on!

[DEBUG] 2024-03-17 19:40:28.482 CURL [140397186393152] (Text) connect to 169.254.169.254 port 80 failed: Connection timed out

[DEBUG] 2024-03-17 19:40:28.482 CURL [140397186393152] (Text) Connection timeout after 1000 ms

[DEBUG] 2024-03-17 19:40:28.482 CURL [140397186393152] (Text) Closing connection 0

[ERROR] 2024-03-17 19:40:28.482 CurlHttpClient [140397186393152] Curl returned error code 28 - Timeout was reached
[DEBUG] 2024-03-17 19:40:28.482 CurlHandleContainer [140397186393152] Destroy curl handle: 0x55803aedf340
[DEBUG] 2024-03-17 19:40:28.482 CurlHandleContainer [140397186393152] Created replacement handle and released to pool: 0x55803aedf340
[ERROR] 2024-03-17 19:40:28.482 EC2MetadataClient [140397186393152] Http request to retrieve credentials failed
[WARN] 2024-03-17 19:40:28.482 EC2MetadataClient [140397186393152] Request failed, now waiting 0 ms before attempting again.
[DEBUG] 2024-03-17 19:40:28.482 CurlHandleContainer [140397186393152] Attempting to acquire curl connection.
[DEBUG] 2024-03-17 19:40:28.482 CurlHandleContainer [140397186393152] Connection has been released. Continuing.
[DEBUG] 2024-03-17 19:40:28.482 CurlHandleContainer [140397186393152] Returning connection handle 0x55803aedf340
[DEBUG] 2024-03-17 19:40:28.482 CurlHttpClient [140397186393152] Obtained connection handle 0x55803aedf340
[DEBUG] 2024-03-17 19:40:28.482 CURL [140397186393152] (Text)   Trying 169.254.169.254:80...

[DEBUG] 2024-03-17 19:40:29.483 CURL [140397186393152] (Text) After 1000ms connect time, move on!

[DEBUG] 2024-03-17 19:40:29.483 CURL [140397186393152] (Text) connect to 169.254.169.254 port 80 failed: Connection timed out

[DEBUG] 2024-03-17 19:40:29.483 CURL [140397186393152] (Text) Connection timeout after 1000 ms

[DEBUG] 2024-03-17 19:40:29.483 CURL [140397186393152] (Text) Closing connection 0

[ERROR] 2024-03-17 19:40:29.483 CurlHttpClient [140397186393152] Curl returned error code 28 - Timeout was reached
[DEBUG] 2024-03-17 19:40:29.483 CurlHandleContainer [140397186393152] Destroy curl handle: 0x55803aedf340
[DEBUG] 2024-03-17 19:40:29.483 CurlHandleContainer [140397186393152] Created replacement handle and released to pool: 0x55803aedca20
[ERROR] 2024-03-17 19:40:29.483 EC2MetadataClient [140397186393152] Http request to retrieve credentials failed
[ERROR] 2024-03-17 19:40:29.483 EC2MetadataClient [140397186393152] Can not retrieve resource from http://169.254.169.254/latest/meta-data/iam/security-credentials
[DEBUG] 2024-03-17 19:40:29.483 CurlHandleContainer [140397186393152] Attempting to acquire curl connection.
[DEBUG] 2024-03-17 19:40:29.483 CurlHandleContainer [140397186393152] Connection has been released. Continuing.
[DEBUG] 2024-03-17 19:40:29.483 CurlHandleContainer [140397186393152] Returning connection handle 0x55803aedca20
[DEBUG] 2024-03-17 19:40:29.483 CurlHttpClient [140397186393152] Obtained connection handle 0x55803aedca20
[INFO] 2024-03-17 19:49:15.145 Aws_Init_Cleanup [140129916662848] Initiate AWS SDK for C++ with Version:1.11.282
[DEBUG] 2024-03-17 19:49:15.146 FileSystemUtils [140129916662848] Environment value for variable HOME is /home/vcm
[DEBUG] 2024-03-17 19:49:15.146 FileSystemUtils [140129916662848] Home directory is missing the final / appending one to normalize
[DEBUG] 2024-03-17 19:49:15.146 FileSystemUtils [140129916662848] Final Home Directory is /home/vcm/
[INFO] 2024-03-17 19:49:15.146 Aws::Config::AWSConfigFileProfileConfigLoader [140129916662848] Initializing config loader against fileName /home/vcm/.aws/credentials and using profilePrefix = 0
[DEBUG] 2024-03-17 19:49:15.146 FileSystemUtils [140129916662848] Environment value for variable HOME is /home/vcm
[DEBUG] 2024-03-17 19:49:15.146 FileSystemUtils [140129916662848] Home directory is missing the final / appending one to normalize
[DEBUG] 2024-03-17 19:49:15.146 FileSystemUtils [140129916662848] Final Home Directory is /home/vcm/
[INFO] 2024-03-17 19:49:15.146 Aws::Config::AWSConfigFileProfileConfigLoader [140129916662848] Initializing config loader against fileName /home/vcm/.aws/config and using profilePrefix = 1
[DEBUG] 2024-03-17 19:49:15.146 FileSystemUtils [140129916662848] Environment value for variable HOME is /home/vcm
[DEBUG] 2024-03-17 19:49:15.146 FileSystemUtils [140129916662848] Home directory is missing the final / appending one to normalize
[DEBUG] 2024-03-17 19:49:15.146 FileSystemUtils [140129916662848] Final Home Directory is /home/vcm/
[INFO] 2024-03-17 19:49:15.146 Aws::Config::ConfigFileProfileFSM [140129916662848] Unknown property: aws_access_key_id in the profile: default
[INFO] 2024-03-17 19:49:15.146 Aws::Config::ConfigFileProfileFSM [140129916662848] Unknown property: aws_secret_access_key in the profile: default
[DEBUG] 2024-03-17 19:49:15.146 Aws::Config::ConfigFileProfileFSM [140129916662848] found access key AKIAXYKJVWUMV5VJDJWU
[INFO] 2024-03-17 19:49:15.146 Aws::Config::AWSProfileConfigLoaderBase [140129916662848] Successfully reloaded configuration.
[DEBUG] 2024-03-17 19:49:15.146 FileSystemUtils [140129916662848] Environment value for variable HOME is /home/vcm
[DEBUG] 2024-03-17 19:49:15.146 FileSystemUtils [140129916662848] Home directory is missing the final / appending one to normalize
[DEBUG] 2024-03-17 19:49:15.146 FileSystemUtils [140129916662848] Final Home Directory is /home/vcm/
[INFO] 2024-03-17 19:49:15.146 Aws::Config::AWSConfigFileProfileConfigLoader [140129916662848] Unable to open config file /home/vcm/.aws/config for reading.
[INFO] 2024-03-17 19:49:15.146 Aws::Config::AWSProfileConfigLoaderBase [140129916662848] Failed to reload configuration.
[INFO] 2024-03-17 19:49:15.146 event-loop [140129916662848] id=0x55af5b014920: Initializing edge-triggered epoll
[INFO] 2024-03-17 19:49:15.146 event-loop [140129916662848] id=0x55af5b014920: Using eventfd for cross-thread notifications.
[INFO] 2024-03-17 19:49:15.146 event-loop [140129916662848] id=0x55af5b014920: Starting event-loop thread.
[INFO] 2024-03-17 19:49:15.146 event-loop [140129916662848] id=0x55af5af8c0a0: Initializing edge-triggered epoll
[INFO] 2024-03-17 19:49:15.146 event-loop [140129916662848] id=0x55af5af8c0a0: Using eventfd for cross-thread notifications.
[INFO] 2024-03-17 19:49:15.146 event-loop [140129916662848] id=0x55af5af8c0a0: Starting event-loop thread.
[INFO] 2024-03-17 19:49:15.146 dns [140129916662848] id=0x55af5b018c30: Initializing default host resolver with 8 max host entries.
[INFO] 2024-03-17 19:49:15.146 event-loop [140129908201024] id=0x55af5b014920: main loop started
[INFO] 2024-03-17 19:49:15.146 event-loop [140129908201024] id=0x55af5b014920: default timeout 100000, and max events to process per tick 100
[INFO] 2024-03-17 19:49:15.146 channel-bootstrap [140129916662848] id=0x55af5b018fa0: Initializing client bootstrap with event-loop group 0x55af5b0197d0
[INFO] 2024-03-17 19:49:15.146 event-loop [140129899808320] id=0x55af5af8c0a0: main loop started
[INFO] 2024-03-17 19:49:15.146 event-loop [140129899808320] id=0x55af5af8c0a0: default timeout 100000, and max events to process per tick 100
[DEBUG] 2024-03-17 19:49:15.200 HttpClientFactory [140129916662848] Initializing Http Static State
[DEBUG] 2024-03-17 19:49:15.200 HttpClientFactory [140129916662848] Initializing Curl Http Client
[INFO] 2024-03-17 19:49:15.200 CurlHttpClient [140129916662848] Initializing Curl library with version: 7.81.0, ssl version: OpenSSL/3.0.2
[INFO] 2024-03-17 19:49:15.200 EC2MetadataClient [140129916662848] Using IMDS endpoint: http://169.254.169.254
[DEBUG] 2024-03-17 19:49:15.200 ClientConfiguration [140129916662848] Request Compression enabled
[DEBUG] 2024-03-17 19:49:15.200 ClientConfiguration [140129916662848] ClientConfiguration will use MinReqCompression: 10240
[DEBUG] 2024-03-17 19:49:15.200 ClientConfiguration [140129916662848] ClientConfiguration will use SDK Auto Resolved profile: [default] if not specified by users.
[INFO] 2024-03-17 19:49:15.200 ClientConfiguration [140129916662848] Retry Strategy will use the default max attempts.
[INFO] 2024-03-17 19:49:15.200 EC2MetadataClient [140129916662848] Creating AWSHttpResourceClient with max connections 2 and scheme http
[INFO] 2024-03-17 19:49:15.200 CurlHandleContainer [140129916662848] Initializing CurlHandleContainer with size 2
[DEBUG] 2024-03-17 19:49:15.201 ClientConfiguration [140129916662848] Request Compression enabled
[DEBUG] 2024-03-17 19:49:15.201 ClientConfiguration [140129916662848] ClientConfiguration will use MinReqCompression: 10240
[DEBUG] 2024-03-17 19:49:15.201 ClientConfiguration [140129916662848] ClientConfiguration will use SDK Auto Resolved profile: [default] if not specified by users.
[INFO] 2024-03-17 19:49:15.201 ClientConfiguration [140129916662848] Retry Strategy will use the default max attempts.
[DEBUG] 2024-03-17 19:49:15.201 CurlHandleContainer [140129916662848] Attempting to acquire curl connection.
[DEBUG] 2024-03-17 19:49:15.201 CurlHandleContainer [140129916662848] No current connections available in pool. Attempting to create new connections.
[DEBUG] 2024-03-17 19:49:15.201 CurlHandleContainer [140129916662848] attempting to grow pool size by 2
[INFO] 2024-03-17 19:49:15.201 CurlHandleContainer [140129916662848] Pool grown by 2
[DEBUG] 2024-03-17 19:49:15.201 CurlHandleContainer [140129916662848] Connection has been released. Continuing.
[DEBUG] 2024-03-17 19:49:15.201 CurlHandleContainer [140129916662848] Returning connection handle 0x55af5b10e3c0
[DEBUG] 2024-03-17 19:49:15.201 CurlHttpClient [140129916662848] Obtained connection handle 0x55af5b10e3c0
[DEBUG] 2024-03-17 19:49:15.201 CURL [140129916662848] (Text)   Trying 169.254.169.254:80...

[DEBUG] 2024-03-17 19:49:16.202 CURL [140129916662848] (Text) After 1000ms connect time, move on!

[DEBUG] 2024-03-17 19:49:16.203 CURL [140129916662848] (Text) connect to 169.254.169.254 port 80 failed: Connection timed out

[DEBUG] 2024-03-17 19:49:16.203 CURL [140129916662848] (Text) Connection timeout after 1001 ms

[DEBUG] 2024-03-17 19:49:16.203 CURL [140129916662848] (Text) Closing connection 0

[ERROR] 2024-03-17 19:49:16.203 CurlHttpClient [140129916662848] Curl returned error code 28 - Timeout was reached
[DEBUG] 2024-03-17 19:49:16.203 CurlHandleContainer [140129916662848] Destroy curl handle: 0x55af5b10e3c0
[DEBUG] 2024-03-17 19:49:16.203 CurlHandleContainer [140129916662848] Created replacement handle and released to pool: 0x55af5b10fc80
[ERROR] 2024-03-17 19:49:16.203 EC2MetadataClient [140129916662848] Http request to retrieve credentials failed
[WARN] 2024-03-17 19:49:16.203 EC2MetadataClient [140129916662848] Request failed, now waiting 0 ms before attempting again.
[DEBUG] 2024-03-17 19:49:16.203 CurlHandleContainer [140129916662848] Attempting to acquire curl connection.
[DEBUG] 2024-03-17 19:49:16.203 CurlHandleContainer [140129916662848] Connection has been released. Continuing.
[DEBUG] 2024-03-17 19:49:16.203 CurlHandleContainer [140129916662848] Returning connection handle 0x55af5b10fc80
[DEBUG] 2024-03-17 19:49:16.203 CurlHttpClient [140129916662848] Obtained connection handle 0x55af5b10fc80
[DEBUG] 2024-03-17 19:49:16.203 CURL [140129916662848] (Text)   Trying 169.254.169.254:80...

[DEBUG] 2024-03-17 19:49:17.205 CURL [140129916662848] (Text) After 1000ms connect time, move on!

[DEBUG] 2024-03-17 19:49:17.205 CURL [140129916662848] (Text) connect to 169.254.169.254 port 80 failed: Connection timed out

[DEBUG] 2024-03-17 19:49:17.205 CURL [140129916662848] (Text) Connection timeout after 1001 ms

[DEBUG] 2024-03-17 19:49:17.205 CURL [140129916662848] (Text) Closing connection 0

[ERROR] 2024-03-17 19:49:17.205 CurlHttpClient [140129916662848] Curl returned error code 28 - Timeout was reached
[DEBUG] 2024-03-17 19:49:17.205 CurlHandleContainer [140129916662848] Destroy curl handle: 0x55af5b10fc80
[DEBUG] 2024-03-17 19:49:17.205 CurlHandleContainer [140129916662848] Created replacement handle and released to pool: 0x55af5b114340
[ERROR] 2024-03-17 19:49:17.205 EC2MetadataClient [140129916662848] Http request to retrieve credentials failed
[ERROR] 2024-03-17 19:49:17.205 EC2MetadataClient [140129916662848] Can not retrieve resource from http://169.254.169.254/latest/api/token
[DEBUG] 2024-03-17 19:49:17.206 CurlHandleContainer [140129916662848] Attempting to acquire curl connection.
[DEBUG] 2024-03-17 19:49:17.206 CurlHandleContainer [140129916662848] Connection has been released. Continuing.
[DEBUG] 2024-03-17 19:49:17.206 CurlHandleContainer [140129916662848] Returning connection handle 0x55af5b114340
[DEBUG] 2024-03-17 19:49:17.206 CurlHttpClient [140129916662848] Obtained connection handle 0x55af5b114340
[DEBUG] 2024-03-17 19:49:17.206 CURL [140129916662848] (Text)   Trying 169.254.169.254:80...

[DEBUG] 2024-03-17 19:49:18.207 CURL [140129916662848] (Text) After 1000ms connect time, move on!

[DEBUG] 2024-03-17 19:49:18.207 CURL [140129916662848] (Text) connect to 169.254.169.254 port 80 failed: Connection timed out

[DEBUG] 2024-03-17 19:49:18.207 CURL [140129916662848] (Text) Connection timeout after 1001 ms

[DEBUG] 2024-03-17 19:49:18.207 CURL [140129916662848] (Text) Closing connection 0

[ERROR] 2024-03-17 19:49:18.207 CurlHttpClient [140129916662848] Curl returned error code 28 - Timeout was reached
[DEBUG] 2024-03-17 19:49:18.207 CurlHandleContainer [140129916662848] Destroy curl handle: 0x55af5b114340
[DEBUG] 2024-03-17 19:49:18.207 CurlHandleContainer [140129916662848] Created replacement handle and released to pool: 0x55af5b114340
[ERROR] 2024-03-17 19:49:18.207 EC2MetadataClient [140129916662848] Http request to retrieve credentials failed
[WARN] 2024-03-17 19:49:18.207 EC2MetadataClient [140129916662848] Request failed, now waiting 0 ms before attempting again.
[DEBUG] 2024-03-17 19:49:18.208 CurlHandleContainer [140129916662848] Attempting to acquire curl connection.
[DEBUG] 2024-03-17 19:49:18.208 CurlHandleContainer [140129916662848] Connection has been released. Continuing.
[DEBUG] 2024-03-17 19:49:18.208 CurlHandleContainer [140129916662848] Returning connection handle 0x55af5b114340
[DEBUG] 2024-03-17 19:49:18.208 CurlHttpClient [140129916662848] Obtained connection handle 0x55af5b114340
[DEBUG] 2024-03-17 19:49:18.208 CURL [140129916662848] (Text)   Trying 169.254.169.254:80...

[DEBUG] 2024-03-17 19:49:19.209 CURL [140129916662848] (Text) After 1000ms connect time, move on!

[DEBUG] 2024-03-17 19:49:19.209 CURL [140129916662848] (Text) connect to 169.254.169.254 port 80 failed: Connection timed out

[DEBUG] 2024-03-17 19:49:19.209 CURL [140129916662848] (Text) Connection timeout after 1001 ms

[DEBUG] 2024-03-17 19:49:19.209 CURL [140129916662848] (Text) Closing connection 0

[ERROR] 2024-03-17 19:49:19.209 CurlHttpClient [140129916662848] Curl returned error code 28 - Timeout was reached
[DEBUG] 2024-03-17 19:49:19.209 CurlHandleContainer [140129916662848] Destroy curl handle: 0x55af5b114340
[DEBUG] 2024-03-17 19:49:19.209 CurlHandleContainer [140129916662848] Created replacement handle and released to pool: 0x55af5b111a20
[ERROR] 2024-03-17 19:49:19.209 EC2MetadataClient [140129916662848] Http request to retrieve credentials failed
[ERROR] 2024-03-17 19:49:19.209 EC2MetadataClient [140129916662848] Can not retrieve resource from http://169.254.169.254/latest/meta-data/iam/security-credentials
[INFO] 2024-03-17 19:57:55.278 Aws_Init_Cleanup [140387050984512] Initiate AWS SDK for C++ with Version:1.11.282
[DEBUG] 2024-03-17 19:57:55.278 FileSystemUtils [140387050984512] Environment value for variable HOME is /home/vcm
[DEBUG] 2024-03-17 19:57:55.278 FileSystemUtils [140387050984512] Home directory is missing the final / appending one to normalize
[DEBUG] 2024-03-17 19:57:55.278 FileSystemUtils [140387050984512] Final Home Directory is /home/vcm/
[INFO] 2024-03-17 19:57:55.278 Aws::Config::AWSConfigFileProfileConfigLoader [140387050984512] Initializing config loader against fileName /home/vcm/.aws/credentials and using profilePrefix = 0
[DEBUG] 2024-03-17 19:57:55.278 FileSystemUtils [140387050984512] Environment value for variable HOME is /home/vcm
[DEBUG] 2024-03-17 19:57:55.278 FileSystemUtils [140387050984512] Home directory is missing the final / appending one to normalize
[DEBUG] 2024-03-17 19:57:55.278 FileSystemUtils [140387050984512] Final Home Directory is /home/vcm/
[INFO] 2024-03-17 19:57:55.278 Aws::Config::AWSConfigFileProfileConfigLoader [140387050984512] Initializing config loader against fileName /home/vcm/.aws/config and using profilePrefix = 1
[DEBUG] 2024-03-17 19:57:55.278 FileSystemUtils [140387050984512] Environment value for variable HOME is /home/vcm
[DEBUG] 2024-03-17 19:57:55.278 FileSystemUtils [140387050984512] Home directory is missing the final / appending one to normalize
[DEBUG] 2024-03-17 19:57:55.278 FileSystemUtils [140387050984512] Final Home Directory is /home/vcm/
[INFO] 2024-03-17 19:57:55.278 Aws::Config::ConfigFileProfileFSM [140387050984512] Unknown property: aws_access_key_id in the profile: default
[INFO] 2024-03-17 19:57:55.278 Aws::Config::ConfigFileProfileFSM [140387050984512] Unknown property: aws_secret_access_key in the profile: default
[DEBUG] 2024-03-17 19:57:55.278 Aws::Config::ConfigFileProfileFSM [140387050984512] found access key AKIAXYKJVWUMV5VJDJWU
[INFO] 2024-03-17 19:57:55.278 Aws::Config::AWSProfileConfigLoaderBase [140387050984512] Successfully reloaded configuration.
[DEBUG] 2024-03-17 19:57:55.278 FileSystemUtils [140387050984512] Environment value for variable HOME is /home/vcm
[DEBUG] 2024-03-17 19:57:55.278 FileSystemUtils [140387050984512] Home directory is missing the final / appending one to normalize
[DEBUG] 2024-03-17 19:57:55.278 FileSystemUtils [140387050984512] Final Home Directory is /home/vcm/
[INFO] 2024-03-17 19:57:55.278 Aws::Config::AWSConfigFileProfileConfigLoader [140387050984512] Unable to open config file /home/vcm/.aws/config for reading.
[INFO] 2024-03-17 19:57:55.278 Aws::Config::AWSProfileConfigLoaderBase [140387050984512] Failed to reload configuration.
[INFO] 2024-03-17 19:57:55.278 event-loop [140387050984512] id=0x55dfc589f920: Initializing edge-triggered epoll
[INFO] 2024-03-17 19:57:55.279 event-loop [140387050984512] id=0x55dfc589f920: Using eventfd for cross-thread notifications.
[INFO] 2024-03-17 19:57:55.279 event-loop [140387050984512] id=0x55dfc589f920: Starting event-loop thread.
[INFO] 2024-03-17 19:57:55.279 event-loop [140387050984512] id=0x55dfc58170a0: Initializing edge-triggered epoll
[INFO] 2024-03-17 19:57:55.279 event-loop [140387050984512] id=0x55dfc58170a0: Using eventfd for cross-thread notifications.
[INFO] 2024-03-17 19:57:55.279 event-loop [140387050984512] id=0x55dfc58170a0: Starting event-loop thread.
[INFO] 2024-03-17 19:57:55.279 dns [140387050984512] id=0x55dfc58a3c30: Initializing default host resolver with 8 max host entries.
[INFO] 2024-03-17 19:57:55.279 event-loop [140387034129984] id=0x55dfc58170a0: main loop started
[INFO] 2024-03-17 19:57:55.279 event-loop [140387042522688] id=0x55dfc589f920: main loop started
[INFO] 2024-03-17 19:57:55.279 event-loop [140387034129984] id=0x55dfc58170a0: default timeout 100000, and max events to process per tick 100
[INFO] 2024-03-17 19:57:55.279 event-loop [140387042522688] id=0x55dfc589f920: default timeout 100000, and max events to process per tick 100
[INFO] 2024-03-17 19:57:55.279 channel-bootstrap [140387050984512] id=0x55dfc58a3fa0: Initializing client bootstrap with event-loop group 0x55dfc58a47d0
[DEBUG] 2024-03-17 19:57:55.319 HttpClientFactory [140387050984512] Initializing Http Static State
[DEBUG] 2024-03-17 19:57:55.319 HttpClientFactory [140387050984512] Initializing Curl Http Client
[INFO] 2024-03-17 19:57:55.319 CurlHttpClient [140387050984512] Initializing Curl library with version: 7.81.0, ssl version: OpenSSL/3.0.2
[INFO] 2024-03-17 19:57:55.319 EC2MetadataClient [140387050984512] Using IMDS endpoint: http://169.254.169.254
[DEBUG] 2024-03-17 19:57:55.319 ClientConfiguration [140387050984512] Request Compression enabled
[DEBUG] 2024-03-17 19:57:55.319 ClientConfiguration [140387050984512] ClientConfiguration will use MinReqCompression: 10240
[DEBUG] 2024-03-17 19:57:55.319 ClientConfiguration [140387050984512] ClientConfiguration will use SDK Auto Resolved profile: [default] if not specified by users.
[INFO] 2024-03-17 19:57:55.319 ClientConfiguration [140387050984512] Retry Strategy will use the default max attempts.
[INFO] 2024-03-17 19:57:55.319 EC2MetadataClient [140387050984512] Creating AWSHttpResourceClient with max connections 2 and scheme http
[INFO] 2024-03-17 19:57:55.319 CurlHandleContainer [140387050984512] Initializing CurlHandleContainer with size 2
[DEBUG] 2024-03-17 19:57:55.320 ClientConfiguration [140387050984512] Request Compression enabled
[DEBUG] 2024-03-17 19:57:55.320 ClientConfiguration [140387050984512] ClientConfiguration will use MinReqCompression: 10240
[DEBUG] 2024-03-17 19:57:55.320 ClientConfiguration [140387050984512] ClientConfiguration will use SDK Auto Resolved profile: [default] if not specified by users.
[INFO] 2024-03-17 19:57:55.320 ClientConfiguration [140387050984512] Retry Strategy will use the default max attempts.
[DEBUG] 2024-03-17 19:57:55.320 CurlHandleContainer [140387050984512] Attempting to acquire curl connection.
[DEBUG] 2024-03-17 19:57:55.320 CurlHandleContainer [140387050984512] No current connections available in pool. Attempting to create new connections.
[DEBUG] 2024-03-17 19:57:55.320 CurlHandleContainer [140387050984512] attempting to grow pool size by 2
[INFO] 2024-03-17 19:57:55.320 CurlHandleContainer [140387050984512] Pool grown by 2
[DEBUG] 2024-03-17 19:57:55.320 CurlHandleContainer [140387050984512] Connection has been released. Continuing.
[DEBUG] 2024-03-17 19:57:55.320 CurlHandleContainer [140387050984512] Returning connection handle 0x55dfc59997b0
[DEBUG] 2024-03-17 19:57:55.320 CurlHttpClient [140387050984512] Obtained connection handle 0x55dfc59997b0
[DEBUG] 2024-03-17 19:57:55.320 CURL [140387050984512] (Text)   Trying 169.254.169.254:80...

[DEBUG] 2024-03-17 19:57:56.321 CURL [140387050984512] (Text) After 1000ms connect time, move on!

[DEBUG] 2024-03-17 19:57:56.321 CURL [140387050984512] (Text) connect to 169.254.169.254 port 80 failed: Connection timed out

[DEBUG] 2024-03-17 19:57:56.322 CURL [140387050984512] (Text) Connection timeout after 1001 ms

[DEBUG] 2024-03-17 19:57:56.322 CURL [140387050984512] (Text) Closing connection 0

[ERROR] 2024-03-17 19:57:56.322 CurlHttpClient [140387050984512] Curl returned error code 28 - Timeout was reached
[DEBUG] 2024-03-17 19:57:56.322 CurlHandleContainer [140387050984512] Destroy curl handle: 0x55dfc59997b0
[DEBUG] 2024-03-17 19:57:56.322 CurlHandleContainer [140387050984512] Created replacement handle and released to pool: 0x55dfc599b070
[ERROR] 2024-03-17 19:57:56.322 EC2MetadataClient [140387050984512] Http request to retrieve credentials failed
[WARN] 2024-03-17 19:57:56.322 EC2MetadataClient [140387050984512] Request failed, now waiting 0 ms before attempting again.
[DEBUG] 2024-03-17 19:57:56.322 CurlHandleContainer [140387050984512] Attempting to acquire curl connection.
[DEBUG] 2024-03-17 19:57:56.322 CurlHandleContainer [140387050984512] Connection has been released. Continuing.
[DEBUG] 2024-03-17 19:57:56.322 CurlHandleContainer [140387050984512] Returning connection handle 0x55dfc599b070
[DEBUG] 2024-03-17 19:57:56.322 CurlHttpClient [140387050984512] Obtained connection handle 0x55dfc599b070
[DEBUG] 2024-03-17 19:57:56.322 CURL [140387050984512] (Text)   Trying 169.254.169.254:80...

[DEBUG] 2024-03-17 19:57:57.323 CURL [140387050984512] (Text) After 1000ms connect time, move on!

[DEBUG] 2024-03-17 19:57:57.323 CURL [140387050984512] (Text) connect to 169.254.169.254 port 80 failed: Connection timed out

[DEBUG] 2024-03-17 19:57:57.323 CURL [140387050984512] (Text) Connection timeout after 1001 ms

[DEBUG] 2024-03-17 19:57:57.323 CURL [140387050984512] (Text) Closing connection 0

[ERROR] 2024-03-17 19:57:57.323 CurlHttpClient [140387050984512] Curl returned error code 28 - Timeout was reached
[DEBUG] 2024-03-17 19:57:57.324 CurlHandleContainer [140387050984512] Destroy curl handle: 0x55dfc599b070
[DEBUG] 2024-03-17 19:57:57.324 CurlHandleContainer [140387050984512] Created replacement handle and released to pool: 0x55dfc599b070
[ERROR] 2024-03-17 19:57:57.324 EC2MetadataClient [140387050984512] Http request to retrieve credentials failed
[ERROR] 2024-03-17 19:57:57.324 EC2MetadataClient [140387050984512] Can not retrieve resource from http://169.254.169.254/latest/api/token
[DEBUG] 2024-03-17 19:57:57.324 CurlHandleContainer [140387050984512] Attempting to acquire curl connection.
[DEBUG] 2024-03-17 19:57:57.324 CurlHandleContainer [140387050984512] Connection has been released. Continuing.
[DEBUG] 2024-03-17 19:57:57.324 CurlHandleContainer [140387050984512] Returning connection handle 0x55dfc599b070
[DEBUG] 2024-03-17 19:57:57.324 CurlHttpClient [140387050984512] Obtained connection handle 0x55dfc599b070
[DEBUG] 2024-03-17 19:57:57.324 CURL [140387050984512] (Text)   Trying 169.254.169.254:80...

[DEBUG] 2024-03-17 19:57:58.325 CURL [140387050984512] (Text) After 1000ms connect time, move on!

[DEBUG] 2024-03-17 19:57:58.325 CURL [140387050984512] (Text) connect to 169.254.169.254 port 80 failed: Connection timed out

[DEBUG] 2024-03-17 19:57:58.325 CURL [140387050984512] (Text) Connection timeout after 1001 ms

[DEBUG] 2024-03-17 19:57:58.325 CURL [140387050984512] (Text) Closing connection 0

[ERROR] 2024-03-17 19:57:58.325 CurlHttpClient [140387050984512] Curl returned error code 28 - Timeout was reached
[DEBUG] 2024-03-17 19:57:58.325 CurlHandleContainer [140387050984512] Destroy curl handle: 0x55dfc599b070
[DEBUG] 2024-03-17 19:57:58.325 CurlHandleContainer [140387050984512] Created replacement handle and released to pool: 0x55dfc599b070
[ERROR] 2024-03-17 19:57:58.325 EC2MetadataClient [140387050984512] Http request to retrieve credentials failed
[WARN] 2024-03-17 19:57:58.325 EC2MetadataClient [140387050984512] Request failed, now waiting 0 ms before attempting again.
[DEBUG] 2024-03-17 19:57:58.325 CurlHandleContainer [140387050984512] Attempting to acquire curl connection.
[DEBUG] 2024-03-17 19:57:58.325 CurlHandleContainer [140387050984512] Connection has been released. Continuing.
[DEBUG] 2024-03-17 19:57:58.325 CurlHandleContainer [140387050984512] Returning connection handle 0x55dfc599b070
[DEBUG] 2024-03-17 19:57:58.325 CurlHttpClient [140387050984512] Obtained connection handle 0x55dfc599b070
[DEBUG] 2024-03-17 19:57:58.326 CURL [140387050984512] (Text)   Trying 169.254.169.254:80...

[DEBUG] 2024-03-17 19:57:59.327 CURL [140387050984512] (Text) After 1000ms connect time, move on!

[DEBUG] 2024-03-17 19:57:59.327 CURL [140387050984512] (Text) connect to 169.254.169.254 port 80 failed: Connection timed out

[DEBUG] 2024-03-17 19:57:59.327 CURL [140387050984512] (Text) Connection timeout after 1001 ms

[DEBUG] 2024-03-17 19:57:59.327 CURL [140387050984512] (Text) Closing connection 0

[ERROR] 2024-03-17 19:57:59.327 CurlHttpClient [140387050984512] Curl returned error code 28 - Timeout was reached
