[INFO] 2024-03-30 01:32:07.484 Aws_Init_Cleanup [140535709574208] Initiate AWS SDK for C++ with Version:1.11.282
[DEBUG] 2024-03-30 01:32:07.484 FileSystemUtils [140535709574208] Environment value for variable HOME is /home/vcm
[DEBUG] 2024-03-30 01:32:07.484 FileSystemUtils [140535709574208] Home directory is missing the final / appending one to normalize
[DEBUG] 2024-03-30 01:32:07.484 FileSystemUtils [140535709574208] Final Home Directory is /home/vcm/
[INFO] 2024-03-30 01:32:07.484 Aws::Config::AWSConfigFileProfileConfigLoader [140535709574208] Initializing config loader against fileName /home/vcm/.aws/credentials and using profilePrefix = 0
[DEBUG] 2024-03-30 01:32:07.484 FileSystemUtils [140535709574208] Environment value for variable HOME is /home/vcm
[DEBUG] 2024-03-30 01:32:07.484 FileSystemUtils [140535709574208] Home directory is missing the final / appending one to normalize
[DEBUG] 2024-03-30 01:32:07.484 FileSystemUtils [140535709574208] Final Home Directory is /home/vcm/
[INFO] 2024-03-30 01:32:07.484 Aws::Config::AWSConfigFileProfileConfigLoader [140535709574208] Initializing config loader against fileName /home/vcm/.aws/config and using profilePrefix = 1
[DEBUG] 2024-03-30 01:32:07.484 FileSystemUtils [140535709574208] Environment value for variable HOME is /home/vcm
[DEBUG] 2024-03-30 01:32:07.484 FileSystemUtils [140535709574208] Home directory is missing the final / appending one to normalize
[DEBUG] 2024-03-30 01:32:07.484 FileSystemUtils [140535709574208] Final Home Directory is /home/vcm/
[INFO] 2024-03-30 01:32:07.484 Aws::Config::ConfigFileProfileFSM [140535709574208] Unknown property: aws_access_key_id in the profile: default
[INFO] 2024-03-30 01:32:07.484 Aws::Config::ConfigFileProfileFSM [140535709574208] Unknown property: aws_secret_access_key in the profile: default
[DEBUG] 2024-03-30 01:32:07.484 Aws::Config::ConfigFileProfileFSM [140535709574208] found access key AKIAXYKJVWUMV5VJDJWU
[INFO] 2024-03-30 01:32:07.485 Aws::Config::AWSProfileConfigLoaderBase [140535709574208] Successfully reloaded configuration.
[DEBUG] 2024-03-30 01:32:07.485 FileSystemUtils [140535709574208] Environment value for variable HOME is /home/vcm
[DEBUG] 2024-03-30 01:32:07.485 FileSystemUtils [140535709574208] Home directory is missing the final / appending one to normalize
[DEBUG] 2024-03-30 01:32:07.485 FileSystemUtils [140535709574208] Final Home Directory is /home/vcm/
[INFO] 2024-03-30 01:32:07.485 Aws::Config::AWSConfigFileProfileConfigLoader [140535709574208] Unable to open config file /home/vcm/.aws/config for reading.
[INFO] 2024-03-30 01:32:07.485 Aws::Config::AWSProfileConfigLoaderBase [140535709574208] Failed to reload configuration.
[INFO] 2024-03-30 01:32:07.485 event-loop [140535709574208] id=0x56258256dd80: Initializing edge-triggered epoll
[INFO] 2024-03-30 01:32:07.485 event-loop [140535709574208] id=0x56258256dd80: Using eventfd for cross-thread notifications.
[INFO] 2024-03-30 01:32:07.485 event-loop [140535709574208] id=0x56258256dd80: Starting event-loop thread.
[INFO] 2024-03-30 01:32:07.485 event-loop [140535709574208] id=0x56258250fb10: Initializing edge-triggered epoll
[INFO] 2024-03-30 01:32:07.485 event-loop [140535709574208] id=0x56258250fb10: Using eventfd for cross-thread notifications.
[INFO] 2024-03-30 01:32:07.485 event-loop [140535709574208] id=0x56258250fb10: Starting event-loop thread.
[INFO] 2024-03-30 01:32:07.485 dns [140535709574208] id=0x5625825ea8f0: Initializing default host resolver with 8 max host entries.
[INFO] 2024-03-30 01:32:07.485 event-loop [140535692719680] id=0x56258250fb10: main loop started
[INFO] 2024-03-30 01:32:07.485 event-loop [140535692719680] id=0x56258250fb10: default timeout 100000, and max events to process per tick 100
[INFO] 2024-03-30 01:32:07.485 event-loop [140535701112384] id=0x56258256dd80: main loop started
[INFO] 2024-03-30 01:32:07.485 channel-bootstrap [140535709574208] id=0x5625825eab40: Initializing client bootstrap with event-loop group 0x5625825cb250
[INFO] 2024-03-30 01:32:07.485 event-loop [140535701112384] id=0x56258256dd80: default timeout 100000, and max events to process per tick 100
[DEBUG] 2024-03-30 01:32:07.564 HttpClientFactory [140535709574208] Initializing Http Static State
[DEBUG] 2024-03-30 01:32:07.564 HttpClientFactory [140535709574208] Initializing Curl Http Client
[INFO] 2024-03-30 01:32:07.564 CurlHttpClient [140535709574208] Initializing Curl library with version: 7.81.0, ssl version: OpenSSL/3.0.2
[INFO] 2024-03-30 01:32:07.565 EC2MetadataClient [140535709574208] Using IMDS endpoint: http://169.254.169.254
[DEBUG] 2024-03-30 01:32:07.565 ClientConfiguration [140535709574208] Request Compression enabled
[DEBUG] 2024-03-30 01:32:07.565 ClientConfiguration [140535709574208] ClientConfiguration will use MinReqCompression: 10240
[DEBUG] 2024-03-30 01:32:07.565 ClientConfiguration [140535709574208] ClientConfiguration will use SDK Auto Resolved profile: [default] if not specified by users.
[INFO] 2024-03-30 01:32:07.565 ClientConfiguration [140535709574208] Retry Strategy will use the default max attempts.
[INFO] 2024-03-30 01:32:07.565 EC2MetadataClient [140535709574208] Creating AWSHttpResourceClient with max connections 2 and scheme http
[INFO] 2024-03-30 01:32:07.565 CurlHandleContainer [140535709574208] Initializing CurlHandleContainer with size 2
[DEBUG] 2024-03-30 01:32:07.565 ClientConfiguration [140535709574208] Request Compression enabled
[DEBUG] 2024-03-30 01:32:07.565 ClientConfiguration [140535709574208] ClientConfiguration will use MinReqCompression: 10240
[DEBUG] 2024-03-30 01:32:07.565 ClientConfiguration [140535709574208] ClientConfiguration will use SDK Auto Resolved profile: [default] if not specified by users.
[INFO] 2024-03-30 01:32:07.565 ClientConfiguration [140535709574208] Retry Strategy will use the default max attempts.
[DEBUG] 2024-03-30 01:32:07.566 CurlHandleContainer [140535709574208] Attempting to acquire curl connection.
[DEBUG] 2024-03-30 01:32:07.566 CurlHandleContainer [140535709574208] No current connections available in pool. Attempting to create new connections.
[DEBUG] 2024-03-30 01:32:07.566 CurlHandleContainer [140535709574208] attempting to grow pool size by 2
[INFO] 2024-03-30 01:32:07.566 CurlHandleContainer [140535709574208] Pool grown by 2
[DEBUG] 2024-03-30 01:32:07.566 CurlHandleContainer [140535709574208] Connection has been released. Continuing.
[DEBUG] 2024-03-30 01:32:07.566 CurlHandleContainer [140535709574208] Returning connection handle 0x5625827012c0
[DEBUG] 2024-03-30 01:32:07.566 CurlHttpClient [140535709574208] Obtained connection handle 0x5625827012c0
[DEBUG] 2024-03-30 01:32:07.566 CURL [140535709574208] (Text)   Trying 169.254.169.254:80...

[DEBUG] 2024-03-30 01:32:08.567 CURL [140535709574208] (Text) After 1000ms connect time, move on!

[DEBUG] 2024-03-30 01:32:08.567 CURL [140535709574208] (Text) connect to 169.254.169.254 port 80 failed: Connection timed out

[DEBUG] 2024-03-30 01:32:08.567 CURL [140535709574208] (Text) Connection timeout after 1001 ms

[DEBUG] 2024-03-30 01:32:08.567 CURL [140535709574208] (Text) Closing connection 0

[ERROR] 2024-03-30 01:32:08.567 CurlHttpClient [140535709574208] Curl returned error code 28 - Timeout was reached
[DEBUG] 2024-03-30 01:32:08.567 CurlHandleContainer [140535709574208] Destroy curl handle: 0x5625827012c0
[DEBUG] 2024-03-30 01:32:08.567 CurlHandleContainer [140535709574208] Created replacement handle and released to pool: 0x5625827012c0
[ERROR] 2024-03-30 01:32:08.568 EC2MetadataClient [140535709574208] Http request to retrieve credentials failed
[WARN] 2024-03-30 01:32:08.568 EC2MetadataClient [140535709574208] Request failed, now waiting 0 ms before attempting again.
[DEBUG] 2024-03-30 01:32:08.568 CurlHandleContainer [140535709574208] Attempting to acquire curl connection.
[DEBUG] 2024-03-30 01:32:08.568 CurlHandleContainer [140535709574208] Connection has been released. Continuing.
[DEBUG] 2024-03-30 01:32:08.568 CurlHandleContainer [140535709574208] Returning connection handle 0x5625827012c0
[DEBUG] 2024-03-30 01:32:08.568 CurlHttpClient [140535709574208] Obtained connection handle 0x5625827012c0
[DEBUG] 2024-03-30 01:32:08.568 CURL [140535709574208] (Text)   Trying 169.254.169.254:80...

[DEBUG] 2024-03-30 01:32:09.569 CURL [140535709574208] (Text) After 1000ms connect time, move on!

[DEBUG] 2024-03-30 01:32:09.569 CURL [140535709574208] (Text) connect to 169.254.169.254 port 80 failed: Connection timed out

[DEBUG] 2024-03-30 01:32:09.569 CURL [140535709574208] (Text) Connection timeout after 1001 ms

[DEBUG] 2024-03-30 01:32:09.569 CURL [140535709574208] (Text) Closing connection 0

[ERROR] 2024-03-30 01:32:09.569 CurlHttpClient [140535709574208] Curl returned error code 28 - Timeout was reached
[DEBUG] 2024-03-30 01:32:09.569 CurlHandleContainer [140535709574208] Destroy curl handle: 0x5625827012c0
[DEBUG] 2024-03-30 01:32:09.569 CurlHandleContainer [140535709574208] Created replacement handle and released to pool: 0x5625827012c0
[ERROR] 2024-03-30 01:32:09.570 EC2MetadataClient [140535709574208] Http request to retrieve credentials failed
[ERROR] 2024-03-30 01:32:09.570 EC2MetadataClient [140535709574208] Can not retrieve resource from http://169.254.169.254/latest/api/token
[DEBUG] 2024-03-30 01:32:09.570 CurlHandleContainer [140535709574208] Attempting to acquire curl connection.
[DEBUG] 2024-03-30 01:32:09.570 CurlHandleContainer [140535709574208] Connection has been released. Continuing.
[DEBUG] 2024-03-30 01:32:09.570 CurlHandleContainer [140535709574208] Returning connection handle 0x5625827012c0
[DEBUG] 2024-03-30 01:32:09.570 CurlHttpClient [140535709574208] Obtained connection handle 0x5625827012c0
[DEBUG] 2024-03-30 01:32:09.570 CURL [140535709574208] (Text)   Trying 169.254.169.254:80...

[DEBUG] 2024-03-30 01:32:10.571 CURL [140535709574208] (Text) After 1000ms connect time, move on!

[DEBUG] 2024-03-30 01:32:10.571 CURL [140535709574208] (Text) connect to 169.254.169.254 port 80 failed: Connection timed out

[DEBUG] 2024-03-30 01:32:10.571 CURL [140535709574208] (Text) Connection timeout after 1001 ms

[DEBUG] 2024-03-30 01:32:10.571 CURL [140535709574208] (Text) Closing connection 0

[ERROR] 2024-03-30 01:32:10.571 CurlHttpClient [140535709574208] Curl returned error code 28 - Timeout was reached
[DEBUG] 2024-03-30 01:32:10.571 CurlHandleContainer [140535709574208] Destroy curl handle: 0x5625827012c0
[DEBUG] 2024-03-30 01:32:10.571 CurlHandleContainer [140535709574208] Created replacement handle and released to pool: 0x5625827012c0
[ERROR] 2024-03-30 01:32:10.572 EC2MetadataClient [140535709574208] Http request to retrieve credentials failed
[WARN] 2024-03-30 01:32:10.572 EC2MetadataClient [140535709574208] Request failed, now waiting 0 ms before attempting again.
[DEBUG] 2024-03-30 01:32:10.572 CurlHandleContainer [140535709574208] Attempting to acquire curl connection.
[DEBUG] 2024-03-30 01:32:10.572 CurlHandleContainer [140535709574208] Connection has been released. Continuing.
[DEBUG] 2024-03-30 01:32:10.572 CurlHandleContainer [140535709574208] Returning connection handle 0x5625827012c0
[DEBUG] 2024-03-30 01:32:10.572 CurlHttpClient [140535709574208] Obtained connection handle 0x5625827012c0
[DEBUG] 2024-03-30 01:32:10.572 CURL [140535709574208] (Text)   Trying 169.254.169.254:80...

[DEBUG] 2024-03-30 01:32:11.573 CURL [140535709574208] (Text) After 1000ms connect time, move on!

[DEBUG] 2024-03-30 01:32:11.573 CURL [140535709574208] (Text) connect to 169.254.169.254 port 80 failed: Connection timed out

[DEBUG] 2024-03-30 01:32:11.573 CURL [140535709574208] (Text) Connection timeout after 1001 ms

[DEBUG] 2024-03-30 01:32:11.573 CURL [140535709574208] (Text) Closing connection 0

[ERROR] 2024-03-30 01:32:11.573 CurlHttpClient [140535709574208] Curl returned error code 28 - Timeout was reached
[DEBUG] 2024-03-30 01:32:11.573 CurlHandleContainer [140535709574208] Destroy curl handle: 0x5625827012c0
[DEBUG] 2024-03-30 01:32:11.573 CurlHandleContainer [140535709574208] Created replacement handle and released to pool: 0x5625827012c0
[ERROR] 2024-03-30 01:32:11.574 EC2MetadataClient [140535709574208] Http request to retrieve credentials failed
[ERROR] 2024-03-30 01:32:11.574 EC2MetadataClient [140535709574208] Can not retrieve resource from http://169.254.169.254/latest/meta-data/iam/security-credentials
[INFO] 2024-03-30 01:59:10.329 Aws_Init_Cleanup [139805372630080] Initiate AWS SDK for C++ with Version:1.11.282
[DEBUG] 2024-03-30 01:59:10.329 FileSystemUtils [139805372630080] Environment value for variable HOME is /home/vcm
[DEBUG] 2024-03-30 01:59:10.330 FileSystemUtils [139805372630080] Home directory is missing the final / appending one to normalize
[DEBUG] 2024-03-30 01:59:10.330 FileSystemUtils [139805372630080] Final Home Directory is /home/vcm/
[INFO] 2024-03-30 01:59:10.330 Aws::Config::AWSConfigFileProfileConfigLoader [139805372630080] Initializing config loader against fileName /home/vcm/.aws/credentials and using profilePrefix = 0
[DEBUG] 2024-03-30 01:59:10.330 FileSystemUtils [139805372630080] Environment value for variable HOME is /home/vcm
[DEBUG] 2024-03-30 01:59:10.330 FileSystemUtils [139805372630080] Home directory is missing the final / appending one to normalize
[DEBUG] 2024-03-30 01:59:10.330 FileSystemUtils [139805372630080] Final Home Directory is /home/vcm/
[INFO] 2024-03-30 01:59:10.330 Aws::Config::AWSConfigFileProfileConfigLoader [139805372630080] Initializing config loader against fileName /home/vcm/.aws/config and using profilePrefix = 1
[DEBUG] 2024-03-30 01:59:10.330 FileSystemUtils [139805372630080] Environment value for variable HOME is /home/vcm
[DEBUG] 2024-03-30 01:59:10.330 FileSystemUtils [139805372630080] Home directory is missing the final / appending one to normalize
[DEBUG] 2024-03-30 01:59:10.330 FileSystemUtils [139805372630080] Final Home Directory is /home/vcm/
[INFO] 2024-03-30 01:59:10.330 Aws::Config::ConfigFileProfileFSM [139805372630080] Unknown property: aws_access_key_id in the profile: default
[INFO] 2024-03-30 01:59:10.330 Aws::Config::ConfigFileProfileFSM [139805372630080] Unknown property: aws_secret_access_key in the profile: default
[DEBUG] 2024-03-30 01:59:10.330 Aws::Config::ConfigFileProfileFSM [139805372630080] found access key AKIAXYKJVWUMV5VJDJWU
[INFO] 2024-03-30 01:59:10.330 Aws::Config::AWSProfileConfigLoaderBase [139805372630080] Successfully reloaded configuration.
[DEBUG] 2024-03-30 01:59:10.330 FileSystemUtils [139805372630080] Environment value for variable HOME is /home/vcm
[DEBUG] 2024-03-30 01:59:10.330 FileSystemUtils [139805372630080] Home directory is missing the final / appending one to normalize
[DEBUG] 2024-03-30 01:59:10.330 FileSystemUtils [139805372630080] Final Home Directory is /home/vcm/
[INFO] 2024-03-30 01:59:10.330 Aws::Config::AWSConfigFileProfileConfigLoader [139805372630080] Unable to open config file /home/vcm/.aws/config for reading.
[INFO] 2024-03-30 01:59:10.330 Aws::Config::AWSProfileConfigLoaderBase [139805372630080] Failed to reload configuration.
[INFO] 2024-03-30 01:59:10.331 event-loop [139805372630080] id=0x55723cf04d80: Initializing edge-triggered epoll
[INFO] 2024-03-30 01:59:10.331 event-loop [139805372630080] id=0x55723cf04d80: Using eventfd for cross-thread notifications.
[INFO] 2024-03-30 01:59:10.331 event-loop [139805372630080] id=0x55723cf04d80: Starting event-loop thread.
[INFO] 2024-03-30 01:59:10.331 event-loop [139805372630080] id=0x55723cea6b10: Initializing edge-triggered epoll
[INFO] 2024-03-30 01:59:10.331 event-loop [139805372630080] id=0x55723cea6b10: Using eventfd for cross-thread notifications.
[INFO] 2024-03-30 01:59:10.331 event-loop [139805372630080] id=0x55723cea6b10: Starting event-loop thread.
[INFO] 2024-03-30 01:59:10.331 event-loop [139805364168256] id=0x55723cf04d80: main loop started
[INFO] 2024-03-30 01:59:10.331 event-loop [139805364168256] id=0x55723cf04d80: default timeout 100000, and max events to process per tick 100
[INFO] 2024-03-30 01:59:10.331 dns [139805372630080] id=0x55723cf818f0: Initializing default host resolver with 8 max host entries.
[INFO] 2024-03-30 01:59:10.331 event-loop [139805355775552] id=0x55723cea6b10: main loop started
[INFO] 2024-03-30 01:59:10.331 event-loop [139805355775552] id=0x55723cea6b10: default timeout 100000, and max events to process per tick 100
[INFO] 2024-03-30 01:59:10.331 channel-bootstrap [139805372630080] id=0x55723cf81b40: Initializing client bootstrap with event-loop group 0x55723cf62250
[DEBUG] 2024-03-30 01:59:10.427 HttpClientFactory [139805372630080] Initializing Http Static State
[DEBUG] 2024-03-30 01:59:10.427 HttpClientFactory [139805372630080] Initializing Curl Http Client
[INFO] 2024-03-30 01:59:10.427 CurlHttpClient [139805372630080] Initializing Curl library with version: 7.81.0, ssl version: OpenSSL/3.0.2
[INFO] 2024-03-30 01:59:10.427 EC2MetadataClient [139805372630080] Using IMDS endpoint: http://169.254.169.254
[DEBUG] 2024-03-30 01:59:10.427 ClientConfiguration [139805372630080] Request Compression enabled
[DEBUG] 2024-03-30 01:59:10.427 ClientConfiguration [139805372630080] ClientConfiguration will use MinReqCompression: 10240
[DEBUG] 2024-03-30 01:59:10.427 ClientConfiguration [139805372630080] ClientConfiguration will use SDK Auto Resolved profile: [default] if not specified by users.
[INFO] 2024-03-30 01:59:10.427 ClientConfiguration [139805372630080] Retry Strategy will use the default max attempts.
[INFO] 2024-03-30 01:59:10.427 EC2MetadataClient [139805372630080] Creating AWSHttpResourceClient with max connections 2 and scheme http
[INFO] 2024-03-30 01:59:10.428 CurlHandleContainer [139805372630080] Initializing CurlHandleContainer with size 2
[DEBUG] 2024-03-30 01:59:10.428 ClientConfiguration [139805372630080] Request Compression enabled
[DEBUG] 2024-03-30 01:59:10.428 ClientConfiguration [139805372630080] ClientConfiguration will use MinReqCompression: 10240
[DEBUG] 2024-03-30 01:59:10.428 ClientConfiguration [139805372630080] ClientConfiguration will use SDK Auto Resolved profile: [default] if not specified by users.
[INFO] 2024-03-30 01:59:10.428 ClientConfiguration [139805372630080] Retry Strategy will use the default max attempts.
[DEBUG] 2024-03-30 01:59:10.428 CurlHandleContainer [139805372630080] Attempting to acquire curl connection.
[DEBUG] 2024-03-30 01:59:10.428 CurlHandleContainer [139805372630080] No current connections available in pool. Attempting to create new connections.
[DEBUG] 2024-03-30 01:59:10.428 CurlHandleContainer [139805372630080] attempting to grow pool size by 2
[INFO] 2024-03-30 01:59:10.428 CurlHandleContainer [139805372630080] Pool grown by 2
[DEBUG] 2024-03-30 01:59:10.428 CurlHandleContainer [139805372630080] Connection has been released. Continuing.
[DEBUG] 2024-03-30 01:59:10.428 CurlHandleContainer [139805372630080] Returning connection handle 0x55723d098820
[DEBUG] 2024-03-30 01:59:10.428 CurlHttpClient [139805372630080] Obtained connection handle 0x55723d098820
[DEBUG] 2024-03-30 01:59:10.428 CURL [139805372630080] (Text)   Trying 169.254.169.254:80...

[DEBUG] 2024-03-30 01:59:11.430 CURL [139805372630080] (Text) After 1000ms connect time, move on!

[DEBUG] 2024-03-30 01:59:11.430 CURL [139805372630080] (Text) connect to 169.254.169.254 port 80 failed: Connection timed out

[DEBUG] 2024-03-30 01:59:11.430 CURL [139805372630080] (Text) Connection timeout after 1001 ms

[DEBUG] 2024-03-30 01:59:11.430 CURL [139805372630080] (Text) Closing connection 0

[ERROR] 2024-03-30 01:59:11.430 CurlHttpClient [139805372630080] Curl returned error code 28 - Timeout was reached
[DEBUG] 2024-03-30 01:59:11.430 CurlHandleContainer [139805372630080] Destroy curl handle: 0x55723d098820
[DEBUG] 2024-03-30 01:59:11.430 CurlHandleContainer [139805372630080] Created replacement handle and released to pool: 0x55723d098820
[ERROR] 2024-03-30 01:59:11.430 EC2MetadataClient [139805372630080] Http request to retrieve credentials failed
[WARN] 2024-03-30 01:59:11.430 EC2MetadataClient [139805372630080] Request failed, now waiting 0 ms before attempting again.
[DEBUG] 2024-03-30 01:59:11.430 CurlHandleContainer [139805372630080] Attempting to acquire curl connection.
[DEBUG] 2024-03-30 01:59:11.430 CurlHandleContainer [139805372630080] Connection has been released. Continuing.
[DEBUG] 2024-03-30 01:59:11.430 CurlHandleContainer [139805372630080] Returning connection handle 0x55723d098820
[DEBUG] 2024-03-30 01:59:11.430 CurlHttpClient [139805372630080] Obtained connection handle 0x55723d098820
[DEBUG] 2024-03-30 01:59:11.430 CURL [139805372630080] (Text)   Trying 169.254.169.254:80...

[DEBUG] 2024-03-30 01:59:12.432 CURL [139805372630080] (Text) After 1000ms connect time, move on!

[DEBUG] 2024-03-30 01:59:12.432 CURL [139805372630080] (Text) connect to 169.254.169.254 port 80 failed: Connection timed out

[DEBUG] 2024-03-30 01:59:12.432 CURL [139805372630080] (Text) Connection timeout after 1001 ms

[DEBUG] 2024-03-30 01:59:12.432 CURL [139805372630080] (Text) Closing connection 0

[ERROR] 2024-03-30 01:59:12.432 CurlHttpClient [139805372630080] Curl returned error code 28 - Timeout was reached
[DEBUG] 2024-03-30 01:59:12.432 CurlHandleContainer [139805372630080] Destroy curl handle: 0x55723d098820
[DEBUG] 2024-03-30 01:59:12.432 CurlHandleContainer [139805372630080] Created replacement handle and released to pool: 0x55723d098820
[ERROR] 2024-03-30 01:59:12.432 EC2MetadataClient [139805372630080] Http request to retrieve credentials failed
[ERROR] 2024-03-30 01:59:12.432 EC2MetadataClient [139805372630080] Can not retrieve resource from http://169.254.169.254/latest/api/token
[DEBUG] 2024-03-30 01:59:12.432 CurlHandleContainer [139805372630080] Attempting to acquire curl connection.
[DEBUG] 2024-03-30 01:59:12.432 CurlHandleContainer [139805372630080] Connection has been released. Continuing.
[DEBUG] 2024-03-30 01:59:12.432 CurlHandleContainer [139805372630080] Returning connection handle 0x55723d098820
[DEBUG] 2024-03-30 01:59:12.432 CurlHttpClient [139805372630080] Obtained connection handle 0x55723d098820
[DEBUG] 2024-03-30 01:59:12.432 CURL [139805372630080] (Text)   Trying 169.254.169.254:80...

[DEBUG] 2024-03-30 01:59:13.434 CURL [139805372630080] (Text) After 1000ms connect time, move on!

[DEBUG] 2024-03-30 01:59:13.434 CURL [139805372630080] (Text) connect to 169.254.169.254 port 80 failed: Connection timed out

[DEBUG] 2024-03-30 01:59:13.434 CURL [139805372630080] (Text) Connection timeout after 1001 ms

[DEBUG] 2024-03-30 01:59:13.434 CURL [139805372630080] (Text) Closing connection 0

[ERROR] 2024-03-30 01:59:13.434 CurlHttpClient [139805372630080] Curl returned error code 28 - Timeout was reached
[DEBUG] 2024-03-30 01:59:13.434 CurlHandleContainer [139805372630080] Destroy curl handle: 0x55723d098820
[DEBUG] 2024-03-30 01:59:13.434 CurlHandleContainer [139805372630080] Created replacement handle and released to pool: 0x55723d098820
[ERROR] 2024-03-30 01:59:13.434 EC2MetadataClient [139805372630080] Http request to retrieve credentials failed
[WARN] 2024-03-30 01:59:13.434 EC2MetadataClient [139805372630080] Request failed, now waiting 0 ms before attempting again.
[DEBUG] 2024-03-30 01:59:13.434 CurlHandleContainer [139805372630080] Attempting to acquire curl connection.
[DEBUG] 2024-03-30 01:59:13.434 CurlHandleContainer [139805372630080] Connection has been released. Continuing.
[DEBUG] 2024-03-30 01:59:13.434 CurlHandleContainer [139805372630080] Returning connection handle 0x55723d098820
[DEBUG] 2024-03-30 01:59:13.434 CurlHttpClient [139805372630080] Obtained connection handle 0x55723d098820
[DEBUG] 2024-03-30 01:59:13.434 CURL [139805372630080] (Text)   Trying 169.254.169.254:80...

[DEBUG] 2024-03-30 01:59:14.436 CURL [139805372630080] (Text) After 1000ms connect time, move on!

[DEBUG] 2024-03-30 01:59:14.436 CURL [139805372630080] (Text) connect to 169.254.169.254 port 80 failed: Connection timed out

[DEBUG] 2024-03-30 01:59:14.436 CURL [139805372630080] (Text) Connection timeout after 1001 ms

[DEBUG] 2024-03-30 01:59:14.436 CURL [139805372630080] (Text) Closing connection 0

[ERROR] 2024-03-30 01:59:14.436 CurlHttpClient [139805372630080] Curl returned error code 28 - Timeout was reached
[DEBUG] 2024-03-30 01:59:14.436 CurlHandleContainer [139805372630080] Destroy curl handle: 0x55723d098820
[DEBUG] 2024-03-30 01:59:14.436 CurlHandleContainer [139805372630080] Created replacement handle and released to pool: 0x55723d098820
[ERROR] 2024-03-30 01:59:14.436 EC2MetadataClient [139805372630080] Http request to retrieve credentials failed
[ERROR] 2024-03-30 01:59:14.436 EC2MetadataClient [139805372630080] Can not retrieve resource from http://169.254.169.254/latest/meta-data/iam/security-credentials
