[INFO] 2024-04-04 14:05:47.817 Aws_Init_Cleanup [139727478776896] Initiate AWS SDK for C++ with Version:1.11.292
[DEBUG] 2024-04-04 14:05:47.819 FileSystemUtils [139727478776896] Environment value for variable HOME is /home/vcm
[DEBUG] 2024-04-04 14:05:47.819 FileSystemUtils [139727478776896] Home directory is missing the final / appending one to normalize
[DEBUG] 2024-04-04 14:05:47.819 FileSystemUtils [139727478776896] Final Home Directory is /home/vcm/
[INFO] 2024-04-04 14:05:47.819 Aws::Config::AWSConfigFileProfileConfigLoader [139727478776896] Initializing config loader against fileName /home/vcm/.aws/credentials and using profilePrefix = 0
[DEBUG] 2024-04-04 14:05:47.819 FileSystemUtils [139727478776896] Environment value for variable HOME is /home/vcm
[DEBUG] 2024-04-04 14:05:47.819 FileSystemUtils [139727478776896] Home directory is missing the final / appending one to normalize
[DEBUG] 2024-04-04 14:05:47.819 FileSystemUtils [139727478776896] Final Home Directory is /home/vcm/
[INFO] 2024-04-04 14:05:47.819 Aws::Config::AWSConfigFileProfileConfigLoader [139727478776896] Initializing config loader against fileName /home/vcm/.aws/config and using profilePrefix = 1
[DEBUG] 2024-04-04 14:05:47.819 FileSystemUtils [139727478776896] Environment value for variable HOME is /home/vcm
[DEBUG] 2024-04-04 14:05:47.819 FileSystemUtils [139727478776896] Home directory is missing the final / appending one to normalize
[DEBUG] 2024-04-04 14:05:47.819 FileSystemUtils [139727478776896] Final Home Directory is /home/vcm/
[INFO] 2024-04-04 14:05:47.828 Aws::Config::ConfigFileProfileFSM [139727478776896] Unknown property: aws_access_key_id in the profile: default
[INFO] 2024-04-04 14:05:47.828 Aws::Config::ConfigFileProfileFSM [139727478776896] Unknown property: aws_secret_access_key in the profile: default
[DEBUG] 2024-04-04 14:05:47.828 Aws::Config::ConfigFileProfileFSM [139727478776896] found access key AKIA47CRYQIYS3LH7YFY
[INFO] 2024-04-04 14:05:47.828 Aws::Config::AWSProfileConfigLoaderBase [139727478776896] Successfully reloaded configuration.
[DEBUG] 2024-04-04 14:05:47.828 FileSystemUtils [139727478776896] Environment value for variable HOME is /home/vcm
[DEBUG] 2024-04-04 14:05:47.828 FileSystemUtils [139727478776896] Home directory is missing the final / appending one to normalize
[DEBUG] 2024-04-04 14:05:47.828 FileSystemUtils [139727478776896] Final Home Directory is /home/vcm/
[INFO] 2024-04-04 14:05:47.836 Aws::Config::AWSProfileConfigLoaderBase [139727478776896] Successfully reloaded configuration.
[INFO] 2024-04-04 14:05:47.836 event-loop [139727478776896] id=0x55e409b984a0: Initializing edge-triggered epoll
[INFO] 2024-04-04 14:05:47.836 event-loop [139727478776896] id=0x55e409b984a0: Using eventfd for cross-thread notifications.
[INFO] 2024-04-04 14:05:47.836 event-loop [139727478776896] id=0x55e409b984a0: Starting event-loop thread.
[INFO] 2024-04-04 14:05:47.836 dns [139727478776896] id=0x55e409c5e6d0: Initializing default host resolver with 8 max host entries.
[INFO] 2024-04-04 14:05:47.837 channel-bootstrap [139727478776896] id=0x55e409c5e940: Initializing client bootstrap with event-loop group 0x55e409bc0d30
[INFO] 2024-04-04 14:05:47.842 event-loop [139727470315264] id=0x55e409b984a0: main loop started
[INFO] 2024-04-04 14:05:47.842 event-loop [139727470315264] id=0x55e409b984a0: default timeout 100000, and max events to process per tick 100
[DEBUG] 2024-04-04 14:05:47.850 HttpClientFactory [139727478776896] Initializing Http Static State
[DEBUG] 2024-04-04 14:05:47.850 HttpClientFactory [139727478776896] Initializing Curl Http Client
[INFO] 2024-04-04 14:05:47.852 CurlHttpClient [139727478776896] Initializing Curl library with version: 7.68.0, ssl version: OpenSSL/1.1.1f
[INFO] 2024-04-04 14:05:47.853 EC2MetadataClient [139727478776896] Using IMDS endpoint: http://169.254.169.254
[DEBUG] 2024-04-04 14:05:47.853 ClientConfiguration [139727478776896] Request Compression enabled
[DEBUG] 2024-04-04 14:05:47.853 ClientConfiguration [139727478776896] ClientConfiguration will use MinReqCompression: 10240
[DEBUG] 2024-04-04 14:05:47.853 ClientConfiguration [139727478776896] ClientConfiguration will use SDK Auto Resolved profile: [default] if not specified by users.
[INFO] 2024-04-04 14:05:47.853 ClientConfiguration [139727478776896] Retry Strategy will use the default max attempts.
[INFO] 2024-04-04 14:05:47.854 EC2MetadataClient [139727478776896] Creating AWSHttpResourceClient with max connections 2 and scheme http
[INFO] 2024-04-04 14:05:47.854 CurlHandleContainer [139727478776896] Initializing CurlHandleContainer with size 2
[DEBUG] 2024-04-04 14:05:47.854 ClientConfiguration [139727478776896] Request Compression enabled
[DEBUG] 2024-04-04 14:05:47.854 ClientConfiguration [139727478776896] ClientConfiguration will use MinReqCompression: 10240
[DEBUG] 2024-04-04 14:05:47.854 ClientConfiguration [139727478776896] ClientConfiguration will use SDK Auto Resolved profile: [default] if not specified by users.
[INFO] 2024-04-04 14:05:47.854 ClientConfiguration [139727478776896] Retry Strategy will use the default max attempts.
[DEBUG] 2024-04-04 14:05:47.854 CurlHandleContainer [139727478776896] Attempting to acquire curl connection.
[DEBUG] 2024-04-04 14:05:47.854 CurlHandleContainer [139727478776896] No current connections available in pool. Attempting to create new connections.
[DEBUG] 2024-04-04 14:05:47.854 CurlHandleContainer [139727478776896] attempting to grow pool size by 2
[INFO] 2024-04-04 14:05:47.854 CurlHandleContainer [139727478776896] Pool grown by 2
[DEBUG] 2024-04-04 14:05:47.854 CurlHandleContainer [139727478776896] Connection has been released. Continuing.
[DEBUG] 2024-04-04 14:05:47.854 CurlHandleContainer [139727478776896] Returning connection handle 0x55e409d67d00
[DEBUG] 2024-04-04 14:05:47.854 CurlHttpClient [139727478776896] Obtained connection handle 0x55e409d67d00
[DEBUG] 2024-04-04 14:05:47.854 CURL [139727478776896] (Text)   Trying 169.254.169.254:80...

[DEBUG] 2024-04-04 14:05:47.854 CURL [139727478776896] (Text) TCP_NODELAY set

[DEBUG] 2024-04-04 14:05:48.856 CURL [139727478776896] (Text) Connection timed out after 1001 milliseconds

[DEBUG] 2024-04-04 14:05:48.856 CURL [139727478776896] (Text) Closing connection 0

[ERROR] 2024-04-04 14:05:48.856 CurlHttpClient [139727478776896] Curl returned error code 28 - Timeout was reached
[DEBUG] 2024-04-04 14:05:48.856 CurlHandleContainer [139727478776896] Destroy curl handle: 0x55e409d67d00
[DEBUG] 2024-04-04 14:05:48.856 CurlHandleContainer [139727478776896] Created replacement handle and released to pool: 0x55e409d67d00
[ERROR] 2024-04-04 14:05:48.856 EC2MetadataClient [139727478776896] Http request to retrieve credentials failed
[WARN] 2024-04-04 14:05:48.856 EC2MetadataClient [139727478776896] Request failed, now waiting 0 ms before attempting again.
[DEBUG] 2024-04-04 14:05:48.856 CurlHandleContainer [139727478776896] Attempting to acquire curl connection.
[DEBUG] 2024-04-04 14:05:48.856 CurlHandleContainer [139727478776896] Connection has been released. Continuing.
[DEBUG] 2024-04-04 14:05:48.856 CurlHandleContainer [139727478776896] Returning connection handle 0x55e409d67d00
[DEBUG] 2024-04-04 14:05:48.856 CurlHttpClient [139727478776896] Obtained connection handle 0x55e409d67d00
[DEBUG] 2024-04-04 14:05:48.856 CURL [139727478776896] (Text)   Trying 169.254.169.254:80...

[DEBUG] 2024-04-04 14:05:48.856 CURL [139727478776896] (Text) TCP_NODELAY set

[DEBUG] 2024-04-04 14:05:49.858 CURL [139727478776896] (Text) Connection timed out after 1001 milliseconds

[DEBUG] 2024-04-04 14:05:49.858 CURL [139727478776896] (Text) Closing connection 0

[ERROR] 2024-04-04 14:05:49.858 CurlHttpClient [139727478776896] Curl returned error code 28 - Timeout was reached
[DEBUG] 2024-04-04 14:05:49.858 CurlHandleContainer [139727478776896] Destroy curl handle: 0x55e409d67d00
[DEBUG] 2024-04-04 14:05:49.858 CurlHandleContainer [139727478776896] Created replacement handle and released to pool: 0x55e409d67d00
[ERROR] 2024-04-04 14:05:49.858 EC2MetadataClient [139727478776896] Http request to retrieve credentials failed
[ERROR] 2024-04-04 14:05:49.858 EC2MetadataClient [139727478776896] Can not retrieve resource from http://169.254.169.254/latest/api/token
[DEBUG] 2024-04-04 14:05:49.858 CurlHandleContainer [139727478776896] Attempting to acquire curl connection.
[DEBUG] 2024-04-04 14:05:49.858 CurlHandleContainer [139727478776896] Connection has been released. Continuing.
[DEBUG] 2024-04-04 14:05:49.858 CurlHandleContainer [139727478776896] Returning connection handle 0x55e409d67d00
[DEBUG] 2024-04-04 14:05:49.858 CurlHttpClient [139727478776896] Obtained connection handle 0x55e409d67d00
[DEBUG] 2024-04-04 14:05:49.858 CURL [139727478776896] (Text)   Trying 169.254.169.254:80...

[DEBUG] 2024-04-04 14:05:49.858 CURL [139727478776896] (Text) TCP_NODELAY set

[DEBUG] 2024-04-04 14:05:49.868 CURL [139727478776896] (Text) connect to 169.254.169.254 port 80 failed: Network is unreachable

[DEBUG] 2024-04-04 14:05:49.868 CURL [139727478776896] (Text) Failed to connect to 169.254.169.254 port 80: Network is unreachable

[DEBUG] 2024-04-04 14:05:49.868 CURL [139727478776896] (Text) Closing connection 0

[ERROR] 2024-04-04 14:05:49.868 CurlHttpClient [139727478776896] Curl returned error code 7 - Couldn't connect to server
[DEBUG] 2024-04-04 14:05:49.868 CurlHandleContainer [139727478776896] Destroy curl handle: 0x55e409d67d00
[DEBUG] 2024-04-04 14:05:49.868 CurlHandleContainer [139727478776896] Created replacement handle and released to pool: 0x55e409d67d00
[ERROR] 2024-04-04 14:05:49.868 EC2MetadataClient [139727478776896] Http request to retrieve credentials failed
[WARN] 2024-04-04 14:05:49.868 EC2MetadataClient [139727478776896] Request failed, now waiting 0 ms before attempting again.
[DEBUG] 2024-04-04 14:05:49.868 CurlHandleContainer [139727478776896] Attempting to acquire curl connection.
[DEBUG] 2024-04-04 14:05:49.868 CurlHandleContainer [139727478776896] Connection has been released. Continuing.
[DEBUG] 2024-04-04 14:05:49.868 CurlHandleContainer [139727478776896] Returning connection handle 0x55e409d67d00
[DEBUG] 2024-04-04 14:05:49.868 CurlHttpClient [139727478776896] Obtained connection handle 0x55e409d67d00
[DEBUG] 2024-04-04 14:05:49.868 CURL [139727478776896] (Text)   Trying 169.254.169.254:80...

[DEBUG] 2024-04-04 14:05:49.868 CURL [139727478776896] (Text) TCP_NODELAY set

[DEBUG] 2024-04-04 14:05:50.870 CURL [139727478776896] (Text) Connection timed out after 1001 milliseconds

[DEBUG] 2024-04-04 14:05:50.870 CURL [139727478776896] (Text) Closing connection 0

[ERROR] 2024-04-04 14:05:50.870 CurlHttpClient [139727478776896] Curl returned error code 28 - Timeout was reached
[DEBUG] 2024-04-04 14:05:50.870 CurlHandleContainer [139727478776896] Destroy curl handle: 0x55e409d67d00
[DEBUG] 2024-04-04 14:05:50.870 CurlHandleContainer [139727478776896] Created replacement handle and released to pool: 0x55e409d67d00
[ERROR] 2024-04-04 14:05:50.870 EC2MetadataClient [139727478776896] Http request to retrieve credentials failed
[ERROR] 2024-04-04 14:05:50.870 EC2MetadataClient [139727478776896] Can not retrieve resource from http://169.254.169.254/latest/meta-data/iam/security-credentials
[DEBUG] 2024-04-04 14:05:50.870 CurlHandleContainer [139727478776896] Attempting to acquire curl connection.
[DEBUG] 2024-04-04 14:05:50.870 CurlHandleContainer [139727478776896] Connection has been released. Continuing.
[DEBUG] 2024-04-04 14:05:50.870 CurlHandleContainer [139727478776896] Returning connection handle 0x55e409d67d00
[DEBUG] 2024-04-04 14:05:50.870 CurlHttpClient [139727478776896] Obtained connection handle 0x55e409d67d00
[DEBUG] 2024-04-04 14:05:50.870 CURL [139727478776896] (Text)   Trying 169.254.169.254:80...

[DEBUG] 2024-04-04 14:05:50.870 CURL [139727478776896] (Text) TCP_NODELAY set

[DEBUG] 2024-04-04 14:05:51.872 CURL [139727478776896] (Text) Connection timed out after 1001 milliseconds

[DEBUG] 2024-04-04 14:05:51.872 CURL [139727478776896] (Text) Closing connection 0

[ERROR] 2024-04-04 14:05:51.872 CurlHttpClient [139727478776896] Curl returned error code 28 - Timeout was reached
[DEBUG] 2024-04-04 14:05:51.872 CurlHandleContainer [139727478776896] Destroy curl handle: 0x55e409d67d00
[DEBUG] 2024-04-04 14:05:51.872 CurlHandleContainer [139727478776896] Created replacement handle and released to pool: 0x55e409d67d00
[ERROR] 2024-04-04 14:05:51.872 EC2MetadataClient [139727478776896] Http request to retrieve credentials failed
[WARN] 2024-04-04 14:05:51.872 EC2MetadataClient [139727478776896] Request failed, now waiting 0 ms before attempting again.
[DEBUG] 2024-04-04 14:05:51.872 CurlHandleContainer [139727478776896] Attempting to acquire curl connection.
[DEBUG] 2024-04-04 14:05:51.872 CurlHandleContainer [139727478776896] Connection has been released. Continuing.
[DEBUG] 2024-04-04 14:05:51.872 CurlHandleContainer [139727478776896] Returning connection handle 0x55e409d67d00
[DEBUG] 2024-04-04 14:05:51.872 CurlHttpClient [139727478776896] Obtained connection handle 0x55e409d67d00
[DEBUG] 2024-04-04 14:05:51.872 CURL [139727478776896] (Text)   Trying 169.254.169.254:80...

[DEBUG] 2024-04-04 14:05:51.872 CURL [139727478776896] (Text) TCP_NODELAY set

[INFO] 2024-04-04 14:14:33.218 Aws_Init_Cleanup [139807444538432] Initiate AWS SDK for C++ with Version:1.11.292
[DEBUG] 2024-04-04 14:14:33.221 FileSystemUtils [139807444538432] Environment value for variable HOME is /home/vcm
[DEBUG] 2024-04-04 14:14:33.221 FileSystemUtils [139807444538432] Home directory is missing the final / appending one to normalize
[DEBUG] 2024-04-04 14:14:33.221 FileSystemUtils [139807444538432] Final Home Directory is /home/vcm/
[INFO] 2024-04-04 14:14:33.221 Aws::Config::AWSConfigFileProfileConfigLoader [139807444538432] Initializing config loader against fileName /home/vcm/.aws/credentials and using profilePrefix = 0
[DEBUG] 2024-04-04 14:14:33.221 FileSystemUtils [139807444538432] Environment value for variable HOME is /home/vcm
[DEBUG] 2024-04-04 14:14:33.221 FileSystemUtils [139807444538432] Home directory is missing the final / appending one to normalize
[DEBUG] 2024-04-04 14:14:33.221 FileSystemUtils [139807444538432] Final Home Directory is /home/vcm/
[INFO] 2024-04-04 14:14:33.221 Aws::Config::AWSConfigFileProfileConfigLoader [139807444538432] Initializing config loader against fileName /home/vcm/.aws/config and using profilePrefix = 1
[DEBUG] 2024-04-04 14:14:33.221 FileSystemUtils [139807444538432] Environment value for variable HOME is /home/vcm
[DEBUG] 2024-04-04 14:14:33.221 FileSystemUtils [139807444538432] Home directory is missing the final / appending one to normalize
[DEBUG] 2024-04-04 14:14:33.221 FileSystemUtils [139807444538432] Final Home Directory is /home/vcm/
[INFO] 2024-04-04 14:14:33.221 Aws::Config::ConfigFileProfileFSM [139807444538432] Unknown property: aws_access_key_id in the profile: default
[INFO] 2024-04-04 14:14:33.221 Aws::Config::ConfigFileProfileFSM [139807444538432] Unknown property: aws_secret_access_key in the profile: default
[DEBUG] 2024-04-04 14:14:33.221 Aws::Config::ConfigFileProfileFSM [139807444538432] found access key AKIA47CRYQIYS3LH7YFY
[INFO] 2024-04-04 14:14:33.222 Aws::Config::AWSProfileConfigLoaderBase [139807444538432] Successfully reloaded configuration.
[DEBUG] 2024-04-04 14:14:33.222 FileSystemUtils [139807444538432] Environment value for variable HOME is /home/vcm
[DEBUG] 2024-04-04 14:14:33.222 FileSystemUtils [139807444538432] Home directory is missing the final / appending one to normalize
[DEBUG] 2024-04-04 14:14:33.222 FileSystemUtils [139807444538432] Final Home Directory is /home/vcm/
[INFO] 2024-04-04 14:14:33.222 Aws::Config::AWSProfileConfigLoaderBase [139807444538432] Successfully reloaded configuration.
[INFO] 2024-04-04 14:14:33.222 event-loop [139807444538432] id=0x55b15626b4a0: Initializing edge-triggered epoll
[INFO] 2024-04-04 14:14:33.222 event-loop [139807444538432] id=0x55b15626b4a0: Using eventfd for cross-thread notifications.
[INFO] 2024-04-04 14:14:33.222 event-loop [139807444538432] id=0x55b15626b4a0: Starting event-loop thread.
[INFO] 2024-04-04 14:14:33.222 dns [139807444538432] id=0x55b1563316d0: Initializing default host resolver with 8 max host entries.
[INFO] 2024-04-04 14:14:33.222 channel-bootstrap [139807444538432] id=0x55b156331940: Initializing client bootstrap with event-loop group 0x55b156293d30
[INFO] 2024-04-04 14:14:33.227 event-loop [139807436076800] id=0x55b15626b4a0: main loop started
[INFO] 2024-04-04 14:14:33.227 event-loop [139807436076800] id=0x55b15626b4a0: default timeout 100000, and max events to process per tick 100
[DEBUG] 2024-04-04 14:14:33.238 HttpClientFactory [139807444538432] Initializing Http Static State
[DEBUG] 2024-04-04 14:14:33.238 HttpClientFactory [139807444538432] Initializing Curl Http Client
[INFO] 2024-04-04 14:14:33.238 CurlHttpClient [139807444538432] Initializing Curl library with version: 7.68.0, ssl version: OpenSSL/1.1.1f
[INFO] 2024-04-04 14:14:33.239 EC2MetadataClient [139807444538432] Using IMDS endpoint: http://169.254.169.254
[DEBUG] 2024-04-04 14:14:33.239 ClientConfiguration [139807444538432] Request Compression enabled
[DEBUG] 2024-04-04 14:14:33.239 ClientConfiguration [139807444538432] ClientConfiguration will use MinReqCompression: 10240
[DEBUG] 2024-04-04 14:14:33.239 ClientConfiguration [139807444538432] ClientConfiguration will use SDK Auto Resolved profile: [default] if not specified by users.
[INFO] 2024-04-04 14:14:33.239 ClientConfiguration [139807444538432] Retry Strategy will use the default max attempts.
[INFO] 2024-04-04 14:14:33.239 EC2MetadataClient [139807444538432] Creating AWSHttpResourceClient with max connections 2 and scheme http
[INFO] 2024-04-04 14:14:33.239 CurlHandleContainer [139807444538432] Initializing CurlHandleContainer with size 2
[DEBUG] 2024-04-04 14:14:33.239 ClientConfiguration [139807444538432] Request Compression enabled
[DEBUG] 2024-04-04 14:14:33.239 ClientConfiguration [139807444538432] ClientConfiguration will use MinReqCompression: 10240
[DEBUG] 2024-04-04 14:14:33.239 ClientConfiguration [139807444538432] ClientConfiguration will use SDK Auto Resolved profile: [default] if not specified by users.
[INFO] 2024-04-04 14:14:33.239 ClientConfiguration [139807444538432] Retry Strategy will use the default max attempts.
[DEBUG] 2024-04-04 14:14:33.240 CurlHandleContainer [139807444538432] Attempting to acquire curl connection.
[DEBUG] 2024-04-04 14:14:33.240 CurlHandleContainer [139807444538432] No current connections available in pool. Attempting to create new connections.
[DEBUG] 2024-04-04 14:14:33.240 CurlHandleContainer [139807444538432] attempting to grow pool size by 2
[INFO] 2024-04-04 14:14:33.240 CurlHandleContainer [139807444538432] Pool grown by 2
[DEBUG] 2024-04-04 14:14:33.240 CurlHandleContainer [139807444538432] Connection has been released. Continuing.
[DEBUG] 2024-04-04 14:14:33.240 CurlHandleContainer [139807444538432] Returning connection handle 0x55b15643ae20
[DEBUG] 2024-04-04 14:14:33.240 CurlHttpClient [139807444538432] Obtained connection handle 0x55b15643ae20
[DEBUG] 2024-04-04 14:14:33.240 CURL [139807444538432] (Text)   Trying 169.254.169.254:80...

[DEBUG] 2024-04-04 14:14:33.240 CURL [139807444538432] (Text) TCP_NODELAY set

[DEBUG] 2024-04-04 14:14:34.240 CURL [139807444538432] (Text) Connection timed out after 1000 milliseconds

[DEBUG] 2024-04-04 14:14:34.240 CURL [139807444538432] (Text) Closing connection 0

[ERROR] 2024-04-04 14:14:34.240 CurlHttpClient [139807444538432] Curl returned error code 28 - Timeout was reached
[DEBUG] 2024-04-04 14:14:34.240 CurlHandleContainer [139807444538432] Destroy curl handle: 0x55b15643ae20
[DEBUG] 2024-04-04 14:14:34.240 CurlHandleContainer [139807444538432] Created replacement handle and released to pool: 0x55b15643ae20
[ERROR] 2024-04-04 14:14:34.241 EC2MetadataClient [139807444538432] Http request to retrieve credentials failed
[WARN] 2024-04-04 14:14:34.241 EC2MetadataClient [139807444538432] Request failed, now waiting 0 ms before attempting again.
[DEBUG] 2024-04-04 14:14:34.241 CurlHandleContainer [139807444538432] Attempting to acquire curl connection.
[DEBUG] 2024-04-04 14:14:34.241 CurlHandleContainer [139807444538432] Connection has been released. Continuing.
[DEBUG] 2024-04-04 14:14:34.241 CurlHandleContainer [139807444538432] Returning connection handle 0x55b15643ae20
[DEBUG] 2024-04-04 14:14:34.241 CurlHttpClient [139807444538432] Obtained connection handle 0x55b15643ae20
[DEBUG] 2024-04-04 14:14:34.241 CURL [139807444538432] (Text)   Trying 169.254.169.254:80...

[DEBUG] 2024-04-04 14:14:34.241 CURL [139807444538432] (Text) TCP_NODELAY set

[DEBUG] 2024-04-04 14:14:35.240 CURL [139807444538432] (Text) Connection timed out after 1000 milliseconds

[DEBUG] 2024-04-04 14:14:35.240 CURL [139807444538432] (Text) Closing connection 0

[ERROR] 2024-04-04 14:14:35.240 CurlHttpClient [139807444538432] Curl returned error code 28 - Timeout was reached
[DEBUG] 2024-04-04 14:14:35.241 CurlHandleContainer [139807444538432] Destroy curl handle: 0x55b15643ae20
[DEBUG] 2024-04-04 14:14:35.241 CurlHandleContainer [139807444538432] Created replacement handle and released to pool: 0x55b15643ae20
[ERROR] 2024-04-04 14:14:35.241 EC2MetadataClient [139807444538432] Http request to retrieve credentials failed
[ERROR] 2024-04-04 14:14:35.241 EC2MetadataClient [139807444538432] Can not retrieve resource from http://169.254.169.254/latest/api/token
[DEBUG] 2024-04-04 14:14:35.241 CurlHandleContainer [139807444538432] Attempting to acquire curl connection.
[DEBUG] 2024-04-04 14:14:35.241 CurlHandleContainer [139807444538432] Connection has been released. Continuing.
[DEBUG] 2024-04-04 14:14:35.241 CurlHandleContainer [139807444538432] Returning connection handle 0x55b15643ae20
[DEBUG] 2024-04-04 14:14:35.241 CurlHttpClient [139807444538432] Obtained connection handle 0x55b15643ae20
[DEBUG] 2024-04-04 14:14:35.241 CURL [139807444538432] (Text)   Trying 169.254.169.254:80...

[DEBUG] 2024-04-04 14:14:35.241 CURL [139807444538432] (Text) TCP_NODELAY set

[DEBUG] 2024-04-04 14:14:36.240 CURL [139807444538432] (Text) Connection timed out after 1000 milliseconds

[DEBUG] 2024-04-04 14:14:36.241 CURL [139807444538432] (Text) Closing connection 0

[ERROR] 2024-04-04 14:14:36.241 CurlHttpClient [139807444538432] Curl returned error code 28 - Timeout was reached
[DEBUG] 2024-04-04 14:14:36.241 CurlHandleContainer [139807444538432] Destroy curl handle: 0x55b15643ae20
[DEBUG] 2024-04-04 14:14:36.241 CurlHandleContainer [139807444538432] Created replacement handle and released to pool: 0x55b15643ae20
[ERROR] 2024-04-04 14:14:36.241 EC2MetadataClient [139807444538432] Http request to retrieve credentials failed
[WARN] 2024-04-04 14:14:36.241 EC2MetadataClient [139807444538432] Request failed, now waiting 0 ms before attempting again.
[DEBUG] 2024-04-04 14:14:36.241 CurlHandleContainer [139807444538432] Attempting to acquire curl connection.
[DEBUG] 2024-04-04 14:14:36.241 CurlHandleContainer [139807444538432] Connection has been released. Continuing.
[DEBUG] 2024-04-04 14:14:36.241 CurlHandleContainer [139807444538432] Returning connection handle 0x55b15643ae20
[DEBUG] 2024-04-04 14:14:36.241 CurlHttpClient [139807444538432] Obtained connection handle 0x55b15643ae20
[DEBUG] 2024-04-04 14:14:36.241 CURL [139807444538432] (Text)   Trying 169.254.169.254:80...

[DEBUG] 2024-04-04 14:14:36.241 CURL [139807444538432] (Text) TCP_NODELAY set

[DEBUG] 2024-04-04 14:14:37.242 CURL [139807444538432] (Text) Connection timed out after 1000 milliseconds

[DEBUG] 2024-04-04 14:14:37.242 CURL [139807444538432] (Text) Closing connection 0

[ERROR] 2024-04-04 14:14:37.242 CurlHttpClient [139807444538432] Curl returned error code 28 - Timeout was reached
[DEBUG] 2024-04-04 14:14:37.242 CurlHandleContainer [139807444538432] Destroy curl handle: 0x55b15643ae20
[DEBUG] 2024-04-04 14:14:37.242 CurlHandleContainer [139807444538432] Created replacement handle and released to pool: 0x55b15643ae20
[ERROR] 2024-04-04 14:14:37.242 EC2MetadataClient [139807444538432] Http request to retrieve credentials failed
[ERROR] 2024-04-04 14:14:37.242 EC2MetadataClient [139807444538432] Can not retrieve resource from http://169.254.169.254/latest/meta-data/iam/security-credentials
[DEBUG] 2024-04-04 14:14:37.242 CurlHandleContainer [139807444538432] Attempting to acquire curl connection.
[DEBUG] 2024-04-04 14:14:37.242 CurlHandleContainer [139807444538432] Connection has been released. Continuing.
[DEBUG] 2024-04-04 14:14:37.242 CurlHandleContainer [139807444538432] Returning connection handle 0x55b15643ae20
[DEBUG] 2024-04-04 14:14:37.242 CurlHttpClient [139807444538432] Obtained connection handle 0x55b15643ae20
[DEBUG] 2024-04-04 14:14:37.243 CURL [139807444538432] (Text)   Trying 169.254.169.254:80...

[DEBUG] 2024-04-04 14:14:37.243 CURL [139807444538432] (Text) TCP_NODELAY set

[DEBUG] 2024-04-04 14:14:38.243 CURL [139807444538432] (Text) Connection timed out after 1000 milliseconds

[DEBUG] 2024-04-04 14:14:38.243 CURL [139807444538432] (Text) Closing connection 0

[ERROR] 2024-04-04 14:14:38.243 CurlHttpClient [139807444538432] Curl returned error code 28 - Timeout was reached
[DEBUG] 2024-04-04 14:14:38.243 CurlHandleContainer [139807444538432] Destroy curl handle: 0x55b15643ae20
[DEBUG] 2024-04-04 14:14:38.243 CurlHandleContainer [139807444538432] Created replacement handle and released to pool: 0x55b15643ae20
[ERROR] 2024-04-04 14:14:38.243 EC2MetadataClient [139807444538432] Http request to retrieve credentials failed
[WARN] 2024-04-04 14:14:38.243 EC2MetadataClient [139807444538432] Request failed, now waiting 0 ms before attempting again.
[DEBUG] 2024-04-04 14:14:38.243 CurlHandleContainer [139807444538432] Attempting to acquire curl connection.
[DEBUG] 2024-04-04 14:14:38.243 CurlHandleContainer [139807444538432] Connection has been released. Continuing.
[DEBUG] 2024-04-04 14:14:38.243 CurlHandleContainer [139807444538432] Returning connection handle 0x55b15643ae20
[DEBUG] 2024-04-04 14:14:38.243 CurlHttpClient [139807444538432] Obtained connection handle 0x55b15643ae20
[DEBUG] 2024-04-04 14:14:38.243 CURL [139807444538432] (Text)   Trying 169.254.169.254:80...

[DEBUG] 2024-04-04 14:14:38.243 CURL [139807444538432] (Text) TCP_NODELAY set

[DEBUG] 2024-04-04 14:14:39.243 CURL [139807444538432] (Text) Connection timed out after 1000 milliseconds

[DEBUG] 2024-04-04 14:14:39.244 CURL [139807444538432] (Text) Closing connection 0

[ERROR] 2024-04-04 14:14:39.244 CurlHttpClient [139807444538432] Curl returned error code 28 - Timeout was reached
[DEBUG] 2024-04-04 14:14:39.244 CurlHandleContainer [139807444538432] Destroy curl handle: 0x55b15643ae20
[DEBUG] 2024-04-04 14:14:39.244 CurlHandleContainer [139807444538432] Created replacement handle and released to pool: 0x55b15643ae20
[ERROR] 2024-04-04 14:14:39.244 EC2MetadataClient [139807444538432] Http request to retrieve credentials failed
[ERROR] 2024-04-04 14:14:39.244 EC2MetadataClient [139807444538432] Can not retrieve resource from http://169.254.169.254/latest/meta-data/placement/availability-zone
[INFO] 2024-04-04 14:14:39.244 EC2MetadataClient [139807444538432] Unable to pull region from instance metadata service 
[DEBUG] 2024-04-04 14:14:39.244 FileSystemUtils [139807444538432] Environment value for variable HOME is /home/vcm
[DEBUG] 2024-04-04 14:14:39.244 FileSystemUtils [139807444538432] Home directory is missing the final / appending one to normalize
[DEBUG] 2024-04-04 14:14:39.244 FileSystemUtils [139807444538432] Final Home Directory is /home/vcm/
[INFO] 2024-04-04 14:14:39.244 Aws::Config::AWSConfigFileProfileConfigLoader [139807444538432] Initializing config loader against fileName /home/vcm/.aws/credentials and using profilePrefix = 0
[DEBUG] 2024-04-04 14:14:39.244 FileSystemUtils [139807444538432] Environment value for variable HOME is /home/vcm
[DEBUG] 2024-04-04 14:14:39.244 FileSystemUtils [139807444538432] Home directory is missing the final / appending one to normalize
[DEBUG] 2024-04-04 14:14:39.244 FileSystemUtils [139807444538432] Final Home Directory is /home/vcm/
[DEBUG] 2024-04-04 14:14:39.244 FileSystemUtils [139807444538432] Environment value for variable HOME is /home/vcm
[DEBUG] 2024-04-04 14:14:39.244 FileSystemUtils [139807444538432] Home directory is missing the final / appending one to normalize
[DEBUG] 2024-04-04 14:14:39.244 FileSystemUtils [139807444538432] Final Home Directory is /home/vcm/
[INFO] 2024-04-04 14:14:39.244 ProfileConfigFileAWSCredentialsProvider [139807444538432] Setting provider to read credentials from /home/vcm/.aws/credentials for credentials file and /home/vcm/.aws/config for the config file , for use with profile default
[INFO] 2024-04-04 14:14:39.244 ProcessCredentialsProvider [139807444538432] Setting process credentials provider to read config from default
[INFO] 2024-04-04 14:36:35.995 Aws_Init_Cleanup [140507528700992] Initiate AWS SDK for C++ with Version:1.11.292
[DEBUG] 2024-04-04 14:36:35.995 FileSystemUtils [140507528700992] Environment value for variable HOME is /home/vcm
[DEBUG] 2024-04-04 14:36:35.995 FileSystemUtils [140507528700992] Home directory is missing the final / appending one to normalize
[DEBUG] 2024-04-04 14:36:35.995 FileSystemUtils [140507528700992] Final Home Directory is /home/vcm/
[INFO] 2024-04-04 14:36:35.995 Aws::Config::AWSConfigFileProfileConfigLoader [140507528700992] Initializing config loader against fileName /home/vcm/.aws/credentials and using profilePrefix = 0
[DEBUG] 2024-04-04 14:36:35.995 FileSystemUtils [140507528700992] Environment value for variable HOME is /home/vcm
[DEBUG] 2024-04-04 14:36:35.995 FileSystemUtils [140507528700992] Home directory is missing the final / appending one to normalize
[DEBUG] 2024-04-04 14:36:35.995 FileSystemUtils [140507528700992] Final Home Directory is /home/vcm/
[INFO] 2024-04-04 14:36:35.995 Aws::Config::AWSConfigFileProfileConfigLoader [140507528700992] Initializing config loader against fileName /home/vcm/.aws/config and using profilePrefix = 1
[DEBUG] 2024-04-04 14:36:35.995 FileSystemUtils [140507528700992] Environment value for variable HOME is /home/vcm
[DEBUG] 2024-04-04 14:36:35.995 FileSystemUtils [140507528700992] Home directory is missing the final / appending one to normalize
[DEBUG] 2024-04-04 14:36:35.995 FileSystemUtils [140507528700992] Final Home Directory is /home/vcm/
[INFO] 2024-04-04 14:36:35.995 Aws::Config::ConfigFileProfileFSM [140507528700992] Unknown property: aws_access_key_id in the profile: default
[INFO] 2024-04-04 14:36:35.995 Aws::Config::ConfigFileProfileFSM [140507528700992] Unknown property: aws_secret_access_key in the profile: default
[DEBUG] 2024-04-04 14:36:35.995 Aws::Config::ConfigFileProfileFSM [140507528700992] found access key AKIA47CRYQIYS3LH7YFY
[INFO] 2024-04-04 14:36:35.995 Aws::Config::AWSProfileConfigLoaderBase [140507528700992] Successfully reloaded configuration.
[DEBUG] 2024-04-04 14:36:35.995 FileSystemUtils [140507528700992] Environment value for variable HOME is /home/vcm
[DEBUG] 2024-04-04 14:36:35.995 FileSystemUtils [140507528700992] Home directory is missing the final / appending one to normalize
[DEBUG] 2024-04-04 14:36:35.995 FileSystemUtils [140507528700992] Final Home Directory is /home/vcm/
[INFO] 2024-04-04 14:36:36.001 Aws::Config::AWSProfileConfigLoaderBase [140507528700992] Successfully reloaded configuration.
[INFO] 2024-04-04 14:36:36.001 event-loop [140507528700992] id=0x55694bd954a0: Initializing edge-triggered epoll
[INFO] 2024-04-04 14:36:36.001 event-loop [140507528700992] id=0x55694bd954a0: Using eventfd for cross-thread notifications.
[INFO] 2024-04-04 14:36:36.001 event-loop [140507528700992] id=0x55694bd954a0: Starting event-loop thread.
[INFO] 2024-04-04 14:36:36.002 dns [140507528700992] id=0x55694be5b6d0: Initializing default host resolver with 8 max host entries.
[INFO] 2024-04-04 14:36:36.002 channel-bootstrap [140507528700992] id=0x55694be5b940: Initializing client bootstrap with event-loop group 0x55694bdbdd30
[INFO] 2024-04-04 14:36:36.008 event-loop [140507520239360] id=0x55694bd954a0: main loop started
[INFO] 2024-04-04 14:36:36.009 event-loop [140507520239360] id=0x55694bd954a0: default timeout 100000, and max events to process per tick 100
[DEBUG] 2024-04-04 14:36:36.023 HttpClientFactory [140507528700992] Initializing Http Static State
[DEBUG] 2024-04-04 14:36:36.023 HttpClientFactory [140507528700992] Initializing Curl Http Client
[INFO] 2024-04-04 14:36:36.023 CurlHttpClient [140507528700992] Initializing Curl library with version: 7.68.0, ssl version: OpenSSL/1.1.1f
[INFO] 2024-04-04 14:36:36.026 EC2MetadataClient [140507528700992] Using IMDS endpoint: http://169.254.169.254
[DEBUG] 2024-04-04 14:36:36.027 ClientConfiguration [140507528700992] Request Compression enabled
[DEBUG] 2024-04-04 14:36:36.027 ClientConfiguration [140507528700992] ClientConfiguration will use MinReqCompression: 10240
[DEBUG] 2024-04-04 14:36:36.027 ClientConfiguration [140507528700992] ClientConfiguration will use SDK Auto Resolved profile: [default] if not specified by users.
[INFO] 2024-04-04 14:36:36.027 ClientConfiguration [140507528700992] Retry Strategy will use the default max attempts.
[INFO] 2024-04-04 14:36:36.027 EC2MetadataClient [140507528700992] Creating AWSHttpResourceClient with max connections 2 and scheme http
[INFO] 2024-04-04 14:36:36.027 CurlHandleContainer [140507528700992] Initializing CurlHandleContainer with size 2
[DEBUG] 2024-04-04 14:36:36.027 ClientConfiguration [140507528700992] Request Compression enabled
[DEBUG] 2024-04-04 14:36:36.027 ClientConfiguration [140507528700992] ClientConfiguration will use MinReqCompression: 10240
[DEBUG] 2024-04-04 14:36:36.027 ClientConfiguration [140507528700992] ClientConfiguration will use SDK Auto Resolved profile: [default] if not specified by users.
[INFO] 2024-04-04 14:36:36.027 ClientConfiguration [140507528700992] Retry Strategy will use the default max attempts.
[DEBUG] 2024-04-04 14:36:36.028 CurlHandleContainer [140507528700992] Attempting to acquire curl connection.
[DEBUG] 2024-04-04 14:36:36.028 CurlHandleContainer [140507528700992] No current connections available in pool. Attempting to create new connections.
[DEBUG] 2024-04-04 14:36:36.028 CurlHandleContainer [140507528700992] attempting to grow pool size by 2
[INFO] 2024-04-04 14:36:36.028 CurlHandleContainer [140507528700992] Pool grown by 2
[DEBUG] 2024-04-04 14:36:36.028 CurlHandleContainer [140507528700992] Connection has been released. Continuing.
[DEBUG] 2024-04-04 14:36:36.028 CurlHandleContainer [140507528700992] Returning connection handle 0x55694bf64eb0
[DEBUG] 2024-04-04 14:36:36.028 CurlHttpClient [140507528700992] Obtained connection handle 0x55694bf64eb0
[DEBUG] 2024-04-04 14:36:36.028 CURL [140507528700992] (Text)   Trying 169.254.169.254:80...

[DEBUG] 2024-04-04 14:36:36.028 CURL [140507528700992] (Text) TCP_NODELAY set

[DEBUG] 2024-04-04 14:36:37.029 CURL [140507528700992] (Text) Connection timed out after 1001 milliseconds

[DEBUG] 2024-04-04 14:36:37.030 CURL [140507528700992] (Text) Closing connection 0

[ERROR] 2024-04-04 14:36:37.030 CurlHttpClient [140507528700992] Curl returned error code 28 - Timeout was reached
[DEBUG] 2024-04-04 14:36:37.031 CurlHandleContainer [140507528700992] Destroy curl handle: 0x55694bf64eb0
[DEBUG] 2024-04-04 14:36:37.031 CurlHandleContainer [140507528700992] Created replacement handle and released to pool: 0x55694bf64eb0
[ERROR] 2024-04-04 14:36:37.031 EC2MetadataClient [140507528700992] Http request to retrieve credentials failed
[WARN] 2024-04-04 14:36:37.031 EC2MetadataClient [140507528700992] Request failed, now waiting 0 ms before attempting again.
[DEBUG] 2024-04-04 14:36:37.031 CurlHandleContainer [140507528700992] Attempting to acquire curl connection.
[DEBUG] 2024-04-04 14:36:37.031 CurlHandleContainer [140507528700992] Connection has been released. Continuing.
[DEBUG] 2024-04-04 14:36:37.031 CurlHandleContainer [140507528700992] Returning connection handle 0x55694bf64eb0
[DEBUG] 2024-04-04 14:36:37.031 CurlHttpClient [140507528700992] Obtained connection handle 0x55694bf64eb0
[DEBUG] 2024-04-04 14:36:37.032 CURL [140507528700992] (Text)   Trying 169.254.169.254:80...

[DEBUG] 2024-04-04 14:36:37.032 CURL [140507528700992] (Text) TCP_NODELAY set

[DEBUG] 2024-04-04 14:36:38.033 CURL [140507528700992] (Text) Connection timed out after 1001 milliseconds

[DEBUG] 2024-04-04 14:36:38.033 CURL [140507528700992] (Text) Closing connection 0

[ERROR] 2024-04-04 14:36:38.033 CurlHttpClient [140507528700992] Curl returned error code 28 - Timeout was reached
[DEBUG] 2024-04-04 14:36:38.033 CurlHandleContainer [140507528700992] Destroy curl handle: 0x55694bf64eb0
[DEBUG] 2024-04-04 14:36:38.033 CurlHandleContainer [140507528700992] Created replacement handle and released to pool: 0x55694bf64eb0
[ERROR] 2024-04-04 14:36:38.033 EC2MetadataClient [140507528700992] Http request to retrieve credentials failed
[ERROR] 2024-04-04 14:36:38.033 EC2MetadataClient [140507528700992] Can not retrieve resource from http://169.254.169.254/latest/api/token
[DEBUG] 2024-04-04 14:36:38.033 CurlHandleContainer [140507528700992] Attempting to acquire curl connection.
[DEBUG] 2024-04-04 14:36:38.033 CurlHandleContainer [140507528700992] Connection has been released. Continuing.
[DEBUG] 2024-04-04 14:36:38.033 CurlHandleContainer [140507528700992] Returning connection handle 0x55694bf64eb0
[DEBUG] 2024-04-04 14:36:38.033 CurlHttpClient [140507528700992] Obtained connection handle 0x55694bf64eb0
[DEBUG] 2024-04-04 14:36:38.033 CURL [140507528700992] (Text)   Trying 169.254.169.254:80...

[DEBUG] 2024-04-04 14:36:38.033 CURL [140507528700992] (Text) TCP_NODELAY set

[DEBUG] 2024-04-04 14:36:39.035 CURL [140507528700992] (Text) Connection timed out after 1001 milliseconds

[DEBUG] 2024-04-04 14:36:39.035 CURL [140507528700992] (Text) Closing connection 0

[ERROR] 2024-04-04 14:36:39.035 CurlHttpClient [140507528700992] Curl returned error code 28 - Timeout was reached
[DEBUG] 2024-04-04 14:36:39.035 CurlHandleContainer [140507528700992] Destroy curl handle: 0x55694bf64eb0
[DEBUG] 2024-04-04 14:36:39.035 CurlHandleContainer [140507528700992] Created replacement handle and released to pool: 0x55694bf64eb0
[ERROR] 2024-04-04 14:36:39.035 EC2MetadataClient [140507528700992] Http request to retrieve credentials failed
[WARN] 2024-04-04 14:36:39.035 EC2MetadataClient [140507528700992] Request failed, now waiting 0 ms before attempting again.
[DEBUG] 2024-04-04 14:36:39.035 CurlHandleContainer [140507528700992] Attempting to acquire curl connection.
[DEBUG] 2024-04-04 14:36:39.035 CurlHandleContainer [140507528700992] Connection has been released. Continuing.
[DEBUG] 2024-04-04 14:36:39.035 CurlHandleContainer [140507528700992] Returning connection handle 0x55694bf64eb0
[DEBUG] 2024-04-04 14:36:39.035 CurlHttpClient [140507528700992] Obtained connection handle 0x55694bf64eb0
[DEBUG] 2024-04-04 14:36:39.035 CURL [140507528700992] (Text)   Trying 169.254.169.254:80...

[DEBUG] 2024-04-04 14:36:39.035 CURL [140507528700992] (Text) TCP_NODELAY set

[DEBUG] 2024-04-04 14:36:40.036 CURL [140507528700992] (Text) Connection timed out after 1001 milliseconds

[DEBUG] 2024-04-04 14:36:40.036 CURL [140507528700992] (Text) Closing connection 0

[ERROR] 2024-04-04 14:36:40.037 CurlHttpClient [140507528700992] Curl returned error code 28 - Timeout was reached
[DEBUG] 2024-04-04 14:36:40.037 CurlHandleContainer [140507528700992] Destroy curl handle: 0x55694bf64eb0
[DEBUG] 2024-04-04 14:36:40.037 CurlHandleContainer [140507528700992] Created replacement handle and released to pool: 0x55694bf64eb0
[ERROR] 2024-04-04 14:36:40.037 EC2MetadataClient [140507528700992] Http request to retrieve credentials failed
[ERROR] 2024-04-04 14:36:40.037 EC2MetadataClient [140507528700992] Can not retrieve resource from http://169.254.169.254/latest/meta-data/iam/security-credentials
[DEBUG] 2024-04-04 14:36:40.037 CurlHandleContainer [140507528700992] Attempting to acquire curl connection.
[DEBUG] 2024-04-04 14:36:40.037 CurlHandleContainer [140507528700992] Connection has been released. Continuing.
[DEBUG] 2024-04-04 14:36:40.037 CurlHandleContainer [140507528700992] Returning connection handle 0x55694bf64eb0
[DEBUG] 2024-04-04 14:36:40.037 CurlHttpClient [140507528700992] Obtained connection handle 0x55694bf64eb0
[DEBUG] 2024-04-04 14:36:40.037 CURL [140507528700992] (Text)   Trying 169.254.169.254:80...

[DEBUG] 2024-04-04 14:36:40.037 CURL [140507528700992] (Text) TCP_NODELAY set

[INFO] 2024-04-04 14:47:02.011 Aws_Init_Cleanup [140275799503936] Initiate AWS SDK for C++ with Version:1.11.292
[DEBUG] 2024-04-04 14:47:02.011 FileSystemUtils [140275799503936] Environment value for variable HOME is /home/vcm
[DEBUG] 2024-04-04 14:47:02.011 FileSystemUtils [140275799503936] Home directory is missing the final / appending one to normalize
[DEBUG] 2024-04-04 14:47:02.011 FileSystemUtils [140275799503936] Final Home Directory is /home/vcm/
[INFO] 2024-04-04 14:47:02.011 Aws::Config::AWSConfigFileProfileConfigLoader [140275799503936] Initializing config loader against fileName /home/vcm/.aws/credentials and using profilePrefix = 0
[DEBUG] 2024-04-04 14:47:02.011 FileSystemUtils [140275799503936] Environment value for variable HOME is /home/vcm
[DEBUG] 2024-04-04 14:47:02.011 FileSystemUtils [140275799503936] Home directory is missing the final / appending one to normalize
[DEBUG] 2024-04-04 14:47:02.011 FileSystemUtils [140275799503936] Final Home Directory is /home/vcm/
[INFO] 2024-04-04 14:47:02.011 Aws::Config::AWSConfigFileProfileConfigLoader [140275799503936] Initializing config loader against fileName /home/vcm/.aws/config and using profilePrefix = 1
[DEBUG] 2024-04-04 14:47:02.011 FileSystemUtils [140275799503936] Environment value for variable HOME is /home/vcm
[DEBUG] 2024-04-04 14:47:02.011 FileSystemUtils [140275799503936] Home directory is missing the final / appending one to normalize
[DEBUG] 2024-04-04 14:47:02.011 FileSystemUtils [140275799503936] Final Home Directory is /home/vcm/
[INFO] 2024-04-04 14:47:02.012 Aws::Config::ConfigFileProfileFSM [140275799503936] Unknown property: aws_access_key_id in the profile: default
[INFO] 2024-04-04 14:47:02.012 Aws::Config::ConfigFileProfileFSM [140275799503936] Unknown property: aws_secret_access_key in the profile: default
[DEBUG] 2024-04-04 14:47:02.012 Aws::Config::ConfigFileProfileFSM [140275799503936] found access key AKIA47CRYQIYS3LH7YFY
[INFO] 2024-04-04 14:47:02.012 Aws::Config::AWSProfileConfigLoaderBase [140275799503936] Successfully reloaded configuration.
[DEBUG] 2024-04-04 14:47:02.012 FileSystemUtils [140275799503936] Environment value for variable HOME is /home/vcm
[DEBUG] 2024-04-04 14:47:02.012 FileSystemUtils [140275799503936] Home directory is missing the final / appending one to normalize
[DEBUG] 2024-04-04 14:47:02.012 FileSystemUtils [140275799503936] Final Home Directory is /home/vcm/
[INFO] 2024-04-04 14:47:02.012 Aws::Config::AWSProfileConfigLoaderBase [140275799503936] Successfully reloaded configuration.
[INFO] 2024-04-04 14:47:02.012 event-loop [140275799503936] id=0x55f2176564a0: Initializing edge-triggered epoll
[INFO] 2024-04-04 14:47:02.012 event-loop [140275799503936] id=0x55f2176564a0: Using eventfd for cross-thread notifications.
[INFO] 2024-04-04 14:47:02.012 event-loop [140275799503936] id=0x55f2176564a0: Starting event-loop thread.
[INFO] 2024-04-04 14:47:02.012 dns [140275799503936] id=0x55f21771c6d0: Initializing default host resolver with 8 max host entries.
[INFO] 2024-04-04 14:47:02.012 event-loop [140275791042304] id=0x55f2176564a0: main loop started
[INFO] 2024-04-04 14:47:02.012 event-loop [140275791042304] id=0x55f2176564a0: default timeout 100000, and max events to process per tick 100
[INFO] 2024-04-04 14:47:02.012 channel-bootstrap [140275799503936] id=0x55f21771c940: Initializing client bootstrap with event-loop group 0x55f21767ed30
[DEBUG] 2024-04-04 14:47:02.025 HttpClientFactory [140275799503936] Initializing Http Static State
[DEBUG] 2024-04-04 14:47:02.025 HttpClientFactory [140275799503936] Initializing Curl Http Client
[INFO] 2024-04-04 14:47:02.025 CurlHttpClient [140275799503936] Initializing Curl library with version: 7.68.0, ssl version: OpenSSL/1.1.1f
[INFO] 2024-04-04 14:47:02.026 EC2MetadataClient [140275799503936] Using IMDS endpoint: http://169.254.169.254
[DEBUG] 2024-04-04 14:47:02.026 ClientConfiguration [140275799503936] Request Compression enabled
[DEBUG] 2024-04-04 14:47:02.026 ClientConfiguration [140275799503936] ClientConfiguration will use MinReqCompression: 10240
[DEBUG] 2024-04-04 14:47:02.026 ClientConfiguration [140275799503936] ClientConfiguration will use SDK Auto Resolved profile: [default] if not specified by users.
[INFO] 2024-04-04 14:47:02.026 ClientConfiguration [140275799503936] Retry Strategy will use the default max attempts.
[INFO] 2024-04-04 14:47:02.026 EC2MetadataClient [140275799503936] Creating AWSHttpResourceClient with max connections 2 and scheme http
[INFO] 2024-04-04 14:47:02.026 CurlHandleContainer [140275799503936] Initializing CurlHandleContainer with size 2
[DEBUG] 2024-04-04 14:47:02.026 ClientConfiguration [140275799503936] Request Compression enabled
[DEBUG] 2024-04-04 14:47:02.026 ClientConfiguration [140275799503936] ClientConfiguration will use MinReqCompression: 10240
[DEBUG] 2024-04-04 14:47:02.026 ClientConfiguration [140275799503936] ClientConfiguration will use SDK Auto Resolved profile: [default] if not specified by users.
[INFO] 2024-04-04 14:47:02.026 ClientConfiguration [140275799503936] Retry Strategy will use the default max attempts.
[DEBUG] 2024-04-04 14:47:02.027 CurlHandleContainer [140275799503936] Attempting to acquire curl connection.
[DEBUG] 2024-04-04 14:47:02.027 CurlHandleContainer [140275799503936] No current connections available in pool. Attempting to create new connections.
[DEBUG] 2024-04-04 14:47:02.027 CurlHandleContainer [140275799503936] attempting to grow pool size by 2
[INFO] 2024-04-04 14:47:02.027 CurlHandleContainer [140275799503936] Pool grown by 2
[DEBUG] 2024-04-04 14:47:02.027 CurlHandleContainer [140275799503936] Connection has been released. Continuing.
[DEBUG] 2024-04-04 14:47:02.027 CurlHandleContainer [140275799503936] Returning connection handle 0x55f217825eb0
[DEBUG] 2024-04-04 14:47:02.027 CurlHttpClient [140275799503936] Obtained connection handle 0x55f217825eb0
[DEBUG] 2024-04-04 14:47:02.027 CURL [140275799503936] (Text)   Trying 169.254.169.254:80...

[DEBUG] 2024-04-04 14:47:02.027 CURL [140275799503936] (Text) TCP_NODELAY set

[DEBUG] 2024-04-04 14:47:03.028 CURL [140275799503936] (Text) Connection timed out after 1001 milliseconds

[DEBUG] 2024-04-04 14:47:03.028 CURL [140275799503936] (Text) Closing connection 0

[ERROR] 2024-04-04 14:47:03.028 CurlHttpClient [140275799503936] Curl returned error code 28 - Timeout was reached
[DEBUG] 2024-04-04 14:47:03.029 CurlHandleContainer [140275799503936] Destroy curl handle: 0x55f217825eb0
[DEBUG] 2024-04-04 14:47:03.029 CurlHandleContainer [140275799503936] Created replacement handle and released to pool: 0x55f217825eb0
[ERROR] 2024-04-04 14:47:03.029 EC2MetadataClient [140275799503936] Http request to retrieve credentials failed
[WARN] 2024-04-04 14:47:03.029 EC2MetadataClient [140275799503936] Request failed, now waiting 0 ms before attempting again.
[DEBUG] 2024-04-04 14:47:03.029 CurlHandleContainer [140275799503936] Attempting to acquire curl connection.
[DEBUG] 2024-04-04 14:47:03.029 CurlHandleContainer [140275799503936] Connection has been released. Continuing.
[DEBUG] 2024-04-04 14:47:03.029 CurlHandleContainer [140275799503936] Returning connection handle 0x55f217825eb0
[DEBUG] 2024-04-04 14:47:03.029 CurlHttpClient [140275799503936] Obtained connection handle 0x55f217825eb0
[DEBUG] 2024-04-04 14:47:03.029 CURL [140275799503936] (Text)   Trying 169.254.169.254:80...

[DEBUG] 2024-04-04 14:47:03.029 CURL [140275799503936] (Text) TCP_NODELAY set

[DEBUG] 2024-04-04 14:47:04.030 CURL [140275799503936] (Text) Connection timed out after 1001 milliseconds

[DEBUG] 2024-04-04 14:47:04.030 CURL [140275799503936] (Text) Closing connection 0

[ERROR] 2024-04-04 14:47:04.030 CurlHttpClient [140275799503936] Curl returned error code 28 - Timeout was reached
[DEBUG] 2024-04-04 14:47:04.031 CurlHandleContainer [140275799503936] Destroy curl handle: 0x55f217825eb0
[DEBUG] 2024-04-04 14:47:04.031 CurlHandleContainer [140275799503936] Created replacement handle and released to pool: 0x55f217825eb0
[ERROR] 2024-04-04 14:47:04.031 EC2MetadataClient [140275799503936] Http request to retrieve credentials failed
[ERROR] 2024-04-04 14:47:04.031 EC2MetadataClient [140275799503936] Can not retrieve resource from http://169.254.169.254/latest/api/token
[DEBUG] 2024-04-04 14:47:04.031 CurlHandleContainer [140275799503936] Attempting to acquire curl connection.
[DEBUG] 2024-04-04 14:47:04.031 CurlHandleContainer [140275799503936] Connection has been released. Continuing.
[DEBUG] 2024-04-04 14:47:04.031 CurlHandleContainer [140275799503936] Returning connection handle 0x55f217825eb0
[DEBUG] 2024-04-04 14:47:04.031 CurlHttpClient [140275799503936] Obtained connection handle 0x55f217825eb0
[DEBUG] 2024-04-04 14:47:04.031 CURL [140275799503936] (Text)   Trying 169.254.169.254:80...

[DEBUG] 2024-04-04 14:47:04.031 CURL [140275799503936] (Text) TCP_NODELAY set

[DEBUG] 2024-04-04 14:47:05.032 CURL [140275799503936] (Text) Connection timed out after 1001 milliseconds

[DEBUG] 2024-04-04 14:47:05.032 CURL [140275799503936] (Text) Closing connection 0

[ERROR] 2024-04-04 14:47:05.032 CurlHttpClient [140275799503936] Curl returned error code 28 - Timeout was reached
[DEBUG] 2024-04-04 14:47:05.032 CurlHandleContainer [140275799503936] Destroy curl handle: 0x55f217825eb0
[DEBUG] 2024-04-04 14:47:05.032 CurlHandleContainer [140275799503936] Created replacement handle and released to pool: 0x55f217825eb0
[ERROR] 2024-04-04 14:47:05.033 EC2MetadataClient [140275799503936] Http request to retrieve credentials failed
[WARN] 2024-04-04 14:47:05.033 EC2MetadataClient [140275799503936] Request failed, now waiting 0 ms before attempting again.
[DEBUG] 2024-04-04 14:47:05.033 CurlHandleContainer [140275799503936] Attempting to acquire curl connection.
[DEBUG] 2024-04-04 14:47:05.033 CurlHandleContainer [140275799503936] Connection has been released. Continuing.
[DEBUG] 2024-04-04 14:47:05.033 CurlHandleContainer [140275799503936] Returning connection handle 0x55f217825eb0
[DEBUG] 2024-04-04 14:47:05.033 CurlHttpClient [140275799503936] Obtained connection handle 0x55f217825eb0
[DEBUG] 2024-04-04 14:47:05.033 CURL [140275799503936] (Text)   Trying 169.254.169.254:80...

[DEBUG] 2024-04-04 14:47:05.033 CURL [140275799503936] (Text) TCP_NODELAY set

[DEBUG] 2024-04-04 14:47:06.034 CURL [140275799503936] (Text) Connection timed out after 1001 milliseconds

[DEBUG] 2024-04-04 14:47:06.034 CURL [140275799503936] (Text) Closing connection 0

[ERROR] 2024-04-04 14:47:06.034 CurlHttpClient [140275799503936] Curl returned error code 28 - Timeout was reached
[DEBUG] 2024-04-04 14:47:06.035 CurlHandleContainer [140275799503936] Destroy curl handle: 0x55f217825eb0
[DEBUG] 2024-04-04 14:47:06.035 CurlHandleContainer [140275799503936] Created replacement handle and released to pool: 0x55f217825eb0
[ERROR] 2024-04-04 14:47:06.035 EC2MetadataClient [140275799503936] Http request to retrieve credentials failed
[ERROR] 2024-04-04 14:47:06.035 EC2MetadataClient [140275799503936] Can not retrieve resource from http://169.254.169.254/latest/meta-data/iam/security-credentials
[DEBUG] 2024-04-04 14:47:06.035 CurlHandleContainer [140275799503936] Attempting to acquire curl connection.
[DEBUG] 2024-04-04 14:47:06.035 CurlHandleContainer [140275799503936] Connection has been released. Continuing.
[DEBUG] 2024-04-04 14:47:06.035 CurlHandleContainer [140275799503936] Returning connection handle 0x55f217825eb0
[DEBUG] 2024-04-04 14:47:06.035 CurlHttpClient [140275799503936] Obtained connection handle 0x55f217825eb0
[DEBUG] 2024-04-04 14:47:06.035 CURL [140275799503936] (Text)   Trying 169.254.169.254:80...

[DEBUG] 2024-04-04 14:47:06.035 CURL [140275799503936] (Text) TCP_NODELAY set

[INFO] 2024-04-04 14:49:53.217 Aws_Init_Cleanup [140713231144000] Initiate AWS SDK for C++ with Version:1.11.292
[DEBUG] 2024-04-04 14:49:53.218 FileSystemUtils [140713231144000] Environment value for variable HOME is /home/vcm
[DEBUG] 2024-04-04 14:49:53.218 FileSystemUtils [140713231144000] Home directory is missing the final / appending one to normalize
[DEBUG] 2024-04-04 14:49:53.218 FileSystemUtils [140713231144000] Final Home Directory is /home/vcm/
[INFO] 2024-04-04 14:49:53.218 Aws::Config::AWSConfigFileProfileConfigLoader [140713231144000] Initializing config loader against fileName /home/vcm/.aws/credentials and using profilePrefix = 0
[DEBUG] 2024-04-04 14:49:53.218 FileSystemUtils [140713231144000] Environment value for variable HOME is /home/vcm
[DEBUG] 2024-04-04 14:49:53.218 FileSystemUtils [140713231144000] Home directory is missing the final / appending one to normalize
[DEBUG] 2024-04-04 14:49:53.218 FileSystemUtils [140713231144000] Final Home Directory is /home/vcm/
[INFO] 2024-04-04 14:49:53.218 Aws::Config::AWSConfigFileProfileConfigLoader [140713231144000] Initializing config loader against fileName /home/vcm/.aws/config and using profilePrefix = 1
[DEBUG] 2024-04-04 14:49:53.218 FileSystemUtils [140713231144000] Environment value for variable HOME is /home/vcm
[DEBUG] 2024-04-04 14:49:53.218 FileSystemUtils [140713231144000] Home directory is missing the final / appending one to normalize
[DEBUG] 2024-04-04 14:49:53.218 FileSystemUtils [140713231144000] Final Home Directory is /home/vcm/
[INFO] 2024-04-04 14:49:53.218 Aws::Config::ConfigFileProfileFSM [140713231144000] Unknown property: aws_access_key_id in the profile: default
[INFO] 2024-04-04 14:49:53.218 Aws::Config::ConfigFileProfileFSM [140713231144000] Unknown property: aws_secret_access_key in the profile: default
[DEBUG] 2024-04-04 14:49:53.218 Aws::Config::ConfigFileProfileFSM [140713231144000] found access key AKIA47CRYQIYS3LH7YFY
[INFO] 2024-04-04 14:49:53.218 Aws::Config::AWSProfileConfigLoaderBase [140713231144000] Successfully reloaded configuration.
[DEBUG] 2024-04-04 14:49:53.218 FileSystemUtils [140713231144000] Environment value for variable HOME is /home/vcm
[DEBUG] 2024-04-04 14:49:53.218 FileSystemUtils [140713231144000] Home directory is missing the final / appending one to normalize
[DEBUG] 2024-04-04 14:49:53.218 FileSystemUtils [140713231144000] Final Home Directory is /home/vcm/
[INFO] 2024-04-04 14:49:53.218 Aws::Config::AWSProfileConfigLoaderBase [140713231144000] Successfully reloaded configuration.
[INFO] 2024-04-04 14:49:53.218 event-loop [140713231144000] id=0x55f3bef044a0: Initializing edge-triggered epoll
[INFO] 2024-04-04 14:49:53.218 event-loop [140713231144000] id=0x55f3bef044a0: Using eventfd for cross-thread notifications.
[INFO] 2024-04-04 14:49:53.218 event-loop [140713231144000] id=0x55f3bef044a0: Starting event-loop thread.
[INFO] 2024-04-04 14:49:53.218 dns [140713231144000] id=0x55f3befca6d0: Initializing default host resolver with 8 max host entries.
[INFO] 2024-04-04 14:49:53.218 event-loop [140713222682368] id=0x55f3bef044a0: main loop started
[INFO] 2024-04-04 14:49:53.218 channel-bootstrap [140713231144000] id=0x55f3befca940: Initializing client bootstrap with event-loop group 0x55f3bef2cd30
[INFO] 2024-04-04 14:49:53.218 event-loop [140713222682368] id=0x55f3bef044a0: default timeout 100000, and max events to process per tick 100
[DEBUG] 2024-04-04 14:49:53.231 HttpClientFactory [140713231144000] Initializing Http Static State
[DEBUG] 2024-04-04 14:49:53.231 HttpClientFactory [140713231144000] Initializing Curl Http Client
[INFO] 2024-04-04 14:49:53.231 CurlHttpClient [140713231144000] Initializing Curl library with version: 7.68.0, ssl version: OpenSSL/1.1.1f
[INFO] 2024-04-04 14:49:53.232 EC2MetadataClient [140713231144000] Using IMDS endpoint: http://169.254.169.254
[DEBUG] 2024-04-04 14:49:53.233 ClientConfiguration [140713231144000] Request Compression enabled
[DEBUG] 2024-04-04 14:49:53.233 ClientConfiguration [140713231144000] ClientConfiguration will use MinReqCompression: 10240
[DEBUG] 2024-04-04 14:49:53.233 ClientConfiguration [140713231144000] ClientConfiguration will use SDK Auto Resolved profile: [default] if not specified by users.
[INFO] 2024-04-04 14:49:53.233 ClientConfiguration [140713231144000] Retry Strategy will use the default max attempts.
[INFO] 2024-04-04 14:49:53.233 EC2MetadataClient [140713231144000] Creating AWSHttpResourceClient with max connections 2 and scheme http
[INFO] 2024-04-04 14:49:53.233 CurlHandleContainer [140713231144000] Initializing CurlHandleContainer with size 2
[DEBUG] 2024-04-04 14:49:53.233 ClientConfiguration [140713231144000] Request Compression enabled
[DEBUG] 2024-04-04 14:49:53.233 ClientConfiguration [140713231144000] ClientConfiguration will use MinReqCompression: 10240
[DEBUG] 2024-04-04 14:49:53.233 ClientConfiguration [140713231144000] ClientConfiguration will use SDK Auto Resolved profile: [default] if not specified by users.
[INFO] 2024-04-04 14:49:53.233 ClientConfiguration [140713231144000] Retry Strategy will use the default max attempts.
[DEBUG] 2024-04-04 14:49:53.233 CurlHandleContainer [140713231144000] Attempting to acquire curl connection.
[DEBUG] 2024-04-04 14:49:53.233 CurlHandleContainer [140713231144000] No current connections available in pool. Attempting to create new connections.
[DEBUG] 2024-04-04 14:49:53.233 CurlHandleContainer [140713231144000] attempting to grow pool size by 2
[INFO] 2024-04-04 14:49:53.233 CurlHandleContainer [140713231144000] Pool grown by 2
[DEBUG] 2024-04-04 14:49:53.233 CurlHandleContainer [140713231144000] Connection has been released. Continuing.
[DEBUG] 2024-04-04 14:49:53.233 CurlHandleContainer [140713231144000] Returning connection handle 0x55f3bf0d3eb0
[DEBUG] 2024-04-04 14:49:53.233 CurlHttpClient [140713231144000] Obtained connection handle 0x55f3bf0d3eb0
[DEBUG] 2024-04-04 14:49:53.233 CURL [140713231144000] (Text)   Trying 169.254.169.254:80...

[DEBUG] 2024-04-04 14:49:53.233 CURL [140713231144000] (Text) TCP_NODELAY set

[DEBUG] 2024-04-04 14:49:54.234 CURL [140713231144000] (Text) Connection timed out after 1000 milliseconds

[DEBUG] 2024-04-04 14:49:54.234 CURL [140713231144000] (Text) Closing connection 0

[ERROR] 2024-04-04 14:49:54.234 CurlHttpClient [140713231144000] Curl returned error code 28 - Timeout was reached
[DEBUG] 2024-04-04 14:49:54.234 CurlHandleContainer [140713231144000] Destroy curl handle: 0x55f3bf0d3eb0
[DEBUG] 2024-04-04 14:49:54.234 CurlHandleContainer [140713231144000] Created replacement handle and released to pool: 0x55f3bf0d3eb0
[ERROR] 2024-04-04 14:49:54.234 EC2MetadataClient [140713231144000] Http request to retrieve credentials failed
[WARN] 2024-04-04 14:49:54.234 EC2MetadataClient [140713231144000] Request failed, now waiting 0 ms before attempting again.
[DEBUG] 2024-04-04 14:49:54.234 CurlHandleContainer [140713231144000] Attempting to acquire curl connection.
[DEBUG] 2024-04-04 14:49:54.234 CurlHandleContainer [140713231144000] Connection has been released. Continuing.
[DEBUG] 2024-04-04 14:49:54.234 CurlHandleContainer [140713231144000] Returning connection handle 0x55f3bf0d3eb0
[DEBUG] 2024-04-04 14:49:54.234 CurlHttpClient [140713231144000] Obtained connection handle 0x55f3bf0d3eb0
[DEBUG] 2024-04-04 14:49:54.234 CURL [140713231144000] (Text)   Trying 169.254.169.254:80...

[DEBUG] 2024-04-04 14:49:54.234 CURL [140713231144000] (Text) TCP_NODELAY set

[DEBUG] 2024-04-04 14:49:55.235 CURL [140713231144000] (Text) Connection timed out after 1000 milliseconds

[DEBUG] 2024-04-04 14:49:55.235 CURL [140713231144000] (Text) Closing connection 0

[ERROR] 2024-04-04 14:49:55.235 CurlHttpClient [140713231144000] Curl returned error code 28 - Timeout was reached
[DEBUG] 2024-04-04 14:49:55.235 CurlHandleContainer [140713231144000] Destroy curl handle: 0x55f3bf0d3eb0
[DEBUG] 2024-04-04 14:49:55.235 CurlHandleContainer [140713231144000] Created replacement handle and released to pool: 0x55f3bf0d3eb0
[ERROR] 2024-04-04 14:49:55.235 EC2MetadataClient [140713231144000] Http request to retrieve credentials failed
[ERROR] 2024-04-04 14:49:55.235 EC2MetadataClient [140713231144000] Can not retrieve resource from http://169.254.169.254/latest/api/token
[DEBUG] 2024-04-04 14:49:55.235 CurlHandleContainer [140713231144000] Attempting to acquire curl connection.
[DEBUG] 2024-04-04 14:49:55.235 CurlHandleContainer [140713231144000] Connection has been released. Continuing.
[DEBUG] 2024-04-04 14:49:55.235 CurlHandleContainer [140713231144000] Returning connection handle 0x55f3bf0d3eb0
[DEBUG] 2024-04-04 14:49:55.235 CurlHttpClient [140713231144000] Obtained connection handle 0x55f3bf0d3eb0
[DEBUG] 2024-04-04 14:49:55.236 CURL [140713231144000] (Text)   Trying 169.254.169.254:80...

[DEBUG] 2024-04-04 14:49:55.236 CURL [140713231144000] (Text) TCP_NODELAY set

[DEBUG] 2024-04-04 14:49:56.236 CURL [140713231144000] (Text) Connection timed out after 1000 milliseconds

[DEBUG] 2024-04-04 14:49:56.236 CURL [140713231144000] (Text) Closing connection 0

[ERROR] 2024-04-04 14:49:56.236 CurlHttpClient [140713231144000] Curl returned error code 28 - Timeout was reached
[DEBUG] 2024-04-04 14:49:56.236 CurlHandleContainer [140713231144000] Destroy curl handle: 0x55f3bf0d3eb0
[DEBUG] 2024-04-04 14:49:56.236 CurlHandleContainer [140713231144000] Created replacement handle and released to pool: 0x55f3bf0d3eb0
[ERROR] 2024-04-04 14:49:56.236 EC2MetadataClient [140713231144000] Http request to retrieve credentials failed
[WARN] 2024-04-04 14:49:56.236 EC2MetadataClient [140713231144000] Request failed, now waiting 0 ms before attempting again.
[DEBUG] 2024-04-04 14:49:56.236 CurlHandleContainer [140713231144000] Attempting to acquire curl connection.
[DEBUG] 2024-04-04 14:49:56.236 CurlHandleContainer [140713231144000] Connection has been released. Continuing.
[DEBUG] 2024-04-04 14:49:56.236 CurlHandleContainer [140713231144000] Returning connection handle 0x55f3bf0d3eb0
[DEBUG] 2024-04-04 14:49:56.236 CurlHttpClient [140713231144000] Obtained connection handle 0x55f3bf0d3eb0
[DEBUG] 2024-04-04 14:49:56.236 CURL [140713231144000] (Text)   Trying 169.254.169.254:80...

[DEBUG] 2024-04-04 14:49:56.237 CURL [140713231144000] (Text) TCP_NODELAY set

[DEBUG] 2024-04-04 14:49:57.237 CURL [140713231144000] (Text) Connection timed out after 1000 milliseconds

[DEBUG] 2024-04-04 14:49:57.237 CURL [140713231144000] (Text) Closing connection 0

[ERROR] 2024-04-04 14:49:57.237 CurlHttpClient [140713231144000] Curl returned error code 28 - Timeout was reached
[DEBUG] 2024-04-04 14:49:57.237 CurlHandleContainer [140713231144000] Destroy curl handle: 0x55f3bf0d3eb0
[DEBUG] 2024-04-04 14:49:57.237 CurlHandleContainer [140713231144000] Created replacement handle and released to pool: 0x55f3bf0d3eb0
[ERROR] 2024-04-04 14:49:57.237 EC2MetadataClient [140713231144000] Http request to retrieve credentials failed
[ERROR] 2024-04-04 14:49:57.237 EC2MetadataClient [140713231144000] Can not retrieve resource from http://169.254.169.254/latest/meta-data/iam/security-credentials
[DEBUG] 2024-04-04 14:49:57.237 CurlHandleContainer [140713231144000] Attempting to acquire curl connection.
[DEBUG] 2024-04-04 14:49:57.237 CurlHandleContainer [140713231144000] Connection has been released. Continuing.
[DEBUG] 2024-04-04 14:49:57.237 CurlHandleContainer [140713231144000] Returning connection handle 0x55f3bf0d3eb0
[DEBUG] 2024-04-04 14:49:57.237 CurlHttpClient [140713231144000] Obtained connection handle 0x55f3bf0d3eb0
[DEBUG] 2024-04-04 14:49:57.237 CURL [140713231144000] (Text)   Trying 169.254.169.254:80...

[DEBUG] 2024-04-04 14:49:57.237 CURL [140713231144000] (Text) TCP_NODELAY set

[INFO] 2024-04-04 14:57:30.432 Aws_Init_Cleanup [139683818583104] Initiate AWS SDK for C++ with Version:1.11.292
[DEBUG] 2024-04-04 14:57:30.432 FileSystemUtils [139683818583104] Environment value for variable HOME is /home/vcm
[DEBUG] 2024-04-04 14:57:30.432 FileSystemUtils [139683818583104] Home directory is missing the final / appending one to normalize
[DEBUG] 2024-04-04 14:57:30.432 FileSystemUtils [139683818583104] Final Home Directory is /home/vcm/
[INFO] 2024-04-04 14:57:30.432 Aws::Config::AWSConfigFileProfileConfigLoader [139683818583104] Initializing config loader against fileName /home/vcm/.aws/credentials and using profilePrefix = 0
[DEBUG] 2024-04-04 14:57:30.432 FileSystemUtils [139683818583104] Environment value for variable HOME is /home/vcm
[DEBUG] 2024-04-04 14:57:30.432 FileSystemUtils [139683818583104] Home directory is missing the final / appending one to normalize
[DEBUG] 2024-04-04 14:57:30.432 FileSystemUtils [139683818583104] Final Home Directory is /home/vcm/
[INFO] 2024-04-04 14:57:30.432 Aws::Config::AWSConfigFileProfileConfigLoader [139683818583104] Initializing config loader against fileName /home/vcm/.aws/config and using profilePrefix = 1
[DEBUG] 2024-04-04 14:57:30.432 FileSystemUtils [139683818583104] Environment value for variable HOME is /home/vcm
[DEBUG] 2024-04-04 14:57:30.432 FileSystemUtils [139683818583104] Home directory is missing the final / appending one to normalize
[DEBUG] 2024-04-04 14:57:30.432 FileSystemUtils [139683818583104] Final Home Directory is /home/vcm/
[INFO] 2024-04-04 14:57:30.432 Aws::Config::ConfigFileProfileFSM [139683818583104] Unknown property: aws_access_key_id in the profile: default
[INFO] 2024-04-04 14:57:30.432 Aws::Config::ConfigFileProfileFSM [139683818583104] Unknown property: aws_secret_access_key in the profile: default
[DEBUG] 2024-04-04 14:57:30.432 Aws::Config::ConfigFileProfileFSM [139683818583104] found access key AKIA47CRYQIYS3LH7YFY
[INFO] 2024-04-04 14:57:30.433 Aws::Config::AWSProfileConfigLoaderBase [139683818583104] Successfully reloaded configuration.
[DEBUG] 2024-04-04 14:57:30.433 FileSystemUtils [139683818583104] Environment value for variable HOME is /home/vcm
[DEBUG] 2024-04-04 14:57:30.433 FileSystemUtils [139683818583104] Home directory is missing the final / appending one to normalize
[DEBUG] 2024-04-04 14:57:30.433 FileSystemUtils [139683818583104] Final Home Directory is /home/vcm/
[INFO] 2024-04-04 14:57:30.433 Aws::Config::AWSProfileConfigLoaderBase [139683818583104] Successfully reloaded configuration.
[INFO] 2024-04-04 14:57:30.433 event-loop [139683818583104] id=0x55e32c9d44a0: Initializing edge-triggered epoll
[INFO] 2024-04-04 14:57:30.433 event-loop [139683818583104] id=0x55e32c9d44a0: Using eventfd for cross-thread notifications.
[INFO] 2024-04-04 14:57:30.433 event-loop [139683818583104] id=0x55e32c9d44a0: Starting event-loop thread.
[INFO] 2024-04-04 14:57:30.433 dns [139683818583104] id=0x55e32ca9a6d0: Initializing default host resolver with 8 max host entries.
[INFO] 2024-04-04 14:57:30.433 event-loop [139683810121472] id=0x55e32c9d44a0: main loop started
[INFO] 2024-04-04 14:57:30.433 event-loop [139683810121472] id=0x55e32c9d44a0: default timeout 100000, and max events to process per tick 100
[INFO] 2024-04-04 14:57:30.433 channel-bootstrap [139683818583104] id=0x55e32ca9a940: Initializing client bootstrap with event-loop group 0x55e32c9fcd30
[DEBUG] 2024-04-04 14:57:30.446 HttpClientFactory [139683818583104] Initializing Http Static State
[DEBUG] 2024-04-04 14:57:30.446 HttpClientFactory [139683818583104] Initializing Curl Http Client
[INFO] 2024-04-04 14:57:30.446 CurlHttpClient [139683818583104] Initializing Curl library with version: 7.68.0, ssl version: OpenSSL/1.1.1f
[INFO] 2024-04-04 14:57:30.446 EC2MetadataClient [139683818583104] Using IMDS endpoint: http://169.254.169.254
[DEBUG] 2024-04-04 14:57:30.447 ClientConfiguration [139683818583104] Request Compression enabled
[DEBUG] 2024-04-04 14:57:30.447 ClientConfiguration [139683818583104] ClientConfiguration will use MinReqCompression: 10240
[DEBUG] 2024-04-04 14:57:30.447 ClientConfiguration [139683818583104] ClientConfiguration will use SDK Auto Resolved profile: [default] if not specified by users.
[INFO] 2024-04-04 14:57:30.447 ClientConfiguration [139683818583104] Retry Strategy will use the default max attempts.
[INFO] 2024-04-04 14:57:30.447 EC2MetadataClient [139683818583104] Creating AWSHttpResourceClient with max connections 2 and scheme http
[INFO] 2024-04-04 14:57:30.447 CurlHandleContainer [139683818583104] Initializing CurlHandleContainer with size 2
[DEBUG] 2024-04-04 14:57:30.447 ClientConfiguration [139683818583104] Request Compression enabled
[DEBUG] 2024-04-04 14:57:30.447 ClientConfiguration [139683818583104] ClientConfiguration will use MinReqCompression: 10240
[DEBUG] 2024-04-04 14:57:30.447 ClientConfiguration [139683818583104] ClientConfiguration will use SDK Auto Resolved profile: [default] if not specified by users.
[INFO] 2024-04-04 14:57:30.447 ClientConfiguration [139683818583104] Retry Strategy will use the default max attempts.
[DEBUG] 2024-04-04 14:57:30.448 CurlHandleContainer [139683818583104] Attempting to acquire curl connection.
[DEBUG] 2024-04-04 14:57:30.448 CurlHandleContainer [139683818583104] No current connections available in pool. Attempting to create new connections.
[DEBUG] 2024-04-04 14:57:30.448 CurlHandleContainer [139683818583104] attempting to grow pool size by 2
[INFO] 2024-04-04 14:57:30.448 CurlHandleContainer [139683818583104] Pool grown by 2
[DEBUG] 2024-04-04 14:57:30.448 CurlHandleContainer [139683818583104] Connection has been released. Continuing.
[DEBUG] 2024-04-04 14:57:30.448 CurlHandleContainer [139683818583104] Returning connection handle 0x55e32cba3eb0
[DEBUG] 2024-04-04 14:57:30.448 CurlHttpClient [139683818583104] Obtained connection handle 0x55e32cba3eb0
[DEBUG] 2024-04-04 14:57:30.448 CURL [139683818583104] (Text)   Trying 169.254.169.254:80...

[DEBUG] 2024-04-04 14:57:30.448 CURL [139683818583104] (Text) TCP_NODELAY set

[DEBUG] 2024-04-04 14:57:31.448 CURL [139683818583104] (Text) Connection timed out after 1000 milliseconds

[DEBUG] 2024-04-04 14:57:31.448 CURL [139683818583104] (Text) Closing connection 0

[ERROR] 2024-04-04 14:57:31.449 CurlHttpClient [139683818583104] Curl returned error code 28 - Timeout was reached
[DEBUG] 2024-04-04 14:57:31.449 CurlHandleContainer [139683818583104] Destroy curl handle: 0x55e32cba3eb0
[DEBUG] 2024-04-04 14:57:31.449 CurlHandleContainer [139683818583104] Created replacement handle and released to pool: 0x55e32cba3eb0
[ERROR] 2024-04-04 14:57:31.449 EC2MetadataClient [139683818583104] Http request to retrieve credentials failed
[WARN] 2024-04-04 14:57:31.449 EC2MetadataClient [139683818583104] Request failed, now waiting 0 ms before attempting again.
[DEBUG] 2024-04-04 14:57:31.449 CurlHandleContainer [139683818583104] Attempting to acquire curl connection.
[DEBUG] 2024-04-04 14:57:31.449 CurlHandleContainer [139683818583104] Connection has been released. Continuing.
[DEBUG] 2024-04-04 14:57:31.449 CurlHandleContainer [139683818583104] Returning connection handle 0x55e32cba3eb0
[DEBUG] 2024-04-04 14:57:31.449 CurlHttpClient [139683818583104] Obtained connection handle 0x55e32cba3eb0
[DEBUG] 2024-04-04 14:57:31.449 CURL [139683818583104] (Text)   Trying 169.254.169.254:80...

[DEBUG] 2024-04-04 14:57:31.449 CURL [139683818583104] (Text) TCP_NODELAY set

[DEBUG] 2024-04-04 14:57:32.450 CURL [139683818583104] (Text) Connection timed out after 1000 milliseconds

[DEBUG] 2024-04-04 14:57:32.450 CURL [139683818583104] (Text) Closing connection 0

[ERROR] 2024-04-04 14:57:32.450 CurlHttpClient [139683818583104] Curl returned error code 28 - Timeout was reached
[DEBUG] 2024-04-04 14:57:32.450 CurlHandleContainer [139683818583104] Destroy curl handle: 0x55e32cba3eb0
[DEBUG] 2024-04-04 14:57:32.450 CurlHandleContainer [139683818583104] Created replacement handle and released to pool: 0x55e32cba3eb0
[ERROR] 2024-04-04 14:57:32.450 EC2MetadataClient [139683818583104] Http request to retrieve credentials failed
[ERROR] 2024-04-04 14:57:32.450 EC2MetadataClient [139683818583104] Can not retrieve resource from http://169.254.169.254/latest/api/token
[DEBUG] 2024-04-04 14:57:32.451 CurlHandleContainer [139683818583104] Attempting to acquire curl connection.
[DEBUG] 2024-04-04 14:57:32.451 CurlHandleContainer [139683818583104] Connection has been released. Continuing.
[DEBUG] 2024-04-04 14:57:32.451 CurlHandleContainer [139683818583104] Returning connection handle 0x55e32cba3eb0
[DEBUG] 2024-04-04 14:57:32.451 CurlHttpClient [139683818583104] Obtained connection handle 0x55e32cba3eb0
[DEBUG] 2024-04-04 14:57:32.451 CURL [139683818583104] (Text)   Trying 169.254.169.254:80...

[DEBUG] 2024-04-04 14:57:32.451 CURL [139683818583104] (Text) TCP_NODELAY set

[DEBUG] 2024-04-04 14:57:33.452 CURL [139683818583104] (Text) Connection timed out after 1001 milliseconds

[DEBUG] 2024-04-04 14:57:33.452 CURL [139683818583104] (Text) Closing connection 0

[ERROR] 2024-04-04 14:57:33.452 CurlHttpClient [139683818583104] Curl returned error code 28 - Timeout was reached
[DEBUG] 2024-04-04 14:57:33.452 CurlHandleContainer [139683818583104] Destroy curl handle: 0x55e32cba3eb0
[DEBUG] 2024-04-04 14:57:33.452 CurlHandleContainer [139683818583104] Created replacement handle and released to pool: 0x55e32cba3eb0
[ERROR] 2024-04-04 14:57:33.452 EC2MetadataClient [139683818583104] Http request to retrieve credentials failed
[WARN] 2024-04-04 14:57:33.452 EC2MetadataClient [139683818583104] Request failed, now waiting 0 ms before attempting again.
[DEBUG] 2024-04-04 14:57:33.452 CurlHandleContainer [139683818583104] Attempting to acquire curl connection.
[DEBUG] 2024-04-04 14:57:33.452 CurlHandleContainer [139683818583104] Connection has been released. Continuing.
[DEBUG] 2024-04-04 14:57:33.452 CurlHandleContainer [139683818583104] Returning connection handle 0x55e32cba3eb0
[DEBUG] 2024-04-04 14:57:33.452 CurlHttpClient [139683818583104] Obtained connection handle 0x55e32cba3eb0
[DEBUG] 2024-04-04 14:57:33.452 CURL [139683818583104] (Text)   Trying 169.254.169.254:80...

[DEBUG] 2024-04-04 14:57:33.453 CURL [139683818583104] (Text) TCP_NODELAY set

[DEBUG] 2024-04-04 14:57:34.454 CURL [139683818583104] (Text) Connection timed out after 1001 milliseconds

[DEBUG] 2024-04-04 14:57:34.454 CURL [139683818583104] (Text) Closing connection 0

[ERROR] 2024-04-04 14:57:34.454 CurlHttpClient [139683818583104] Curl returned error code 28 - Timeout was reached
[DEBUG] 2024-04-04 14:57:34.454 CurlHandleContainer [139683818583104] Destroy curl handle: 0x55e32cba3eb0
[DEBUG] 2024-04-04 14:57:34.454 CurlHandleContainer [139683818583104] Created replacement handle and released to pool: 0x55e32cba3eb0
[ERROR] 2024-04-04 14:57:34.454 EC2MetadataClient [139683818583104] Http request to retrieve credentials failed
[ERROR] 2024-04-04 14:57:34.454 EC2MetadataClient [139683818583104] Can not retrieve resource from http://169.254.169.254/latest/meta-data/iam/security-credentials
[DEBUG] 2024-04-04 14:57:34.454 CurlHandleContainer [139683818583104] Attempting to acquire curl connection.
[DEBUG] 2024-04-04 14:57:34.454 CurlHandleContainer [139683818583104] Connection has been released. Continuing.
[DEBUG] 2024-04-04 14:57:34.454 CurlHandleContainer [139683818583104] Returning connection handle 0x55e32cba3eb0
[DEBUG] 2024-04-04 14:57:34.454 CurlHttpClient [139683818583104] Obtained connection handle 0x55e32cba3eb0
[DEBUG] 2024-04-04 14:57:34.454 CURL [139683818583104] (Text)   Trying 169.254.169.254:80...

[DEBUG] 2024-04-04 14:57:34.454 CURL [139683818583104] (Text) TCP_NODELAY set

