[INFO] 2024-03-30 02:01:49.362 Aws_Init_Cleanup [140707603915840] Initiate AWS SDK for C++ with Version:1.11.282
[DEBUG] 2024-03-30 02:01:49.362 FileSystemUtils [140707603915840] Environment value for variable HOME is /home/vcm
[DEBUG] 2024-03-30 02:01:49.362 FileSystemUtils [140707603915840] Home directory is missing the final / appending one to normalize
[DEBUG] 2024-03-30 02:01:49.362 FileSystemUtils [140707603915840] Final Home Directory is /home/vcm/
[INFO] 2024-03-30 02:01:49.362 Aws::Config::AWSConfigFileProfileConfigLoader [140707603915840] Initializing config loader against fileName /home/vcm/.aws/credentials and using profilePrefix = 0
[DEBUG] 2024-03-30 02:01:49.362 FileSystemUtils [140707603915840] Environment value for variable HOME is /home/vcm
[DEBUG] 2024-03-30 02:01:49.362 FileSystemUtils [140707603915840] Home directory is missing the final / appending one to normalize
[DEBUG] 2024-03-30 02:01:49.362 FileSystemUtils [140707603915840] Final Home Directory is /home/vcm/
[INFO] 2024-03-30 02:01:49.362 Aws::Config::AWSConfigFileProfileConfigLoader [140707603915840] Initializing config loader against fileName /home/vcm/.aws/config and using profilePrefix = 1
[DEBUG] 2024-03-30 02:01:49.362 FileSystemUtils [140707603915840] Environment value for variable HOME is /home/vcm
[DEBUG] 2024-03-30 02:01:49.362 FileSystemUtils [140707603915840] Home directory is missing the final / appending one to normalize
[DEBUG] 2024-03-30 02:01:49.362 FileSystemUtils [140707603915840] Final Home Directory is /home/vcm/
[INFO] 2024-03-30 02:01:49.362 Aws::Config::ConfigFileProfileFSM [140707603915840] Unknown property: aws_access_key_id in the profile: default
[INFO] 2024-03-30 02:01:49.362 Aws::Config::ConfigFileProfileFSM [140707603915840] Unknown property: aws_secret_access_key in the profile: default
[DEBUG] 2024-03-30 02:01:49.362 Aws::Config::ConfigFileProfileFSM [140707603915840] found access key AKIAXYKJVWUMV5VJDJWU
[INFO] 2024-03-30 02:01:49.362 Aws::Config::AWSProfileConfigLoaderBase [140707603915840] Successfully reloaded configuration.
[DEBUG] 2024-03-30 02:01:49.362 FileSystemUtils [140707603915840] Environment value for variable HOME is /home/vcm
[DEBUG] 2024-03-30 02:01:49.362 FileSystemUtils [140707603915840] Home directory is missing the final / appending one to normalize
[DEBUG] 2024-03-30 02:01:49.362 FileSystemUtils [140707603915840] Final Home Directory is /home/vcm/
[INFO] 2024-03-30 02:01:49.362 Aws::Config::AWSConfigFileProfileConfigLoader [140707603915840] Unable to open config file /home/vcm/.aws/config for reading.
[INFO] 2024-03-30 02:01:49.362 Aws::Config::AWSProfileConfigLoaderBase [140707603915840] Failed to reload configuration.
[INFO] 2024-03-30 02:01:49.362 event-loop [140707603915840] id=0x562222b49d80: Initializing edge-triggered epoll
[INFO] 2024-03-30 02:01:49.362 event-loop [140707603915840] id=0x562222b49d80: Using eventfd for cross-thread notifications.
[INFO] 2024-03-30 02:01:49.362 event-loop [140707603915840] id=0x562222b49d80: Starting event-loop thread.
[INFO] 2024-03-30 02:01:49.363 event-loop [140707603915840] id=0x562222aebb10: Initializing edge-triggered epoll
[INFO] 2024-03-30 02:01:49.363 event-loop [140707603915840] id=0x562222aebb10: Using eventfd for cross-thread notifications.
[INFO] 2024-03-30 02:01:49.363 event-loop [140707603915840] id=0x562222aebb10: Starting event-loop thread.
[INFO] 2024-03-30 02:01:49.363 dns [140707603915840] id=0x562222bc68f0: Initializing default host resolver with 8 max host entries.
[INFO] 2024-03-30 02:01:49.363 event-loop [140707595454016] id=0x562222b49d80: main loop started
[INFO] 2024-03-30 02:01:49.363 event-loop [140707587061312] id=0x562222aebb10: main loop started
[INFO] 2024-03-30 02:01:49.363 event-loop [140707595454016] id=0x562222b49d80: default timeout 100000, and max events to process per tick 100
[INFO] 2024-03-30 02:01:49.363 event-loop [140707587061312] id=0x562222aebb10: default timeout 100000, and max events to process per tick 100
[INFO] 2024-03-30 02:01:49.363 channel-bootstrap [140707603915840] id=0x562222bc6b40: Initializing client bootstrap with event-loop group 0x562222ba7250
[DEBUG] 2024-03-30 02:01:49.442 HttpClientFactory [140707603915840] Initializing Http Static State
[DEBUG] 2024-03-30 02:01:49.442 HttpClientFactory [140707603915840] Initializing Curl Http Client
[INFO] 2024-03-30 02:01:49.442 CurlHttpClient [140707603915840] Initializing Curl library with version: 7.81.0, ssl version: OpenSSL/3.0.2
[INFO] 2024-03-30 02:01:49.442 EC2MetadataClient [140707603915840] Using IMDS endpoint: http://169.254.169.254
[DEBUG] 2024-03-30 02:01:49.442 ClientConfiguration [140707603915840] Request Compression enabled
[DEBUG] 2024-03-30 02:01:49.442 ClientConfiguration [140707603915840] ClientConfiguration will use MinReqCompression: 10240
[DEBUG] 2024-03-30 02:01:49.442 ClientConfiguration [140707603915840] ClientConfiguration will use SDK Auto Resolved profile: [default] if not specified by users.
[INFO] 2024-03-30 02:01:49.442 ClientConfiguration [140707603915840] Retry Strategy will use the default max attempts.
[INFO] 2024-03-30 02:01:49.442 EC2MetadataClient [140707603915840] Creating AWSHttpResourceClient with max connections 2 and scheme http
[INFO] 2024-03-30 02:01:49.442 CurlHandleContainer [140707603915840] Initializing CurlHandleContainer with size 2
[DEBUG] 2024-03-30 02:01:49.443 ClientConfiguration [140707603915840] Request Compression enabled
[DEBUG] 2024-03-30 02:01:49.443 ClientConfiguration [140707603915840] ClientConfiguration will use MinReqCompression: 10240
[DEBUG] 2024-03-30 02:01:49.443 ClientConfiguration [140707603915840] ClientConfiguration will use SDK Auto Resolved profile: [default] if not specified by users.
[INFO] 2024-03-30 02:01:49.443 ClientConfiguration [140707603915840] Retry Strategy will use the default max attempts.
[DEBUG] 2024-03-30 02:01:49.443 CurlHandleContainer [140707603915840] Attempting to acquire curl connection.
[DEBUG] 2024-03-30 02:01:49.443 CurlHandleContainer [140707603915840] No current connections available in pool. Attempting to create new connections.
[DEBUG] 2024-03-30 02:01:49.443 CurlHandleContainer [140707603915840] attempting to grow pool size by 2
[INFO] 2024-03-30 02:01:49.443 CurlHandleContainer [140707603915840] Pool grown by 2
[DEBUG] 2024-03-30 02:01:49.443 CurlHandleContainer [140707603915840] Connection has been released. Continuing.
[DEBUG] 2024-03-30 02:01:49.443 CurlHandleContainer [140707603915840] Returning connection handle 0x562222cdd820
[DEBUG] 2024-03-30 02:01:49.443 CurlHttpClient [140707603915840] Obtained connection handle 0x562222cdd820
[DEBUG] 2024-03-30 02:01:49.443 CURL [140707603915840] (Text)   Trying 169.254.169.254:80...

[DEBUG] 2024-03-30 02:01:50.444 CURL [140707603915840] (Text) After 1000ms connect time, move on!

[DEBUG] 2024-03-30 02:01:50.444 CURL [140707603915840] (Text) connect to 169.254.169.254 port 80 failed: Connection timed out

[DEBUG] 2024-03-30 02:01:50.444 CURL [140707603915840] (Text) Connection timeout after 1001 ms

[DEBUG] 2024-03-30 02:01:50.444 CURL [140707603915840] (Text) Closing connection 0

[ERROR] 2024-03-30 02:01:50.444 CurlHttpClient [140707603915840] Curl returned error code 28 - Timeout was reached
[DEBUG] 2024-03-30 02:01:50.445 CurlHandleContainer [140707603915840] Destroy curl handle: 0x562222cdd820
[DEBUG] 2024-03-30 02:01:50.445 CurlHandleContainer [140707603915840] Created replacement handle and released to pool: 0x562222cdd820
[ERROR] 2024-03-30 02:01:50.445 EC2MetadataClient [140707603915840] Http request to retrieve credentials failed
[WARN] 2024-03-30 02:01:50.445 EC2MetadataClient [140707603915840] Request failed, now waiting 0 ms before attempting again.
[DEBUG] 2024-03-30 02:01:50.446 CurlHandleContainer [140707603915840] Attempting to acquire curl connection.
[DEBUG] 2024-03-30 02:01:50.446 CurlHandleContainer [140707603915840] Connection has been released. Continuing.
[DEBUG] 2024-03-30 02:01:50.446 CurlHandleContainer [140707603915840] Returning connection handle 0x562222cdd820
[DEBUG] 2024-03-30 02:01:50.446 CurlHttpClient [140707603915840] Obtained connection handle 0x562222cdd820
[DEBUG] 2024-03-30 02:01:50.446 CURL [140707603915840] (Text)   Trying 169.254.169.254:80...

[DEBUG] 2024-03-30 02:01:51.447 CURL [140707603915840] (Text) After 1000ms connect time, move on!

[DEBUG] 2024-03-30 02:01:51.447 CURL [140707603915840] (Text) connect to 169.254.169.254 port 80 failed: Connection timed out

[DEBUG] 2024-03-30 02:01:51.447 CURL [140707603915840] (Text) Connection timeout after 1001 ms

[DEBUG] 2024-03-30 02:01:51.447 CURL [140707603915840] (Text) Closing connection 0

[ERROR] 2024-03-30 02:01:51.447 CurlHttpClient [140707603915840] Curl returned error code 28 - Timeout was reached
[DEBUG] 2024-03-30 02:01:51.447 CurlHandleContainer [140707603915840] Destroy curl handle: 0x562222cdd820
[DEBUG] 2024-03-30 02:01:51.447 CurlHandleContainer [140707603915840] Created replacement handle and released to pool: 0x562222cdd820
[ERROR] 2024-03-30 02:01:51.447 EC2MetadataClient [140707603915840] Http request to retrieve credentials failed
[ERROR] 2024-03-30 02:01:51.448 EC2MetadataClient [140707603915840] Can not retrieve resource from http://169.254.169.254/latest/api/token
[DEBUG] 2024-03-30 02:01:51.448 CurlHandleContainer [140707603915840] Attempting to acquire curl connection.
[DEBUG] 2024-03-30 02:01:51.448 CurlHandleContainer [140707603915840] Connection has been released. Continuing.
[DEBUG] 2024-03-30 02:01:51.448 CurlHandleContainer [140707603915840] Returning connection handle 0x562222cdd820
[DEBUG] 2024-03-30 02:01:51.448 CurlHttpClient [140707603915840] Obtained connection handle 0x562222cdd820
[DEBUG] 2024-03-30 02:01:51.448 CURL [140707603915840] (Text)   Trying 169.254.169.254:80...

[DEBUG] 2024-03-30 02:01:52.449 CURL [140707603915840] (Text) After 1000ms connect time, move on!

[DEBUG] 2024-03-30 02:01:52.449 CURL [140707603915840] (Text) connect to 169.254.169.254 port 80 failed: Connection timed out

[DEBUG] 2024-03-30 02:01:52.449 CURL [140707603915840] (Text) Connection timeout after 1001 ms

[DEBUG] 2024-03-30 02:01:52.449 CURL [140707603915840] (Text) Closing connection 0

[ERROR] 2024-03-30 02:01:52.449 CurlHttpClient [140707603915840] Curl returned error code 28 - Timeout was reached
[DEBUG] 2024-03-30 02:01:52.449 CurlHandleContainer [140707603915840] Destroy curl handle: 0x562222cdd820
[DEBUG] 2024-03-30 02:01:52.449 CurlHandleContainer [140707603915840] Created replacement handle and released to pool: 0x562222cdd820
[ERROR] 2024-03-30 02:01:52.449 EC2MetadataClient [140707603915840] Http request to retrieve credentials failed
[WARN] 2024-03-30 02:01:52.449 EC2MetadataClient [140707603915840] Request failed, now waiting 0 ms before attempting again.
[DEBUG] 2024-03-30 02:01:52.449 CurlHandleContainer [140707603915840] Attempting to acquire curl connection.
[DEBUG] 2024-03-30 02:01:52.449 CurlHandleContainer [140707603915840] Connection has been released. Continuing.
[DEBUG] 2024-03-30 02:01:52.449 CurlHandleContainer [140707603915840] Returning connection handle 0x562222cdd820
[DEBUG] 2024-03-30 02:01:52.449 CurlHttpClient [140707603915840] Obtained connection handle 0x562222cdd820
[DEBUG] 2024-03-30 02:01:52.449 CURL [140707603915840] (Text)   Trying 169.254.169.254:80...

[DEBUG] 2024-03-30 02:01:53.451 CURL [140707603915840] (Text) After 1000ms connect time, move on!

[DEBUG] 2024-03-30 02:01:53.451 CURL [140707603915840] (Text) connect to 169.254.169.254 port 80 failed: Connection timed out

[DEBUG] 2024-03-30 02:01:53.451 CURL [140707603915840] (Text) Connection timeout after 1001 ms

[DEBUG] 2024-03-30 02:01:53.451 CURL [140707603915840] (Text) Closing connection 0

[ERROR] 2024-03-30 02:01:53.451 CurlHttpClient [140707603915840] Curl returned error code 28 - Timeout was reached
[DEBUG] 2024-03-30 02:01:53.451 CurlHandleContainer [140707603915840] Destroy curl handle: 0x562222cdd820
[DEBUG] 2024-03-30 02:01:53.451 CurlHandleContainer [140707603915840] Created replacement handle and released to pool: 0x562222cdd820
[ERROR] 2024-03-30 02:01:53.451 EC2MetadataClient [140707603915840] Http request to retrieve credentials failed
[ERROR] 2024-03-30 02:01:53.451 EC2MetadataClient [140707603915840] Can not retrieve resource from http://169.254.169.254/latest/meta-data/iam/security-credentials
[DEBUG] 2024-03-30 02:01:53.451 CurlHandleContainer [140707603915840] Attempting to acquire curl connection.
[DEBUG] 2024-03-30 02:01:53.451 CurlHandleContainer [140707603915840] Connection has been released. Continuing.
[DEBUG] 2024-03-30 02:01:53.451 CurlHandleContainer [140707603915840] Returning connection handle 0x562222cdd820
[DEBUG] 2024-03-30 02:01:53.451 CurlHttpClient [140707603915840] Obtained connection handle 0x562222cdd820
[DEBUG] 2024-03-30 02:01:53.451 CURL [140707603915840] (Text)   Trying 169.254.169.254:80...

