[INFO] 2024-04-04 15:05:53.496 Aws_Init_Cleanup [140291679167552] Initiate AWS SDK for C++ with Version:1.11.292
[DEBUG] 2024-04-04 15:05:53.496 FileSystemUtils [140291679167552] Environment value for variable HOME is /home/vcm
[DEBUG] 2024-04-04 15:05:53.496 FileSystemUtils [140291679167552] Home directory is missing the final / appending one to normalize
[DEBUG] 2024-04-04 15:05:53.496 FileSystemUtils [140291679167552] Final Home Directory is /home/vcm/
[INFO] 2024-04-04 15:05:53.496 Aws::Config::AWSConfigFileProfileConfigLoader [140291679167552] Initializing config loader against fileName /home/vcm/.aws/credentials and using profilePrefix = 0
[DEBUG] 2024-04-04 15:05:53.496 FileSystemUtils [140291679167552] Environment value for variable HOME is /home/vcm
[DEBUG] 2024-04-04 15:05:53.496 FileSystemUtils [140291679167552] Home directory is missing the final / appending one to normalize
[DEBUG] 2024-04-04 15:05:53.496 FileSystemUtils [140291679167552] Final Home Directory is /home/vcm/
[INFO] 2024-04-04 15:05:53.496 Aws::Config::AWSConfigFileProfileConfigLoader [140291679167552] Initializing config loader against fileName /home/vcm/.aws/config and using profilePrefix = 1
[DEBUG] 2024-04-04 15:05:53.496 FileSystemUtils [140291679167552] Environment value for variable HOME is /home/vcm
[DEBUG] 2024-04-04 15:05:53.496 FileSystemUtils [140291679167552] Home directory is missing the final / appending one to normalize
[DEBUG] 2024-04-04 15:05:53.496 FileSystemUtils [140291679167552] Final Home Directory is /home/vcm/
[INFO] 2024-04-04 15:05:53.496 Aws::Config::ConfigFileProfileFSM [140291679167552] Unknown property: aws_access_key_id in the profile: default
[INFO] 2024-04-04 15:05:53.496 Aws::Config::ConfigFileProfileFSM [140291679167552] Unknown property: aws_secret_access_key in the profile: default
[DEBUG] 2024-04-04 15:05:53.496 Aws::Config::ConfigFileProfileFSM [140291679167552] found access key AKIA47CRYQIYS3LH7YFY
[INFO] 2024-04-04 15:05:53.496 Aws::Config::AWSProfileConfigLoaderBase [140291679167552] Successfully reloaded configuration.
[DEBUG] 2024-04-04 15:05:53.496 FileSystemUtils [140291679167552] Environment value for variable HOME is /home/vcm
[DEBUG] 2024-04-04 15:05:53.496 FileSystemUtils [140291679167552] Home directory is missing the final / appending one to normalize
[DEBUG] 2024-04-04 15:05:53.496 FileSystemUtils [140291679167552] Final Home Directory is /home/vcm/
[INFO] 2024-04-04 15:05:53.496 Aws::Config::AWSProfileConfigLoaderBase [140291679167552] Successfully reloaded configuration.
[INFO] 2024-04-04 15:05:53.496 event-loop [140291679167552] id=0x56230e1824a0: Initializing edge-triggered epoll
[INFO] 2024-04-04 15:05:53.496 event-loop [140291679167552] id=0x56230e1824a0: Using eventfd for cross-thread notifications.
[INFO] 2024-04-04 15:05:53.497 event-loop [140291679167552] id=0x56230e1824a0: Starting event-loop thread.
[INFO] 2024-04-04 15:05:53.497 dns [140291679167552] id=0x56230e2486d0: Initializing default host resolver with 8 max host entries.
[INFO] 2024-04-04 15:05:53.497 event-loop [140291670705920] id=0x56230e1824a0: main loop started
[INFO] 2024-04-04 15:05:53.497 event-loop [140291670705920] id=0x56230e1824a0: default timeout 100000, and max events to process per tick 100
[INFO] 2024-04-04 15:05:53.497 channel-bootstrap [140291679167552] id=0x56230e248940: Initializing client bootstrap with event-loop group 0x56230e1aad30
[DEBUG] 2024-04-04 15:05:53.509 HttpClientFactory [140291679167552] Initializing Http Static State
[DEBUG] 2024-04-04 15:05:53.509 HttpClientFactory [140291679167552] Initializing Curl Http Client
[INFO] 2024-04-04 15:05:53.509 CurlHttpClient [140291679167552] Initializing Curl library with version: 7.68.0, ssl version: OpenSSL/1.1.1f
[INFO] 2024-04-04 15:05:53.510 EC2MetadataClient [140291679167552] Using IMDS endpoint: http://169.254.169.254
[DEBUG] 2024-04-04 15:05:53.510 ClientConfiguration [140291679167552] Request Compression enabled
[DEBUG] 2024-04-04 15:05:53.510 ClientConfiguration [140291679167552] ClientConfiguration will use MinReqCompression: 10240
[DEBUG] 2024-04-04 15:05:53.510 ClientConfiguration [140291679167552] ClientConfiguration will use SDK Auto Resolved profile: [default] if not specified by users.
[INFO] 2024-04-04 15:05:53.510 ClientConfiguration [140291679167552] Retry Strategy will use the default max attempts.
[INFO] 2024-04-04 15:05:53.511 EC2MetadataClient [140291679167552] Creating AWSHttpResourceClient with max connections 2 and scheme http
[INFO] 2024-04-04 15:05:53.511 CurlHandleContainer [140291679167552] Initializing CurlHandleContainer with size 2
[DEBUG] 2024-04-04 15:05:53.511 ClientConfiguration [140291679167552] Request Compression enabled
[DEBUG] 2024-04-04 15:05:53.511 ClientConfiguration [140291679167552] ClientConfiguration will use MinReqCompression: 10240
[DEBUG] 2024-04-04 15:05:53.511 ClientConfiguration [140291679167552] ClientConfiguration will use SDK Auto Resolved profile: [default] if not specified by users.
[INFO] 2024-04-04 15:05:53.511 ClientConfiguration [140291679167552] Retry Strategy will use the default max attempts.
[DEBUG] 2024-04-04 15:05:53.511 CurlHandleContainer [140291679167552] Attempting to acquire curl connection.
[DEBUG] 2024-04-04 15:05:53.511 CurlHandleContainer [140291679167552] No current connections available in pool. Attempting to create new connections.
[DEBUG] 2024-04-04 15:05:53.511 CurlHandleContainer [140291679167552] attempting to grow pool size by 2
[INFO] 2024-04-04 15:05:53.511 CurlHandleContainer [140291679167552] Pool grown by 2
[DEBUG] 2024-04-04 15:05:53.511 CurlHandleContainer [140291679167552] Connection has been released. Continuing.
[DEBUG] 2024-04-04 15:05:53.511 CurlHandleContainer [140291679167552] Returning connection handle 0x56230e351bd0
[DEBUG] 2024-04-04 15:05:53.511 CurlHttpClient [140291679167552] Obtained connection handle 0x56230e351bd0
[DEBUG] 2024-04-04 15:05:53.511 CURL [140291679167552] (Text)   Trying 169.254.169.254:80...

[DEBUG] 2024-04-04 15:05:53.511 CURL [140291679167552] (Text) TCP_NODELAY set

[DEBUG] 2024-04-04 15:05:54.512 CURL [140291679167552] (Text) Connection timed out after 1001 milliseconds

[DEBUG] 2024-04-04 15:05:54.513 CURL [140291679167552] (Text) Closing connection 0

[ERROR] 2024-04-04 15:05:54.513 CurlHttpClient [140291679167552] Curl returned error code 28 - Timeout was reached
[DEBUG] 2024-04-04 15:05:54.513 CurlHandleContainer [140291679167552] Destroy curl handle: 0x56230e351bd0
[DEBUG] 2024-04-04 15:05:54.513 CurlHandleContainer [140291679167552] Created replacement handle and released to pool: 0x56230e351bd0
[ERROR] 2024-04-04 15:05:54.513 EC2MetadataClient [140291679167552] Http request to retrieve credentials failed
[WARN] 2024-04-04 15:05:54.513 EC2MetadataClient [140291679167552] Request failed, now waiting 0 ms before attempting again.
[DEBUG] 2024-04-04 15:05:54.513 CurlHandleContainer [140291679167552] Attempting to acquire curl connection.
[DEBUG] 2024-04-04 15:05:54.513 CurlHandleContainer [140291679167552] Connection has been released. Continuing.
[DEBUG] 2024-04-04 15:05:54.513 CurlHandleContainer [140291679167552] Returning connection handle 0x56230e351bd0
[DEBUG] 2024-04-04 15:05:54.513 CurlHttpClient [140291679167552] Obtained connection handle 0x56230e351bd0
[DEBUG] 2024-04-04 15:05:54.514 CURL [140291679167552] (Text)   Trying 169.254.169.254:80...

[DEBUG] 2024-04-04 15:05:54.514 CURL [140291679167552] (Text) TCP_NODELAY set

[DEBUG] 2024-04-04 15:05:55.515 CURL [140291679167552] (Text) Connection timed out after 1001 milliseconds

[DEBUG] 2024-04-04 15:05:55.515 CURL [140291679167552] (Text) Closing connection 0

[ERROR] 2024-04-04 15:05:55.515 CurlHttpClient [140291679167552] Curl returned error code 28 - Timeout was reached
[DEBUG] 2024-04-04 15:05:55.515 CurlHandleContainer [140291679167552] Destroy curl handle: 0x56230e351bd0
[DEBUG] 2024-04-04 15:05:55.515 CurlHandleContainer [140291679167552] Created replacement handle and released to pool: 0x56230e351bd0
[ERROR] 2024-04-04 15:05:55.515 EC2MetadataClient [140291679167552] Http request to retrieve credentials failed
[ERROR] 2024-04-04 15:05:55.515 EC2MetadataClient [140291679167552] Can not retrieve resource from http://169.254.169.254/latest/api/token
[DEBUG] 2024-04-04 15:05:55.516 CurlHandleContainer [140291679167552] Attempting to acquire curl connection.
[DEBUG] 2024-04-04 15:05:55.516 CurlHandleContainer [140291679167552] Connection has been released. Continuing.
[DEBUG] 2024-04-04 15:05:55.516 CurlHandleContainer [140291679167552] Returning connection handle 0x56230e351bd0
[DEBUG] 2024-04-04 15:05:55.516 CurlHttpClient [140291679167552] Obtained connection handle 0x56230e351bd0
[DEBUG] 2024-04-04 15:05:55.516 CURL [140291679167552] (Text)   Trying 169.254.169.254:80...

[DEBUG] 2024-04-04 15:05:55.516 CURL [140291679167552] (Text) TCP_NODELAY set

[DEBUG] 2024-04-04 15:05:56.517 CURL [140291679167552] (Text) Connection timed out after 1001 milliseconds

[DEBUG] 2024-04-04 15:05:56.517 CURL [140291679167552] (Text) Closing connection 0

[ERROR] 2024-04-04 15:05:56.517 CurlHttpClient [140291679167552] Curl returned error code 28 - Timeout was reached
[DEBUG] 2024-04-04 15:05:56.517 CurlHandleContainer [140291679167552] Destroy curl handle: 0x56230e351bd0
[DEBUG] 2024-04-04 15:05:56.518 CurlHandleContainer [140291679167552] Created replacement handle and released to pool: 0x56230e351bd0
[ERROR] 2024-04-04 15:05:56.518 EC2MetadataClient [140291679167552] Http request to retrieve credentials failed
[WARN] 2024-04-04 15:05:56.518 EC2MetadataClient [140291679167552] Request failed, now waiting 0 ms before attempting again.
[DEBUG] 2024-04-04 15:05:56.518 CurlHandleContainer [140291679167552] Attempting to acquire curl connection.
[DEBUG] 2024-04-04 15:05:56.518 CurlHandleContainer [140291679167552] Connection has been released. Continuing.
[DEBUG] 2024-04-04 15:05:56.518 CurlHandleContainer [140291679167552] Returning connection handle 0x56230e351bd0
[DEBUG] 2024-04-04 15:05:56.518 CurlHttpClient [140291679167552] Obtained connection handle 0x56230e351bd0
[DEBUG] 2024-04-04 15:05:56.518 CURL [140291679167552] (Text)   Trying 169.254.169.254:80...

[DEBUG] 2024-04-04 15:05:56.518 CURL [140291679167552] (Text) TCP_NODELAY set

[DEBUG] 2024-04-04 15:05:57.519 CURL [140291679167552] (Text) Connection timed out after 1001 milliseconds

[DEBUG] 2024-04-04 15:05:57.519 CURL [140291679167552] (Text) Closing connection 0

[ERROR] 2024-04-04 15:05:57.519 CurlHttpClient [140291679167552] Curl returned error code 28 - Timeout was reached
[DEBUG] 2024-04-04 15:05:57.520 CurlHandleContainer [140291679167552] Destroy curl handle: 0x56230e351bd0
[DEBUG] 2024-04-04 15:05:57.520 CurlHandleContainer [140291679167552] Created replacement handle and released to pool: 0x56230e351bd0
[ERROR] 2024-04-04 15:05:57.520 EC2MetadataClient [140291679167552] Http request to retrieve credentials failed
[ERROR] 2024-04-04 15:05:57.520 EC2MetadataClient [140291679167552] Can not retrieve resource from http://169.254.169.254/latest/meta-data/iam/security-credentials
[DEBUG] 2024-04-04 15:05:57.520 CurlHandleContainer [140291679167552] Attempting to acquire curl connection.
[DEBUG] 2024-04-04 15:05:57.520 CurlHandleContainer [140291679167552] Connection has been released. Continuing.
[DEBUG] 2024-04-04 15:05:57.520 CurlHandleContainer [140291679167552] Returning connection handle 0x56230e351bd0
[DEBUG] 2024-04-04 15:05:57.520 CurlHttpClient [140291679167552] Obtained connection handle 0x56230e351bd0
[DEBUG] 2024-04-04 15:05:57.520 CURL [140291679167552] (Text)   Trying 169.254.169.254:80...

[DEBUG] 2024-04-04 15:05:57.520 CURL [140291679167552] (Text) TCP_NODELAY set

[DEBUG] 2024-04-04 15:05:58.521 CURL [140291679167552] (Text) Connection timed out after 1001 milliseconds

[DEBUG] 2024-04-04 15:05:58.521 CURL [140291679167552] (Text) Closing connection 0

[ERROR] 2024-04-04 15:05:58.521 CurlHttpClient [140291679167552] Curl returned error code 28 - Timeout was reached
[DEBUG] 2024-04-04 15:05:58.521 CurlHandleContainer [140291679167552] Destroy curl handle: 0x56230e351bd0
[DEBUG] 2024-04-04 15:05:58.521 CurlHandleContainer [140291679167552] Created replacement handle and released to pool: 0x56230e351bd0
[ERROR] 2024-04-04 15:05:58.522 EC2MetadataClient [140291679167552] Http request to retrieve credentials failed
[WARN] 2024-04-04 15:05:58.522 EC2MetadataClient [140291679167552] Request failed, now waiting 0 ms before attempting again.
[DEBUG] 2024-04-04 15:05:58.522 CurlHandleContainer [140291679167552] Attempting to acquire curl connection.
[DEBUG] 2024-04-04 15:05:58.522 CurlHandleContainer [140291679167552] Connection has been released. Continuing.
[DEBUG] 2024-04-04 15:05:58.522 CurlHandleContainer [140291679167552] Returning connection handle 0x56230e351bd0
[DEBUG] 2024-04-04 15:05:58.522 CurlHttpClient [140291679167552] Obtained connection handle 0x56230e351bd0
[DEBUG] 2024-04-04 15:05:58.522 CURL [140291679167552] (Text)   Trying 169.254.169.254:80...

[DEBUG] 2024-04-04 15:05:58.522 CURL [140291679167552] (Text) TCP_NODELAY set

[INFO] 2024-04-04 15:08:04.511 Aws_Init_Cleanup [140387475436608] Initiate AWS SDK for C++ with Version:1.11.292
[DEBUG] 2024-04-04 15:08:04.511 FileSystemUtils [140387475436608] Environment value for variable HOME is /home/vcm
[DEBUG] 2024-04-04 15:08:04.511 FileSystemUtils [140387475436608] Home directory is missing the final / appending one to normalize
[DEBUG] 2024-04-04 15:08:04.511 FileSystemUtils [140387475436608] Final Home Directory is /home/vcm/
[INFO] 2024-04-04 15:08:04.511 Aws::Config::AWSConfigFileProfileConfigLoader [140387475436608] Initializing config loader against fileName /home/vcm/.aws/credentials and using profilePrefix = 0
[DEBUG] 2024-04-04 15:08:04.511 FileSystemUtils [140387475436608] Environment value for variable HOME is /home/vcm
[DEBUG] 2024-04-04 15:08:04.511 FileSystemUtils [140387475436608] Home directory is missing the final / appending one to normalize
[DEBUG] 2024-04-04 15:08:04.511 FileSystemUtils [140387475436608] Final Home Directory is /home/vcm/
[INFO] 2024-04-04 15:08:04.511 Aws::Config::AWSConfigFileProfileConfigLoader [140387475436608] Initializing config loader against fileName /home/vcm/.aws/config and using profilePrefix = 1
[DEBUG] 2024-04-04 15:08:04.511 FileSystemUtils [140387475436608] Environment value for variable HOME is /home/vcm
[DEBUG] 2024-04-04 15:08:04.511 FileSystemUtils [140387475436608] Home directory is missing the final / appending one to normalize
[DEBUG] 2024-04-04 15:08:04.511 FileSystemUtils [140387475436608] Final Home Directory is /home/vcm/
[INFO] 2024-04-04 15:08:04.511 Aws::Config::ConfigFileProfileFSM [140387475436608] Unknown property: aws_access_key_id in the profile: default
[INFO] 2024-04-04 15:08:04.511 Aws::Config::ConfigFileProfileFSM [140387475436608] Unknown property: aws_secret_access_key in the profile: default
[DEBUG] 2024-04-04 15:08:04.511 Aws::Config::ConfigFileProfileFSM [140387475436608] found access key AKIA47CRYQIYS3LH7YFY
[INFO] 2024-04-04 15:08:04.511 Aws::Config::AWSProfileConfigLoaderBase [140387475436608] Successfully reloaded configuration.
[DEBUG] 2024-04-04 15:08:04.511 FileSystemUtils [140387475436608] Environment value for variable HOME is /home/vcm
[DEBUG] 2024-04-04 15:08:04.511 FileSystemUtils [140387475436608] Home directory is missing the final / appending one to normalize
[DEBUG] 2024-04-04 15:08:04.511 FileSystemUtils [140387475436608] Final Home Directory is /home/vcm/
[INFO] 2024-04-04 15:08:04.511 Aws::Config::AWSProfileConfigLoaderBase [140387475436608] Successfully reloaded configuration.
[INFO] 2024-04-04 15:08:04.511 event-loop [140387475436608] id=0x561cc5d154a0: Initializing edge-triggered epoll
[INFO] 2024-04-04 15:08:04.511 event-loop [140387475436608] id=0x561cc5d154a0: Using eventfd for cross-thread notifications.
[INFO] 2024-04-04 15:08:04.511 event-loop [140387475436608] id=0x561cc5d154a0: Starting event-loop thread.
[INFO] 2024-04-04 15:08:04.511 dns [140387475436608] id=0x561cc5ddb6d0: Initializing default host resolver with 8 max host entries.
[INFO] 2024-04-04 15:08:04.512 channel-bootstrap [140387475436608] id=0x561cc5ddb940: Initializing client bootstrap with event-loop group 0x561cc5d3dd30
[INFO] 2024-04-04 15:08:04.516 event-loop [140387466974976] id=0x561cc5d154a0: main loop started
[INFO] 2024-04-04 15:08:04.516 event-loop [140387466974976] id=0x561cc5d154a0: default timeout 100000, and max events to process per tick 100
[DEBUG] 2024-04-04 15:08:04.524 HttpClientFactory [140387475436608] Initializing Http Static State
[DEBUG] 2024-04-04 15:08:04.524 HttpClientFactory [140387475436608] Initializing Curl Http Client
[INFO] 2024-04-04 15:08:04.524 CurlHttpClient [140387475436608] Initializing Curl library with version: 7.68.0, ssl version: OpenSSL/1.1.1f
[INFO] 2024-04-04 15:08:04.525 EC2MetadataClient [140387475436608] Using IMDS endpoint: http://169.254.169.254
[DEBUG] 2024-04-04 15:08:04.525 ClientConfiguration [140387475436608] Request Compression enabled
[DEBUG] 2024-04-04 15:08:04.525 ClientConfiguration [140387475436608] ClientConfiguration will use MinReqCompression: 10240
[DEBUG] 2024-04-04 15:08:04.525 ClientConfiguration [140387475436608] ClientConfiguration will use SDK Auto Resolved profile: [default] if not specified by users.
[INFO] 2024-04-04 15:08:04.525 ClientConfiguration [140387475436608] Retry Strategy will use the default max attempts.
[INFO] 2024-04-04 15:08:04.525 EC2MetadataClient [140387475436608] Creating AWSHttpResourceClient with max connections 2 and scheme http
[INFO] 2024-04-04 15:08:04.525 CurlHandleContainer [140387475436608] Initializing CurlHandleContainer with size 2
[DEBUG] 2024-04-04 15:08:04.525 ClientConfiguration [140387475436608] Request Compression enabled
[DEBUG] 2024-04-04 15:08:04.525 ClientConfiguration [140387475436608] ClientConfiguration will use MinReqCompression: 10240
[DEBUG] 2024-04-04 15:08:04.525 ClientConfiguration [140387475436608] ClientConfiguration will use SDK Auto Resolved profile: [default] if not specified by users.
[INFO] 2024-04-04 15:08:04.525 ClientConfiguration [140387475436608] Retry Strategy will use the default max attempts.
[DEBUG] 2024-04-04 15:08:04.526 CurlHandleContainer [140387475436608] Attempting to acquire curl connection.
[DEBUG] 2024-04-04 15:08:04.526 CurlHandleContainer [140387475436608] No current connections available in pool. Attempting to create new connections.
[DEBUG] 2024-04-04 15:08:04.526 CurlHandleContainer [140387475436608] attempting to grow pool size by 2
[INFO] 2024-04-04 15:08:04.526 CurlHandleContainer [140387475436608] Pool grown by 2
[DEBUG] 2024-04-04 15:08:04.526 CurlHandleContainer [140387475436608] Connection has been released. Continuing.
[DEBUG] 2024-04-04 15:08:04.526 CurlHandleContainer [140387475436608] Returning connection handle 0x561cc5ee4df0
[DEBUG] 2024-04-04 15:08:04.526 CurlHttpClient [140387475436608] Obtained connection handle 0x561cc5ee4df0
[DEBUG] 2024-04-04 15:08:04.526 CURL [140387475436608] (Text)   Trying 169.254.169.254:80...

[DEBUG] 2024-04-04 15:08:04.526 CURL [140387475436608] (Text) TCP_NODELAY set

[DEBUG] 2024-04-04 15:08:05.528 CURL [140387475436608] (Text) Connection timed out after 1001 milliseconds

[DEBUG] 2024-04-04 15:08:05.528 CURL [140387475436608] (Text) Closing connection 0

[ERROR] 2024-04-04 15:08:05.528 CurlHttpClient [140387475436608] Curl returned error code 28 - Timeout was reached
[DEBUG] 2024-04-04 15:08:05.528 CurlHandleContainer [140387475436608] Destroy curl handle: 0x561cc5ee4df0
[DEBUG] 2024-04-04 15:08:05.528 CurlHandleContainer [140387475436608] Created replacement handle and released to pool: 0x561cc5ee4df0
[ERROR] 2024-04-04 15:08:05.528 EC2MetadataClient [140387475436608] Http request to retrieve credentials failed
[WARN] 2024-04-04 15:08:05.528 EC2MetadataClient [140387475436608] Request failed, now waiting 0 ms before attempting again.
[DEBUG] 2024-04-04 15:08:05.528 CurlHandleContainer [140387475436608] Attempting to acquire curl connection.
[DEBUG] 2024-04-04 15:08:05.528 CurlHandleContainer [140387475436608] Connection has been released. Continuing.
[DEBUG] 2024-04-04 15:08:05.528 CurlHandleContainer [140387475436608] Returning connection handle 0x561cc5ee4df0
[DEBUG] 2024-04-04 15:08:05.528 CurlHttpClient [140387475436608] Obtained connection handle 0x561cc5ee4df0
[DEBUG] 2024-04-04 15:08:05.528 CURL [140387475436608] (Text)   Trying 169.254.169.254:80...

[DEBUG] 2024-04-04 15:08:05.528 CURL [140387475436608] (Text) TCP_NODELAY set

[DEBUG] 2024-04-04 15:08:06.530 CURL [140387475436608] (Text) Connection timed out after 1001 milliseconds

[DEBUG] 2024-04-04 15:08:06.530 CURL [140387475436608] (Text) Closing connection 0

[ERROR] 2024-04-04 15:08:06.530 CurlHttpClient [140387475436608] Curl returned error code 28 - Timeout was reached
[DEBUG] 2024-04-04 15:08:06.530 CurlHandleContainer [140387475436608] Destroy curl handle: 0x561cc5ee4df0
[DEBUG] 2024-04-04 15:08:06.530 CurlHandleContainer [140387475436608] Created replacement handle and released to pool: 0x561cc5ee4df0
[ERROR] 2024-04-04 15:08:06.530 EC2MetadataClient [140387475436608] Http request to retrieve credentials failed
[ERROR] 2024-04-04 15:08:06.530 EC2MetadataClient [140387475436608] Can not retrieve resource from http://169.254.169.254/latest/api/token
[DEBUG] 2024-04-04 15:08:06.531 CurlHandleContainer [140387475436608] Attempting to acquire curl connection.
[DEBUG] 2024-04-04 15:08:06.531 CurlHandleContainer [140387475436608] Connection has been released. Continuing.
[DEBUG] 2024-04-04 15:08:06.531 CurlHandleContainer [140387475436608] Returning connection handle 0x561cc5ee4df0
[DEBUG] 2024-04-04 15:08:06.531 CurlHttpClient [140387475436608] Obtained connection handle 0x561cc5ee4df0
[DEBUG] 2024-04-04 15:08:06.531 CURL [140387475436608] (Text)   Trying 169.254.169.254:80...

[DEBUG] 2024-04-04 15:08:06.531 CURL [140387475436608] (Text) TCP_NODELAY set

[DEBUG] 2024-04-04 15:08:07.532 CURL [140387475436608] (Text) Connection timed out after 1001 milliseconds

[DEBUG] 2024-04-04 15:08:07.532 CURL [140387475436608] (Text) Closing connection 0

[ERROR] 2024-04-04 15:08:07.532 CurlHttpClient [140387475436608] Curl returned error code 28 - Timeout was reached
[DEBUG] 2024-04-04 15:08:07.532 CurlHandleContainer [140387475436608] Destroy curl handle: 0x561cc5ee4df0
[DEBUG] 2024-04-04 15:08:07.532 CurlHandleContainer [140387475436608] Created replacement handle and released to pool: 0x561cc5ee4df0
[ERROR] 2024-04-04 15:08:07.532 EC2MetadataClient [140387475436608] Http request to retrieve credentials failed
[WARN] 2024-04-04 15:08:07.532 EC2MetadataClient [140387475436608] Request failed, now waiting 0 ms before attempting again.
[DEBUG] 2024-04-04 15:08:07.533 CurlHandleContainer [140387475436608] Attempting to acquire curl connection.
[DEBUG] 2024-04-04 15:08:07.533 CurlHandleContainer [140387475436608] Connection has been released. Continuing.
[DEBUG] 2024-04-04 15:08:07.533 CurlHandleContainer [140387475436608] Returning connection handle 0x561cc5ee4df0
[DEBUG] 2024-04-04 15:08:07.533 CurlHttpClient [140387475436608] Obtained connection handle 0x561cc5ee4df0
[DEBUG] 2024-04-04 15:08:07.533 CURL [140387475436608] (Text)   Trying 169.254.169.254:80...

[DEBUG] 2024-04-04 15:08:07.533 CURL [140387475436608] (Text) TCP_NODELAY set

[DEBUG] 2024-04-04 15:08:08.534 CURL [140387475436608] (Text) Connection timed out after 1001 milliseconds

[DEBUG] 2024-04-04 15:08:08.534 CURL [140387475436608] (Text) Closing connection 0

[ERROR] 2024-04-04 15:08:08.534 CurlHttpClient [140387475436608] Curl returned error code 28 - Timeout was reached
[DEBUG] 2024-04-04 15:08:08.534 CurlHandleContainer [140387475436608] Destroy curl handle: 0x561cc5ee4df0
[DEBUG] 2024-04-04 15:08:08.534 CurlHandleContainer [140387475436608] Created replacement handle and released to pool: 0x561cc5ee4df0
[ERROR] 2024-04-04 15:08:08.534 EC2MetadataClient [140387475436608] Http request to retrieve credentials failed
[ERROR] 2024-04-04 15:08:08.534 EC2MetadataClient [140387475436608] Can not retrieve resource from http://169.254.169.254/latest/meta-data/iam/security-credentials
[DEBUG] 2024-04-04 15:08:08.534 CurlHandleContainer [140387475436608] Attempting to acquire curl connection.
[DEBUG] 2024-04-04 15:08:08.534 CurlHandleContainer [140387475436608] Connection has been released. Continuing.
[DEBUG] 2024-04-04 15:08:08.534 CurlHandleContainer [140387475436608] Returning connection handle 0x561cc5ee4df0
[DEBUG] 2024-04-04 15:08:08.534 CurlHttpClient [140387475436608] Obtained connection handle 0x561cc5ee4df0
[DEBUG] 2024-04-04 15:08:08.534 CURL [140387475436608] (Text)   Trying 169.254.169.254:80...

[DEBUG] 2024-04-04 15:08:08.534 CURL [140387475436608] (Text) TCP_NODELAY set

[DEBUG] 2024-04-04 15:08:09.535 CURL [140387475436608] (Text) Connection timed out after 1000 milliseconds

[DEBUG] 2024-04-04 15:08:09.535 CURL [140387475436608] (Text) Closing connection 0

[ERROR] 2024-04-04 15:08:09.535 CurlHttpClient [140387475436608] Curl returned error code 28 - Timeout was reached
[DEBUG] 2024-04-04 15:08:09.535 CurlHandleContainer [140387475436608] Destroy curl handle: 0x561cc5ee4df0
[DEBUG] 2024-04-04 15:08:09.535 CurlHandleContainer [140387475436608] Created replacement handle and released to pool: 0x561cc5ee4df0
[ERROR] 2024-04-04 15:08:09.535 EC2MetadataClient [140387475436608] Http request to retrieve credentials failed
[WARN] 2024-04-04 15:08:09.535 EC2MetadataClient [140387475436608] Request failed, now waiting 0 ms before attempting again.
[DEBUG] 2024-04-04 15:08:09.536 CurlHandleContainer [140387475436608] Attempting to acquire curl connection.
[DEBUG] 2024-04-04 15:08:09.536 CurlHandleContainer [140387475436608] Connection has been released. Continuing.
[DEBUG] 2024-04-04 15:08:09.536 CurlHandleContainer [140387475436608] Returning connection handle 0x561cc5ee4df0
[DEBUG] 2024-04-04 15:08:09.536 CurlHttpClient [140387475436608] Obtained connection handle 0x561cc5ee4df0
[DEBUG] 2024-04-04 15:08:09.536 CURL [140387475436608] (Text)   Trying 169.254.169.254:80...

[DEBUG] 2024-04-04 15:08:09.536 CURL [140387475436608] (Text) TCP_NODELAY set

[DEBUG] 2024-04-04 15:08:10.537 CURL [140387475436608] (Text) Connection timed out after 1001 milliseconds

[DEBUG] 2024-04-04 15:08:10.537 CURL [140387475436608] (Text) Closing connection 0

[ERROR] 2024-04-04 15:08:10.537 CurlHttpClient [140387475436608] Curl returned error code 28 - Timeout was reached
[DEBUG] 2024-04-04 15:08:10.538 CurlHandleContainer [140387475436608] Destroy curl handle: 0x561cc5ee4df0
[DEBUG] 2024-04-04 15:08:10.538 CurlHandleContainer [140387475436608] Created replacement handle and released to pool: 0x561cc5ee4df0
[ERROR] 2024-04-04 15:08:10.538 EC2MetadataClient [140387475436608] Http request to retrieve credentials failed
[ERROR] 2024-04-04 15:08:10.538 EC2MetadataClient [140387475436608] Can not retrieve resource from http://169.254.169.254/latest/meta-data/placement/availability-zone
[INFO] 2024-04-04 15:08:10.538 EC2MetadataClient [140387475436608] Unable to pull region from instance metadata service 
[DEBUG] 2024-04-04 15:08:10.538 FileSystemUtils [140387475436608] Environment value for variable HOME is /home/vcm
[DEBUG] 2024-04-04 15:08:10.538 FileSystemUtils [140387475436608] Home directory is missing the final / appending one to normalize
[DEBUG] 2024-04-04 15:08:10.538 FileSystemUtils [140387475436608] Final Home Directory is /home/vcm/
[INFO] 2024-04-04 15:08:10.538 Aws::Config::AWSConfigFileProfileConfigLoader [140387475436608] Initializing config loader against fileName /home/vcm/.aws/credentials and using profilePrefix = 0
[DEBUG] 2024-04-04 15:08:10.538 FileSystemUtils [140387475436608] Environment value for variable HOME is /home/vcm
[DEBUG] 2024-04-04 15:08:10.538 FileSystemUtils [140387475436608] Home directory is missing the final / appending one to normalize
[DEBUG] 2024-04-04 15:08:10.538 FileSystemUtils [140387475436608] Final Home Directory is /home/vcm/
[DEBUG] 2024-04-04 15:08:10.538 FileSystemUtils [140387475436608] Environment value for variable HOME is /home/vcm
[DEBUG] 2024-04-04 15:08:10.538 FileSystemUtils [140387475436608] Home directory is missing the final / appending one to normalize
[DEBUG] 2024-04-04 15:08:10.538 FileSystemUtils [140387475436608] Final Home Directory is /home/vcm/
[INFO] 2024-04-04 15:08:10.538 ProfileConfigFileAWSCredentialsProvider [140387475436608] Setting provider to read credentials from /home/vcm/.aws/credentials for credentials file and /home/vcm/.aws/config for the config file , for use with profile default
[INFO] 2024-04-04 15:08:10.538 ProcessCredentialsProvider [140387475436608] Setting process credentials provider to read config from default
[WARN] 2024-04-04 15:08:10.538 STSAssumeRoleWithWebIdentityCredentialsProvider [140387475436608] Token file must be specified to use STS AssumeRole web identity creds provider.
[INFO] 2024-04-04 15:08:10.538 SSOBearerTokenProvider [140387475436608] Setting sso bearerToken provider to read config from default
[INFO] 2024-04-04 15:08:10.538 SSOCredentialsProvider [140387475436608] Setting sso credentials provider to read config from default
[DEBUG] 2024-04-04 15:08:10.538 DefaultAWSCredentialsProviderChain [140387475436608] The environment variable value AWS_CONTAINER_CREDENTIALS_RELATIVE_URI is 
[DEBUG] 2024-04-04 15:08:10.538 DefaultAWSCredentialsProviderChain [140387475436608] The environment variable value AWS_CONTAINER_CREDENTIALS_FULL_URI is 
[DEBUG] 2024-04-04 15:08:10.538 DefaultAWSCredentialsProviderChain [140387475436608] The environment variable value AWS_EC2_METADATA_DISABLED is 
[INFO] 2024-04-04 15:08:10.538 InstanceProfileCredentialsProvider [140387475436608] Creating Instance with default EC2MetadataClient and refresh rate 300000
[INFO] 2024-04-04 15:08:10.538 DefaultAWSCredentialsProviderChain [140387475436608] Added EC2 metadata service credentials provider to the provider chain.
[INFO] 2024-04-04 15:15:33.257 Aws_Init_Cleanup [140109991949376] Initiate AWS SDK for C++ with Version:1.11.292
[DEBUG] 2024-04-04 15:15:33.257 FileSystemUtils [140109991949376] Environment value for variable HOME is /home/vcm
[DEBUG] 2024-04-04 15:15:33.257 FileSystemUtils [140109991949376] Home directory is missing the final / appending one to normalize
[DEBUG] 2024-04-04 15:15:33.257 FileSystemUtils [140109991949376] Final Home Directory is /home/vcm/
[INFO] 2024-04-04 15:15:33.257 Aws::Config::AWSConfigFileProfileConfigLoader [140109991949376] Initializing config loader against fileName /home/vcm/.aws/credentials and using profilePrefix = 0
[DEBUG] 2024-04-04 15:15:33.257 FileSystemUtils [140109991949376] Environment value for variable HOME is /home/vcm
[DEBUG] 2024-04-04 15:15:33.257 FileSystemUtils [140109991949376] Home directory is missing the final / appending one to normalize
[DEBUG] 2024-04-04 15:15:33.257 FileSystemUtils [140109991949376] Final Home Directory is /home/vcm/
[INFO] 2024-04-04 15:15:33.257 Aws::Config::AWSConfigFileProfileConfigLoader [140109991949376] Initializing config loader against fileName /home/vcm/.aws/config and using profilePrefix = 1
[DEBUG] 2024-04-04 15:15:33.257 FileSystemUtils [140109991949376] Environment value for variable HOME is /home/vcm
[DEBUG] 2024-04-04 15:15:33.257 FileSystemUtils [140109991949376] Home directory is missing the final / appending one to normalize
[DEBUG] 2024-04-04 15:15:33.257 FileSystemUtils [140109991949376] Final Home Directory is /home/vcm/
[INFO] 2024-04-04 15:15:33.258 Aws::Config::ConfigFileProfileFSM [140109991949376] Unknown property: aws_access_key_id in the profile: default
[INFO] 2024-04-04 15:15:33.258 Aws::Config::ConfigFileProfileFSM [140109991949376] Unknown property: aws_secret_access_key in the profile: default
[DEBUG] 2024-04-04 15:15:33.258 Aws::Config::ConfigFileProfileFSM [140109991949376] found access key AKIA47CRYQIYS3LH7YFY
[INFO] 2024-04-04 15:15:33.258 Aws::Config::AWSProfileConfigLoaderBase [140109991949376] Successfully reloaded configuration.
[DEBUG] 2024-04-04 15:15:33.258 FileSystemUtils [140109991949376] Environment value for variable HOME is /home/vcm
[DEBUG] 2024-04-04 15:15:33.258 FileSystemUtils [140109991949376] Home directory is missing the final / appending one to normalize
[DEBUG] 2024-04-04 15:15:33.258 FileSystemUtils [140109991949376] Final Home Directory is /home/vcm/
[INFO] 2024-04-04 15:15:33.258 Aws::Config::AWSProfileConfigLoaderBase [140109991949376] Successfully reloaded configuration.
[INFO] 2024-04-04 15:15:33.258 event-loop [140109991949376] id=0x55b3c84f84a0: Initializing edge-triggered epoll
[INFO] 2024-04-04 15:15:33.258 event-loop [140109991949376] id=0x55b3c84f84a0: Using eventfd for cross-thread notifications.
[INFO] 2024-04-04 15:15:33.258 event-loop [140109991949376] id=0x55b3c84f84a0: Starting event-loop thread.
[INFO] 2024-04-04 15:15:33.258 dns [140109991949376] id=0x55b3c85be6d0: Initializing default host resolver with 8 max host entries.
[INFO] 2024-04-04 15:15:33.258 event-loop [140109983487744] id=0x55b3c84f84a0: main loop started
[INFO] 2024-04-04 15:15:33.258 event-loop [140109983487744] id=0x55b3c84f84a0: default timeout 100000, and max events to process per tick 100
[INFO] 2024-04-04 15:15:33.258 channel-bootstrap [140109991949376] id=0x55b3c85be940: Initializing client bootstrap with event-loop group 0x55b3c8520d30
[DEBUG] 2024-04-04 15:15:33.271 HttpClientFactory [140109991949376] Initializing Http Static State
[DEBUG] 2024-04-04 15:15:33.271 HttpClientFactory [140109991949376] Initializing Curl Http Client
[INFO] 2024-04-04 15:15:33.271 CurlHttpClient [140109991949376] Initializing Curl library with version: 7.68.0, ssl version: OpenSSL/1.1.1f
[INFO] 2024-04-04 15:15:33.271 EC2MetadataClient [140109991949376] Using IMDS endpoint: http://169.254.169.254
[DEBUG] 2024-04-04 15:15:33.272 ClientConfiguration [140109991949376] Request Compression enabled
[DEBUG] 2024-04-04 15:15:33.272 ClientConfiguration [140109991949376] ClientConfiguration will use MinReqCompression: 10240
[DEBUG] 2024-04-04 15:15:33.272 ClientConfiguration [140109991949376] ClientConfiguration will use SDK Auto Resolved profile: [default] if not specified by users.
[INFO] 2024-04-04 15:15:33.272 ClientConfiguration [140109991949376] Retry Strategy will use the default max attempts.
[INFO] 2024-04-04 15:15:33.272 EC2MetadataClient [140109991949376] Creating AWSHttpResourceClient with max connections 2 and scheme http
[INFO] 2024-04-04 15:15:33.272 CurlHandleContainer [140109991949376] Initializing CurlHandleContainer with size 2
[DEBUG] 2024-04-04 15:15:33.272 ClientConfiguration [140109991949376] Request Compression enabled
[DEBUG] 2024-04-04 15:15:33.272 ClientConfiguration [140109991949376] ClientConfiguration will use MinReqCompression: 10240
[DEBUG] 2024-04-04 15:15:33.272 ClientConfiguration [140109991949376] ClientConfiguration will use SDK Auto Resolved profile: [default] if not specified by users.
[INFO] 2024-04-04 15:15:33.272 ClientConfiguration [140109991949376] Retry Strategy will use the default max attempts.
[DEBUG] 2024-04-04 15:15:33.273 CurlHandleContainer [140109991949376] Attempting to acquire curl connection.
[DEBUG] 2024-04-04 15:15:33.273 CurlHandleContainer [140109991949376] No current connections available in pool. Attempting to create new connections.
[DEBUG] 2024-04-04 15:15:33.273 CurlHandleContainer [140109991949376] attempting to grow pool size by 2
[INFO] 2024-04-04 15:15:33.273 CurlHandleContainer [140109991949376] Pool grown by 2
[DEBUG] 2024-04-04 15:15:33.273 CurlHandleContainer [140109991949376] Connection has been released. Continuing.
[DEBUG] 2024-04-04 15:15:33.273 CurlHandleContainer [140109991949376] Returning connection handle 0x55b3c86c7eb0
[DEBUG] 2024-04-04 15:15:33.273 CurlHttpClient [140109991949376] Obtained connection handle 0x55b3c86c7eb0
[DEBUG] 2024-04-04 15:15:33.273 CURL [140109991949376] (Text)   Trying 169.254.169.254:80...

[DEBUG] 2024-04-04 15:15:33.273 CURL [140109991949376] (Text) TCP_NODELAY set

[DEBUG] 2024-04-04 15:15:34.274 CURL [140109991949376] (Text) Connection timed out after 1001 milliseconds

[DEBUG] 2024-04-04 15:15:34.274 CURL [140109991949376] (Text) Closing connection 0

[ERROR] 2024-04-04 15:15:34.274 CurlHttpClient [140109991949376] Curl returned error code 28 - Timeout was reached
[DEBUG] 2024-04-04 15:15:34.274 CurlHandleContainer [140109991949376] Destroy curl handle: 0x55b3c86c7eb0
[DEBUG] 2024-04-04 15:15:34.274 CurlHandleContainer [140109991949376] Created replacement handle and released to pool: 0x55b3c86c7eb0
[ERROR] 2024-04-04 15:15:34.274 EC2MetadataClient [140109991949376] Http request to retrieve credentials failed
[WARN] 2024-04-04 15:15:34.274 EC2MetadataClient [140109991949376] Request failed, now waiting 0 ms before attempting again.
[DEBUG] 2024-04-04 15:15:34.274 CurlHandleContainer [140109991949376] Attempting to acquire curl connection.
[DEBUG] 2024-04-04 15:15:34.274 CurlHandleContainer [140109991949376] Connection has been released. Continuing.
[DEBUG] 2024-04-04 15:15:34.274 CurlHandleContainer [140109991949376] Returning connection handle 0x55b3c86c7eb0
[DEBUG] 2024-04-04 15:15:34.274 CurlHttpClient [140109991949376] Obtained connection handle 0x55b3c86c7eb0
[DEBUG] 2024-04-04 15:15:34.275 CURL [140109991949376] (Text)   Trying 169.254.169.254:80...

[DEBUG] 2024-04-04 15:15:34.275 CURL [140109991949376] (Text) TCP_NODELAY set

[DEBUG] 2024-04-04 15:15:35.276 CURL [140109991949376] (Text) Connection timed out after 1001 milliseconds

[DEBUG] 2024-04-04 15:15:35.276 CURL [140109991949376] (Text) Closing connection 0

[ERROR] 2024-04-04 15:15:35.276 CurlHttpClient [140109991949376] Curl returned error code 28 - Timeout was reached
[DEBUG] 2024-04-04 15:15:35.277 CurlHandleContainer [140109991949376] Destroy curl handle: 0x55b3c86c7eb0
[DEBUG] 2024-04-04 15:15:35.277 CurlHandleContainer [140109991949376] Created replacement handle and released to pool: 0x55b3c86c7eb0
[ERROR] 2024-04-04 15:15:35.277 EC2MetadataClient [140109991949376] Http request to retrieve credentials failed
[ERROR] 2024-04-04 15:15:35.277 EC2MetadataClient [140109991949376] Can not retrieve resource from http://169.254.169.254/latest/api/token
[DEBUG] 2024-04-04 15:15:35.277 CurlHandleContainer [140109991949376] Attempting to acquire curl connection.
[DEBUG] 2024-04-04 15:15:35.277 CurlHandleContainer [140109991949376] Connection has been released. Continuing.
[DEBUG] 2024-04-04 15:15:35.277 CurlHandleContainer [140109991949376] Returning connection handle 0x55b3c86c7eb0
[DEBUG] 2024-04-04 15:15:35.277 CurlHttpClient [140109991949376] Obtained connection handle 0x55b3c86c7eb0
[DEBUG] 2024-04-04 15:15:35.277 CURL [140109991949376] (Text)   Trying 169.254.169.254:80...

[DEBUG] 2024-04-04 15:15:35.277 CURL [140109991949376] (Text) TCP_NODELAY set

[DEBUG] 2024-04-04 15:15:36.278 CURL [140109991949376] (Text) Connection timed out after 1001 milliseconds

[DEBUG] 2024-04-04 15:15:36.278 CURL [140109991949376] (Text) Closing connection 0

[ERROR] 2024-04-04 15:15:36.278 CurlHttpClient [140109991949376] Curl returned error code 28 - Timeout was reached
[DEBUG] 2024-04-04 15:15:36.278 CurlHandleContainer [140109991949376] Destroy curl handle: 0x55b3c86c7eb0
[DEBUG] 2024-04-04 15:15:36.278 CurlHandleContainer [140109991949376] Created replacement handle and released to pool: 0x55b3c86c7eb0
[ERROR] 2024-04-04 15:15:36.278 EC2MetadataClient [140109991949376] Http request to retrieve credentials failed
[WARN] 2024-04-04 15:15:36.278 EC2MetadataClient [140109991949376] Request failed, now waiting 0 ms before attempting again.
[DEBUG] 2024-04-04 15:15:36.278 CurlHandleContainer [140109991949376] Attempting to acquire curl connection.
[DEBUG] 2024-04-04 15:15:36.278 CurlHandleContainer [140109991949376] Connection has been released. Continuing.
[DEBUG] 2024-04-04 15:15:36.278 CurlHandleContainer [140109991949376] Returning connection handle 0x55b3c86c7eb0
[DEBUG] 2024-04-04 15:15:36.278 CurlHttpClient [140109991949376] Obtained connection handle 0x55b3c86c7eb0
[DEBUG] 2024-04-04 15:15:36.279 CURL [140109991949376] (Text)   Trying 169.254.169.254:80...

[DEBUG] 2024-04-04 15:15:36.279 CURL [140109991949376] (Text) TCP_NODELAY set

[DEBUG] 2024-04-04 15:15:37.280 CURL [140109991949376] (Text) Connection timed out after 1001 milliseconds

[DEBUG] 2024-04-04 15:15:37.280 CURL [140109991949376] (Text) Closing connection 0

[ERROR] 2024-04-04 15:15:37.280 CurlHttpClient [140109991949376] Curl returned error code 28 - Timeout was reached
[DEBUG] 2024-04-04 15:15:37.280 CurlHandleContainer [140109991949376] Destroy curl handle: 0x55b3c86c7eb0
[DEBUG] 2024-04-04 15:15:37.280 CurlHandleContainer [140109991949376] Created replacement handle and released to pool: 0x55b3c86c7eb0
[ERROR] 2024-04-04 15:15:37.280 EC2MetadataClient [140109991949376] Http request to retrieve credentials failed
[ERROR] 2024-04-04 15:15:37.280 EC2MetadataClient [140109991949376] Can not retrieve resource from http://169.254.169.254/latest/meta-data/iam/security-credentials
[DEBUG] 2024-04-04 15:15:37.280 CurlHandleContainer [140109991949376] Attempting to acquire curl connection.
[DEBUG] 2024-04-04 15:15:37.280 CurlHandleContainer [140109991949376] Connection has been released. Continuing.
[DEBUG] 2024-04-04 15:15:37.280 CurlHandleContainer [140109991949376] Returning connection handle 0x55b3c86c7eb0
[DEBUG] 2024-04-04 15:15:37.280 CurlHttpClient [140109991949376] Obtained connection handle 0x55b3c86c7eb0
[DEBUG] 2024-04-04 15:15:37.280 CURL [140109991949376] (Text)   Trying 169.254.169.254:80...

[DEBUG] 2024-04-04 15:15:37.280 CURL [140109991949376] (Text) TCP_NODELAY set

