[INFO] 2024-03-18 19:01:11.154 Aws_Init_Cleanup [139956999091264] Initiate AWS SDK for C++ with Version:1.11.282
[DEBUG] 2024-03-18 19:01:11.154 FileSystemUtils [139956999091264] Environment value for variable HOME is /home/vcm
[DEBUG] 2024-03-18 19:01:11.154 FileSystemUtils [139956999091264] Home directory is missing the final / appending one to normalize
[DEBUG] 2024-03-18 19:01:11.154 FileSystemUtils [139956999091264] Final Home Directory is /home/vcm/
[INFO] 2024-03-18 19:01:11.154 Aws::Config::AWSConfigFileProfileConfigLoader [139956999091264] Initializing config loader against fileName /home/vcm/.aws/credentials and using profilePrefix = 0
[DEBUG] 2024-03-18 19:01:11.154 FileSystemUtils [139956999091264] Environment value for variable HOME is /home/vcm
[DEBUG] 2024-03-18 19:01:11.154 FileSystemUtils [139956999091264] Home directory is missing the final / appending one to normalize
[DEBUG] 2024-03-18 19:01:11.154 FileSystemUtils [139956999091264] Final Home Directory is /home/vcm/
[INFO] 2024-03-18 19:01:11.154 Aws::Config::AWSConfigFileProfileConfigLoader [139956999091264] Initializing config loader against fileName /home/vcm/.aws/config and using profilePrefix = 1
[DEBUG] 2024-03-18 19:01:11.154 FileSystemUtils [139956999091264] Environment value for variable HOME is /home/vcm
[DEBUG] 2024-03-18 19:01:11.154 FileSystemUtils [139956999091264] Home directory is missing the final / appending one to normalize
[DEBUG] 2024-03-18 19:01:11.154 FileSystemUtils [139956999091264] Final Home Directory is /home/vcm/
[INFO] 2024-03-18 19:01:11.154 Aws::Config::ConfigFileProfileFSM [139956999091264] Unknown property: aws_access_key_id in the profile: default
[INFO] 2024-03-18 19:01:11.154 Aws::Config::ConfigFileProfileFSM [139956999091264] Unknown property: aws_secret_access_key in the profile: default
[DEBUG] 2024-03-18 19:01:11.154 Aws::Config::ConfigFileProfileFSM [139956999091264] found access key AKIAXYKJVWUMV5VJDJWU
[INFO] 2024-03-18 19:01:11.155 Aws::Config::AWSProfileConfigLoaderBase [139956999091264] Successfully reloaded configuration.
[DEBUG] 2024-03-18 19:01:11.155 FileSystemUtils [139956999091264] Environment value for variable HOME is /home/vcm
[DEBUG] 2024-03-18 19:01:11.155 FileSystemUtils [139956999091264] Home directory is missing the final / appending one to normalize
[DEBUG] 2024-03-18 19:01:11.155 FileSystemUtils [139956999091264] Final Home Directory is /home/vcm/
[INFO] 2024-03-18 19:01:11.155 Aws::Config::AWSConfigFileProfileConfigLoader [139956999091264] Unable to open config file /home/vcm/.aws/config for reading.
[INFO] 2024-03-18 19:01:11.155 Aws::Config::AWSProfileConfigLoaderBase [139956999091264] Failed to reload configuration.
[INFO] 2024-03-18 19:01:11.155 event-loop [139956999091264] id=0x55a6b31fc920: Initializing edge-triggered epoll
[INFO] 2024-03-18 19:01:11.155 event-loop [139956999091264] id=0x55a6b31fc920: Using eventfd for cross-thread notifications.
[INFO] 2024-03-18 19:01:11.155 event-loop [139956999091264] id=0x55a6b31fc920: Starting event-loop thread.
[INFO] 2024-03-18 19:01:11.155 event-loop [139956999091264] id=0x55a6b31740a0: Initializing edge-triggered epoll
[INFO] 2024-03-18 19:01:11.155 event-loop [139956999091264] id=0x55a6b31740a0: Using eventfd for cross-thread notifications.
[INFO] 2024-03-18 19:01:11.155 event-loop [139956999091264] id=0x55a6b31740a0: Starting event-loop thread.
[INFO] 2024-03-18 19:01:11.155 dns [139956999091264] id=0x55a6b3200c30: Initializing default host resolver with 8 max host entries.
[INFO] 2024-03-18 19:01:11.155 event-loop [139956990629440] id=0x55a6b31fc920: main loop started
[INFO] 2024-03-18 19:01:11.155 event-loop [139956990629440] id=0x55a6b31fc920: default timeout 100000, and max events to process per tick 100
[INFO] 2024-03-18 19:01:11.155 event-loop [139956982236736] id=0x55a6b31740a0: main loop started
[INFO] 2024-03-18 19:01:11.155 channel-bootstrap [139956999091264] id=0x55a6b3200fa0: Initializing client bootstrap with event-loop group 0x55a6b32017d0
[INFO] 2024-03-18 19:01:11.155 event-loop [139956982236736] id=0x55a6b31740a0: default timeout 100000, and max events to process per tick 100
[DEBUG] 2024-03-18 19:01:11.200 HttpClientFactory [139956999091264] Initializing Http Static State
[DEBUG] 2024-03-18 19:01:11.200 HttpClientFactory [139956999091264] Initializing Curl Http Client
[INFO] 2024-03-18 19:01:11.200 CurlHttpClient [139956999091264] Initializing Curl library with version: 7.81.0, ssl version: OpenSSL/3.0.2
[INFO] 2024-03-18 19:01:11.200 EC2MetadataClient [139956999091264] Using IMDS endpoint: http://169.254.169.254
[DEBUG] 2024-03-18 19:01:11.201 ClientConfiguration [139956999091264] Request Compression enabled
[DEBUG] 2024-03-18 19:01:11.201 ClientConfiguration [139956999091264] ClientConfiguration will use MinReqCompression: 10240
[DEBUG] 2024-03-18 19:01:11.201 ClientConfiguration [139956999091264] ClientConfiguration will use SDK Auto Resolved profile: [default] if not specified by users.
[INFO] 2024-03-18 19:01:11.201 ClientConfiguration [139956999091264] Retry Strategy will use the default max attempts.
[INFO] 2024-03-18 19:01:11.201 EC2MetadataClient [139956999091264] Creating AWSHttpResourceClient with max connections 2 and scheme http
[INFO] 2024-03-18 19:01:11.201 CurlHandleContainer [139956999091264] Initializing CurlHandleContainer with size 2
[DEBUG] 2024-03-18 19:01:11.201 ClientConfiguration [139956999091264] Request Compression enabled
[DEBUG] 2024-03-18 19:01:11.201 ClientConfiguration [139956999091264] ClientConfiguration will use MinReqCompression: 10240
[DEBUG] 2024-03-18 19:01:11.201 ClientConfiguration [139956999091264] ClientConfiguration will use SDK Auto Resolved profile: [default] if not specified by users.
[INFO] 2024-03-18 19:01:11.201 ClientConfiguration [139956999091264] Retry Strategy will use the default max attempts.
[DEBUG] 2024-03-18 19:01:11.201 CurlHandleContainer [139956999091264] Attempting to acquire curl connection.
[DEBUG] 2024-03-18 19:01:11.201 CurlHandleContainer [139956999091264] No current connections available in pool. Attempting to create new connections.
[DEBUG] 2024-03-18 19:01:11.201 CurlHandleContainer [139956999091264] attempting to grow pool size by 2
[INFO] 2024-03-18 19:01:11.201 CurlHandleContainer [139956999091264] Pool grown by 2
[DEBUG] 2024-03-18 19:01:11.201 CurlHandleContainer [139956999091264] Connection has been released. Continuing.
[DEBUG] 2024-03-18 19:01:11.201 CurlHandleContainer [139956999091264] Returning connection handle 0x55a6b32f63c0
[DEBUG] 2024-03-18 19:01:11.201 CurlHttpClient [139956999091264] Obtained connection handle 0x55a6b32f63c0
[DEBUG] 2024-03-18 19:01:11.202 CURL [139956999091264] (Text)   Trying 169.254.169.254:80...

[DEBUG] 2024-03-18 19:01:12.203 CURL [139956999091264] (Text) After 1000ms connect time, move on!

[DEBUG] 2024-03-18 19:01:12.203 CURL [139956999091264] (Text) connect to 169.254.169.254 port 80 failed: Connection timed out

[DEBUG] 2024-03-18 19:01:12.203 CURL [139956999091264] (Text) Connection timeout after 1001 ms

[DEBUG] 2024-03-18 19:01:12.203 CURL [139956999091264] (Text) Closing connection 0

[ERROR] 2024-03-18 19:01:12.203 CurlHttpClient [139956999091264] Curl returned error code 28 - Timeout was reached
[DEBUG] 2024-03-18 19:01:12.203 CurlHandleContainer [139956999091264] Destroy curl handle: 0x55a6b32f63c0
[DEBUG] 2024-03-18 19:01:12.203 CurlHandleContainer [139956999091264] Created replacement handle and released to pool: 0x55a6b32f7c80
[ERROR] 2024-03-18 19:01:12.203 EC2MetadataClient [139956999091264] Http request to retrieve credentials failed
[WARN] 2024-03-18 19:01:12.203 EC2MetadataClient [139956999091264] Request failed, now waiting 0 ms before attempting again.
[DEBUG] 2024-03-18 19:01:12.203 CurlHandleContainer [139956999091264] Attempting to acquire curl connection.
[DEBUG] 2024-03-18 19:01:12.203 CurlHandleContainer [139956999091264] Connection has been released. Continuing.
[DEBUG] 2024-03-18 19:01:12.203 CurlHandleContainer [139956999091264] Returning connection handle 0x55a6b32f7c80
[DEBUG] 2024-03-18 19:01:12.203 CurlHttpClient [139956999091264] Obtained connection handle 0x55a6b32f7c80
[DEBUG] 2024-03-18 19:01:12.204 CURL [139956999091264] (Text)   Trying 169.254.169.254:80...

[DEBUG] 2024-03-18 19:01:13.205 CURL [139956999091264] (Text) After 1000ms connect time, move on!

[DEBUG] 2024-03-18 19:01:13.205 CURL [139956999091264] (Text) connect to 169.254.169.254 port 80 failed: Connection timed out

[DEBUG] 2024-03-18 19:01:13.205 CURL [139956999091264] (Text) Connection timeout after 1001 ms

[DEBUG] 2024-03-18 19:01:13.205 CURL [139956999091264] (Text) Closing connection 0

[ERROR] 2024-03-18 19:01:13.205 CurlHttpClient [139956999091264] Curl returned error code 28 - Timeout was reached
[DEBUG] 2024-03-18 19:01:13.205 CurlHandleContainer [139956999091264] Destroy curl handle: 0x55a6b32f7c80
[DEBUG] 2024-03-18 19:01:13.205 CurlHandleContainer [139956999091264] Created replacement handle and released to pool: 0x55a6b32fc340
[ERROR] 2024-03-18 19:01:13.205 EC2MetadataClient [139956999091264] Http request to retrieve credentials failed
[ERROR] 2024-03-18 19:01:13.205 EC2MetadataClient [139956999091264] Can not retrieve resource from http://169.254.169.254/latest/api/token
[DEBUG] 2024-03-18 19:01:13.205 CurlHandleContainer [139956999091264] Attempting to acquire curl connection.
[DEBUG] 2024-03-18 19:01:13.205 CurlHandleContainer [139956999091264] Connection has been released. Continuing.
[DEBUG] 2024-03-18 19:01:13.205 CurlHandleContainer [139956999091264] Returning connection handle 0x55a6b32fc340
[DEBUG] 2024-03-18 19:01:13.205 CurlHttpClient [139956999091264] Obtained connection handle 0x55a6b32fc340
[DEBUG] 2024-03-18 19:01:13.205 CURL [139956999091264] (Text)   Trying 169.254.169.254:80...

[DEBUG] 2024-03-18 19:01:14.207 CURL [139956999091264] (Text) After 1000ms connect time, move on!

[DEBUG] 2024-03-18 19:01:14.207 CURL [139956999091264] (Text) connect to 169.254.169.254 port 80 failed: Connection timed out

[DEBUG] 2024-03-18 19:01:14.207 CURL [139956999091264] (Text) Connection timeout after 1001 ms

[DEBUG] 2024-03-18 19:01:14.207 CURL [139956999091264] (Text) Closing connection 0

[ERROR] 2024-03-18 19:01:14.207 CurlHttpClient [139956999091264] Curl returned error code 28 - Timeout was reached
[DEBUG] 2024-03-18 19:01:14.207 CurlHandleContainer [139956999091264] Destroy curl handle: 0x55a6b32fc340
[DEBUG] 2024-03-18 19:01:14.207 CurlHandleContainer [139956999091264] Created replacement handle and released to pool: 0x55a6b32fc340
[ERROR] 2024-03-18 19:01:14.207 EC2MetadataClient [139956999091264] Http request to retrieve credentials failed
[WARN] 2024-03-18 19:01:14.207 EC2MetadataClient [139956999091264] Request failed, now waiting 0 ms before attempting again.
[DEBUG] 2024-03-18 19:01:14.207 CurlHandleContainer [139956999091264] Attempting to acquire curl connection.
[DEBUG] 2024-03-18 19:01:14.207 CurlHandleContainer [139956999091264] Connection has been released. Continuing.
[DEBUG] 2024-03-18 19:01:14.207 CurlHandleContainer [139956999091264] Returning connection handle 0x55a6b32fc340
[DEBUG] 2024-03-18 19:01:14.207 CurlHttpClient [139956999091264] Obtained connection handle 0x55a6b32fc340
[DEBUG] 2024-03-18 19:01:14.207 CURL [139956999091264] (Text)   Trying 169.254.169.254:80...

[DEBUG] 2024-03-18 19:01:15.209 CURL [139956999091264] (Text) After 1000ms connect time, move on!

[DEBUG] 2024-03-18 19:01:15.209 CURL [139956999091264] (Text) connect to 169.254.169.254 port 80 failed: Connection timed out

[DEBUG] 2024-03-18 19:01:15.209 CURL [139956999091264] (Text) Connection timeout after 1001 ms

[DEBUG] 2024-03-18 19:01:15.209 CURL [139956999091264] (Text) Closing connection 0

[ERROR] 2024-03-18 19:01:15.209 CurlHttpClient [139956999091264] Curl returned error code 28 - Timeout was reached
[DEBUG] 2024-03-18 19:01:15.209 CurlHandleContainer [139956999091264] Destroy curl handle: 0x55a6b32fc340
[DEBUG] 2024-03-18 19:01:15.209 CurlHandleContainer [139956999091264] Created replacement handle and released to pool: 0x55a6b32f9a20
[ERROR] 2024-03-18 19:01:15.209 EC2MetadataClient [139956999091264] Http request to retrieve credentials failed
[ERROR] 2024-03-18 19:01:15.209 EC2MetadataClient [139956999091264] Can not retrieve resource from http://169.254.169.254/latest/meta-data/iam/security-credentials
