[INFO] 2024-04-02 16:30:43.544 Aws_Init_Cleanup [139880126723136] Initiate AWS SDK for C++ with Version:1.11.282
[DEBUG] 2024-04-02 16:30:43.544 FileSystemUtils [139880126723136] Environment value for variable HOME is /home/vcm
[DEBUG] 2024-04-02 16:30:43.544 FileSystemUtils [139880126723136] Home directory is missing the final / appending one to normalize
[DEBUG] 2024-04-02 16:30:43.544 FileSystemUtils [139880126723136] Final Home Directory is /home/vcm/
[INFO] 2024-04-02 16:30:43.544 Aws::Config::AWSConfigFileProfileConfigLoader [139880126723136] Initializing config loader against fileName /home/vcm/.aws/credentials and using profilePrefix = 0
[DEBUG] 2024-04-02 16:30:43.544 FileSystemUtils [139880126723136] Environment value for variable HOME is /home/vcm
[DEBUG] 2024-04-02 16:30:43.544 FileSystemUtils [139880126723136] Home directory is missing the final / appending one to normalize
[DEBUG] 2024-04-02 16:30:43.544 FileSystemUtils [139880126723136] Final Home Directory is /home/vcm/
[INFO] 2024-04-02 16:30:43.545 Aws::Config::AWSConfigFileProfileConfigLoader [139880126723136] Initializing config loader against fileName /home/vcm/.aws/config and using profilePrefix = 1
[DEBUG] 2024-04-02 16:30:43.545 FileSystemUtils [139880126723136] Environment value for variable HOME is /home/vcm
[DEBUG] 2024-04-02 16:30:43.545 FileSystemUtils [139880126723136] Home directory is missing the final / appending one to normalize
[DEBUG] 2024-04-02 16:30:43.545 FileSystemUtils [139880126723136] Final Home Directory is /home/vcm/
[INFO] 2024-04-02 16:30:43.564 Aws::Config::ConfigFileProfileFSM [139880126723136] Unknown property: aws_access_key_id in the profile: default
[INFO] 2024-04-02 16:30:43.564 Aws::Config::ConfigFileProfileFSM [139880126723136] Unknown property: aws_secret_access_key in the profile: default
[DEBUG] 2024-04-02 16:30:43.564 Aws::Config::ConfigFileProfileFSM [139880126723136] found access key AKIAXYKJVWUMV5VJDJWU
[INFO] 2024-04-02 16:30:43.564 Aws::Config::AWSProfileConfigLoaderBase [139880126723136] Successfully reloaded configuration.
[DEBUG] 2024-04-02 16:30:43.564 FileSystemUtils [139880126723136] Environment value for variable HOME is /home/vcm
[DEBUG] 2024-04-02 16:30:43.564 FileSystemUtils [139880126723136] Home directory is missing the final / appending one to normalize
[DEBUG] 2024-04-02 16:30:43.564 FileSystemUtils [139880126723136] Final Home Directory is /home/vcm/
[INFO] 2024-04-02 16:30:43.564 Aws::Config::AWSConfigFileProfileConfigLoader [139880126723136] Unable to open config file /home/vcm/.aws/config for reading.
[INFO] 2024-04-02 16:30:43.564 Aws::Config::AWSProfileConfigLoaderBase [139880126723136] Failed to reload configuration.
[INFO] 2024-04-02 16:30:43.564 event-loop [139880126723136] id=0x5611e9a76eb0: Initializing edge-triggered epoll
[INFO] 2024-04-02 16:30:43.564 event-loop [139880126723136] id=0x5611e9a76eb0: Using eventfd for cross-thread notifications.
[INFO] 2024-04-02 16:30:43.564 event-loop [139880126723136] id=0x5611e9a76eb0: Starting event-loop thread.
[INFO] 2024-04-02 16:30:43.564 event-loop [139880126723136] id=0x5611e9a18c60: Initializing edge-triggered epoll
[INFO] 2024-04-02 16:30:43.565 event-loop [139880126723136] id=0x5611e9a18c60: Using eventfd for cross-thread notifications.
[INFO] 2024-04-02 16:30:43.565 event-loop [139880126723136] id=0x5611e9a18c60: Starting event-loop thread.
[INFO] 2024-04-02 16:30:43.565 dns [139880126723136] id=0x5611e9af38e0: Initializing default host resolver with 8 max host entries.
[INFO] 2024-04-02 16:30:43.565 event-loop [139880118261312] id=0x5611e9a76eb0: main loop started
[INFO] 2024-04-02 16:30:43.565 event-loop [139880118261312] id=0x5611e9a76eb0: default timeout 100000, and max events to process per tick 100
[INFO] 2024-04-02 16:30:43.565 event-loop [139880038397504] id=0x5611e9a18c60: main loop started
[INFO] 2024-04-02 16:30:43.565 event-loop [139880038397504] id=0x5611e9a18c60: default timeout 100000, and max events to process per tick 100
[INFO] 2024-04-02 16:30:43.565 channel-bootstrap [139880126723136] id=0x5611e9af3b30: Initializing client bootstrap with event-loop group 0x5611e9ad4350
[DEBUG] 2024-04-02 16:30:43.650 HttpClientFactory [139880126723136] Initializing Http Static State
[DEBUG] 2024-04-02 16:30:43.650 HttpClientFactory [139880126723136] Initializing Curl Http Client
[INFO] 2024-04-02 16:30:43.655 CurlHttpClient [139880126723136] Initializing Curl library with version: 7.81.0, ssl version: OpenSSL/3.0.2
[INFO] 2024-04-02 16:30:43.655 EC2MetadataClient [139880126723136] Using IMDS endpoint: http://169.254.169.254
[DEBUG] 2024-04-02 16:30:43.656 ClientConfiguration [139880126723136] Request Compression enabled
[DEBUG] 2024-04-02 16:30:43.656 ClientConfiguration [139880126723136] ClientConfiguration will use MinReqCompression: 10240
[DEBUG] 2024-04-02 16:30:43.656 ClientConfiguration [139880126723136] ClientConfiguration will use SDK Auto Resolved profile: [default] if not specified by users.
[INFO] 2024-04-02 16:30:43.656 ClientConfiguration [139880126723136] Retry Strategy will use the default max attempts.
[INFO] 2024-04-02 16:30:43.656 EC2MetadataClient [139880126723136] Creating AWSHttpResourceClient with max connections 2 and scheme http
[INFO] 2024-04-02 16:30:43.656 CurlHandleContainer [139880126723136] Initializing CurlHandleContainer with size 2
[DEBUG] 2024-04-02 16:30:43.656 ClientConfiguration [139880126723136] Request Compression enabled
[DEBUG] 2024-04-02 16:30:43.656 ClientConfiguration [139880126723136] ClientConfiguration will use MinReqCompression: 10240
[DEBUG] 2024-04-02 16:30:43.656 ClientConfiguration [139880126723136] ClientConfiguration will use SDK Auto Resolved profile: [default] if not specified by users.
[INFO] 2024-04-02 16:30:43.656 ClientConfiguration [139880126723136] Retry Strategy will use the default max attempts.
[DEBUG] 2024-04-02 16:30:43.657 CurlHandleContainer [139880126723136] Attempting to acquire curl connection.
[DEBUG] 2024-04-02 16:30:43.657 CurlHandleContainer [139880126723136] No current connections available in pool. Attempting to create new connections.
[DEBUG] 2024-04-02 16:30:43.657 CurlHandleContainer [139880126723136] attempting to grow pool size by 2
[INFO] 2024-04-02 16:30:43.657 CurlHandleContainer [139880126723136] Pool grown by 2
[DEBUG] 2024-04-02 16:30:43.657 CurlHandleContainer [139880126723136] Connection has been released. Continuing.
[DEBUG] 2024-04-02 16:30:43.657 CurlHandleContainer [139880126723136] Returning connection handle 0x5611e9c0a080
[DEBUG] 2024-04-02 16:30:43.657 CurlHttpClient [139880126723136] Obtained connection handle 0x5611e9c0a080
[DEBUG] 2024-04-02 16:30:43.658 CURL [139880126723136] (Text)   Trying 169.254.169.254:80...

[DEBUG] 2024-04-02 16:30:44.660 CURL [139880126723136] (Text) After 1000ms connect time, move on!

[DEBUG] 2024-04-02 16:30:44.660 CURL [139880126723136] (Text) connect to 169.254.169.254 port 80 failed: Connection timed out

[DEBUG] 2024-04-02 16:30:44.660 CURL [139880126723136] (Text) Connection timeout after 1001 ms

[DEBUG] 2024-04-02 16:30:44.660 CURL [139880126723136] (Text) Closing connection 0

[ERROR] 2024-04-02 16:30:44.660 CurlHttpClient [139880126723136] Curl returned error code 28 - Timeout was reached
[DEBUG] 2024-04-02 16:30:44.661 CurlHandleContainer [139880126723136] Destroy curl handle: 0x5611e9c0a080
[DEBUG] 2024-04-02 16:30:44.661 CurlHandleContainer [139880126723136] Created replacement handle and released to pool: 0x5611e9c0a080
[ERROR] 2024-04-02 16:30:44.661 EC2MetadataClient [139880126723136] Http request to retrieve credentials failed
[WARN] 2024-04-02 16:30:44.661 EC2MetadataClient [139880126723136] Request failed, now waiting 0 ms before attempting again.
[DEBUG] 2024-04-02 16:30:44.661 CurlHandleContainer [139880126723136] Attempting to acquire curl connection.
[DEBUG] 2024-04-02 16:30:44.661 CurlHandleContainer [139880126723136] Connection has been released. Continuing.
[DEBUG] 2024-04-02 16:30:44.661 CurlHandleContainer [139880126723136] Returning connection handle 0x5611e9c0a080
[DEBUG] 2024-04-02 16:30:44.661 CurlHttpClient [139880126723136] Obtained connection handle 0x5611e9c0a080
[DEBUG] 2024-04-02 16:30:44.663 CURL [139880126723136] (Text)   Trying 169.254.169.254:80...

[DEBUG] 2024-04-02 16:30:45.663 CURL [139880126723136] (Text) After 999ms connect time, move on!

[DEBUG] 2024-04-02 16:30:45.663 CURL [139880126723136] (Text) connect to 169.254.169.254 port 80 failed: Connection timed out

[DEBUG] 2024-04-02 16:30:45.663 CURL [139880126723136] (Text) Connection timeout after 1001 ms

[DEBUG] 2024-04-02 16:30:45.663 CURL [139880126723136] (Text) Closing connection 0

[ERROR] 2024-04-02 16:30:45.663 CurlHttpClient [139880126723136] Curl returned error code 28 - Timeout was reached
[DEBUG] 2024-04-02 16:30:45.663 CurlHandleContainer [139880126723136] Destroy curl handle: 0x5611e9c0a080
[DEBUG] 2024-04-02 16:30:45.663 CurlHandleContainer [139880126723136] Created replacement handle and released to pool: 0x5611e9c0a080
[ERROR] 2024-04-02 16:30:45.663 EC2MetadataClient [139880126723136] Http request to retrieve credentials failed
[ERROR] 2024-04-02 16:30:45.663 EC2MetadataClient [139880126723136] Can not retrieve resource from http://169.254.169.254/latest/api/token
[DEBUG] 2024-04-02 16:30:45.663 CurlHandleContainer [139880126723136] Attempting to acquire curl connection.
[DEBUG] 2024-04-02 16:30:45.663 CurlHandleContainer [139880126723136] Connection has been released. Continuing.
[DEBUG] 2024-04-02 16:30:45.663 CurlHandleContainer [139880126723136] Returning connection handle 0x5611e9c0a080
[DEBUG] 2024-04-02 16:30:45.663 CurlHttpClient [139880126723136] Obtained connection handle 0x5611e9c0a080
[DEBUG] 2024-04-02 16:30:45.664 CURL [139880126723136] (Text)   Trying 169.254.169.254:80...

[DEBUG] 2024-04-02 16:30:46.665 CURL [139880126723136] (Text) After 1000ms connect time, move on!

[DEBUG] 2024-04-02 16:30:46.665 CURL [139880126723136] (Text) connect to 169.254.169.254 port 80 failed: Connection timed out

[DEBUG] 2024-04-02 16:30:46.665 CURL [139880126723136] (Text) Connection timeout after 1001 ms

[DEBUG] 2024-04-02 16:30:46.665 CURL [139880126723136] (Text) Closing connection 0

[ERROR] 2024-04-02 16:30:46.665 CurlHttpClient [139880126723136] Curl returned error code 28 - Timeout was reached
[DEBUG] 2024-04-02 16:30:46.665 CurlHandleContainer [139880126723136] Destroy curl handle: 0x5611e9c0a080
[DEBUG] 2024-04-02 16:30:46.665 CurlHandleContainer [139880126723136] Created replacement handle and released to pool: 0x5611e9c0a080
[ERROR] 2024-04-02 16:30:46.665 EC2MetadataClient [139880126723136] Http request to retrieve credentials failed
[WARN] 2024-04-02 16:30:46.665 EC2MetadataClient [139880126723136] Request failed, now waiting 0 ms before attempting again.
[DEBUG] 2024-04-02 16:30:46.666 CurlHandleContainer [139880126723136] Attempting to acquire curl connection.
[DEBUG] 2024-04-02 16:30:46.666 CurlHandleContainer [139880126723136] Connection has been released. Continuing.
[DEBUG] 2024-04-02 16:30:46.666 CurlHandleContainer [139880126723136] Returning connection handle 0x5611e9c0a080
[DEBUG] 2024-04-02 16:30:46.666 CurlHttpClient [139880126723136] Obtained connection handle 0x5611e9c0a080
[DEBUG] 2024-04-02 16:30:46.666 CURL [139880126723136] (Text)   Trying 169.254.169.254:80...

[DEBUG] 2024-04-02 16:30:46.674 CURL [139880126723136] (Text) connect to 169.254.169.254 port 80 failed: Network is unreachable

[DEBUG] 2024-04-02 16:30:46.674 CURL [139880126723136] (Text) Failed to connect to 169.254.169.254 port 80 after 8 ms: Network is unreachable

[DEBUG] 2024-04-02 16:30:46.674 CURL [139880126723136] (Text) Closing connection 0

[ERROR] 2024-04-02 16:30:46.674 CurlHttpClient [139880126723136] Curl returned error code 7 - Couldn't connect to server
[DEBUG] 2024-04-02 16:30:46.674 CurlHandleContainer [139880126723136] Destroy curl handle: 0x5611e9c0a080
[DEBUG] 2024-04-02 16:30:46.675 CurlHandleContainer [139880126723136] Created replacement handle and released to pool: 0x5611e9c52890
[ERROR] 2024-04-02 16:30:46.675 EC2MetadataClient [139880126723136] Http request to retrieve credentials failed
[ERROR] 2024-04-02 16:30:46.675 EC2MetadataClient [139880126723136] Can not retrieve resource from http://169.254.169.254/latest/meta-data/iam/security-credentials
[DEBUG] 2024-04-02 16:30:46.675 CurlHandleContainer [139880126723136] Attempting to acquire curl connection.
[DEBUG] 2024-04-02 16:30:46.675 CurlHandleContainer [139880126723136] Connection has been released. Continuing.
[DEBUG] 2024-04-02 16:30:46.675 CurlHandleContainer [139880126723136] Returning connection handle 0x5611e9c52890
[DEBUG] 2024-04-02 16:30:46.675 CurlHttpClient [139880126723136] Obtained connection handle 0x5611e9c52890
[INFO] 2024-04-02 16:32:32.376 Aws_Init_Cleanup [140550022841408] Initiate AWS SDK for C++ with Version:1.11.282
[DEBUG] 2024-04-02 16:32:32.377 FileSystemUtils [140550022841408] Environment value for variable HOME is /home/vcm
[DEBUG] 2024-04-02 16:32:32.377 FileSystemUtils [140550022841408] Home directory is missing the final / appending one to normalize
[DEBUG] 2024-04-02 16:32:32.377 FileSystemUtils [140550022841408] Final Home Directory is /home/vcm/
[INFO] 2024-04-02 16:32:32.377 Aws::Config::AWSConfigFileProfileConfigLoader [140550022841408] Initializing config loader against fileName /home/vcm/.aws/credentials and using profilePrefix = 0
[DEBUG] 2024-04-02 16:32:32.377 FileSystemUtils [140550022841408] Environment value for variable HOME is /home/vcm
[DEBUG] 2024-04-02 16:32:32.377 FileSystemUtils [140550022841408] Home directory is missing the final / appending one to normalize
[DEBUG] 2024-04-02 16:32:32.377 FileSystemUtils [140550022841408] Final Home Directory is /home/vcm/
[INFO] 2024-04-02 16:32:32.377 Aws::Config::AWSConfigFileProfileConfigLoader [140550022841408] Initializing config loader against fileName /home/vcm/.aws/config and using profilePrefix = 1
[DEBUG] 2024-04-02 16:32:32.377 FileSystemUtils [140550022841408] Environment value for variable HOME is /home/vcm
[DEBUG] 2024-04-02 16:32:32.377 FileSystemUtils [140550022841408] Home directory is missing the final / appending one to normalize
[DEBUG] 2024-04-02 16:32:32.377 FileSystemUtils [140550022841408] Final Home Directory is /home/vcm/
[INFO] 2024-04-02 16:32:32.377 Aws::Config::ConfigFileProfileFSM [140550022841408] Unknown property: aws_access_key_id in the profile: default
[INFO] 2024-04-02 16:32:32.377 Aws::Config::ConfigFileProfileFSM [140550022841408] Unknown property: aws_secret_access_key in the profile: default
[DEBUG] 2024-04-02 16:32:32.377 Aws::Config::ConfigFileProfileFSM [140550022841408] found access key AKIAXYKJVWUMV5VJDJWU
[INFO] 2024-04-02 16:32:32.377 Aws::Config::AWSProfileConfigLoaderBase [140550022841408] Successfully reloaded configuration.
[DEBUG] 2024-04-02 16:32:32.377 FileSystemUtils [140550022841408] Environment value for variable HOME is /home/vcm
[DEBUG] 2024-04-02 16:32:32.377 FileSystemUtils [140550022841408] Home directory is missing the final / appending one to normalize
[DEBUG] 2024-04-02 16:32:32.377 FileSystemUtils [140550022841408] Final Home Directory is /home/vcm/
[INFO] 2024-04-02 16:32:32.377 Aws::Config::AWSConfigFileProfileConfigLoader [140550022841408] Unable to open config file /home/vcm/.aws/config for reading.
[INFO] 2024-04-02 16:32:32.377 Aws::Config::AWSProfileConfigLoaderBase [140550022841408] Failed to reload configuration.
[INFO] 2024-04-02 16:32:32.377 event-loop [140550022841408] id=0x556b69535eb0: Initializing edge-triggered epoll
[INFO] 2024-04-02 16:32:32.377 event-loop [140550022841408] id=0x556b69535eb0: Using eventfd for cross-thread notifications.
[INFO] 2024-04-02 16:32:32.377 event-loop [140550022841408] id=0x556b69535eb0: Starting event-loop thread.
[INFO] 2024-04-02 16:32:32.377 event-loop [140550022841408] id=0x556b694d7570: Initializing edge-triggered epoll
[INFO] 2024-04-02 16:32:32.377 event-loop [140550022841408] id=0x556b694d7570: Using eventfd for cross-thread notifications.
[INFO] 2024-04-02 16:32:32.377 event-loop [140550022841408] id=0x556b694d7570: Starting event-loop thread.
[INFO] 2024-04-02 16:32:32.378 dns [140550022841408] id=0x556b695b28e0: Initializing default host resolver with 8 max host entries.
[INFO] 2024-04-02 16:32:32.378 event-loop [140550014379584] id=0x556b69535eb0: main loop started
[INFO] 2024-04-02 16:32:32.378 event-loop [140550014379584] id=0x556b69535eb0: default timeout 100000, and max events to process per tick 100
[INFO] 2024-04-02 16:32:32.378 event-loop [140550005986880] id=0x556b694d7570: main loop started
[INFO] 2024-04-02 16:32:32.378 event-loop [140550005986880] id=0x556b694d7570: default timeout 100000, and max events to process per tick 100
[INFO] 2024-04-02 16:32:32.378 channel-bootstrap [140550022841408] id=0x556b695b2b30: Initializing client bootstrap with event-loop group 0x556b69593350
[DEBUG] 2024-04-02 16:32:32.456 HttpClientFactory [140550022841408] Initializing Http Static State
[DEBUG] 2024-04-02 16:32:32.456 HttpClientFactory [140550022841408] Initializing Curl Http Client
[INFO] 2024-04-02 16:32:32.456 CurlHttpClient [140550022841408] Initializing Curl library with version: 7.81.0, ssl version: OpenSSL/3.0.2
[INFO] 2024-04-02 16:32:32.456 EC2MetadataClient [140550022841408] Using IMDS endpoint: http://169.254.169.254
[DEBUG] 2024-04-02 16:32:32.457 ClientConfiguration [140550022841408] Request Compression enabled
[DEBUG] 2024-04-02 16:32:32.457 ClientConfiguration [140550022841408] ClientConfiguration will use MinReqCompression: 10240
[DEBUG] 2024-04-02 16:32:32.457 ClientConfiguration [140550022841408] ClientConfiguration will use SDK Auto Resolved profile: [default] if not specified by users.
[INFO] 2024-04-02 16:32:32.457 ClientConfiguration [140550022841408] Retry Strategy will use the default max attempts.
[INFO] 2024-04-02 16:32:32.457 EC2MetadataClient [140550022841408] Creating AWSHttpResourceClient with max connections 2 and scheme http
[INFO] 2024-04-02 16:32:32.457 CurlHandleContainer [140550022841408] Initializing CurlHandleContainer with size 2
[DEBUG] 2024-04-02 16:32:32.457 ClientConfiguration [140550022841408] Request Compression enabled
[DEBUG] 2024-04-02 16:32:32.457 ClientConfiguration [140550022841408] ClientConfiguration will use MinReqCompression: 10240
[DEBUG] 2024-04-02 16:32:32.457 ClientConfiguration [140550022841408] ClientConfiguration will use SDK Auto Resolved profile: [default] if not specified by users.
[INFO] 2024-04-02 16:32:32.457 ClientConfiguration [140550022841408] Retry Strategy will use the default max attempts.
[DEBUG] 2024-04-02 16:32:32.457 CurlHandleContainer [140550022841408] Attempting to acquire curl connection.
[DEBUG] 2024-04-02 16:32:32.457 CurlHandleContainer [140550022841408] No current connections available in pool. Attempting to create new connections.
[DEBUG] 2024-04-02 16:32:32.457 CurlHandleContainer [140550022841408] attempting to grow pool size by 2
[INFO] 2024-04-02 16:32:32.457 CurlHandleContainer [140550022841408] Pool grown by 2
[DEBUG] 2024-04-02 16:32:32.457 CurlHandleContainer [140550022841408] Connection has been released. Continuing.
[DEBUG] 2024-04-02 16:32:32.457 CurlHandleContainer [140550022841408] Returning connection handle 0x556b696c8b10
[DEBUG] 2024-04-02 16:32:32.457 CurlHttpClient [140550022841408] Obtained connection handle 0x556b696c8b10
[DEBUG] 2024-04-02 16:32:32.458 CURL [140550022841408] (Text)   Trying 169.254.169.254:80...

[DEBUG] 2024-04-02 16:32:33.459 CURL [140550022841408] (Text) After 1000ms connect time, move on!

[DEBUG] 2024-04-02 16:32:33.459 CURL [140550022841408] (Text) connect to 169.254.169.254 port 80 failed: Connection timed out

[DEBUG] 2024-04-02 16:32:33.459 CURL [140550022841408] (Text) Connection timeout after 1001 ms

[DEBUG] 2024-04-02 16:32:33.459 CURL [140550022841408] (Text) Closing connection 0

[ERROR] 2024-04-02 16:32:33.459 CurlHttpClient [140550022841408] Curl returned error code 28 - Timeout was reached
[DEBUG] 2024-04-02 16:32:33.460 CurlHandleContainer [140550022841408] Destroy curl handle: 0x556b696c8b10
[DEBUG] 2024-04-02 16:32:33.460 CurlHandleContainer [140550022841408] Created replacement handle and released to pool: 0x556b696c8b10
[ERROR] 2024-04-02 16:32:33.460 EC2MetadataClient [140550022841408] Http request to retrieve credentials failed
[WARN] 2024-04-02 16:32:33.460 EC2MetadataClient [140550022841408] Request failed, now waiting 0 ms before attempting again.
[DEBUG] 2024-04-02 16:32:33.460 CurlHandleContainer [140550022841408] Attempting to acquire curl connection.
[DEBUG] 2024-04-02 16:32:33.460 CurlHandleContainer [140550022841408] Connection has been released. Continuing.
[DEBUG] 2024-04-02 16:32:33.460 CurlHandleContainer [140550022841408] Returning connection handle 0x556b696c8b10
[DEBUG] 2024-04-02 16:32:33.460 CurlHttpClient [140550022841408] Obtained connection handle 0x556b696c8b10
[DEBUG] 2024-04-02 16:32:33.460 CURL [140550022841408] (Text)   Trying 169.254.169.254:80...

[DEBUG] 2024-04-02 16:32:34.461 CURL [140550022841408] (Text) After 1000ms connect time, move on!

[DEBUG] 2024-04-02 16:32:34.461 CURL [140550022841408] (Text) connect to 169.254.169.254 port 80 failed: Connection timed out

[DEBUG] 2024-04-02 16:32:34.461 CURL [140550022841408] (Text) Connection timeout after 1000 ms

[DEBUG] 2024-04-02 16:32:34.461 CURL [140550022841408] (Text) Closing connection 0

[ERROR] 2024-04-02 16:32:34.461 CurlHttpClient [140550022841408] Curl returned error code 28 - Timeout was reached
[DEBUG] 2024-04-02 16:32:34.461 CurlHandleContainer [140550022841408] Destroy curl handle: 0x556b696c8b10
[DEBUG] 2024-04-02 16:32:34.461 CurlHandleContainer [140550022841408] Created replacement handle and released to pool: 0x556b696c8b10
[ERROR] 2024-04-02 16:32:34.461 EC2MetadataClient [140550022841408] Http request to retrieve credentials failed
[ERROR] 2024-04-02 16:32:34.462 EC2MetadataClient [140550022841408] Can not retrieve resource from http://169.254.169.254/latest/api/token
[DEBUG] 2024-04-02 16:32:34.462 CurlHandleContainer [140550022841408] Attempting to acquire curl connection.
[DEBUG] 2024-04-02 16:32:34.462 CurlHandleContainer [140550022841408] Connection has been released. Continuing.
[DEBUG] 2024-04-02 16:32:34.462 CurlHandleContainer [140550022841408] Returning connection handle 0x556b696c8b10
[DEBUG] 2024-04-02 16:32:34.462 CurlHttpClient [140550022841408] Obtained connection handle 0x556b696c8b10
[DEBUG] 2024-04-02 16:32:34.462 CURL [140550022841408] (Text)   Trying 169.254.169.254:80...

[DEBUG] 2024-04-02 16:32:35.464 CURL [140550022841408] (Text) After 1000ms connect time, move on!

[DEBUG] 2024-04-02 16:32:35.464 CURL [140550022841408] (Text) connect to 169.254.169.254 port 80 failed: Connection timed out

[DEBUG] 2024-04-02 16:32:35.464 CURL [140550022841408] (Text) Connection timeout after 1001 ms

[DEBUG] 2024-04-02 16:32:35.464 CURL [140550022841408] (Text) Closing connection 0

[ERROR] 2024-04-02 16:32:35.464 CurlHttpClient [140550022841408] Curl returned error code 28 - Timeout was reached
[DEBUG] 2024-04-02 16:32:35.464 CurlHandleContainer [140550022841408] Destroy curl handle: 0x556b696c8b10
[DEBUG] 2024-04-02 16:32:35.464 CurlHandleContainer [140550022841408] Created replacement handle and released to pool: 0x556b696c8b10
[ERROR] 2024-04-02 16:32:35.464 EC2MetadataClient [140550022841408] Http request to retrieve credentials failed
[WARN] 2024-04-02 16:32:35.464 EC2MetadataClient [140550022841408] Request failed, now waiting 0 ms before attempting again.
[DEBUG] 2024-04-02 16:32:35.464 CurlHandleContainer [140550022841408] Attempting to acquire curl connection.
[DEBUG] 2024-04-02 16:32:35.464 CurlHandleContainer [140550022841408] Connection has been released. Continuing.
[DEBUG] 2024-04-02 16:32:35.464 CurlHandleContainer [140550022841408] Returning connection handle 0x556b696c8b10
[DEBUG] 2024-04-02 16:32:35.464 CurlHttpClient [140550022841408] Obtained connection handle 0x556b696c8b10
[DEBUG] 2024-04-02 16:32:35.464 CURL [140550022841408] (Text)   Trying 169.254.169.254:80...

[DEBUG] 2024-04-02 16:32:36.465 CURL [140550022841408] (Text) After 1000ms connect time, move on!

[DEBUG] 2024-04-02 16:32:36.465 CURL [140550022841408] (Text) connect to 169.254.169.254 port 80 failed: Connection timed out

[DEBUG] 2024-04-02 16:32:36.465 CURL [140550022841408] (Text) Connection timeout after 1001 ms

[DEBUG] 2024-04-02 16:32:36.465 CURL [140550022841408] (Text) Closing connection 0

[ERROR] 2024-04-02 16:32:36.465 CurlHttpClient [140550022841408] Curl returned error code 28 - Timeout was reached
[DEBUG] 2024-04-02 16:32:36.466 CurlHandleContainer [140550022841408] Destroy curl handle: 0x556b696c8b10
[DEBUG] 2024-04-02 16:32:36.466 CurlHandleContainer [140550022841408] Created replacement handle and released to pool: 0x556b696c8b10
[ERROR] 2024-04-02 16:32:36.466 EC2MetadataClient [140550022841408] Http request to retrieve credentials failed
[ERROR] 2024-04-02 16:32:36.466 EC2MetadataClient [140550022841408] Can not retrieve resource from http://169.254.169.254/latest/meta-data/iam/security-credentials
[DEBUG] 2024-04-02 16:32:36.466 CurlHandleContainer [140550022841408] Attempting to acquire curl connection.
[DEBUG] 2024-04-02 16:32:36.466 CurlHandleContainer [140550022841408] Connection has been released. Continuing.
[DEBUG] 2024-04-02 16:32:36.466 CurlHandleContainer [140550022841408] Returning connection handle 0x556b696c8b10
[DEBUG] 2024-04-02 16:32:36.466 CurlHttpClient [140550022841408] Obtained connection handle 0x556b696c8b10
[DEBUG] 2024-04-02 16:32:36.466 CURL [140550022841408] (Text)   Trying 169.254.169.254:80...

[DEBUG] 2024-04-02 16:32:37.468 CURL [140550022841408] (Text) After 1000ms connect time, move on!

[DEBUG] 2024-04-02 16:32:37.468 CURL [140550022841408] (Text) connect to 169.254.169.254 port 80 failed: Connection timed out

[DEBUG] 2024-04-02 16:32:37.468 CURL [140550022841408] (Text) Connection timeout after 1001 ms

[DEBUG] 2024-04-02 16:32:37.468 CURL [140550022841408] (Text) Closing connection 0

[ERROR] 2024-04-02 16:32:37.468 CurlHttpClient [140550022841408] Curl returned error code 28 - Timeout was reached
[DEBUG] 2024-04-02 16:32:37.468 CurlHandleContainer [140550022841408] Destroy curl handle: 0x556b696c8b10
[DEBUG] 2024-04-02 16:32:37.468 CurlHandleContainer [140550022841408] Created replacement handle and released to pool: 0x556b696c8b10
[ERROR] 2024-04-02 16:32:37.468 EC2MetadataClient [140550022841408] Http request to retrieve credentials failed
[WARN] 2024-04-02 16:32:37.468 EC2MetadataClient [140550022841408] Request failed, now waiting 0 ms before attempting again.
[DEBUG] 2024-04-02 16:32:37.468 CurlHandleContainer [140550022841408] Attempting to acquire curl connection.
[DEBUG] 2024-04-02 16:32:37.468 CurlHandleContainer [140550022841408] Connection has been released. Continuing.
[DEBUG] 2024-04-02 16:32:37.468 CurlHandleContainer [140550022841408] Returning connection handle 0x556b696c8b10
[DEBUG] 2024-04-02 16:32:37.468 CurlHttpClient [140550022841408] Obtained connection handle 0x556b696c8b10
[DEBUG] 2024-04-02 16:32:37.468 CURL [140550022841408] (Text)   Trying 169.254.169.254:80...

[DEBUG] 2024-04-02 16:32:38.470 CURL [140550022841408] (Text) After 1000ms connect time, move on!

[DEBUG] 2024-04-02 16:32:38.470 CURL [140550022841408] (Text) connect to 169.254.169.254 port 80 failed: Connection timed out

[DEBUG] 2024-04-02 16:32:38.470 CURL [140550022841408] (Text) Connection timeout after 1001 ms

[DEBUG] 2024-04-02 16:32:38.470 CURL [140550022841408] (Text) Closing connection 0

[ERROR] 2024-04-02 16:32:38.470 CurlHttpClient [140550022841408] Curl returned error code 28 - Timeout was reached
[DEBUG] 2024-04-02 16:32:38.470 CurlHandleContainer [140550022841408] Destroy curl handle: 0x556b696c8b10
[DEBUG] 2024-04-02 16:32:38.470 CurlHandleContainer [140550022841408] Created replacement handle and released to pool: 0x556b696c8b10
[ERROR] 2024-04-02 16:32:38.470 EC2MetadataClient [140550022841408] Http request to retrieve credentials failed
[ERROR] 2024-04-02 16:32:38.470 EC2MetadataClient [140550022841408] Can not retrieve resource from http://169.254.169.254/latest/meta-data/placement/availability-zone
[INFO] 2024-04-02 16:32:38.470 EC2MetadataClient [140550022841408] Unable to pull region from instance metadata service 
[INFO] 2024-04-02 16:37:06.544 Aws_Init_Cleanup [140381869892672] Initiate AWS SDK for C++ with Version:1.11.282
[DEBUG] 2024-04-02 16:37:06.544 FileSystemUtils [140381869892672] Environment value for variable HOME is /home/vcm
[DEBUG] 2024-04-02 16:37:06.544 FileSystemUtils [140381869892672] Home directory is missing the final / appending one to normalize
[DEBUG] 2024-04-02 16:37:06.544 FileSystemUtils [140381869892672] Final Home Directory is /home/vcm/
[INFO] 2024-04-02 16:37:06.544 Aws::Config::AWSConfigFileProfileConfigLoader [140381869892672] Initializing config loader against fileName /home/vcm/.aws/credentials and using profilePrefix = 0
[DEBUG] 2024-04-02 16:37:06.544 FileSystemUtils [140381869892672] Environment value for variable HOME is /home/vcm
[DEBUG] 2024-04-02 16:37:06.544 FileSystemUtils [140381869892672] Home directory is missing the final / appending one to normalize
[DEBUG] 2024-04-02 16:37:06.544 FileSystemUtils [140381869892672] Final Home Directory is /home/vcm/
[INFO] 2024-04-02 16:37:06.544 Aws::Config::AWSConfigFileProfileConfigLoader [140381869892672] Initializing config loader against fileName /home/vcm/.aws/config and using profilePrefix = 1
[DEBUG] 2024-04-02 16:37:06.544 FileSystemUtils [140381869892672] Environment value for variable HOME is /home/vcm
[DEBUG] 2024-04-02 16:37:06.544 FileSystemUtils [140381869892672] Home directory is missing the final / appending one to normalize
[DEBUG] 2024-04-02 16:37:06.544 FileSystemUtils [140381869892672] Final Home Directory is /home/vcm/
[INFO] 2024-04-02 16:37:06.544 Aws::Config::ConfigFileProfileFSM [140381869892672] Unknown property: aws_access_key_id in the profile: default
[INFO] 2024-04-02 16:37:06.544 Aws::Config::ConfigFileProfileFSM [140381869892672] Unknown property: aws_secret_access_key in the profile: default
[DEBUG] 2024-04-02 16:37:06.544 Aws::Config::ConfigFileProfileFSM [140381869892672] found access key AKIAXYKJVWUMV5VJDJWU
[INFO] 2024-04-02 16:37:06.544 Aws::Config::AWSProfileConfigLoaderBase [140381869892672] Successfully reloaded configuration.
[DEBUG] 2024-04-02 16:37:06.544 FileSystemUtils [140381869892672] Environment value for variable HOME is /home/vcm
[DEBUG] 2024-04-02 16:37:06.545 FileSystemUtils [140381869892672] Home directory is missing the final / appending one to normalize
[DEBUG] 2024-04-02 16:37:06.545 FileSystemUtils [140381869892672] Final Home Directory is /home/vcm/
[INFO] 2024-04-02 16:37:06.545 Aws::Config::AWSConfigFileProfileConfigLoader [140381869892672] Unable to open config file /home/vcm/.aws/config for reading.
[INFO] 2024-04-02 16:37:06.545 Aws::Config::AWSProfileConfigLoaderBase [140381869892672] Failed to reload configuration.
[INFO] 2024-04-02 16:37:06.545 event-loop [140381869892672] id=0x563dbcf90eb0: Initializing edge-triggered epoll
[INFO] 2024-04-02 16:37:06.545 event-loop [140381869892672] id=0x563dbcf90eb0: Using eventfd for cross-thread notifications.
[INFO] 2024-04-02 16:37:06.545 event-loop [140381869892672] id=0x563dbcf90eb0: Starting event-loop thread.
[INFO] 2024-04-02 16:37:06.545 event-loop [140381869892672] id=0x563dbcf32c60: Initializing edge-triggered epoll
[INFO] 2024-04-02 16:37:06.545 event-loop [140381869892672] id=0x563dbcf32c60: Using eventfd for cross-thread notifications.
[INFO] 2024-04-02 16:37:06.545 event-loop [140381869892672] id=0x563dbcf32c60: Starting event-loop thread.
[INFO] 2024-04-02 16:37:06.545 dns [140381869892672] id=0x563dbd00da00: Initializing default host resolver with 8 max host entries.
[INFO] 2024-04-02 16:37:06.545 event-loop [140381853038144] id=0x563dbcf32c60: main loop started
[INFO] 2024-04-02 16:37:06.545 channel-bootstrap [140381869892672] id=0x563dbd00dc50: Initializing client bootstrap with event-loop group 0x563dbcfee350
[INFO] 2024-04-02 16:37:06.545 event-loop [140381853038144] id=0x563dbcf32c60: default timeout 100000, and max events to process per tick 100
[INFO] 2024-04-02 16:37:06.545 event-loop [140381861430848] id=0x563dbcf90eb0: main loop started
[INFO] 2024-04-02 16:37:06.545 event-loop [140381861430848] id=0x563dbcf90eb0: default timeout 100000, and max events to process per tick 100
[DEBUG] 2024-04-02 16:37:06.626 HttpClientFactory [140381869892672] Initializing Http Static State
[DEBUG] 2024-04-02 16:37:06.626 HttpClientFactory [140381869892672] Initializing Curl Http Client
[INFO] 2024-04-02 16:37:06.626 CurlHttpClient [140381869892672] Initializing Curl library with version: 7.81.0, ssl version: OpenSSL/3.0.2
[INFO] 2024-04-02 16:37:06.626 EC2MetadataClient [140381869892672] Using IMDS endpoint: http://169.254.169.254
[DEBUG] 2024-04-02 16:37:06.627 ClientConfiguration [140381869892672] Request Compression enabled
[DEBUG] 2024-04-02 16:37:06.627 ClientConfiguration [140381869892672] ClientConfiguration will use MinReqCompression: 10240
[DEBUG] 2024-04-02 16:37:06.627 ClientConfiguration [140381869892672] ClientConfiguration will use SDK Auto Resolved profile: [default] if not specified by users.
[INFO] 2024-04-02 16:37:06.627 ClientConfiguration [140381869892672] Retry Strategy will use the default max attempts.
[INFO] 2024-04-02 16:37:06.627 EC2MetadataClient [140381869892672] Creating AWSHttpResourceClient with max connections 2 and scheme http
[INFO] 2024-04-02 16:37:06.627 CurlHandleContainer [140381869892672] Initializing CurlHandleContainer with size 2
[DEBUG] 2024-04-02 16:37:06.627 ClientConfiguration [140381869892672] Request Compression enabled
[DEBUG] 2024-04-02 16:37:06.627 ClientConfiguration [140381869892672] ClientConfiguration will use MinReqCompression: 10240
[DEBUG] 2024-04-02 16:37:06.627 ClientConfiguration [140381869892672] ClientConfiguration will use SDK Auto Resolved profile: [default] if not specified by users.
[INFO] 2024-04-02 16:37:06.627 ClientConfiguration [140381869892672] Retry Strategy will use the default max attempts.
[DEBUG] 2024-04-02 16:37:06.627 CurlHandleContainer [140381869892672] Attempting to acquire curl connection.
[DEBUG] 2024-04-02 16:37:06.627 CurlHandleContainer [140381869892672] No current connections available in pool. Attempting to create new connections.
[DEBUG] 2024-04-02 16:37:06.627 CurlHandleContainer [140381869892672] attempting to grow pool size by 2
[INFO] 2024-04-02 16:37:06.627 CurlHandleContainer [140381869892672] Pool grown by 2
[DEBUG] 2024-04-02 16:37:06.627 CurlHandleContainer [140381869892672] Connection has been released. Continuing.
[DEBUG] 2024-04-02 16:37:06.627 CurlHandleContainer [140381869892672] Returning connection handle 0x563dbd124470
[DEBUG] 2024-04-02 16:37:06.627 CurlHttpClient [140381869892672] Obtained connection handle 0x563dbd124470
[DEBUG] 2024-04-02 16:37:06.627 CURL [140381869892672] (Text)   Trying 169.254.169.254:80...

[DEBUG] 2024-04-02 16:37:07.629 CURL [140381869892672] (Text) After 1000ms connect time, move on!

[DEBUG] 2024-04-02 16:37:07.629 CURL [140381869892672] (Text) connect to 169.254.169.254 port 80 failed: Connection timed out

[DEBUG] 2024-04-02 16:37:07.629 CURL [140381869892672] (Text) Connection timeout after 1001 ms

[DEBUG] 2024-04-02 16:37:07.629 CURL [140381869892672] (Text) Closing connection 0

[ERROR] 2024-04-02 16:37:07.629 CurlHttpClient [140381869892672] Curl returned error code 28 - Timeout was reached
[DEBUG] 2024-04-02 16:37:07.629 CurlHandleContainer [140381869892672] Destroy curl handle: 0x563dbd124470
[DEBUG] 2024-04-02 16:37:07.629 CurlHandleContainer [140381869892672] Created replacement handle and released to pool: 0x563dbd124470
[ERROR] 2024-04-02 16:37:07.629 EC2MetadataClient [140381869892672] Http request to retrieve credentials failed
[WARN] 2024-04-02 16:37:07.629 EC2MetadataClient [140381869892672] Request failed, now waiting 0 ms before attempting again.
[DEBUG] 2024-04-02 16:37:07.629 CurlHandleContainer [140381869892672] Attempting to acquire curl connection.
[DEBUG] 2024-04-02 16:37:07.629 CurlHandleContainer [140381869892672] Connection has been released. Continuing.
[DEBUG] 2024-04-02 16:37:07.629 CurlHandleContainer [140381869892672] Returning connection handle 0x563dbd124470
[DEBUG] 2024-04-02 16:37:07.629 CurlHttpClient [140381869892672] Obtained connection handle 0x563dbd124470
[DEBUG] 2024-04-02 16:37:07.630 CURL [140381869892672] (Text)   Trying 169.254.169.254:80...

[DEBUG] 2024-04-02 16:37:08.631 CURL [140381869892672] (Text) After 1000ms connect time, move on!

[DEBUG] 2024-04-02 16:37:08.631 CURL [140381869892672] (Text) connect to 169.254.169.254 port 80 failed: Connection timed out

[DEBUG] 2024-04-02 16:37:08.631 CURL [140381869892672] (Text) Connection timeout after 1001 ms

[DEBUG] 2024-04-02 16:37:08.631 CURL [140381869892672] (Text) Closing connection 0

[ERROR] 2024-04-02 16:37:08.631 CurlHttpClient [140381869892672] Curl returned error code 28 - Timeout was reached
[DEBUG] 2024-04-02 16:37:08.631 CurlHandleContainer [140381869892672] Destroy curl handle: 0x563dbd124470
[DEBUG] 2024-04-02 16:37:08.631 CurlHandleContainer [140381869892672] Created replacement handle and released to pool: 0x563dbd124470
[ERROR] 2024-04-02 16:37:08.631 EC2MetadataClient [140381869892672] Http request to retrieve credentials failed
[ERROR] 2024-04-02 16:37:08.631 EC2MetadataClient [140381869892672] Can not retrieve resource from http://169.254.169.254/latest/api/token
[DEBUG] 2024-04-02 16:37:08.632 CurlHandleContainer [140381869892672] Attempting to acquire curl connection.
[DEBUG] 2024-04-02 16:37:08.632 CurlHandleContainer [140381869892672] Connection has been released. Continuing.
[DEBUG] 2024-04-02 16:37:08.632 CurlHandleContainer [140381869892672] Returning connection handle 0x563dbd124470
[DEBUG] 2024-04-02 16:37:08.632 CurlHttpClient [140381869892672] Obtained connection handle 0x563dbd124470
[DEBUG] 2024-04-02 16:37:08.632 CURL [140381869892672] (Text)   Trying 169.254.169.254:80...

[DEBUG] 2024-04-02 16:37:09.633 CURL [140381869892672] (Text) After 1000ms connect time, move on!

[DEBUG] 2024-04-02 16:37:09.633 CURL [140381869892672] (Text) connect to 169.254.169.254 port 80 failed: Connection timed out

[DEBUG] 2024-04-02 16:37:09.633 CURL [140381869892672] (Text) Connection timeout after 1001 ms

[DEBUG] 2024-04-02 16:37:09.633 CURL [140381869892672] (Text) Closing connection 0

[ERROR] 2024-04-02 16:37:09.633 CurlHttpClient [140381869892672] Curl returned error code 28 - Timeout was reached
[DEBUG] 2024-04-02 16:37:09.633 CurlHandleContainer [140381869892672] Destroy curl handle: 0x563dbd124470
[DEBUG] 2024-04-02 16:37:09.634 CurlHandleContainer [140381869892672] Created replacement handle and released to pool: 0x563dbd124470
[ERROR] 2024-04-02 16:37:09.634 EC2MetadataClient [140381869892672] Http request to retrieve credentials failed
[WARN] 2024-04-02 16:37:09.634 EC2MetadataClient [140381869892672] Request failed, now waiting 0 ms before attempting again.
[DEBUG] 2024-04-02 16:37:09.634 CurlHandleContainer [140381869892672] Attempting to acquire curl connection.
[DEBUG] 2024-04-02 16:37:09.634 CurlHandleContainer [140381869892672] Connection has been released. Continuing.
[DEBUG] 2024-04-02 16:37:09.634 CurlHandleContainer [140381869892672] Returning connection handle 0x563dbd124470
[DEBUG] 2024-04-02 16:37:09.634 CurlHttpClient [140381869892672] Obtained connection handle 0x563dbd124470
[DEBUG] 2024-04-02 16:37:09.634 CURL [140381869892672] (Text)   Trying 169.254.169.254:80...

[DEBUG] 2024-04-02 16:37:10.635 CURL [140381869892672] (Text) After 1000ms connect time, move on!

[DEBUG] 2024-04-02 16:37:10.635 CURL [140381869892672] (Text) connect to 169.254.169.254 port 80 failed: Connection timed out

[DEBUG] 2024-04-02 16:37:10.636 CURL [140381869892672] (Text) Connection timeout after 1001 ms

[DEBUG] 2024-04-02 16:37:10.636 CURL [140381869892672] (Text) Closing connection 0

[ERROR] 2024-04-02 16:37:10.636 CurlHttpClient [140381869892672] Curl returned error code 28 - Timeout was reached
[INFO] 2024-04-02 16:43:40.863 Aws_Init_Cleanup [139710009975872] Initiate AWS SDK for C++ with Version:1.11.282
[DEBUG] 2024-04-02 16:43:40.863 FileSystemUtils [139710009975872] Environment value for variable HOME is /home/vcm
[DEBUG] 2024-04-02 16:43:40.863 FileSystemUtils [139710009975872] Home directory is missing the final / appending one to normalize
[DEBUG] 2024-04-02 16:43:40.863 FileSystemUtils [139710009975872] Final Home Directory is /home/vcm/
[INFO] 2024-04-02 16:43:40.863 Aws::Config::AWSConfigFileProfileConfigLoader [139710009975872] Initializing config loader against fileName /home/vcm/.aws/credentials and using profilePrefix = 0
[DEBUG] 2024-04-02 16:43:40.863 FileSystemUtils [139710009975872] Environment value for variable HOME is /home/vcm
[DEBUG] 2024-04-02 16:43:40.863 FileSystemUtils [139710009975872] Home directory is missing the final / appending one to normalize
[DEBUG] 2024-04-02 16:43:40.863 FileSystemUtils [139710009975872] Final Home Directory is /home/vcm/
[INFO] 2024-04-02 16:43:40.863 Aws::Config::AWSConfigFileProfileConfigLoader [139710009975872] Initializing config loader against fileName /home/vcm/.aws/config and using profilePrefix = 1
[DEBUG] 2024-04-02 16:43:40.863 FileSystemUtils [139710009975872] Environment value for variable HOME is /home/vcm
[DEBUG] 2024-04-02 16:43:40.863 FileSystemUtils [139710009975872] Home directory is missing the final / appending one to normalize
[DEBUG] 2024-04-02 16:43:40.863 FileSystemUtils [139710009975872] Final Home Directory is /home/vcm/
[INFO] 2024-04-02 16:43:40.864 Aws::Config::ConfigFileProfileFSM [139710009975872] Unknown property: aws_access_key_id in the profile: default
[INFO] 2024-04-02 16:43:40.864 Aws::Config::ConfigFileProfileFSM [139710009975872] Unknown property: aws_secret_access_key in the profile: default
[DEBUG] 2024-04-02 16:43:40.864 Aws::Config::ConfigFileProfileFSM [139710009975872] found access key AKIAXYKJVWUMV5VJDJWU
[INFO] 2024-04-02 16:43:40.864 Aws::Config::AWSProfileConfigLoaderBase [139710009975872] Successfully reloaded configuration.
[DEBUG] 2024-04-02 16:43:40.864 FileSystemUtils [139710009975872] Environment value for variable HOME is /home/vcm
[DEBUG] 2024-04-02 16:43:40.864 FileSystemUtils [139710009975872] Home directory is missing the final / appending one to normalize
[DEBUG] 2024-04-02 16:43:40.864 FileSystemUtils [139710009975872] Final Home Directory is /home/vcm/
[INFO] 2024-04-02 16:43:40.864 Aws::Config::AWSConfigFileProfileConfigLoader [139710009975872] Unable to open config file /home/vcm/.aws/config for reading.
[INFO] 2024-04-02 16:43:40.864 Aws::Config::AWSProfileConfigLoaderBase [139710009975872] Failed to reload configuration.
[INFO] 2024-04-02 16:43:40.864 event-loop [139710009975872] id=0x55b2d5c60eb0: Initializing edge-triggered epoll
[INFO] 2024-04-02 16:43:40.864 event-loop [139710009975872] id=0x55b2d5c60eb0: Using eventfd for cross-thread notifications.
[INFO] 2024-04-02 16:43:40.864 event-loop [139710009975872] id=0x55b2d5c60eb0: Starting event-loop thread.
[INFO] 2024-04-02 16:43:40.864 event-loop [139710009975872] id=0x55b2d5c02570: Initializing edge-triggered epoll
[INFO] 2024-04-02 16:43:40.864 event-loop [139710009975872] id=0x55b2d5c02570: Using eventfd for cross-thread notifications.
[INFO] 2024-04-02 16:43:40.864 event-loop [139710009975872] id=0x55b2d5c02570: Starting event-loop thread.
[INFO] 2024-04-02 16:43:40.864 dns [139710009975872] id=0x55b2d5cdd7e0: Initializing default host resolver with 8 max host entries.
[INFO] 2024-04-02 16:43:40.864 event-loop [139710001514048] id=0x55b2d5c60eb0: main loop started
[INFO] 2024-04-02 16:43:40.864 channel-bootstrap [139710009975872] id=0x55b2d5cdda30: Initializing client bootstrap with event-loop group 0x55b2d5cbe350
[INFO] 2024-04-02 16:43:40.864 event-loop [139709993121344] id=0x55b2d5c02570: main loop started
[INFO] 2024-04-02 16:43:40.864 event-loop [139710001514048] id=0x55b2d5c60eb0: default timeout 100000, and max events to process per tick 100
[INFO] 2024-04-02 16:43:40.864 event-loop [139709993121344] id=0x55b2d5c02570: default timeout 100000, and max events to process per tick 100
[DEBUG] 2024-04-02 16:43:40.944 HttpClientFactory [139710009975872] Initializing Http Static State
[DEBUG] 2024-04-02 16:43:40.944 HttpClientFactory [139710009975872] Initializing Curl Http Client
[INFO] 2024-04-02 16:43:40.944 CurlHttpClient [139710009975872] Initializing Curl library with version: 7.81.0, ssl version: OpenSSL/3.0.2
[INFO] 2024-04-02 16:43:40.945 EC2MetadataClient [139710009975872] Using IMDS endpoint: http://169.254.169.254
[DEBUG] 2024-04-02 16:43:40.945 ClientConfiguration [139710009975872] Request Compression enabled
[DEBUG] 2024-04-02 16:43:40.945 ClientConfiguration [139710009975872] ClientConfiguration will use MinReqCompression: 10240
[DEBUG] 2024-04-02 16:43:40.945 ClientConfiguration [139710009975872] ClientConfiguration will use SDK Auto Resolved profile: [default] if not specified by users.
[INFO] 2024-04-02 16:43:40.945 ClientConfiguration [139710009975872] Retry Strategy will use the default max attempts.
[INFO] 2024-04-02 16:43:40.945 EC2MetadataClient [139710009975872] Creating AWSHttpResourceClient with max connections 2 and scheme http
[INFO] 2024-04-02 16:43:40.945 CurlHandleContainer [139710009975872] Initializing CurlHandleContainer with size 2
[DEBUG] 2024-04-02 16:43:40.945 ClientConfiguration [139710009975872] Request Compression enabled
[DEBUG] 2024-04-02 16:43:40.945 ClientConfiguration [139710009975872] ClientConfiguration will use MinReqCompression: 10240
[DEBUG] 2024-04-02 16:43:40.945 ClientConfiguration [139710009975872] ClientConfiguration will use SDK Auto Resolved profile: [default] if not specified by users.
[INFO] 2024-04-02 16:43:40.945 ClientConfiguration [139710009975872] Retry Strategy will use the default max attempts.
[DEBUG] 2024-04-02 16:43:40.946 CurlHandleContainer [139710009975872] Attempting to acquire curl connection.
[DEBUG] 2024-04-02 16:43:40.946 CurlHandleContainer [139710009975872] No current connections available in pool. Attempting to create new connections.
[DEBUG] 2024-04-02 16:43:40.946 CurlHandleContainer [139710009975872] attempting to grow pool size by 2
[INFO] 2024-04-02 16:43:40.946 CurlHandleContainer [139710009975872] Pool grown by 2
[DEBUG] 2024-04-02 16:43:40.946 CurlHandleContainer [139710009975872] Connection has been released. Continuing.
[DEBUG] 2024-04-02 16:43:40.946 CurlHandleContainer [139710009975872] Returning connection handle 0x55b2d5df3e50
[DEBUG] 2024-04-02 16:43:40.946 CurlHttpClient [139710009975872] Obtained connection handle 0x55b2d5df3e50
[DEBUG] 2024-04-02 16:43:40.946 CURL [139710009975872] (Text)   Trying 169.254.169.254:80...

[DEBUG] 2024-04-02 16:43:41.946 CURL [139710009975872] (Text) After 1000ms connect time, move on!

[DEBUG] 2024-04-02 16:43:41.946 CURL [139710009975872] (Text) connect to 169.254.169.254 port 80 failed: Connection timed out

[DEBUG] 2024-04-02 16:43:41.946 CURL [139710009975872] (Text) Connection timeout after 1000 ms

[DEBUG] 2024-04-02 16:43:41.946 CURL [139710009975872] (Text) Closing connection 0

[ERROR] 2024-04-02 16:43:41.947 CurlHttpClient [139710009975872] Curl returned error code 28 - Timeout was reached
[DEBUG] 2024-04-02 16:43:41.947 CurlHandleContainer [139710009975872] Destroy curl handle: 0x55b2d5df3e50
[DEBUG] 2024-04-02 16:43:41.947 CurlHandleContainer [139710009975872] Created replacement handle and released to pool: 0x55b2d5df3e50
[ERROR] 2024-04-02 16:43:41.947 EC2MetadataClient [139710009975872] Http request to retrieve credentials failed
[WARN] 2024-04-02 16:43:41.947 EC2MetadataClient [139710009975872] Request failed, now waiting 0 ms before attempting again.
[DEBUG] 2024-04-02 16:43:41.947 CurlHandleContainer [139710009975872] Attempting to acquire curl connection.
[DEBUG] 2024-04-02 16:43:41.947 CurlHandleContainer [139710009975872] Connection has been released. Continuing.
[DEBUG] 2024-04-02 16:43:41.947 CurlHandleContainer [139710009975872] Returning connection handle 0x55b2d5df3e50
[DEBUG] 2024-04-02 16:43:41.947 CurlHttpClient [139710009975872] Obtained connection handle 0x55b2d5df3e50
[DEBUG] 2024-04-02 16:43:41.948 CURL [139710009975872] (Text)   Trying 169.254.169.254:80...

[DEBUG] 2024-04-02 16:43:42.948 CURL [139710009975872] (Text) After 1000ms connect time, move on!

[DEBUG] 2024-04-02 16:43:42.948 CURL [139710009975872] (Text) connect to 169.254.169.254 port 80 failed: Connection timed out

[DEBUG] 2024-04-02 16:43:42.948 CURL [139710009975872] (Text) Connection timeout after 1000 ms

[DEBUG] 2024-04-02 16:43:42.948 CURL [139710009975872] (Text) Closing connection 0

[ERROR] 2024-04-02 16:43:42.948 CurlHttpClient [139710009975872] Curl returned error code 28 - Timeout was reached
[DEBUG] 2024-04-02 16:43:42.948 CurlHandleContainer [139710009975872] Destroy curl handle: 0x55b2d5df3e50
[DEBUG] 2024-04-02 16:43:42.948 CurlHandleContainer [139710009975872] Created replacement handle and released to pool: 0x55b2d5df3e50
[ERROR] 2024-04-02 16:43:42.948 EC2MetadataClient [139710009975872] Http request to retrieve credentials failed
[ERROR] 2024-04-02 16:43:42.948 EC2MetadataClient [139710009975872] Can not retrieve resource from http://169.254.169.254/latest/api/token
[DEBUG] 2024-04-02 16:43:42.948 CurlHandleContainer [139710009975872] Attempting to acquire curl connection.
[DEBUG] 2024-04-02 16:43:42.948 CurlHandleContainer [139710009975872] Connection has been released. Continuing.
[DEBUG] 2024-04-02 16:43:42.948 CurlHandleContainer [139710009975872] Returning connection handle 0x55b2d5df3e50
[DEBUG] 2024-04-02 16:43:42.948 CurlHttpClient [139710009975872] Obtained connection handle 0x55b2d5df3e50
[DEBUG] 2024-04-02 16:43:42.948 CURL [139710009975872] (Text)   Trying 169.254.169.254:80...

[DEBUG] 2024-04-02 16:43:43.949 CURL [139710009975872] (Text) After 1000ms connect time, move on!

[DEBUG] 2024-04-02 16:43:43.949 CURL [139710009975872] (Text) connect to 169.254.169.254 port 80 failed: Connection timed out

[DEBUG] 2024-04-02 16:43:43.949 CURL [139710009975872] (Text) Connection timeout after 1000 ms

[DEBUG] 2024-04-02 16:43:43.949 CURL [139710009975872] (Text) Closing connection 0

[ERROR] 2024-04-02 16:43:43.949 CurlHttpClient [139710009975872] Curl returned error code 28 - Timeout was reached
[DEBUG] 2024-04-02 16:43:43.949 CurlHandleContainer [139710009975872] Destroy curl handle: 0x55b2d5df3e50
[DEBUG] 2024-04-02 16:43:43.949 CurlHandleContainer [139710009975872] Created replacement handle and released to pool: 0x55b2d5df3e50
[ERROR] 2024-04-02 16:43:43.949 EC2MetadataClient [139710009975872] Http request to retrieve credentials failed
[WARN] 2024-04-02 16:43:43.949 EC2MetadataClient [139710009975872] Request failed, now waiting 0 ms before attempting again.
[DEBUG] 2024-04-02 16:43:43.949 CurlHandleContainer [139710009975872] Attempting to acquire curl connection.
[DEBUG] 2024-04-02 16:43:43.949 CurlHandleContainer [139710009975872] Connection has been released. Continuing.
[DEBUG] 2024-04-02 16:43:43.949 CurlHandleContainer [139710009975872] Returning connection handle 0x55b2d5df3e50
[DEBUG] 2024-04-02 16:43:43.949 CurlHttpClient [139710009975872] Obtained connection handle 0x55b2d5df3e50
[DEBUG] 2024-04-02 16:43:43.949 CURL [139710009975872] (Text)   Trying 169.254.169.254:80...

[DEBUG] 2024-04-02 16:43:44.950 CURL [139710009975872] (Text) After 1000ms connect time, move on!

[DEBUG] 2024-04-02 16:43:44.950 CURL [139710009975872] (Text) connect to 169.254.169.254 port 80 failed: Connection timed out

[DEBUG] 2024-04-02 16:43:44.950 CURL [139710009975872] (Text) Connection timeout after 1000 ms

[DEBUG] 2024-04-02 16:43:44.950 CURL [139710009975872] (Text) Closing connection 0

[ERROR] 2024-04-02 16:43:44.950 CurlHttpClient [139710009975872] Curl returned error code 28 - Timeout was reached
[DEBUG] 2024-04-02 16:43:44.950 CurlHandleContainer [139710009975872] Destroy curl handle: 0x55b2d5df3e50
[DEBUG] 2024-04-02 16:43:44.950 CurlHandleContainer [139710009975872] Created replacement handle and released to pool: 0x55b2d5df3e50
[ERROR] 2024-04-02 16:43:44.950 EC2MetadataClient [139710009975872] Http request to retrieve credentials failed
[ERROR] 2024-04-02 16:43:44.950 EC2MetadataClient [139710009975872] Can not retrieve resource from http://169.254.169.254/latest/meta-data/iam/security-credentials
[DEBUG] 2024-04-02 16:43:44.951 CurlHandleContainer [139710009975872] Attempting to acquire curl connection.
[DEBUG] 2024-04-02 16:43:44.951 CurlHandleContainer [139710009975872] Connection has been released. Continuing.
[DEBUG] 2024-04-02 16:43:44.951 CurlHandleContainer [139710009975872] Returning connection handle 0x55b2d5df3e50
[DEBUG] 2024-04-02 16:43:44.951 CurlHttpClient [139710009975872] Obtained connection handle 0x55b2d5df3e50
[DEBUG] 2024-04-02 16:43:44.951 CURL [139710009975872] (Text)   Trying 169.254.169.254:80...

[DEBUG] 2024-04-02 16:43:45.952 CURL [139710009975872] (Text) After 1000ms connect time, move on!

[DEBUG] 2024-04-02 16:43:45.952 CURL [139710009975872] (Text) connect to 169.254.169.254 port 80 failed: Connection timed out

[DEBUG] 2024-04-02 16:43:45.952 CURL [139710009975872] (Text) Connection timeout after 1000 ms

[DEBUG] 2024-04-02 16:43:45.952 CURL [139710009975872] (Text) Closing connection 0

[ERROR] 2024-04-02 16:43:45.952 CurlHttpClient [139710009975872] Curl returned error code 28 - Timeout was reached
[INFO] 2024-04-02 16:45:07.791 Aws_Init_Cleanup [140183405331520] Initiate AWS SDK for C++ with Version:1.11.282
[DEBUG] 2024-04-02 16:45:07.791 FileSystemUtils [140183405331520] Environment value for variable HOME is /home/vcm
[DEBUG] 2024-04-02 16:45:07.791 FileSystemUtils [140183405331520] Home directory is missing the final / appending one to normalize
[DEBUG] 2024-04-02 16:45:07.791 FileSystemUtils [140183405331520] Final Home Directory is /home/vcm/
[INFO] 2024-04-02 16:45:07.791 Aws::Config::AWSConfigFileProfileConfigLoader [140183405331520] Initializing config loader against fileName /home/vcm/.aws/credentials and using profilePrefix = 0
[DEBUG] 2024-04-02 16:45:07.791 FileSystemUtils [140183405331520] Environment value for variable HOME is /home/vcm
[DEBUG] 2024-04-02 16:45:07.791 FileSystemUtils [140183405331520] Home directory is missing the final / appending one to normalize
[DEBUG] 2024-04-02 16:45:07.791 FileSystemUtils [140183405331520] Final Home Directory is /home/vcm/
[INFO] 2024-04-02 16:45:07.791 Aws::Config::AWSConfigFileProfileConfigLoader [140183405331520] Initializing config loader against fileName /home/vcm/.aws/config and using profilePrefix = 1
[DEBUG] 2024-04-02 16:45:07.791 FileSystemUtils [140183405331520] Environment value for variable HOME is /home/vcm
[DEBUG] 2024-04-02 16:45:07.791 FileSystemUtils [140183405331520] Home directory is missing the final / appending one to normalize
[DEBUG] 2024-04-02 16:45:07.791 FileSystemUtils [140183405331520] Final Home Directory is /home/vcm/
[INFO] 2024-04-02 16:45:07.791 Aws::Config::ConfigFileProfileFSM [140183405331520] Unknown property: aws_access_key_id in the profile: default
[INFO] 2024-04-02 16:45:07.791 Aws::Config::ConfigFileProfileFSM [140183405331520] Unknown property: aws_secret_access_key in the profile: default
[DEBUG] 2024-04-02 16:45:07.791 Aws::Config::ConfigFileProfileFSM [140183405331520] found access key AKIAXYKJVWUMV5VJDJWU
[INFO] 2024-04-02 16:45:07.791 Aws::Config::AWSProfileConfigLoaderBase [140183405331520] Successfully reloaded configuration.
[DEBUG] 2024-04-02 16:45:07.791 FileSystemUtils [140183405331520] Environment value for variable HOME is /home/vcm
[DEBUG] 2024-04-02 16:45:07.791 FileSystemUtils [140183405331520] Home directory is missing the final / appending one to normalize
[DEBUG] 2024-04-02 16:45:07.791 FileSystemUtils [140183405331520] Final Home Directory is /home/vcm/
[INFO] 2024-04-02 16:45:07.791 Aws::Config::AWSConfigFileProfileConfigLoader [140183405331520] Unable to open config file /home/vcm/.aws/config for reading.
[INFO] 2024-04-02 16:45:07.791 Aws::Config::AWSProfileConfigLoaderBase [140183405331520] Failed to reload configuration.
[INFO] 2024-04-02 16:45:07.792 event-loop [140183405331520] id=0x55f870758eb0: Initializing edge-triggered epoll
[INFO] 2024-04-02 16:45:07.792 event-loop [140183405331520] id=0x55f870758eb0: Using eventfd for cross-thread notifications.
[INFO] 2024-04-02 16:45:07.792 event-loop [140183405331520] id=0x55f870758eb0: Starting event-loop thread.
[INFO] 2024-04-02 16:45:07.792 event-loop [140183405331520] id=0x55f8706fac60: Initializing edge-triggered epoll
[INFO] 2024-04-02 16:45:07.792 event-loop [140183405331520] id=0x55f8706fac60: Using eventfd for cross-thread notifications.
[INFO] 2024-04-02 16:45:07.792 event-loop [140183405331520] id=0x55f8706fac60: Starting event-loop thread.
[INFO] 2024-04-02 16:45:07.792 dns [140183405331520] id=0x55f8707d5a00: Initializing default host resolver with 8 max host entries.
[INFO] 2024-04-02 16:45:07.792 event-loop [140183388476992] id=0x55f8706fac60: main loop started
[INFO] 2024-04-02 16:45:07.792 event-loop [140183396869696] id=0x55f870758eb0: main loop started
[INFO] 2024-04-02 16:45:07.792 event-loop [140183388476992] id=0x55f8706fac60: default timeout 100000, and max events to process per tick 100
[INFO] 2024-04-02 16:45:07.792 event-loop [140183396869696] id=0x55f870758eb0: default timeout 100000, and max events to process per tick 100
[INFO] 2024-04-02 16:45:07.792 channel-bootstrap [140183405331520] id=0x55f8707d5c50: Initializing client bootstrap with event-loop group 0x55f8707b6350
[DEBUG] 2024-04-02 16:45:07.895 HttpClientFactory [140183405331520] Initializing Http Static State
[DEBUG] 2024-04-02 16:45:07.895 HttpClientFactory [140183405331520] Initializing Curl Http Client
[INFO] 2024-04-02 16:45:07.895 CurlHttpClient [140183405331520] Initializing Curl library with version: 7.81.0, ssl version: OpenSSL/3.0.2
[INFO] 2024-04-02 16:45:07.895 EC2MetadataClient [140183405331520] Using IMDS endpoint: http://169.254.169.254
[DEBUG] 2024-04-02 16:45:07.896 ClientConfiguration [140183405331520] Request Compression enabled
[DEBUG] 2024-04-02 16:45:07.896 ClientConfiguration [140183405331520] ClientConfiguration will use MinReqCompression: 10240
[DEBUG] 2024-04-02 16:45:07.896 ClientConfiguration [140183405331520] ClientConfiguration will use SDK Auto Resolved profile: [default] if not specified by users.
[INFO] 2024-04-02 16:45:07.896 ClientConfiguration [140183405331520] Retry Strategy will use the default max attempts.
[INFO] 2024-04-02 16:45:07.896 EC2MetadataClient [140183405331520] Creating AWSHttpResourceClient with max connections 2 and scheme http
[INFO] 2024-04-02 16:45:07.896 CurlHandleContainer [140183405331520] Initializing CurlHandleContainer with size 2
[DEBUG] 2024-04-02 16:45:07.896 ClientConfiguration [140183405331520] Request Compression enabled
[DEBUG] 2024-04-02 16:45:07.896 ClientConfiguration [140183405331520] ClientConfiguration will use MinReqCompression: 10240
[DEBUG] 2024-04-02 16:45:07.896 ClientConfiguration [140183405331520] ClientConfiguration will use SDK Auto Resolved profile: [default] if not specified by users.
[INFO] 2024-04-02 16:45:07.896 ClientConfiguration [140183405331520] Retry Strategy will use the default max attempts.
[DEBUG] 2024-04-02 16:45:07.897 CurlHandleContainer [140183405331520] Attempting to acquire curl connection.
[DEBUG] 2024-04-02 16:45:07.897 CurlHandleContainer [140183405331520] No current connections available in pool. Attempting to create new connections.
[DEBUG] 2024-04-02 16:45:07.897 CurlHandleContainer [140183405331520] attempting to grow pool size by 2
[INFO] 2024-04-02 16:45:07.897 CurlHandleContainer [140183405331520] Pool grown by 2
[DEBUG] 2024-04-02 16:45:07.897 CurlHandleContainer [140183405331520] Connection has been released. Continuing.
[DEBUG] 2024-04-02 16:45:07.897 CurlHandleContainer [140183405331520] Returning connection handle 0x55f8708ec7e0
[DEBUG] 2024-04-02 16:45:07.897 CurlHttpClient [140183405331520] Obtained connection handle 0x55f8708ec7e0
[DEBUG] 2024-04-02 16:45:07.897 CURL [140183405331520] (Text)   Trying 169.254.169.254:80...

[DEBUG] 2024-04-02 16:45:08.898 CURL [140183405331520] (Text) After 1000ms connect time, move on!

[DEBUG] 2024-04-02 16:45:08.898 CURL [140183405331520] (Text) connect to 169.254.169.254 port 80 failed: Connection timed out

[DEBUG] 2024-04-02 16:45:08.898 CURL [140183405331520] (Text) Connection timeout after 1001 ms

[DEBUG] 2024-04-02 16:45:08.898 CURL [140183405331520] (Text) Closing connection 0

[ERROR] 2024-04-02 16:45:08.898 CurlHttpClient [140183405331520] Curl returned error code 28 - Timeout was reached
[DEBUG] 2024-04-02 16:45:08.899 CurlHandleContainer [140183405331520] Destroy curl handle: 0x55f8708ec7e0
[DEBUG] 2024-04-02 16:45:08.899 CurlHandleContainer [140183405331520] Created replacement handle and released to pool: 0x55f8708ec7e0
[ERROR] 2024-04-02 16:45:08.899 EC2MetadataClient [140183405331520] Http request to retrieve credentials failed
[WARN] 2024-04-02 16:45:08.899 EC2MetadataClient [140183405331520] Request failed, now waiting 0 ms before attempting again.
[DEBUG] 2024-04-02 16:45:08.899 CurlHandleContainer [140183405331520] Attempting to acquire curl connection.
[DEBUG] 2024-04-02 16:45:08.899 CurlHandleContainer [140183405331520] Connection has been released. Continuing.
[DEBUG] 2024-04-02 16:45:08.899 CurlHandleContainer [140183405331520] Returning connection handle 0x55f8708ec7e0
[DEBUG] 2024-04-02 16:45:08.899 CurlHttpClient [140183405331520] Obtained connection handle 0x55f8708ec7e0
[DEBUG] 2024-04-02 16:45:08.899 CURL [140183405331520] (Text)   Trying 169.254.169.254:80...

[DEBUG] 2024-04-02 16:45:09.900 CURL [140183405331520] (Text) After 1000ms connect time, move on!

[DEBUG] 2024-04-02 16:45:09.901 CURL [140183405331520] (Text) connect to 169.254.169.254 port 80 failed: Connection timed out

[DEBUG] 2024-04-02 16:45:09.901 CURL [140183405331520] (Text) Connection timeout after 1001 ms

[DEBUG] 2024-04-02 16:45:09.901 CURL [140183405331520] (Text) Closing connection 0

[ERROR] 2024-04-02 16:45:09.901 CurlHttpClient [140183405331520] Curl returned error code 28 - Timeout was reached
[DEBUG] 2024-04-02 16:45:09.901 CurlHandleContainer [140183405331520] Destroy curl handle: 0x55f8708ec7e0
[DEBUG] 2024-04-02 16:45:09.901 CurlHandleContainer [140183405331520] Created replacement handle and released to pool: 0x55f8708ec7e0
[ERROR] 2024-04-02 16:45:09.901 EC2MetadataClient [140183405331520] Http request to retrieve credentials failed
[ERROR] 2024-04-02 16:45:09.901 EC2MetadataClient [140183405331520] Can not retrieve resource from http://169.254.169.254/latest/api/token
[DEBUG] 2024-04-02 16:45:09.901 CurlHandleContainer [140183405331520] Attempting to acquire curl connection.
[DEBUG] 2024-04-02 16:45:09.901 CurlHandleContainer [140183405331520] Connection has been released. Continuing.
[DEBUG] 2024-04-02 16:45:09.901 CurlHandleContainer [140183405331520] Returning connection handle 0x55f8708ec7e0
[DEBUG] 2024-04-02 16:45:09.901 CurlHttpClient [140183405331520] Obtained connection handle 0x55f8708ec7e0
[DEBUG] 2024-04-02 16:45:09.901 CURL [140183405331520] (Text)   Trying 169.254.169.254:80...

[DEBUG] 2024-04-02 16:45:10.903 CURL [140183405331520] (Text) After 1000ms connect time, move on!

[DEBUG] 2024-04-02 16:45:10.903 CURL [140183405331520] (Text) connect to 169.254.169.254 port 80 failed: Connection timed out

[DEBUG] 2024-04-02 16:45:10.903 CURL [140183405331520] (Text) Connection timeout after 1001 ms

[DEBUG] 2024-04-02 16:45:10.903 CURL [140183405331520] (Text) Closing connection 0

[ERROR] 2024-04-02 16:45:10.903 CurlHttpClient [140183405331520] Curl returned error code 28 - Timeout was reached
[DEBUG] 2024-04-02 16:45:10.903 CurlHandleContainer [140183405331520] Destroy curl handle: 0x55f8708ec7e0
[DEBUG] 2024-04-02 16:45:10.903 CurlHandleContainer [140183405331520] Created replacement handle and released to pool: 0x55f8708ec7e0
[ERROR] 2024-04-02 16:45:10.903 EC2MetadataClient [140183405331520] Http request to retrieve credentials failed
[WARN] 2024-04-02 16:45:10.903 EC2MetadataClient [140183405331520] Request failed, now waiting 0 ms before attempting again.
[DEBUG] 2024-04-02 16:45:10.903 CurlHandleContainer [140183405331520] Attempting to acquire curl connection.
[DEBUG] 2024-04-02 16:45:10.903 CurlHandleContainer [140183405331520] Connection has been released. Continuing.
[DEBUG] 2024-04-02 16:45:10.903 CurlHandleContainer [140183405331520] Returning connection handle 0x55f8708ec7e0
[DEBUG] 2024-04-02 16:45:10.903 CurlHttpClient [140183405331520] Obtained connection handle 0x55f8708ec7e0
[DEBUG] 2024-04-02 16:45:10.904 CURL [140183405331520] (Text)   Trying 169.254.169.254:80...

[DEBUG] 2024-04-02 16:45:11.905 CURL [140183405331520] (Text) After 1000ms connect time, move on!

[DEBUG] 2024-04-02 16:45:11.905 CURL [140183405331520] (Text) connect to 169.254.169.254 port 80 failed: Connection timed out

[DEBUG] 2024-04-02 16:45:11.905 CURL [140183405331520] (Text) Connection timeout after 1001 ms

[DEBUG] 2024-04-02 16:45:11.905 CURL [140183405331520] (Text) Closing connection 0

[ERROR] 2024-04-02 16:45:11.905 CurlHttpClient [140183405331520] Curl returned error code 28 - Timeout was reached
[DEBUG] 2024-04-02 16:45:11.905 CurlHandleContainer [140183405331520] Destroy curl handle: 0x55f8708ec7e0
[DEBUG] 2024-04-02 16:45:11.905 CurlHandleContainer [140183405331520] Created replacement handle and released to pool: 0x55f8708ec7e0
[ERROR] 2024-04-02 16:45:11.905 EC2MetadataClient [140183405331520] Http request to retrieve credentials failed
[ERROR] 2024-04-02 16:45:11.905 EC2MetadataClient [140183405331520] Can not retrieve resource from http://169.254.169.254/latest/meta-data/iam/security-credentials
[INFO] 2024-04-02 16:59:12.074 Aws_Init_Cleanup [139983154725952] Initiate AWS SDK for C++ with Version:1.11.282
[DEBUG] 2024-04-02 16:59:12.074 FileSystemUtils [139983154725952] Environment value for variable HOME is /home/vcm
[DEBUG] 2024-04-02 16:59:12.074 FileSystemUtils [139983154725952] Home directory is missing the final / appending one to normalize
[DEBUG] 2024-04-02 16:59:12.074 FileSystemUtils [139983154725952] Final Home Directory is /home/vcm/
[INFO] 2024-04-02 16:59:12.074 Aws::Config::AWSConfigFileProfileConfigLoader [139983154725952] Initializing config loader against fileName /home/vcm/.aws/credentials and using profilePrefix = 0
[DEBUG] 2024-04-02 16:59:12.074 FileSystemUtils [139983154725952] Environment value for variable HOME is /home/vcm
[DEBUG] 2024-04-02 16:59:12.074 FileSystemUtils [139983154725952] Home directory is missing the final / appending one to normalize
[DEBUG] 2024-04-02 16:59:12.074 FileSystemUtils [139983154725952] Final Home Directory is /home/vcm/
[INFO] 2024-04-02 16:59:12.074 Aws::Config::AWSConfigFileProfileConfigLoader [139983154725952] Initializing config loader against fileName /home/vcm/.aws/config and using profilePrefix = 1
[DEBUG] 2024-04-02 16:59:12.074 FileSystemUtils [139983154725952] Environment value for variable HOME is /home/vcm
[DEBUG] 2024-04-02 16:59:12.074 FileSystemUtils [139983154725952] Home directory is missing the final / appending one to normalize
[DEBUG] 2024-04-02 16:59:12.074 FileSystemUtils [139983154725952] Final Home Directory is /home/vcm/
[INFO] 2024-04-02 16:59:12.074 Aws::Config::ConfigFileProfileFSM [139983154725952] Unknown property: aws_access_key_id in the profile: default
[INFO] 2024-04-02 16:59:12.074 Aws::Config::ConfigFileProfileFSM [139983154725952] Unknown property: aws_secret_access_key in the profile: default
[DEBUG] 2024-04-02 16:59:12.074 Aws::Config::ConfigFileProfileFSM [139983154725952] found access key AKIAXYKJVWUMV5VJDJWU
[INFO] 2024-04-02 16:59:12.074 Aws::Config::AWSProfileConfigLoaderBase [139983154725952] Successfully reloaded configuration.
[DEBUG] 2024-04-02 16:59:12.074 FileSystemUtils [139983154725952] Environment value for variable HOME is /home/vcm
[DEBUG] 2024-04-02 16:59:12.074 FileSystemUtils [139983154725952] Home directory is missing the final / appending one to normalize
[DEBUG] 2024-04-02 16:59:12.074 FileSystemUtils [139983154725952] Final Home Directory is /home/vcm/
[INFO] 2024-04-02 16:59:12.074 Aws::Config::AWSConfigFileProfileConfigLoader [139983154725952] Unable to open config file /home/vcm/.aws/config for reading.
[INFO] 2024-04-02 16:59:12.074 Aws::Config::AWSProfileConfigLoaderBase [139983154725952] Failed to reload configuration.
[INFO] 2024-04-02 16:59:12.074 event-loop [139983154725952] id=0x55e43a7d8eb0: Initializing edge-triggered epoll
[INFO] 2024-04-02 16:59:12.074 event-loop [139983154725952] id=0x55e43a7d8eb0: Using eventfd for cross-thread notifications.
[INFO] 2024-04-02 16:59:12.074 event-loop [139983154725952] id=0x55e43a7d8eb0: Starting event-loop thread.
[INFO] 2024-04-02 16:59:12.074 event-loop [139983154725952] id=0x55e43a77ac60: Initializing edge-triggered epoll
[INFO] 2024-04-02 16:59:12.074 event-loop [139983154725952] id=0x55e43a77ac60: Using eventfd for cross-thread notifications.
[INFO] 2024-04-02 16:59:12.074 event-loop [139983154725952] id=0x55e43a77ac60: Starting event-loop thread.
[INFO] 2024-04-02 16:59:12.075 dns [139983154725952] id=0x55e43a855a00: Initializing default host resolver with 8 max host entries.
[INFO] 2024-04-02 16:59:12.075 event-loop [139983146264128] id=0x55e43a7d8eb0: main loop started
[INFO] 2024-04-02 16:59:12.075 event-loop [139983146264128] id=0x55e43a7d8eb0: default timeout 100000, and max events to process per tick 100
[INFO] 2024-04-02 16:59:12.075 event-loop [139983137871424] id=0x55e43a77ac60: main loop started
[INFO] 2024-04-02 16:59:12.075 event-loop [139983137871424] id=0x55e43a77ac60: default timeout 100000, and max events to process per tick 100
[INFO] 2024-04-02 16:59:12.075 channel-bootstrap [139983154725952] id=0x55e43a855c50: Initializing client bootstrap with event-loop group 0x55e43a836350
[DEBUG] 2024-04-02 16:59:12.153 HttpClientFactory [139983154725952] Initializing Http Static State
[DEBUG] 2024-04-02 16:59:12.153 HttpClientFactory [139983154725952] Initializing Curl Http Client
[INFO] 2024-04-02 16:59:12.153 CurlHttpClient [139983154725952] Initializing Curl library with version: 7.81.0, ssl version: OpenSSL/3.0.2
[INFO] 2024-04-02 16:59:12.153 EC2MetadataClient [139983154725952] Using IMDS endpoint: http://169.254.169.254
[DEBUG] 2024-04-02 16:59:12.154 ClientConfiguration [139983154725952] Request Compression enabled
[DEBUG] 2024-04-02 16:59:12.154 ClientConfiguration [139983154725952] ClientConfiguration will use MinReqCompression: 10240
[DEBUG] 2024-04-02 16:59:12.154 ClientConfiguration [139983154725952] ClientConfiguration will use SDK Auto Resolved profile: [default] if not specified by users.
[INFO] 2024-04-02 16:59:12.154 ClientConfiguration [139983154725952] Retry Strategy will use the default max attempts.
[INFO] 2024-04-02 16:59:12.154 EC2MetadataClient [139983154725952] Creating AWSHttpResourceClient with max connections 2 and scheme http
[INFO] 2024-04-02 16:59:12.154 CurlHandleContainer [139983154725952] Initializing CurlHandleContainer with size 2
[DEBUG] 2024-04-02 16:59:12.154 ClientConfiguration [139983154725952] Request Compression enabled
[DEBUG] 2024-04-02 16:59:12.154 ClientConfiguration [139983154725952] ClientConfiguration will use MinReqCompression: 10240
[DEBUG] 2024-04-02 16:59:12.154 ClientConfiguration [139983154725952] ClientConfiguration will use SDK Auto Resolved profile: [default] if not specified by users.
[INFO] 2024-04-02 16:59:12.154 ClientConfiguration [139983154725952] Retry Strategy will use the default max attempts.
[DEBUG] 2024-04-02 16:59:12.154 CurlHandleContainer [139983154725952] Attempting to acquire curl connection.
[DEBUG] 2024-04-02 16:59:12.154 CurlHandleContainer [139983154725952] No current connections available in pool. Attempting to create new connections.
[DEBUG] 2024-04-02 16:59:12.154 CurlHandleContainer [139983154725952] attempting to grow pool size by 2
[INFO] 2024-04-02 16:59:12.154 CurlHandleContainer [139983154725952] Pool grown by 2
[DEBUG] 2024-04-02 16:59:12.154 CurlHandleContainer [139983154725952] Connection has been released. Continuing.
[DEBUG] 2024-04-02 16:59:12.154 CurlHandleContainer [139983154725952] Returning connection handle 0x55e43a96c7e0
[DEBUG] 2024-04-02 16:59:12.154 CurlHttpClient [139983154725952] Obtained connection handle 0x55e43a96c7e0
[DEBUG] 2024-04-02 16:59:12.154 CURL [139983154725952] (Text)   Trying 169.254.169.254:80...

[DEBUG] 2024-04-02 16:59:13.156 CURL [139983154725952] (Text) After 1000ms connect time, move on!

[DEBUG] 2024-04-02 16:59:13.156 CURL [139983154725952] (Text) connect to 169.254.169.254 port 80 failed: Connection timed out

[DEBUG] 2024-04-02 16:59:13.156 CURL [139983154725952] (Text) Connection timeout after 1001 ms

[DEBUG] 2024-04-02 16:59:13.156 CURL [139983154725952] (Text) Closing connection 0

[ERROR] 2024-04-02 16:59:13.156 CurlHttpClient [139983154725952] Curl returned error code 28 - Timeout was reached
[DEBUG] 2024-04-02 16:59:13.157 CurlHandleContainer [139983154725952] Destroy curl handle: 0x55e43a96c7e0
[DEBUG] 2024-04-02 16:59:13.157 CurlHandleContainer [139983154725952] Created replacement handle and released to pool: 0x55e43a96c7e0
[ERROR] 2024-04-02 16:59:13.157 EC2MetadataClient [139983154725952] Http request to retrieve credentials failed
[WARN] 2024-04-02 16:59:13.157 EC2MetadataClient [139983154725952] Request failed, now waiting 0 ms before attempting again.
[DEBUG] 2024-04-02 16:59:13.157 CurlHandleContainer [139983154725952] Attempting to acquire curl connection.
[DEBUG] 2024-04-02 16:59:13.157 CurlHandleContainer [139983154725952] Connection has been released. Continuing.
[DEBUG] 2024-04-02 16:59:13.157 CurlHandleContainer [139983154725952] Returning connection handle 0x55e43a96c7e0
[DEBUG] 2024-04-02 16:59:13.157 CurlHttpClient [139983154725952] Obtained connection handle 0x55e43a96c7e0
[DEBUG] 2024-04-02 16:59:13.158 CURL [139983154725952] (Text)   Trying 169.254.169.254:80...

[DEBUG] 2024-04-02 16:59:14.159 CURL [139983154725952] (Text) After 1000ms connect time, move on!

[DEBUG] 2024-04-02 16:59:14.159 CURL [139983154725952] (Text) connect to 169.254.169.254 port 80 failed: Connection timed out

[DEBUG] 2024-04-02 16:59:14.159 CURL [139983154725952] (Text) Connection timeout after 1001 ms

[DEBUG] 2024-04-02 16:59:14.159 CURL [139983154725952] (Text) Closing connection 0

[ERROR] 2024-04-02 16:59:14.159 CurlHttpClient [139983154725952] Curl returned error code 28 - Timeout was reached
[DEBUG] 2024-04-02 16:59:14.160 CurlHandleContainer [139983154725952] Destroy curl handle: 0x55e43a96c7e0
[DEBUG] 2024-04-02 16:59:14.160 CurlHandleContainer [139983154725952] Created replacement handle and released to pool: 0x55e43a96c7e0
[ERROR] 2024-04-02 16:59:14.160 EC2MetadataClient [139983154725952] Http request to retrieve credentials failed
[ERROR] 2024-04-02 16:59:14.160 EC2MetadataClient [139983154725952] Can not retrieve resource from http://169.254.169.254/latest/api/token
[DEBUG] 2024-04-02 16:59:14.160 CurlHandleContainer [139983154725952] Attempting to acquire curl connection.
[DEBUG] 2024-04-02 16:59:14.160 CurlHandleContainer [139983154725952] Connection has been released. Continuing.
[DEBUG] 2024-04-02 16:59:14.160 CurlHandleContainer [139983154725952] Returning connection handle 0x55e43a96c7e0
[DEBUG] 2024-04-02 16:59:14.160 CurlHttpClient [139983154725952] Obtained connection handle 0x55e43a96c7e0
[DEBUG] 2024-04-02 16:59:14.160 CURL [139983154725952] (Text)   Trying 169.254.169.254:80...

[DEBUG] 2024-04-02 16:59:15.162 CURL [139983154725952] (Text) After 1000ms connect time, move on!

[DEBUG] 2024-04-02 16:59:15.162 CURL [139983154725952] (Text) connect to 169.254.169.254 port 80 failed: Connection timed out

[DEBUG] 2024-04-02 16:59:15.162 CURL [139983154725952] (Text) Connection timeout after 1001 ms

[DEBUG] 2024-04-02 16:59:15.162 CURL [139983154725952] (Text) Closing connection 0

[ERROR] 2024-04-02 16:59:15.162 CurlHttpClient [139983154725952] Curl returned error code 28 - Timeout was reached
[DEBUG] 2024-04-02 16:59:15.162 CurlHandleContainer [139983154725952] Destroy curl handle: 0x55e43a96c7e0
[DEBUG] 2024-04-02 16:59:15.162 CurlHandleContainer [139983154725952] Created replacement handle and released to pool: 0x55e43a96c7e0
[ERROR] 2024-04-02 16:59:15.162 EC2MetadataClient [139983154725952] Http request to retrieve credentials failed
[WARN] 2024-04-02 16:59:15.162 EC2MetadataClient [139983154725952] Request failed, now waiting 0 ms before attempting again.
[DEBUG] 2024-04-02 16:59:15.162 CurlHandleContainer [139983154725952] Attempting to acquire curl connection.
[DEBUG] 2024-04-02 16:59:15.162 CurlHandleContainer [139983154725952] Connection has been released. Continuing.
[DEBUG] 2024-04-02 16:59:15.162 CurlHandleContainer [139983154725952] Returning connection handle 0x55e43a96c7e0
[DEBUG] 2024-04-02 16:59:15.162 CurlHttpClient [139983154725952] Obtained connection handle 0x55e43a96c7e0
[DEBUG] 2024-04-02 16:59:15.162 CURL [139983154725952] (Text)   Trying 169.254.169.254:80...

[DEBUG] 2024-04-02 16:59:16.163 CURL [139983154725952] (Text) After 1000ms connect time, move on!

[DEBUG] 2024-04-02 16:59:16.163 CURL [139983154725952] (Text) connect to 169.254.169.254 port 80 failed: Connection timed out

[DEBUG] 2024-04-02 16:59:16.164 CURL [139983154725952] (Text) Connection timeout after 1001 ms

[DEBUG] 2024-04-02 16:59:16.164 CURL [139983154725952] (Text) Closing connection 0

[ERROR] 2024-04-02 16:59:16.164 CurlHttpClient [139983154725952] Curl returned error code 28 - Timeout was reached
