[INFO] 2024-03-26 13:11:26.364 Aws_Init_Cleanup [140415446312000] Initiate AWS SDK for C++ with Version:1.11.282
[DEBUG] 2024-03-26 13:11:26.364 FileSystemUtils [140415446312000] Environment value for variable HOME is /home/vcm
[DEBUG] 2024-03-26 13:11:26.368 FileSystemUtils [140415446312000] Home directory is missing the final / appending one to normalize
[DEBUG] 2024-03-26 13:11:26.368 FileSystemUtils [140415446312000] Final Home Directory is /home/vcm/
[INFO] 2024-03-26 13:11:26.369 Aws::Config::AWSConfigFileProfileConfigLoader [140415446312000] Initializing config loader against fileName /home/vcm/.aws/credentials and using profilePrefix = 0
[DEBUG] 2024-03-26 13:11:26.369 FileSystemUtils [140415446312000] Environment value for variable HOME is /home/vcm
[DEBUG] 2024-03-26 13:11:26.369 FileSystemUtils [140415446312000] Home directory is missing the final / appending one to normalize
[DEBUG] 2024-03-26 13:11:26.369 FileSystemUtils [140415446312000] Final Home Directory is /home/vcm/
[INFO] 2024-03-26 13:11:26.369 Aws::Config::AWSConfigFileProfileConfigLoader [140415446312000] Initializing config loader against fileName /home/vcm/.aws/config and using profilePrefix = 1
[DEBUG] 2024-03-26 13:11:26.369 FileSystemUtils [140415446312000] Environment value for variable HOME is /home/vcm
[DEBUG] 2024-03-26 13:11:26.369 FileSystemUtils [140415446312000] Home directory is missing the final / appending one to normalize
[DEBUG] 2024-03-26 13:11:26.369 FileSystemUtils [140415446312000] Final Home Directory is /home/vcm/
[INFO] 2024-03-26 13:11:26.391 Aws::Config::ConfigFileProfileFSM [140415446312000] Unknown property: aws_access_key_id in the profile: default
[INFO] 2024-03-26 13:11:26.391 Aws::Config::ConfigFileProfileFSM [140415446312000] Unknown property: aws_secret_access_key in the profile: default
[DEBUG] 2024-03-26 13:11:26.391 Aws::Config::ConfigFileProfileFSM [140415446312000] found access key AKIAXYKJVWUMV5VJDJWU
[INFO] 2024-03-26 13:11:26.391 Aws::Config::AWSProfileConfigLoaderBase [140415446312000] Successfully reloaded configuration.
[DEBUG] 2024-03-26 13:11:26.391 FileSystemUtils [140415446312000] Environment value for variable HOME is /home/vcm
[DEBUG] 2024-03-26 13:11:26.391 FileSystemUtils [140415446312000] Home directory is missing the final / appending one to normalize
[DEBUG] 2024-03-26 13:11:26.391 FileSystemUtils [140415446312000] Final Home Directory is /home/vcm/
[INFO] 2024-03-26 13:11:26.391 Aws::Config::AWSConfigFileProfileConfigLoader [140415446312000] Unable to open config file /home/vcm/.aws/config for reading.
[INFO] 2024-03-26 13:11:26.391 Aws::Config::AWSProfileConfigLoaderBase [140415446312000] Failed to reload configuration.
[INFO] 2024-03-26 13:11:26.391 event-loop [140415446312000] id=0x557fcde898f0: Initializing edge-triggered epoll
[INFO] 2024-03-26 13:11:26.391 event-loop [140415446312000] id=0x557fcde898f0: Using eventfd for cross-thread notifications.
[INFO] 2024-03-26 13:11:26.391 event-loop [140415446312000] id=0x557fcde898f0: Starting event-loop thread.
[INFO] 2024-03-26 13:11:26.392 event-loop [140415446312000] id=0x557fcde01070: Initializing edge-triggered epoll
[INFO] 2024-03-26 13:11:26.392 event-loop [140415446312000] id=0x557fcde01070: Using eventfd for cross-thread notifications.
[INFO] 2024-03-26 13:11:26.392 event-loop [140415446312000] id=0x557fcde01070: Starting event-loop thread.
[INFO] 2024-03-26 13:11:26.392 dns [140415446312000] id=0x557fcde8dc00: Initializing default host resolver with 8 max host entries.
[INFO] 2024-03-26 13:11:26.392 event-loop [140415429457472] id=0x557fcde01070: main loop started
[INFO] 2024-03-26 13:11:26.392 event-loop [140415437850176] id=0x557fcde898f0: main loop started
[INFO] 2024-03-26 13:11:26.392 event-loop [140415429457472] id=0x557fcde01070: default timeout 100000, and max events to process per tick 100
[INFO] 2024-03-26 13:11:26.392 event-loop [140415437850176] id=0x557fcde898f0: default timeout 100000, and max events to process per tick 100
[INFO] 2024-03-26 13:11:26.392 channel-bootstrap [140415446312000] id=0x557fcde8df70: Initializing client bootstrap with event-loop group 0x557fcde8e7a0
[DEBUG] 2024-03-26 13:11:26.445 HttpClientFactory [140415446312000] Initializing Http Static State
[DEBUG] 2024-03-26 13:11:26.445 HttpClientFactory [140415446312000] Initializing Curl Http Client
[INFO] 2024-03-26 13:11:26.447 CurlHttpClient [140415446312000] Initializing Curl library with version: 7.81.0, ssl version: OpenSSL/3.0.2
[INFO] 2024-03-26 13:11:26.453 EC2MetadataClient [140415446312000] Using IMDS endpoint: http://169.254.169.254
[DEBUG] 2024-03-26 13:11:26.465 ClientConfiguration [140415446312000] Request Compression enabled
[DEBUG] 2024-03-26 13:11:26.465 ClientConfiguration [140415446312000] ClientConfiguration will use MinReqCompression: 10240
[DEBUG] 2024-03-26 13:11:26.465 ClientConfiguration [140415446312000] ClientConfiguration will use SDK Auto Resolved profile: [default] if not specified by users.
[INFO] 2024-03-26 13:11:26.465 ClientConfiguration [140415446312000] Retry Strategy will use the default max attempts.
[INFO] 2024-03-26 13:11:26.465 EC2MetadataClient [140415446312000] Creating AWSHttpResourceClient with max connections 2 and scheme http
[INFO] 2024-03-26 13:11:26.465 CurlHandleContainer [140415446312000] Initializing CurlHandleContainer with size 2
[DEBUG] 2024-03-26 13:11:26.466 ClientConfiguration [140415446312000] Request Compression enabled
[DEBUG] 2024-03-26 13:11:26.466 ClientConfiguration [140415446312000] ClientConfiguration will use MinReqCompression: 10240
[DEBUG] 2024-03-26 13:11:26.466 ClientConfiguration [140415446312000] ClientConfiguration will use SDK Auto Resolved profile: [default] if not specified by users.
[INFO] 2024-03-26 13:11:26.466 ClientConfiguration [140415446312000] Retry Strategy will use the default max attempts.
[DEBUG] 2024-03-26 13:11:26.467 CurlHandleContainer [140415446312000] Attempting to acquire curl connection.
[DEBUG] 2024-03-26 13:11:26.467 CurlHandleContainer [140415446312000] No current connections available in pool. Attempting to create new connections.
[DEBUG] 2024-03-26 13:11:26.467 CurlHandleContainer [140415446312000] attempting to grow pool size by 2
[INFO] 2024-03-26 13:11:26.468 CurlHandleContainer [140415446312000] Pool grown by 2
[DEBUG] 2024-03-26 13:11:26.468 CurlHandleContainer [140415446312000] Connection has been released. Continuing.
[DEBUG] 2024-03-26 13:11:26.468 CurlHandleContainer [140415446312000] Returning connection handle 0x557fcdf83780
[DEBUG] 2024-03-26 13:11:26.468 CurlHttpClient [140415446312000] Obtained connection handle 0x557fcdf83780
[DEBUG] 2024-03-26 13:11:26.469 CURL [140415446312000] (Text)   Trying 169.254.169.254:80...

[DEBUG] 2024-03-26 13:11:27.469 CURL [140415446312000] (Text) After 1000ms connect time, move on!

[DEBUG] 2024-03-26 13:11:27.469 CURL [140415446312000] (Text) connect to 169.254.169.254 port 80 failed: Connection timed out

[DEBUG] 2024-03-26 13:11:27.469 CURL [140415446312000] (Text) Connection timeout after 1001 ms

[DEBUG] 2024-03-26 13:11:27.469 CURL [140415446312000] (Text) Closing connection 0

[ERROR] 2024-03-26 13:11:27.469 CurlHttpClient [140415446312000] Curl returned error code 28 - Timeout was reached
[DEBUG] 2024-03-26 13:11:27.469 CurlHandleContainer [140415446312000] Destroy curl handle: 0x557fcdf83780
[DEBUG] 2024-03-26 13:11:27.469 CurlHandleContainer [140415446312000] Created replacement handle and released to pool: 0x557fcdf85040
[ERROR] 2024-03-26 13:11:27.469 EC2MetadataClient [140415446312000] Http request to retrieve credentials failed
[WARN] 2024-03-26 13:11:27.469 EC2MetadataClient [140415446312000] Request failed, now waiting 0 ms before attempting again.
[DEBUG] 2024-03-26 13:11:27.470 CurlHandleContainer [140415446312000] Attempting to acquire curl connection.
[DEBUG] 2024-03-26 13:11:27.470 CurlHandleContainer [140415446312000] Connection has been released. Continuing.
[DEBUG] 2024-03-26 13:11:27.470 CurlHandleContainer [140415446312000] Returning connection handle 0x557fcdf85040
[DEBUG] 2024-03-26 13:11:27.470 CurlHttpClient [140415446312000] Obtained connection handle 0x557fcdf85040
[DEBUG] 2024-03-26 13:11:27.470 CURL [140415446312000] (Text)   Trying 169.254.169.254:80...

[DEBUG] 2024-03-26 13:11:28.471 CURL [140415446312000] (Text) After 1000ms connect time, move on!

[DEBUG] 2024-03-26 13:11:28.471 CURL [140415446312000] (Text) connect to 169.254.169.254 port 80 failed: Connection timed out

[DEBUG] 2024-03-26 13:11:28.471 CURL [140415446312000] (Text) Connection timeout after 1001 ms

[DEBUG] 2024-03-26 13:11:28.471 CURL [140415446312000] (Text) Closing connection 0

[ERROR] 2024-03-26 13:11:28.472 CurlHttpClient [140415446312000] Curl returned error code 28 - Timeout was reached
[DEBUG] 2024-03-26 13:11:28.472 CurlHandleContainer [140415446312000] Destroy curl handle: 0x557fcdf85040
[DEBUG] 2024-03-26 13:11:28.472 CurlHandleContainer [140415446312000] Created replacement handle and released to pool: 0x557fcdf85040
[ERROR] 2024-03-26 13:11:28.472 EC2MetadataClient [140415446312000] Http request to retrieve credentials failed
[ERROR] 2024-03-26 13:11:28.472 EC2MetadataClient [140415446312000] Can not retrieve resource from http://169.254.169.254/latest/api/token
[DEBUG] 2024-03-26 13:11:28.472 CurlHandleContainer [140415446312000] Attempting to acquire curl connection.
[DEBUG] 2024-03-26 13:11:28.472 CurlHandleContainer [140415446312000] Connection has been released. Continuing.
[DEBUG] 2024-03-26 13:11:28.472 CurlHandleContainer [140415446312000] Returning connection handle 0x557fcdf85040
[DEBUG] 2024-03-26 13:11:28.472 CurlHttpClient [140415446312000] Obtained connection handle 0x557fcdf85040
[DEBUG] 2024-03-26 13:11:28.472 CURL [140415446312000] (Text)   Trying 169.254.169.254:80...

[DEBUG] 2024-03-26 13:11:29.474 CURL [140415446312000] (Text) After 1000ms connect time, move on!

[DEBUG] 2024-03-26 13:11:29.474 CURL [140415446312000] (Text) connect to 169.254.169.254 port 80 failed: Connection timed out

[DEBUG] 2024-03-26 13:11:29.474 CURL [140415446312000] (Text) Connection timeout after 1001 ms

[DEBUG] 2024-03-26 13:11:29.474 CURL [140415446312000] (Text) Closing connection 0

[ERROR] 2024-03-26 13:11:29.474 CurlHttpClient [140415446312000] Curl returned error code 28 - Timeout was reached
[DEBUG] 2024-03-26 13:11:29.474 CurlHandleContainer [140415446312000] Destroy curl handle: 0x557fcdf85040
[DEBUG] 2024-03-26 13:11:29.474 CurlHandleContainer [140415446312000] Created replacement handle and released to pool: 0x557fcdf85040
[ERROR] 2024-03-26 13:11:29.474 EC2MetadataClient [140415446312000] Http request to retrieve credentials failed
[WARN] 2024-03-26 13:11:29.475 EC2MetadataClient [140415446312000] Request failed, now waiting 0 ms before attempting again.
[DEBUG] 2024-03-26 13:11:29.475 CurlHandleContainer [140415446312000] Attempting to acquire curl connection.
[DEBUG] 2024-03-26 13:11:29.475 CurlHandleContainer [140415446312000] Connection has been released. Continuing.
[DEBUG] 2024-03-26 13:11:29.475 CurlHandleContainer [140415446312000] Returning connection handle 0x557fcdf85040
[DEBUG] 2024-03-26 13:11:29.475 CurlHttpClient [140415446312000] Obtained connection handle 0x557fcdf85040
[DEBUG] 2024-03-26 13:11:29.475 CURL [140415446312000] (Text)   Trying 169.254.169.254:80...

[DEBUG] 2024-03-26 13:11:30.477 CURL [140415446312000] (Text) After 1000ms connect time, move on!

[DEBUG] 2024-03-26 13:11:30.477 CURL [140415446312000] (Text) connect to 169.254.169.254 port 80 failed: Connection timed out

[DEBUG] 2024-03-26 13:11:30.477 CURL [140415446312000] (Text) Connection timeout after 1001 ms

[DEBUG] 2024-03-26 13:11:30.477 CURL [140415446312000] (Text) Closing connection 0

[ERROR] 2024-03-26 13:11:30.477 CurlHttpClient [140415446312000] Curl returned error code 28 - Timeout was reached
