[INFO] 2024-03-12 02:07:46.879 Aws_Init_Cleanup [139871743255616] Initiate AWS SDK for C++ with Version:1.11.282
[DEBUG] 2024-03-12 02:07:46.879 FileSystemUtils [139871743255616] Environment value for variable HOME is /home/vcm
[DEBUG] 2024-03-12 02:07:46.879 FileSystemUtils [139871743255616] Home directory is missing the final / appending one to normalize
[DEBUG] 2024-03-12 02:07:46.879 FileSystemUtils [139871743255616] Final Home Directory is /home/vcm/
[INFO] 2024-03-12 02:07:46.879 Aws::Config::AWSConfigFileProfileConfigLoader [139871743255616] Initializing config loader against fileName /home/vcm/.aws/credentials and using profilePrefix = 0
[DEBUG] 2024-03-12 02:07:46.879 FileSystemUtils [139871743255616] Environment value for variable HOME is /home/vcm
[DEBUG] 2024-03-12 02:07:46.879 FileSystemUtils [139871743255616] Home directory is missing the final / appending one to normalize
[DEBUG] 2024-03-12 02:07:46.879 FileSystemUtils [139871743255616] Final Home Directory is /home/vcm/
[INFO] 2024-03-12 02:07:46.879 Aws::Config::AWSConfigFileProfileConfigLoader [139871743255616] Initializing config loader against fileName /home/vcm/.aws/config and using profilePrefix = 1
[DEBUG] 2024-03-12 02:07:46.879 FileSystemUtils [139871743255616] Environment value for variable HOME is /home/vcm
[DEBUG] 2024-03-12 02:07:46.879 FileSystemUtils [139871743255616] Home directory is missing the final / appending one to normalize
[DEBUG] 2024-03-12 02:07:46.879 FileSystemUtils [139871743255616] Final Home Directory is /home/vcm/
[INFO] 2024-03-12 02:07:46.879 Aws::Config::ConfigFileProfileFSM [139871743255616] Unknown property: aws_access_key_id in the profile: default
[INFO] 2024-03-12 02:07:46.879 Aws::Config::ConfigFileProfileFSM [139871743255616] Unknown property: aws_secret_access_key in the profile: default
[DEBUG] 2024-03-12 02:07:46.879 Aws::Config::ConfigFileProfileFSM [139871743255616] found access key AKIAXYKJVWUMV5VJDJWU
[INFO] 2024-03-12 02:07:46.880 Aws::Config::AWSProfileConfigLoaderBase [139871743255616] Successfully reloaded configuration.
[DEBUG] 2024-03-12 02:07:46.880 FileSystemUtils [139871743255616] Environment value for variable HOME is /home/vcm
[DEBUG] 2024-03-12 02:07:46.880 FileSystemUtils [139871743255616] Home directory is missing the final / appending one to normalize
[DEBUG] 2024-03-12 02:07:46.880 FileSystemUtils [139871743255616] Final Home Directory is /home/vcm/
[INFO] 2024-03-12 02:07:46.880 Aws::Config::AWSConfigFileProfileConfigLoader [139871743255616] Unable to open config file /home/vcm/.aws/config for reading.
[INFO] 2024-03-12 02:07:46.880 Aws::Config::AWSProfileConfigLoaderBase [139871743255616] Failed to reload configuration.
[INFO] 2024-03-12 02:07:46.880 event-loop [139871743255616] id=0x559e81d95920: Initializing edge-triggered epoll
[INFO] 2024-03-12 02:07:46.880 event-loop [139871743255616] id=0x559e81d95920: Using eventfd for cross-thread notifications.
[INFO] 2024-03-12 02:07:46.880 event-loop [139871743255616] id=0x559e81d95920: Starting event-loop thread.
[INFO] 2024-03-12 02:07:46.880 event-loop [139871743255616] id=0x559e81d0d0a0: Initializing edge-triggered epoll
[INFO] 2024-03-12 02:07:46.880 event-loop [139871743255616] id=0x559e81d0d0a0: Using eventfd for cross-thread notifications.
[INFO] 2024-03-12 02:07:46.880 event-loop [139871743255616] id=0x559e81d0d0a0: Starting event-loop thread.
[INFO] 2024-03-12 02:07:46.880 dns [139871743255616] id=0x559e81d99c30: Initializing default host resolver with 8 max host entries.
[INFO] 2024-03-12 02:07:46.880 event-loop [139871734793792] id=0x559e81d95920: main loop started
[INFO] 2024-03-12 02:07:46.880 event-loop [139871734793792] id=0x559e81d95920: default timeout 100000, and max events to process per tick 100
[INFO] 2024-03-12 02:07:46.880 event-loop [139871726401088] id=0x559e81d0d0a0: main loop started
[INFO] 2024-03-12 02:07:46.880 event-loop [139871726401088] id=0x559e81d0d0a0: default timeout 100000, and max events to process per tick 100
[INFO] 2024-03-12 02:07:46.880 channel-bootstrap [139871743255616] id=0x559e81d99fa0: Initializing client bootstrap with event-loop group 0x559e81d9a7d0
[DEBUG] 2024-03-12 02:07:46.920 HttpClientFactory [139871743255616] Initializing Http Static State
[DEBUG] 2024-03-12 02:07:46.920 HttpClientFactory [139871743255616] Initializing Curl Http Client
[INFO] 2024-03-12 02:07:46.920 CurlHttpClient [139871743255616] Initializing Curl library with version: 7.81.0, ssl version: OpenSSL/3.0.2
[INFO] 2024-03-12 02:07:46.920 EC2MetadataClient [139871743255616] Using IMDS endpoint: http://169.254.169.254
[DEBUG] 2024-03-12 02:07:46.920 ClientConfiguration [139871743255616] Request Compression enabled
[DEBUG] 2024-03-12 02:07:46.920 ClientConfiguration [139871743255616] ClientConfiguration will use MinReqCompression: 10240
[DEBUG] 2024-03-12 02:07:46.920 ClientConfiguration [139871743255616] ClientConfiguration will use SDK Auto Resolved profile: [default] if not specified by users.
[INFO] 2024-03-12 02:07:46.921 ClientConfiguration [139871743255616] Retry Strategy will use the default max attempts.
[INFO] 2024-03-12 02:07:46.921 EC2MetadataClient [139871743255616] Creating AWSHttpResourceClient with max connections 2 and scheme http
[INFO] 2024-03-12 02:07:46.921 CurlHandleContainer [139871743255616] Initializing CurlHandleContainer with size 2
[DEBUG] 2024-03-12 02:07:46.921 ClientConfiguration [139871743255616] Request Compression enabled
[DEBUG] 2024-03-12 02:07:46.921 ClientConfiguration [139871743255616] ClientConfiguration will use MinReqCompression: 10240
[DEBUG] 2024-03-12 02:07:46.921 ClientConfiguration [139871743255616] ClientConfiguration will use SDK Auto Resolved profile: [default] if not specified by users.
[INFO] 2024-03-12 02:07:46.921 ClientConfiguration [139871743255616] Retry Strategy will use the default max attempts.
[DEBUG] 2024-03-12 02:07:46.921 CurlHandleContainer [139871743255616] Attempting to acquire curl connection.
[DEBUG] 2024-03-12 02:07:46.921 CurlHandleContainer [139871743255616] No current connections available in pool. Attempting to create new connections.
[DEBUG] 2024-03-12 02:07:46.921 CurlHandleContainer [139871743255616] attempting to grow pool size by 2
[INFO] 2024-03-12 02:07:46.921 CurlHandleContainer [139871743255616] Pool grown by 2
[DEBUG] 2024-03-12 02:07:46.921 CurlHandleContainer [139871743255616] Connection has been released. Continuing.
[DEBUG] 2024-03-12 02:07:46.921 CurlHandleContainer [139871743255616] Returning connection handle 0x559e81e8f7b0
[DEBUG] 2024-03-12 02:07:46.921 CurlHttpClient [139871743255616] Obtained connection handle 0x559e81e8f7b0
[DEBUG] 2024-03-12 02:07:46.921 CURL [139871743255616] (Text)   Trying 169.254.169.254:80...

[DEBUG] 2024-03-12 02:07:47.923 CURL [139871743255616] (Text) After 1000ms connect time, move on!

[DEBUG] 2024-03-12 02:07:47.923 CURL [139871743255616] (Text) connect to 169.254.169.254 port 80 failed: Connection timed out

[DEBUG] 2024-03-12 02:07:47.923 CURL [139871743255616] (Text) Connection timeout after 1001 ms

[DEBUG] 2024-03-12 02:07:47.923 CURL [139871743255616] (Text) Closing connection 0

[ERROR] 2024-03-12 02:07:47.923 CurlHttpClient [139871743255616] Curl returned error code 28 - Timeout was reached
[DEBUG] 2024-03-12 02:07:47.923 CurlHandleContainer [139871743255616] Destroy curl handle: 0x559e81e8f7b0
[DEBUG] 2024-03-12 02:07:47.923 CurlHandleContainer [139871743255616] Created replacement handle and released to pool: 0x559e81e91070
[ERROR] 2024-03-12 02:07:47.923 EC2MetadataClient [139871743255616] Http request to retrieve credentials failed
[WARN] 2024-03-12 02:07:47.923 EC2MetadataClient [139871743255616] Request failed, now waiting 0 ms before attempting again.
[DEBUG] 2024-03-12 02:07:47.923 CurlHandleContainer [139871743255616] Attempting to acquire curl connection.
[DEBUG] 2024-03-12 02:07:47.924 CurlHandleContainer [139871743255616] Connection has been released. Continuing.
[DEBUG] 2024-03-12 02:07:47.924 CurlHandleContainer [139871743255616] Returning connection handle 0x559e81e91070
[DEBUG] 2024-03-12 02:07:47.924 CurlHttpClient [139871743255616] Obtained connection handle 0x559e81e91070
[DEBUG] 2024-03-12 02:07:47.924 CURL [139871743255616] (Text)   Trying 169.254.169.254:80...

[DEBUG] 2024-03-12 02:07:48.925 CURL [139871743255616] (Text) After 1000ms connect time, move on!

[DEBUG] 2024-03-12 02:07:48.925 CURL [139871743255616] (Text) connect to 169.254.169.254 port 80 failed: Connection timed out

[DEBUG] 2024-03-12 02:07:48.925 CURL [139871743255616] (Text) Connection timeout after 1001 ms

[DEBUG] 2024-03-12 02:07:48.925 CURL [139871743255616] (Text) Closing connection 0

[ERROR] 2024-03-12 02:07:48.925 CurlHttpClient [139871743255616] Curl returned error code 28 - Timeout was reached
[DEBUG] 2024-03-12 02:07:48.925 CurlHandleContainer [139871743255616] Destroy curl handle: 0x559e81e91070
[DEBUG] 2024-03-12 02:07:48.925 CurlHandleContainer [139871743255616] Created replacement handle and released to pool: 0x559e81e91070
[ERROR] 2024-03-12 02:07:48.925 EC2MetadataClient [139871743255616] Http request to retrieve credentials failed
[ERROR] 2024-03-12 02:07:48.925 EC2MetadataClient [139871743255616] Can not retrieve resource from http://169.254.169.254/latest/api/token
[DEBUG] 2024-03-12 02:07:48.926 CurlHandleContainer [139871743255616] Attempting to acquire curl connection.
[DEBUG] 2024-03-12 02:07:48.926 CurlHandleContainer [139871743255616] Connection has been released. Continuing.
[DEBUG] 2024-03-12 02:07:48.926 CurlHandleContainer [139871743255616] Returning connection handle 0x559e81e91070
[DEBUG] 2024-03-12 02:07:48.926 CurlHttpClient [139871743255616] Obtained connection handle 0x559e81e91070
[DEBUG] 2024-03-12 02:07:48.926 CURL [139871743255616] (Text)   Trying 169.254.169.254:80...

[DEBUG] 2024-03-12 02:07:49.927 CURL [139871743255616] (Text) After 1000ms connect time, move on!

[DEBUG] 2024-03-12 02:07:49.927 CURL [139871743255616] (Text) connect to 169.254.169.254 port 80 failed: Connection timed out

[DEBUG] 2024-03-12 02:07:49.927 CURL [139871743255616] (Text) Connection timeout after 1001 ms

[DEBUG] 2024-03-12 02:07:49.927 CURL [139871743255616] (Text) Closing connection 0

[ERROR] 2024-03-12 02:07:49.927 CurlHttpClient [139871743255616] Curl returned error code 28 - Timeout was reached
[DEBUG] 2024-03-12 02:07:49.927 CurlHandleContainer [139871743255616] Destroy curl handle: 0x559e81e91070
[DEBUG] 2024-03-12 02:07:49.927 CurlHandleContainer [139871743255616] Created replacement handle and released to pool: 0x559e81e91070
[ERROR] 2024-03-12 02:07:49.927 EC2MetadataClient [139871743255616] Http request to retrieve credentials failed
[WARN] 2024-03-12 02:07:49.927 EC2MetadataClient [139871743255616] Request failed, now waiting 0 ms before attempting again.
[DEBUG] 2024-03-12 02:07:49.928 CurlHandleContainer [139871743255616] Attempting to acquire curl connection.
[DEBUG] 2024-03-12 02:07:49.928 CurlHandleContainer [139871743255616] Connection has been released. Continuing.
[DEBUG] 2024-03-12 02:07:49.928 CurlHandleContainer [139871743255616] Returning connection handle 0x559e81e91070
[DEBUG] 2024-03-12 02:07:49.928 CurlHttpClient [139871743255616] Obtained connection handle 0x559e81e91070
[DEBUG] 2024-03-12 02:07:49.928 CURL [139871743255616] (Text)   Trying 169.254.169.254:80...

[DEBUG] 2024-03-12 02:07:50.929 CURL [139871743255616] (Text) After 1000ms connect time, move on!

[DEBUG] 2024-03-12 02:07:50.929 CURL [139871743255616] (Text) connect to 169.254.169.254 port 80 failed: Connection timed out

[DEBUG] 2024-03-12 02:07:50.929 CURL [139871743255616] (Text) Connection timeout after 1001 ms

[DEBUG] 2024-03-12 02:07:50.929 CURL [139871743255616] (Text) Closing connection 0

[ERROR] 2024-03-12 02:07:50.929 CurlHttpClient [139871743255616] Curl returned error code 28 - Timeout was reached
[DEBUG] 2024-03-12 02:07:50.929 CurlHandleContainer [139871743255616] Destroy curl handle: 0x559e81e91070
[DEBUG] 2024-03-12 02:07:50.929 CurlHandleContainer [139871743255616] Created replacement handle and released to pool: 0x559e81e91070
[ERROR] 2024-03-12 02:07:50.929 EC2MetadataClient [139871743255616] Http request to retrieve credentials failed
[ERROR] 2024-03-12 02:07:50.929 EC2MetadataClient [139871743255616] Can not retrieve resource from http://169.254.169.254/latest/meta-data/iam/security-credentials
[DEBUG] 2024-03-12 02:07:50.930 CurlHandleContainer [139871743255616] Attempting to acquire curl connection.
[DEBUG] 2024-03-12 02:07:50.930 CurlHandleContainer [139871743255616] Connection has been released. Continuing.
[DEBUG] 2024-03-12 02:07:50.930 CurlHandleContainer [139871743255616] Returning connection handle 0x559e81e91070
[DEBUG] 2024-03-12 02:07:50.930 CurlHttpClient [139871743255616] Obtained connection handle 0x559e81e91070
[DEBUG] 2024-03-12 02:07:50.930 CURL [139871743255616] (Text)   Trying 169.254.169.254:80...

[INFO] 2024-03-12 02:09:01.679 Aws_Init_Cleanup [140080287327296] Initiate AWS SDK for C++ with Version:1.11.282
[DEBUG] 2024-03-12 02:09:01.679 FileSystemUtils [140080287327296] Environment value for variable HOME is /home/vcm
[DEBUG] 2024-03-12 02:09:01.679 FileSystemUtils [140080287327296] Home directory is missing the final / appending one to normalize
[DEBUG] 2024-03-12 02:09:01.679 FileSystemUtils [140080287327296] Final Home Directory is /home/vcm/
[INFO] 2024-03-12 02:09:01.679 Aws::Config::AWSConfigFileProfileConfigLoader [140080287327296] Initializing config loader against fileName /home/vcm/.aws/credentials and using profilePrefix = 0
[DEBUG] 2024-03-12 02:09:01.679 FileSystemUtils [140080287327296] Environment value for variable HOME is /home/vcm
[DEBUG] 2024-03-12 02:09:01.679 FileSystemUtils [140080287327296] Home directory is missing the final / appending one to normalize
[DEBUG] 2024-03-12 02:09:01.679 FileSystemUtils [140080287327296] Final Home Directory is /home/vcm/
[INFO] 2024-03-12 02:09:01.679 Aws::Config::AWSConfigFileProfileConfigLoader [140080287327296] Initializing config loader against fileName /home/vcm/.aws/config and using profilePrefix = 1
[DEBUG] 2024-03-12 02:09:01.679 FileSystemUtils [140080287327296] Environment value for variable HOME is /home/vcm
[DEBUG] 2024-03-12 02:09:01.679 FileSystemUtils [140080287327296] Home directory is missing the final / appending one to normalize
[DEBUG] 2024-03-12 02:09:01.679 FileSystemUtils [140080287327296] Final Home Directory is /home/vcm/
[INFO] 2024-03-12 02:09:01.680 Aws::Config::ConfigFileProfileFSM [140080287327296] Unknown property: aws_access_key_id in the profile: default
[INFO] 2024-03-12 02:09:01.680 Aws::Config::ConfigFileProfileFSM [140080287327296] Unknown property: aws_secret_access_key in the profile: default
[DEBUG] 2024-03-12 02:09:01.680 Aws::Config::ConfigFileProfileFSM [140080287327296] found access key AKIAXYKJVWUMV5VJDJWU
[INFO] 2024-03-12 02:09:01.680 Aws::Config::AWSProfileConfigLoaderBase [140080287327296] Successfully reloaded configuration.
[DEBUG] 2024-03-12 02:09:01.680 FileSystemUtils [140080287327296] Environment value for variable HOME is /home/vcm
[DEBUG] 2024-03-12 02:09:01.680 FileSystemUtils [140080287327296] Home directory is missing the final / appending one to normalize
[DEBUG] 2024-03-12 02:09:01.680 FileSystemUtils [140080287327296] Final Home Directory is /home/vcm/
[INFO] 2024-03-12 02:09:01.680 Aws::Config::AWSConfigFileProfileConfigLoader [140080287327296] Unable to open config file /home/vcm/.aws/config for reading.
[INFO] 2024-03-12 02:09:01.680 Aws::Config::AWSProfileConfigLoaderBase [140080287327296] Failed to reload configuration.
[INFO] 2024-03-12 02:09:01.680 event-loop [140080287327296] id=0x563f0784f920: Initializing edge-triggered epoll
[INFO] 2024-03-12 02:09:01.680 event-loop [140080287327296] id=0x563f0784f920: Using eventfd for cross-thread notifications.
[INFO] 2024-03-12 02:09:01.680 event-loop [140080287327296] id=0x563f0784f920: Starting event-loop thread.
[INFO] 2024-03-12 02:09:01.680 event-loop [140080287327296] id=0x563f077c70a0: Initializing edge-triggered epoll
[INFO] 2024-03-12 02:09:01.680 event-loop [140080287327296] id=0x563f077c70a0: Using eventfd for cross-thread notifications.
[INFO] 2024-03-12 02:09:01.680 event-loop [140080287327296] id=0x563f077c70a0: Starting event-loop thread.
[INFO] 2024-03-12 02:09:01.680 dns [140080287327296] id=0x563f07853c30: Initializing default host resolver with 8 max host entries.
[INFO] 2024-03-12 02:09:01.680 event-loop [140080278865472] id=0x563f0784f920: main loop started
[INFO] 2024-03-12 02:09:01.680 event-loop [140080278865472] id=0x563f0784f920: default timeout 100000, and max events to process per tick 100
[INFO] 2024-03-12 02:09:01.680 event-loop [140080270472768] id=0x563f077c70a0: main loop started
[INFO] 2024-03-12 02:09:01.680 event-loop [140080270472768] id=0x563f077c70a0: default timeout 100000, and max events to process per tick 100
[INFO] 2024-03-12 02:09:01.680 channel-bootstrap [140080287327296] id=0x563f07853fa0: Initializing client bootstrap with event-loop group 0x563f078547d0
[DEBUG] 2024-03-12 02:09:01.718 HttpClientFactory [140080287327296] Initializing Http Static State
[DEBUG] 2024-03-12 02:09:01.718 HttpClientFactory [140080287327296] Initializing Curl Http Client
[INFO] 2024-03-12 02:09:01.718 CurlHttpClient [140080287327296] Initializing Curl library with version: 7.81.0, ssl version: OpenSSL/3.0.2
[INFO] 2024-03-12 02:09:01.718 EC2MetadataClient [140080287327296] Using IMDS endpoint: http://169.254.169.254
[DEBUG] 2024-03-12 02:09:01.719 ClientConfiguration [140080287327296] Request Compression enabled
[DEBUG] 2024-03-12 02:09:01.719 ClientConfiguration [140080287327296] ClientConfiguration will use MinReqCompression: 10240
[DEBUG] 2024-03-12 02:09:01.719 ClientConfiguration [140080287327296] ClientConfiguration will use SDK Auto Resolved profile: [default] if not specified by users.
[INFO] 2024-03-12 02:09:01.719 ClientConfiguration [140080287327296] Retry Strategy will use the default max attempts.
[INFO] 2024-03-12 02:09:01.719 EC2MetadataClient [140080287327296] Creating AWSHttpResourceClient with max connections 2 and scheme http
[INFO] 2024-03-12 02:09:01.719 CurlHandleContainer [140080287327296] Initializing CurlHandleContainer with size 2
[DEBUG] 2024-03-12 02:09:01.719 ClientConfiguration [140080287327296] Request Compression enabled
[DEBUG] 2024-03-12 02:09:01.719 ClientConfiguration [140080287327296] ClientConfiguration will use MinReqCompression: 10240
[DEBUG] 2024-03-12 02:09:01.719 ClientConfiguration [140080287327296] ClientConfiguration will use SDK Auto Resolved profile: [default] if not specified by users.
[INFO] 2024-03-12 02:09:01.719 ClientConfiguration [140080287327296] Retry Strategy will use the default max attempts.
[DEBUG] 2024-03-12 02:09:01.719 CurlHandleContainer [140080287327296] Attempting to acquire curl connection.
[DEBUG] 2024-03-12 02:09:01.719 CurlHandleContainer [140080287327296] No current connections available in pool. Attempting to create new connections.
[DEBUG] 2024-03-12 02:09:01.719 CurlHandleContainer [140080287327296] attempting to grow pool size by 2
[INFO] 2024-03-12 02:09:01.719 CurlHandleContainer [140080287327296] Pool grown by 2
[DEBUG] 2024-03-12 02:09:01.719 CurlHandleContainer [140080287327296] Connection has been released. Continuing.
[DEBUG] 2024-03-12 02:09:01.719 CurlHandleContainer [140080287327296] Returning connection handle 0x563f079497b0
[DEBUG] 2024-03-12 02:09:01.719 CurlHttpClient [140080287327296] Obtained connection handle 0x563f079497b0
[DEBUG] 2024-03-12 02:09:01.720 CURL [140080287327296] (Text)   Trying 169.254.169.254:80...

[DEBUG] 2024-03-12 02:09:02.720 CURL [140080287327296] (Text) After 1000ms connect time, move on!

[DEBUG] 2024-03-12 02:09:02.720 CURL [140080287327296] (Text) connect to 169.254.169.254 port 80 failed: Connection timed out

[DEBUG] 2024-03-12 02:09:02.720 CURL [140080287327296] (Text) Connection timeout after 1000 ms

[DEBUG] 2024-03-12 02:09:02.720 CURL [140080287327296] (Text) Closing connection 0

[ERROR] 2024-03-12 02:09:02.720 CurlHttpClient [140080287327296] Curl returned error code 28 - Timeout was reached
[DEBUG] 2024-03-12 02:09:02.720 CurlHandleContainer [140080287327296] Destroy curl handle: 0x563f079497b0
[DEBUG] 2024-03-12 02:09:02.720 CurlHandleContainer [140080287327296] Created replacement handle and released to pool: 0x563f0794b070
[ERROR] 2024-03-12 02:09:02.721 EC2MetadataClient [140080287327296] Http request to retrieve credentials failed
[WARN] 2024-03-12 02:09:02.721 EC2MetadataClient [140080287327296] Request failed, now waiting 0 ms before attempting again.
[DEBUG] 2024-03-12 02:09:02.721 CurlHandleContainer [140080287327296] Attempting to acquire curl connection.
[DEBUG] 2024-03-12 02:09:02.721 CurlHandleContainer [140080287327296] Connection has been released. Continuing.
[DEBUG] 2024-03-12 02:09:02.721 CurlHandleContainer [140080287327296] Returning connection handle 0x563f0794b070
[DEBUG] 2024-03-12 02:09:02.721 CurlHttpClient [140080287327296] Obtained connection handle 0x563f0794b070
[DEBUG] 2024-03-12 02:09:02.721 CURL [140080287327296] (Text)   Trying 169.254.169.254:80...

[DEBUG] 2024-03-12 02:09:03.721 CURL [140080287327296] (Text) After 1000ms connect time, move on!

[DEBUG] 2024-03-12 02:09:03.721 CURL [140080287327296] (Text) connect to 169.254.169.254 port 80 failed: Connection timed out

[DEBUG] 2024-03-12 02:09:03.721 CURL [140080287327296] (Text) Connection timeout after 1000 ms

[DEBUG] 2024-03-12 02:09:03.721 CURL [140080287327296] (Text) Closing connection 0

[ERROR] 2024-03-12 02:09:03.721 CurlHttpClient [140080287327296] Curl returned error code 28 - Timeout was reached
[DEBUG] 2024-03-12 02:09:03.721 CurlHandleContainer [140080287327296] Destroy curl handle: 0x563f0794b070
[DEBUG] 2024-03-12 02:09:03.722 CurlHandleContainer [140080287327296] Created replacement handle and released to pool: 0x563f0794b070
[ERROR] 2024-03-12 02:09:03.722 EC2MetadataClient [140080287327296] Http request to retrieve credentials failed
[ERROR] 2024-03-12 02:09:03.722 EC2MetadataClient [140080287327296] Can not retrieve resource from http://169.254.169.254/latest/api/token
[DEBUG] 2024-03-12 02:09:03.722 CurlHandleContainer [140080287327296] Attempting to acquire curl connection.
[DEBUG] 2024-03-12 02:09:03.722 CurlHandleContainer [140080287327296] Connection has been released. Continuing.
[DEBUG] 2024-03-12 02:09:03.722 CurlHandleContainer [140080287327296] Returning connection handle 0x563f0794b070
[DEBUG] 2024-03-12 02:09:03.722 CurlHttpClient [140080287327296] Obtained connection handle 0x563f0794b070
[DEBUG] 2024-03-12 02:09:03.722 CURL [140080287327296] (Text)   Trying 169.254.169.254:80...

[DEBUG] 2024-03-12 02:09:04.722 CURL [140080287327296] (Text) After 1000ms connect time, move on!

[DEBUG] 2024-03-12 02:09:04.722 CURL [140080287327296] (Text) connect to 169.254.169.254 port 80 failed: Connection timed out

[DEBUG] 2024-03-12 02:09:04.722 CURL [140080287327296] (Text) Connection timeout after 1000 ms

[DEBUG] 2024-03-12 02:09:04.722 CURL [140080287327296] (Text) Closing connection 0

[ERROR] 2024-03-12 02:09:04.722 CurlHttpClient [140080287327296] Curl returned error code 28 - Timeout was reached
[DEBUG] 2024-03-12 02:09:04.722 CurlHandleContainer [140080287327296] Destroy curl handle: 0x563f0794b070
[DEBUG] 2024-03-12 02:09:04.722 CurlHandleContainer [140080287327296] Created replacement handle and released to pool: 0x563f0794b070
[ERROR] 2024-03-12 02:09:04.722 EC2MetadataClient [140080287327296] Http request to retrieve credentials failed
[WARN] 2024-03-12 02:09:04.722 EC2MetadataClient [140080287327296] Request failed, now waiting 0 ms before attempting again.
[DEBUG] 2024-03-12 02:09:04.722 CurlHandleContainer [140080287327296] Attempting to acquire curl connection.
[DEBUG] 2024-03-12 02:09:04.722 CurlHandleContainer [140080287327296] Connection has been released. Continuing.
[DEBUG] 2024-03-12 02:09:04.722 CurlHandleContainer [140080287327296] Returning connection handle 0x563f0794b070
[DEBUG] 2024-03-12 02:09:04.722 CurlHttpClient [140080287327296] Obtained connection handle 0x563f0794b070
[DEBUG] 2024-03-12 02:09:04.722 CURL [140080287327296] (Text)   Trying 169.254.169.254:80...

[DEBUG] 2024-03-12 02:09:05.723 CURL [140080287327296] (Text) After 1000ms connect time, move on!

[DEBUG] 2024-03-12 02:09:05.723 CURL [140080287327296] (Text) connect to 169.254.169.254 port 80 failed: Connection timed out

[DEBUG] 2024-03-12 02:09:05.723 CURL [140080287327296] (Text) Connection timeout after 1000 ms

[DEBUG] 2024-03-12 02:09:05.723 CURL [140080287327296] (Text) Closing connection 0

[ERROR] 2024-03-12 02:09:05.723 CurlHttpClient [140080287327296] Curl returned error code 28 - Timeout was reached
[DEBUG] 2024-03-12 02:09:05.723 CurlHandleContainer [140080287327296] Destroy curl handle: 0x563f0794b070
[DEBUG] 2024-03-12 02:09:05.723 CurlHandleContainer [140080287327296] Created replacement handle and released to pool: 0x563f0794b070
[ERROR] 2024-03-12 02:09:05.723 EC2MetadataClient [140080287327296] Http request to retrieve credentials failed
[ERROR] 2024-03-12 02:09:05.723 EC2MetadataClient [140080287327296] Can not retrieve resource from http://169.254.169.254/latest/meta-data/iam/security-credentials
[INFO] 2024-03-12 02:16:14.429 Aws_Init_Cleanup [140015371789376] Initiate AWS SDK for C++ with Version:1.11.282
[DEBUG] 2024-03-12 02:16:14.429 FileSystemUtils [140015371789376] Environment value for variable HOME is /home/vcm
[DEBUG] 2024-03-12 02:16:14.429 FileSystemUtils [140015371789376] Home directory is missing the final / appending one to normalize
[DEBUG] 2024-03-12 02:16:14.429 FileSystemUtils [140015371789376] Final Home Directory is /home/vcm/
[INFO] 2024-03-12 02:16:14.429 Aws::Config::AWSConfigFileProfileConfigLoader [140015371789376] Initializing config loader against fileName /home/vcm/.aws/credentials and using profilePrefix = 0
[DEBUG] 2024-03-12 02:16:14.429 FileSystemUtils [140015371789376] Environment value for variable HOME is /home/vcm
[DEBUG] 2024-03-12 02:16:14.429 FileSystemUtils [140015371789376] Home directory is missing the final / appending one to normalize
[DEBUG] 2024-03-12 02:16:14.429 FileSystemUtils [140015371789376] Final Home Directory is /home/vcm/
[INFO] 2024-03-12 02:16:14.429 Aws::Config::AWSConfigFileProfileConfigLoader [140015371789376] Initializing config loader against fileName /home/vcm/.aws/config and using profilePrefix = 1
[DEBUG] 2024-03-12 02:16:14.429 FileSystemUtils [140015371789376] Environment value for variable HOME is /home/vcm
[DEBUG] 2024-03-12 02:16:14.429 FileSystemUtils [140015371789376] Home directory is missing the final / appending one to normalize
[DEBUG] 2024-03-12 02:16:14.429 FileSystemUtils [140015371789376] Final Home Directory is /home/vcm/
[INFO] 2024-03-12 02:16:14.432 Aws::Config::ConfigFileProfileFSM [140015371789376] Unknown property: aws_access_key_id in the profile: default
[INFO] 2024-03-12 02:16:14.432 Aws::Config::ConfigFileProfileFSM [140015371789376] Unknown property: aws_secret_access_key in the profile: default
[DEBUG] 2024-03-12 02:16:14.432 Aws::Config::ConfigFileProfileFSM [140015371789376] found access key AKIAXYKJVWUMV5VJDJWU
[INFO] 2024-03-12 02:16:14.433 Aws::Config::AWSProfileConfigLoaderBase [140015371789376] Successfully reloaded configuration.
[DEBUG] 2024-03-12 02:16:14.433 FileSystemUtils [140015371789376] Environment value for variable HOME is /home/vcm
[DEBUG] 2024-03-12 02:16:14.433 FileSystemUtils [140015371789376] Home directory is missing the final / appending one to normalize
[DEBUG] 2024-03-12 02:16:14.433 FileSystemUtils [140015371789376] Final Home Directory is /home/vcm/
[INFO] 2024-03-12 02:16:14.433 Aws::Config::AWSConfigFileProfileConfigLoader [140015371789376] Unable to open config file /home/vcm/.aws/config for reading.
[INFO] 2024-03-12 02:16:14.433 Aws::Config::AWSProfileConfigLoaderBase [140015371789376] Failed to reload configuration.
[INFO] 2024-03-12 02:16:14.433 event-loop [140015371789376] id=0x5597da4ac920: Initializing edge-triggered epoll
[INFO] 2024-03-12 02:16:14.433 event-loop [140015371789376] id=0x5597da4ac920: Using eventfd for cross-thread notifications.
[INFO] 2024-03-12 02:16:14.433 event-loop [140015371789376] id=0x5597da4ac920: Starting event-loop thread.
[INFO] 2024-03-12 02:16:14.433 event-loop [140015371789376] id=0x5597da4240a0: Initializing edge-triggered epoll
[INFO] 2024-03-12 02:16:14.433 event-loop [140015371789376] id=0x5597da4240a0: Using eventfd for cross-thread notifications.
[INFO] 2024-03-12 02:16:14.433 event-loop [140015371789376] id=0x5597da4240a0: Starting event-loop thread.
[INFO] 2024-03-12 02:16:14.433 event-loop [140015363327552] id=0x5597da4ac920: main loop started
[INFO] 2024-03-12 02:16:14.433 dns [140015371789376] id=0x5597da4b0c30: Initializing default host resolver with 8 max host entries.
[INFO] 2024-03-12 02:16:14.433 event-loop [140015363327552] id=0x5597da4ac920: default timeout 100000, and max events to process per tick 100
[INFO] 2024-03-12 02:16:14.433 event-loop [140015262758464] id=0x5597da4240a0: main loop started
[INFO] 2024-03-12 02:16:14.433 event-loop [140015262758464] id=0x5597da4240a0: default timeout 100000, and max events to process per tick 100
[INFO] 2024-03-12 02:16:14.433 channel-bootstrap [140015371789376] id=0x5597da4b0fa0: Initializing client bootstrap with event-loop group 0x5597da4b17d0
[DEBUG] 2024-03-12 02:16:14.473 HttpClientFactory [140015371789376] Initializing Http Static State
[DEBUG] 2024-03-12 02:16:14.473 HttpClientFactory [140015371789376] Initializing Curl Http Client
[INFO] 2024-03-12 02:16:14.474 CurlHttpClient [140015371789376] Initializing Curl library with version: 7.81.0, ssl version: OpenSSL/3.0.2
[INFO] 2024-03-12 02:16:14.474 EC2MetadataClient [140015371789376] Using IMDS endpoint: http://169.254.169.254
[DEBUG] 2024-03-12 02:16:14.475 ClientConfiguration [140015371789376] Request Compression enabled
[DEBUG] 2024-03-12 02:16:14.475 ClientConfiguration [140015371789376] ClientConfiguration will use MinReqCompression: 10240
[DEBUG] 2024-03-12 02:16:14.475 ClientConfiguration [140015371789376] ClientConfiguration will use SDK Auto Resolved profile: [default] if not specified by users.
[INFO] 2024-03-12 02:16:14.475 ClientConfiguration [140015371789376] Retry Strategy will use the default max attempts.
[INFO] 2024-03-12 02:16:14.475 EC2MetadataClient [140015371789376] Creating AWSHttpResourceClient with max connections 2 and scheme http
[INFO] 2024-03-12 02:16:14.475 CurlHandleContainer [140015371789376] Initializing CurlHandleContainer with size 2
[DEBUG] 2024-03-12 02:16:14.475 ClientConfiguration [140015371789376] Request Compression enabled
[DEBUG] 2024-03-12 02:16:14.475 ClientConfiguration [140015371789376] ClientConfiguration will use MinReqCompression: 10240
[DEBUG] 2024-03-12 02:16:14.475 ClientConfiguration [140015371789376] ClientConfiguration will use SDK Auto Resolved profile: [default] if not specified by users.
[INFO] 2024-03-12 02:16:14.475 ClientConfiguration [140015371789376] Retry Strategy will use the default max attempts.
[DEBUG] 2024-03-12 02:16:14.476 CurlHandleContainer [140015371789376] Attempting to acquire curl connection.
[DEBUG] 2024-03-12 02:16:14.476 CurlHandleContainer [140015371789376] No current connections available in pool. Attempting to create new connections.
[DEBUG] 2024-03-12 02:16:14.476 CurlHandleContainer [140015371789376] attempting to grow pool size by 2
[INFO] 2024-03-12 02:16:14.476 CurlHandleContainer [140015371789376] Pool grown by 2
[DEBUG] 2024-03-12 02:16:14.476 CurlHandleContainer [140015371789376] Connection has been released. Continuing.
[DEBUG] 2024-03-12 02:16:14.476 CurlHandleContainer [140015371789376] Returning connection handle 0x5597da5a67b0
[DEBUG] 2024-03-12 02:16:14.476 CurlHttpClient [140015371789376] Obtained connection handle 0x5597da5a67b0
[DEBUG] 2024-03-12 02:16:14.476 CURL [140015371789376] (Text)   Trying 169.254.169.254:80...

[DEBUG] 2024-03-12 02:16:15.477 CURL [140015371789376] (Text) After 1000ms connect time, move on!

[DEBUG] 2024-03-12 02:16:15.477 CURL [140015371789376] (Text) connect to 169.254.169.254 port 80 failed: Connection timed out

[DEBUG] 2024-03-12 02:16:15.477 CURL [140015371789376] (Text) Connection timeout after 1001 ms

[DEBUG] 2024-03-12 02:16:15.477 CURL [140015371789376] (Text) Closing connection 0

[ERROR] 2024-03-12 02:16:15.477 CurlHttpClient [140015371789376] Curl returned error code 28 - Timeout was reached
[DEBUG] 2024-03-12 02:16:15.478 CurlHandleContainer [140015371789376] Destroy curl handle: 0x5597da5a67b0
[DEBUG] 2024-03-12 02:16:15.478 CurlHandleContainer [140015371789376] Created replacement handle and released to pool: 0x5597da5a8070
[ERROR] 2024-03-12 02:16:15.478 EC2MetadataClient [140015371789376] Http request to retrieve credentials failed
[WARN] 2024-03-12 02:16:15.478 EC2MetadataClient [140015371789376] Request failed, now waiting 0 ms before attempting again.
[DEBUG] 2024-03-12 02:16:15.478 CurlHandleContainer [140015371789376] Attempting to acquire curl connection.
[DEBUG] 2024-03-12 02:16:15.478 CurlHandleContainer [140015371789376] Connection has been released. Continuing.
[DEBUG] 2024-03-12 02:16:15.478 CurlHandleContainer [140015371789376] Returning connection handle 0x5597da5a8070
[DEBUG] 2024-03-12 02:16:15.478 CurlHttpClient [140015371789376] Obtained connection handle 0x5597da5a8070
[DEBUG] 2024-03-12 02:16:15.478 CURL [140015371789376] (Text)   Trying 169.254.169.254:80...

[DEBUG] 2024-03-12 02:16:16.480 CURL [140015371789376] (Text) After 1000ms connect time, move on!

[DEBUG] 2024-03-12 02:16:16.480 CURL [140015371789376] (Text) connect to 169.254.169.254 port 80 failed: Connection timed out

[DEBUG] 2024-03-12 02:16:16.480 CURL [140015371789376] (Text) Connection timeout after 1001 ms

[DEBUG] 2024-03-12 02:16:16.480 CURL [140015371789376] (Text) Closing connection 0

[ERROR] 2024-03-12 02:16:16.480 CurlHttpClient [140015371789376] Curl returned error code 28 - Timeout was reached
[DEBUG] 2024-03-12 02:16:16.480 CurlHandleContainer [140015371789376] Destroy curl handle: 0x5597da5a8070
[DEBUG] 2024-03-12 02:16:16.480 CurlHandleContainer [140015371789376] Created replacement handle and released to pool: 0x5597da5a8070
[ERROR] 2024-03-12 02:16:16.480 EC2MetadataClient [140015371789376] Http request to retrieve credentials failed
[ERROR] 2024-03-12 02:16:16.480 EC2MetadataClient [140015371789376] Can not retrieve resource from http://169.254.169.254/latest/api/token
[DEBUG] 2024-03-12 02:16:16.480 CurlHandleContainer [140015371789376] Attempting to acquire curl connection.
[DEBUG] 2024-03-12 02:16:16.480 CurlHandleContainer [140015371789376] Connection has been released. Continuing.
[DEBUG] 2024-03-12 02:16:16.480 CurlHandleContainer [140015371789376] Returning connection handle 0x5597da5a8070
[DEBUG] 2024-03-12 02:16:16.480 CurlHttpClient [140015371789376] Obtained connection handle 0x5597da5a8070
[DEBUG] 2024-03-12 02:16:16.480 CURL [140015371789376] (Text)   Trying 169.254.169.254:80...

[DEBUG] 2024-03-12 02:16:17.482 CURL [140015371789376] (Text) After 1000ms connect time, move on!

[DEBUG] 2024-03-12 02:16:17.482 CURL [140015371789376] (Text) connect to 169.254.169.254 port 80 failed: Connection timed out

[DEBUG] 2024-03-12 02:16:17.482 CURL [140015371789376] (Text) Connection timeout after 1001 ms

[DEBUG] 2024-03-12 02:16:17.482 CURL [140015371789376] (Text) Closing connection 0

[ERROR] 2024-03-12 02:16:17.482 CurlHttpClient [140015371789376] Curl returned error code 28 - Timeout was reached
[DEBUG] 2024-03-12 02:16:17.482 CurlHandleContainer [140015371789376] Destroy curl handle: 0x5597da5a8070
[DEBUG] 2024-03-12 02:16:17.482 CurlHandleContainer [140015371789376] Created replacement handle and released to pool: 0x5597da5a8070
[ERROR] 2024-03-12 02:16:17.482 EC2MetadataClient [140015371789376] Http request to retrieve credentials failed
[WARN] 2024-03-12 02:16:17.482 EC2MetadataClient [140015371789376] Request failed, now waiting 0 ms before attempting again.
[DEBUG] 2024-03-12 02:16:17.482 CurlHandleContainer [140015371789376] Attempting to acquire curl connection.
[DEBUG] 2024-03-12 02:16:17.482 CurlHandleContainer [140015371789376] Connection has been released. Continuing.
[DEBUG] 2024-03-12 02:16:17.483 CurlHandleContainer [140015371789376] Returning connection handle 0x5597da5a8070
[DEBUG] 2024-03-12 02:16:17.483 CurlHttpClient [140015371789376] Obtained connection handle 0x5597da5a8070
[DEBUG] 2024-03-12 02:16:17.483 CURL [140015371789376] (Text)   Trying 169.254.169.254:80...

[DEBUG] 2024-03-12 02:16:18.484 CURL [140015371789376] (Text) After 1000ms connect time, move on!

[DEBUG] 2024-03-12 02:16:18.484 CURL [140015371789376] (Text) connect to 169.254.169.254 port 80 failed: Connection timed out

[DEBUG] 2024-03-12 02:16:18.484 CURL [140015371789376] (Text) Connection timeout after 1001 ms

[DEBUG] 2024-03-12 02:16:18.484 CURL [140015371789376] (Text) Closing connection 0

[ERROR] 2024-03-12 02:16:18.484 CurlHttpClient [140015371789376] Curl returned error code 28 - Timeout was reached
[DEBUG] 2024-03-12 02:16:18.484 CurlHandleContainer [140015371789376] Destroy curl handle: 0x5597da5a8070
[DEBUG] 2024-03-12 02:16:18.484 CurlHandleContainer [140015371789376] Created replacement handle and released to pool: 0x5597da5a8070
[ERROR] 2024-03-12 02:16:18.484 EC2MetadataClient [140015371789376] Http request to retrieve credentials failed
[ERROR] 2024-03-12 02:16:18.484 EC2MetadataClient [140015371789376] Can not retrieve resource from http://169.254.169.254/latest/meta-data/iam/security-credentials
[DEBUG] 2024-03-12 02:16:18.485 CurlHandleContainer [140015371789376] Attempting to acquire curl connection.
[DEBUG] 2024-03-12 02:16:18.485 CurlHandleContainer [140015371789376] Connection has been released. Continuing.
[DEBUG] 2024-03-12 02:16:18.485 CurlHandleContainer [140015371789376] Returning connection handle 0x5597da5a8070
[DEBUG] 2024-03-12 02:16:18.485 CurlHttpClient [140015371789376] Obtained connection handle 0x5597da5a8070
[DEBUG] 2024-03-12 02:16:18.485 CURL [140015371789376] (Text)   Trying 169.254.169.254:80...

[INFO] 2024-03-12 02:17:05.593 Aws_Init_Cleanup [140210079085632] Initiate AWS SDK for C++ with Version:1.11.282
[DEBUG] 2024-03-12 02:17:05.594 FileSystemUtils [140210079085632] Environment value for variable HOME is /home/vcm
[DEBUG] 2024-03-12 02:17:05.594 FileSystemUtils [140210079085632] Home directory is missing the final / appending one to normalize
[DEBUG] 2024-03-12 02:17:05.594 FileSystemUtils [140210079085632] Final Home Directory is /home/vcm/
[INFO] 2024-03-12 02:17:05.594 Aws::Config::AWSConfigFileProfileConfigLoader [140210079085632] Initializing config loader against fileName /home/vcm/.aws/credentials and using profilePrefix = 0
[DEBUG] 2024-03-12 02:17:05.594 FileSystemUtils [140210079085632] Environment value for variable HOME is /home/vcm
[DEBUG] 2024-03-12 02:17:05.594 FileSystemUtils [140210079085632] Home directory is missing the final / appending one to normalize
[DEBUG] 2024-03-12 02:17:05.594 FileSystemUtils [140210079085632] Final Home Directory is /home/vcm/
[INFO] 2024-03-12 02:17:05.594 Aws::Config::AWSConfigFileProfileConfigLoader [140210079085632] Initializing config loader against fileName /home/vcm/.aws/config and using profilePrefix = 1
[DEBUG] 2024-03-12 02:17:05.594 FileSystemUtils [140210079085632] Environment value for variable HOME is /home/vcm
[DEBUG] 2024-03-12 02:17:05.594 FileSystemUtils [140210079085632] Home directory is missing the final / appending one to normalize
[DEBUG] 2024-03-12 02:17:05.594 FileSystemUtils [140210079085632] Final Home Directory is /home/vcm/
[INFO] 2024-03-12 02:17:05.594 Aws::Config::ConfigFileProfileFSM [140210079085632] Unknown property: aws_access_key_id in the profile: default
[INFO] 2024-03-12 02:17:05.594 Aws::Config::ConfigFileProfileFSM [140210079085632] Unknown property: aws_secret_access_key in the profile: default
[DEBUG] 2024-03-12 02:17:05.594 Aws::Config::ConfigFileProfileFSM [140210079085632] found access key AKIAXYKJVWUMV5VJDJWU
[INFO] 2024-03-12 02:17:05.594 Aws::Config::AWSProfileConfigLoaderBase [140210079085632] Successfully reloaded configuration.
[DEBUG] 2024-03-12 02:17:05.594 FileSystemUtils [140210079085632] Environment value for variable HOME is /home/vcm
[DEBUG] 2024-03-12 02:17:05.594 FileSystemUtils [140210079085632] Home directory is missing the final / appending one to normalize
[DEBUG] 2024-03-12 02:17:05.594 FileSystemUtils [140210079085632] Final Home Directory is /home/vcm/
[INFO] 2024-03-12 02:17:05.594 Aws::Config::AWSConfigFileProfileConfigLoader [140210079085632] Unable to open config file /home/vcm/.aws/config for reading.
[INFO] 2024-03-12 02:17:05.594 Aws::Config::AWSProfileConfigLoaderBase [140210079085632] Failed to reload configuration.
[INFO] 2024-03-12 02:17:05.594 event-loop [140210079085632] id=0x55f85a40c920: Initializing edge-triggered epoll
[INFO] 2024-03-12 02:17:05.595 event-loop [140210079085632] id=0x55f85a40c920: Using eventfd for cross-thread notifications.
[INFO] 2024-03-12 02:17:05.595 event-loop [140210079085632] id=0x55f85a40c920: Starting event-loop thread.
[INFO] 2024-03-12 02:17:05.595 event-loop [140210079085632] id=0x55f85a3840a0: Initializing edge-triggered epoll
[INFO] 2024-03-12 02:17:05.595 event-loop [140210079085632] id=0x55f85a3840a0: Using eventfd for cross-thread notifications.
[INFO] 2024-03-12 02:17:05.595 event-loop [140210079085632] id=0x55f85a3840a0: Starting event-loop thread.
[INFO] 2024-03-12 02:17:05.595 event-loop [140210070623808] id=0x55f85a40c920: main loop started
[INFO] 2024-03-12 02:17:05.595 event-loop [140210070623808] id=0x55f85a40c920: default timeout 100000, and max events to process per tick 100
[INFO] 2024-03-12 02:17:05.595 dns [140210079085632] id=0x55f85a410c30: Initializing default host resolver with 8 max host entries.
[INFO] 2024-03-12 02:17:05.595 event-loop [140210062231104] id=0x55f85a3840a0: main loop started
[INFO] 2024-03-12 02:17:05.595 event-loop [140210062231104] id=0x55f85a3840a0: default timeout 100000, and max events to process per tick 100
[INFO] 2024-03-12 02:17:05.595 channel-bootstrap [140210079085632] id=0x55f85a410fa0: Initializing client bootstrap with event-loop group 0x55f85a4117d0
[DEBUG] 2024-03-12 02:17:05.632 HttpClientFactory [140210079085632] Initializing Http Static State
[DEBUG] 2024-03-12 02:17:05.632 HttpClientFactory [140210079085632] Initializing Curl Http Client
[INFO] 2024-03-12 02:17:05.632 CurlHttpClient [140210079085632] Initializing Curl library with version: 7.81.0, ssl version: OpenSSL/3.0.2
[INFO] 2024-03-12 02:17:05.632 EC2MetadataClient [140210079085632] Using IMDS endpoint: http://169.254.169.254
[DEBUG] 2024-03-12 02:17:05.632 ClientConfiguration [140210079085632] Request Compression enabled
[DEBUG] 2024-03-12 02:17:05.632 ClientConfiguration [140210079085632] ClientConfiguration will use MinReqCompression: 10240
[DEBUG] 2024-03-12 02:17:05.632 ClientConfiguration [140210079085632] ClientConfiguration will use SDK Auto Resolved profile: [default] if not specified by users.
[INFO] 2024-03-12 02:17:05.632 ClientConfiguration [140210079085632] Retry Strategy will use the default max attempts.
[INFO] 2024-03-12 02:17:05.632 EC2MetadataClient [140210079085632] Creating AWSHttpResourceClient with max connections 2 and scheme http
[INFO] 2024-03-12 02:17:05.632 CurlHandleContainer [140210079085632] Initializing CurlHandleContainer with size 2
[DEBUG] 2024-03-12 02:17:05.632 ClientConfiguration [140210079085632] Request Compression enabled
[DEBUG] 2024-03-12 02:17:05.632 ClientConfiguration [140210079085632] ClientConfiguration will use MinReqCompression: 10240
[DEBUG] 2024-03-12 02:17:05.632 ClientConfiguration [140210079085632] ClientConfiguration will use SDK Auto Resolved profile: [default] if not specified by users.
[INFO] 2024-03-12 02:17:05.632 ClientConfiguration [140210079085632] Retry Strategy will use the default max attempts.
[DEBUG] 2024-03-12 02:17:05.633 CurlHandleContainer [140210079085632] Attempting to acquire curl connection.
[DEBUG] 2024-03-12 02:17:05.633 CurlHandleContainer [140210079085632] No current connections available in pool. Attempting to create new connections.
[DEBUG] 2024-03-12 02:17:05.633 CurlHandleContainer [140210079085632] attempting to grow pool size by 2
[INFO] 2024-03-12 02:17:05.633 CurlHandleContainer [140210079085632] Pool grown by 2
[DEBUG] 2024-03-12 02:17:05.633 CurlHandleContainer [140210079085632] Connection has been released. Continuing.
[DEBUG] 2024-03-12 02:17:05.633 CurlHandleContainer [140210079085632] Returning connection handle 0x55f85a5067b0
[DEBUG] 2024-03-12 02:17:05.633 CurlHttpClient [140210079085632] Obtained connection handle 0x55f85a5067b0
[DEBUG] 2024-03-12 02:17:05.633 CURL [140210079085632] (Text)   Trying 169.254.169.254:80...

[DEBUG] 2024-03-12 02:17:06.634 CURL [140210079085632] (Text) After 1000ms connect time, move on!

[DEBUG] 2024-03-12 02:17:06.634 CURL [140210079085632] (Text) connect to 169.254.169.254 port 80 failed: Connection timed out

[DEBUG] 2024-03-12 02:17:06.634 CURL [140210079085632] (Text) Connection timeout after 1001 ms

[DEBUG] 2024-03-12 02:17:06.634 CURL [140210079085632] (Text) Closing connection 0

[ERROR] 2024-03-12 02:17:06.634 CurlHttpClient [140210079085632] Curl returned error code 28 - Timeout was reached
[DEBUG] 2024-03-12 02:17:06.635 CurlHandleContainer [140210079085632] Destroy curl handle: 0x55f85a5067b0
[DEBUG] 2024-03-12 02:17:06.635 CurlHandleContainer [140210079085632] Created replacement handle and released to pool: 0x55f85a508070
[ERROR] 2024-03-12 02:17:06.635 EC2MetadataClient [140210079085632] Http request to retrieve credentials failed
[WARN] 2024-03-12 02:17:06.635 EC2MetadataClient [140210079085632] Request failed, now waiting 0 ms before attempting again.
[DEBUG] 2024-03-12 02:17:06.635 CurlHandleContainer [140210079085632] Attempting to acquire curl connection.
[DEBUG] 2024-03-12 02:17:06.635 CurlHandleContainer [140210079085632] Connection has been released. Continuing.
[DEBUG] 2024-03-12 02:17:06.635 CurlHandleContainer [140210079085632] Returning connection handle 0x55f85a508070
[DEBUG] 2024-03-12 02:17:06.635 CurlHttpClient [140210079085632] Obtained connection handle 0x55f85a508070
[DEBUG] 2024-03-12 02:17:06.635 CURL [140210079085632] (Text)   Trying 169.254.169.254:80...

[DEBUG] 2024-03-12 02:17:07.637 CURL [140210079085632] (Text) After 1000ms connect time, move on!

[DEBUG] 2024-03-12 02:17:07.637 CURL [140210079085632] (Text) connect to 169.254.169.254 port 80 failed: Connection timed out

[DEBUG] 2024-03-12 02:17:07.637 CURL [140210079085632] (Text) Connection timeout after 1001 ms

[DEBUG] 2024-03-12 02:17:07.637 CURL [140210079085632] (Text) Closing connection 0

[ERROR] 2024-03-12 02:17:07.637 CurlHttpClient [140210079085632] Curl returned error code 28 - Timeout was reached
[DEBUG] 2024-03-12 02:17:07.637 CurlHandleContainer [140210079085632] Destroy curl handle: 0x55f85a508070
[DEBUG] 2024-03-12 02:17:07.637 CurlHandleContainer [140210079085632] Created replacement handle and released to pool: 0x55f85a508070
[ERROR] 2024-03-12 02:17:07.637 EC2MetadataClient [140210079085632] Http request to retrieve credentials failed
[ERROR] 2024-03-12 02:17:07.637 EC2MetadataClient [140210079085632] Can not retrieve resource from http://169.254.169.254/latest/api/token
[DEBUG] 2024-03-12 02:17:07.637 CurlHandleContainer [140210079085632] Attempting to acquire curl connection.
[DEBUG] 2024-03-12 02:17:07.637 CurlHandleContainer [140210079085632] Connection has been released. Continuing.
[DEBUG] 2024-03-12 02:17:07.637 CurlHandleContainer [140210079085632] Returning connection handle 0x55f85a508070
[DEBUG] 2024-03-12 02:17:07.637 CurlHttpClient [140210079085632] Obtained connection handle 0x55f85a508070
[DEBUG] 2024-03-12 02:17:07.637 CURL [140210079085632] (Text)   Trying 169.254.169.254:80...

[DEBUG] 2024-03-12 02:17:08.638 CURL [140210079085632] (Text) After 1000ms connect time, move on!

[DEBUG] 2024-03-12 02:17:08.638 CURL [140210079085632] (Text) connect to 169.254.169.254 port 80 failed: Connection timed out

[DEBUG] 2024-03-12 02:17:08.638 CURL [140210079085632] (Text) Connection timeout after 1001 ms

[DEBUG] 2024-03-12 02:17:08.638 CURL [140210079085632] (Text) Closing connection 0

[ERROR] 2024-03-12 02:17:08.638 CurlHttpClient [140210079085632] Curl returned error code 28 - Timeout was reached
[DEBUG] 2024-03-12 02:17:08.638 CurlHandleContainer [140210079085632] Destroy curl handle: 0x55f85a508070
[DEBUG] 2024-03-12 02:17:08.638 CurlHandleContainer [140210079085632] Created replacement handle and released to pool: 0x55f85a508070
[ERROR] 2024-03-12 02:17:08.638 EC2MetadataClient [140210079085632] Http request to retrieve credentials failed
[WARN] 2024-03-12 02:17:08.638 EC2MetadataClient [140210079085632] Request failed, now waiting 0 ms before attempting again.
[DEBUG] 2024-03-12 02:17:08.639 CurlHandleContainer [140210079085632] Attempting to acquire curl connection.
[DEBUG] 2024-03-12 02:17:08.639 CurlHandleContainer [140210079085632] Connection has been released. Continuing.
[DEBUG] 2024-03-12 02:17:08.639 CurlHandleContainer [140210079085632] Returning connection handle 0x55f85a508070
[DEBUG] 2024-03-12 02:17:08.639 CurlHttpClient [140210079085632] Obtained connection handle 0x55f85a508070
[DEBUG] 2024-03-12 02:17:08.639 CURL [140210079085632] (Text)   Trying 169.254.169.254:80...

[DEBUG] 2024-03-12 02:17:09.640 CURL [140210079085632] (Text) After 1000ms connect time, move on!

[DEBUG] 2024-03-12 02:17:09.640 CURL [140210079085632] (Text) connect to 169.254.169.254 port 80 failed: Connection timed out

[DEBUG] 2024-03-12 02:17:09.640 CURL [140210079085632] (Text) Connection timeout after 1001 ms

[DEBUG] 2024-03-12 02:17:09.640 CURL [140210079085632] (Text) Closing connection 0

[ERROR] 2024-03-12 02:17:09.640 CurlHttpClient [140210079085632] Curl returned error code 28 - Timeout was reached
[INFO] 2024-03-12 02:21:44.410 Aws_Init_Cleanup [140348689286208] Initiate AWS SDK for C++ with Version:1.11.282
[DEBUG] 2024-03-12 02:21:44.410 FileSystemUtils [140348689286208] Environment value for variable HOME is /home/vcm
[DEBUG] 2024-03-12 02:21:44.410 FileSystemUtils [140348689286208] Home directory is missing the final / appending one to normalize
[DEBUG] 2024-03-12 02:21:44.410 FileSystemUtils [140348689286208] Final Home Directory is /home/vcm/
[INFO] 2024-03-12 02:21:44.410 Aws::Config::AWSConfigFileProfileConfigLoader [140348689286208] Initializing config loader against fileName /home/vcm/.aws/credentials and using profilePrefix = 0
[DEBUG] 2024-03-12 02:21:44.410 FileSystemUtils [140348689286208] Environment value for variable HOME is /home/vcm
[DEBUG] 2024-03-12 02:21:44.410 FileSystemUtils [140348689286208] Home directory is missing the final / appending one to normalize
[DEBUG] 2024-03-12 02:21:44.410 FileSystemUtils [140348689286208] Final Home Directory is /home/vcm/
[INFO] 2024-03-12 02:21:44.410 Aws::Config::AWSConfigFileProfileConfigLoader [140348689286208] Initializing config loader against fileName /home/vcm/.aws/config and using profilePrefix = 1
[DEBUG] 2024-03-12 02:21:44.410 FileSystemUtils [140348689286208] Environment value for variable HOME is /home/vcm
[DEBUG] 2024-03-12 02:21:44.410 FileSystemUtils [140348689286208] Home directory is missing the final / appending one to normalize
[DEBUG] 2024-03-12 02:21:44.410 FileSystemUtils [140348689286208] Final Home Directory is /home/vcm/
[INFO] 2024-03-12 02:21:44.416 Aws::Config::ConfigFileProfileFSM [140348689286208] Unknown property: aws_access_key_id in the profile: default
[INFO] 2024-03-12 02:21:44.416 Aws::Config::ConfigFileProfileFSM [140348689286208] Unknown property: aws_secret_access_key in the profile: default
[DEBUG] 2024-03-12 02:21:44.416 Aws::Config::ConfigFileProfileFSM [140348689286208] found access key AKIAXYKJVWUMV5VJDJWU
[INFO] 2024-03-12 02:21:44.416 Aws::Config::AWSProfileConfigLoaderBase [140348689286208] Successfully reloaded configuration.
[DEBUG] 2024-03-12 02:21:44.416 FileSystemUtils [140348689286208] Environment value for variable HOME is /home/vcm
[DEBUG] 2024-03-12 02:21:44.416 FileSystemUtils [140348689286208] Home directory is missing the final / appending one to normalize
[DEBUG] 2024-03-12 02:21:44.416 FileSystemUtils [140348689286208] Final Home Directory is /home/vcm/
[INFO] 2024-03-12 02:21:44.416 Aws::Config::AWSConfigFileProfileConfigLoader [140348689286208] Unable to open config file /home/vcm/.aws/config for reading.
[INFO] 2024-03-12 02:21:44.416 Aws::Config::AWSProfileConfigLoaderBase [140348689286208] Failed to reload configuration.
[INFO] 2024-03-12 02:21:44.416 event-loop [140348689286208] id=0x56108e846920: Initializing edge-triggered epoll
[INFO] 2024-03-12 02:21:44.416 event-loop [140348689286208] id=0x56108e846920: Using eventfd for cross-thread notifications.
[INFO] 2024-03-12 02:21:44.416 event-loop [140348689286208] id=0x56108e846920: Starting event-loop thread.
[INFO] 2024-03-12 02:21:44.416 event-loop [140348689286208] id=0x56108e7be0a0: Initializing edge-triggered epoll
[INFO] 2024-03-12 02:21:44.416 event-loop [140348689286208] id=0x56108e7be0a0: Using eventfd for cross-thread notifications.
[INFO] 2024-03-12 02:21:44.416 event-loop [140348689286208] id=0x56108e7be0a0: Starting event-loop thread.
[INFO] 2024-03-12 02:21:44.416 event-loop [140348680824384] id=0x56108e846920: main loop started
[INFO] 2024-03-12 02:21:44.416 dns [140348689286208] id=0x56108e84ac30: Initializing default host resolver with 8 max host entries.
[INFO] 2024-03-12 02:21:44.417 event-loop [140348680824384] id=0x56108e846920: default timeout 100000, and max events to process per tick 100
[INFO] 2024-03-12 02:21:44.417 event-loop [140348592485952] id=0x56108e7be0a0: main loop started
[INFO] 2024-03-12 02:21:44.417 event-loop [140348592485952] id=0x56108e7be0a0: default timeout 100000, and max events to process per tick 100
[INFO] 2024-03-12 02:21:44.417 channel-bootstrap [140348689286208] id=0x56108e84afa0: Initializing client bootstrap with event-loop group 0x56108e84b7d0
[DEBUG] 2024-03-12 02:21:44.457 HttpClientFactory [140348689286208] Initializing Http Static State
[DEBUG] 2024-03-12 02:21:44.457 HttpClientFactory [140348689286208] Initializing Curl Http Client
[INFO] 2024-03-12 02:21:44.459 CurlHttpClient [140348689286208] Initializing Curl library with version: 7.81.0, ssl version: OpenSSL/3.0.2
[INFO] 2024-03-12 02:21:44.459 EC2MetadataClient [140348689286208] Using IMDS endpoint: http://169.254.169.254
[DEBUG] 2024-03-12 02:21:44.460 ClientConfiguration [140348689286208] Request Compression enabled
[DEBUG] 2024-03-12 02:21:44.460 ClientConfiguration [140348689286208] ClientConfiguration will use MinReqCompression: 10240
[DEBUG] 2024-03-12 02:21:44.460 ClientConfiguration [140348689286208] ClientConfiguration will use SDK Auto Resolved profile: [default] if not specified by users.
[INFO] 2024-03-12 02:21:44.460 ClientConfiguration [140348689286208] Retry Strategy will use the default max attempts.
[INFO] 2024-03-12 02:21:44.460 EC2MetadataClient [140348689286208] Creating AWSHttpResourceClient with max connections 2 and scheme http
[INFO] 2024-03-12 02:21:44.460 CurlHandleContainer [140348689286208] Initializing CurlHandleContainer with size 2
[DEBUG] 2024-03-12 02:21:44.460 ClientConfiguration [140348689286208] Request Compression enabled
[DEBUG] 2024-03-12 02:21:44.460 ClientConfiguration [140348689286208] ClientConfiguration will use MinReqCompression: 10240
[DEBUG] 2024-03-12 02:21:44.460 ClientConfiguration [140348689286208] ClientConfiguration will use SDK Auto Resolved profile: [default] if not specified by users.
[INFO] 2024-03-12 02:21:44.460 ClientConfiguration [140348689286208] Retry Strategy will use the default max attempts.
[DEBUG] 2024-03-12 02:21:44.461 CurlHandleContainer [140348689286208] Attempting to acquire curl connection.
[DEBUG] 2024-03-12 02:21:44.461 CurlHandleContainer [140348689286208] No current connections available in pool. Attempting to create new connections.
[DEBUG] 2024-03-12 02:21:44.461 CurlHandleContainer [140348689286208] attempting to grow pool size by 2
[INFO] 2024-03-12 02:21:44.461 CurlHandleContainer [140348689286208] Pool grown by 2
[DEBUG] 2024-03-12 02:21:44.462 CurlHandleContainer [140348689286208] Connection has been released. Continuing.
[DEBUG] 2024-03-12 02:21:44.462 CurlHandleContainer [140348689286208] Returning connection handle 0x56108e9407b0
[DEBUG] 2024-03-12 02:21:44.462 CurlHttpClient [140348689286208] Obtained connection handle 0x56108e9407b0
[DEBUG] 2024-03-12 02:21:44.462 CURL [140348689286208] (Text)   Trying 169.254.169.254:80...

[DEBUG] 2024-03-12 02:21:45.462 CURL [140348689286208] (Text) After 1000ms connect time, move on!

[DEBUG] 2024-03-12 02:21:45.462 CURL [140348689286208] (Text) connect to 169.254.169.254 port 80 failed: Connection timed out

[DEBUG] 2024-03-12 02:21:45.462 CURL [140348689286208] (Text) Connection timeout after 1000 ms

[DEBUG] 2024-03-12 02:21:45.462 CURL [140348689286208] (Text) Closing connection 0

[ERROR] 2024-03-12 02:21:45.462 CurlHttpClient [140348689286208] Curl returned error code 28 - Timeout was reached
[DEBUG] 2024-03-12 02:21:45.462 CurlHandleContainer [140348689286208] Destroy curl handle: 0x56108e9407b0
[DEBUG] 2024-03-12 02:21:45.462 CurlHandleContainer [140348689286208] Created replacement handle and released to pool: 0x56108e942070
[ERROR] 2024-03-12 02:21:45.462 EC2MetadataClient [140348689286208] Http request to retrieve credentials failed
[WARN] 2024-03-12 02:21:45.462 EC2MetadataClient [140348689286208] Request failed, now waiting 0 ms before attempting again.
[DEBUG] 2024-03-12 02:21:45.462 CurlHandleContainer [140348689286208] Attempting to acquire curl connection.
[DEBUG] 2024-03-12 02:21:45.462 CurlHandleContainer [140348689286208] Connection has been released. Continuing.
[DEBUG] 2024-03-12 02:21:45.462 CurlHandleContainer [140348689286208] Returning connection handle 0x56108e942070
[DEBUG] 2024-03-12 02:21:45.462 CurlHttpClient [140348689286208] Obtained connection handle 0x56108e942070
[DEBUG] 2024-03-12 02:21:45.462 CURL [140348689286208] (Text)   Trying 169.254.169.254:80...

[DEBUG] 2024-03-12 02:21:46.463 CURL [140348689286208] (Text) After 1000ms connect time, move on!

[DEBUG] 2024-03-12 02:21:46.463 CURL [140348689286208] (Text) connect to 169.254.169.254 port 80 failed: Connection timed out

[DEBUG] 2024-03-12 02:21:46.463 CURL [140348689286208] (Text) Connection timeout after 1000 ms

[DEBUG] 2024-03-12 02:21:46.463 CURL [140348689286208] (Text) Closing connection 0

[ERROR] 2024-03-12 02:21:46.463 CurlHttpClient [140348689286208] Curl returned error code 28 - Timeout was reached
[DEBUG] 2024-03-12 02:21:46.463 CurlHandleContainer [140348689286208] Destroy curl handle: 0x56108e942070
[DEBUG] 2024-03-12 02:21:46.463 CurlHandleContainer [140348689286208] Created replacement handle and released to pool: 0x56108e942070
[ERROR] 2024-03-12 02:21:46.463 EC2MetadataClient [140348689286208] Http request to retrieve credentials failed
[ERROR] 2024-03-12 02:21:46.463 EC2MetadataClient [140348689286208] Can not retrieve resource from http://169.254.169.254/latest/api/token
[DEBUG] 2024-03-12 02:21:46.464 CurlHandleContainer [140348689286208] Attempting to acquire curl connection.
[DEBUG] 2024-03-12 02:21:46.464 CurlHandleContainer [140348689286208] Connection has been released. Continuing.
[DEBUG] 2024-03-12 02:21:46.464 CurlHandleContainer [140348689286208] Returning connection handle 0x56108e942070
[DEBUG] 2024-03-12 02:21:46.464 CurlHttpClient [140348689286208] Obtained connection handle 0x56108e942070
[DEBUG] 2024-03-12 02:21:46.464 CURL [140348689286208] (Text)   Trying 169.254.169.254:80...

[DEBUG] 2024-03-12 02:21:47.464 CURL [140348689286208] (Text) After 1000ms connect time, move on!

[DEBUG] 2024-03-12 02:21:47.464 CURL [140348689286208] (Text) connect to 169.254.169.254 port 80 failed: Connection timed out

[DEBUG] 2024-03-12 02:21:47.464 CURL [140348689286208] (Text) Connection timeout after 1000 ms

[DEBUG] 2024-03-12 02:21:47.464 CURL [140348689286208] (Text) Closing connection 0

[ERROR] 2024-03-12 02:21:47.464 CurlHttpClient [140348689286208] Curl returned error code 28 - Timeout was reached
[DEBUG] 2024-03-12 02:21:47.464 CurlHandleContainer [140348689286208] Destroy curl handle: 0x56108e942070
[DEBUG] 2024-03-12 02:21:47.464 CurlHandleContainer [140348689286208] Created replacement handle and released to pool: 0x56108e942070
[ERROR] 2024-03-12 02:21:47.465 EC2MetadataClient [140348689286208] Http request to retrieve credentials failed
[WARN] 2024-03-12 02:21:47.465 EC2MetadataClient [140348689286208] Request failed, now waiting 0 ms before attempting again.
[DEBUG] 2024-03-12 02:21:47.465 CurlHandleContainer [140348689286208] Attempting to acquire curl connection.
[DEBUG] 2024-03-12 02:21:47.465 CurlHandleContainer [140348689286208] Connection has been released. Continuing.
[DEBUG] 2024-03-12 02:21:47.465 CurlHandleContainer [140348689286208] Returning connection handle 0x56108e942070
[DEBUG] 2024-03-12 02:21:47.465 CurlHttpClient [140348689286208] Obtained connection handle 0x56108e942070
[DEBUG] 2024-03-12 02:21:47.465 CURL [140348689286208] (Text)   Trying 169.254.169.254:80...

[DEBUG] 2024-03-12 02:21:48.465 CURL [140348689286208] (Text) After 1000ms connect time, move on!

[DEBUG] 2024-03-12 02:21:48.465 CURL [140348689286208] (Text) connect to 169.254.169.254 port 80 failed: Connection timed out

[DEBUG] 2024-03-12 02:21:48.465 CURL [140348689286208] (Text) Connection timeout after 1000 ms

[DEBUG] 2024-03-12 02:21:48.465 CURL [140348689286208] (Text) Closing connection 0

[ERROR] 2024-03-12 02:21:48.465 CurlHttpClient [140348689286208] Curl returned error code 28 - Timeout was reached
[DEBUG] 2024-03-12 02:21:48.466 CurlHandleContainer [140348689286208] Destroy curl handle: 0x56108e942070
[DEBUG] 2024-03-12 02:21:48.466 CurlHandleContainer [140348689286208] Created replacement handle and released to pool: 0x56108e942070
[ERROR] 2024-03-12 02:21:48.466 EC2MetadataClient [140348689286208] Http request to retrieve credentials failed
[ERROR] 2024-03-12 02:21:48.466 EC2MetadataClient [140348689286208] Can not retrieve resource from http://169.254.169.254/latest/meta-data/iam/security-credentials
[DEBUG] 2024-03-12 02:21:48.466 CurlHandleContainer [140348689286208] Attempting to acquire curl connection.
[DEBUG] 2024-03-12 02:21:48.466 CurlHandleContainer [140348689286208] Connection has been released. Continuing.
[DEBUG] 2024-03-12 02:21:48.466 CurlHandleContainer [140348689286208] Returning connection handle 0x56108e942070
[DEBUG] 2024-03-12 02:21:48.466 CurlHttpClient [140348689286208] Obtained connection handle 0x56108e942070
[DEBUG] 2024-03-12 02:21:48.466 CURL [140348689286208] (Text)   Trying 169.254.169.254:80...

[INFO] 2024-03-12 02:24:12.952 Aws_Init_Cleanup [140042884445248] Initiate AWS SDK for C++ with Version:1.11.282
[DEBUG] 2024-03-12 02:24:12.952 FileSystemUtils [140042884445248] Environment value for variable HOME is /home/vcm
[DEBUG] 2024-03-12 02:24:12.952 FileSystemUtils [140042884445248] Home directory is missing the final / appending one to normalize
[DEBUG] 2024-03-12 02:24:12.952 FileSystemUtils [140042884445248] Final Home Directory is /home/vcm/
[INFO] 2024-03-12 02:24:12.952 Aws::Config::AWSConfigFileProfileConfigLoader [140042884445248] Initializing config loader against fileName /home/vcm/.aws/credentials and using profilePrefix = 0
[DEBUG] 2024-03-12 02:24:12.952 FileSystemUtils [140042884445248] Environment value for variable HOME is /home/vcm
[DEBUG] 2024-03-12 02:24:12.952 FileSystemUtils [140042884445248] Home directory is missing the final / appending one to normalize
[DEBUG] 2024-03-12 02:24:12.952 FileSystemUtils [140042884445248] Final Home Directory is /home/vcm/
[INFO] 2024-03-12 02:24:12.952 Aws::Config::AWSConfigFileProfileConfigLoader [140042884445248] Initializing config loader against fileName /home/vcm/.aws/config and using profilePrefix = 1
[DEBUG] 2024-03-12 02:24:12.952 FileSystemUtils [140042884445248] Environment value for variable HOME is /home/vcm
[DEBUG] 2024-03-12 02:24:12.952 FileSystemUtils [140042884445248] Home directory is missing the final / appending one to normalize
[DEBUG] 2024-03-12 02:24:12.952 FileSystemUtils [140042884445248] Final Home Directory is /home/vcm/
[INFO] 2024-03-12 02:24:12.952 Aws::Config::ConfigFileProfileFSM [140042884445248] Unknown property: aws_access_key_id in the profile: default
[INFO] 2024-03-12 02:24:12.952 Aws::Config::ConfigFileProfileFSM [140042884445248] Unknown property: aws_secret_access_key in the profile: default
[DEBUG] 2024-03-12 02:24:12.952 Aws::Config::ConfigFileProfileFSM [140042884445248] found access key AKIAXYKJVWUMV5VJDJWU
[INFO] 2024-03-12 02:24:12.952 Aws::Config::AWSProfileConfigLoaderBase [140042884445248] Successfully reloaded configuration.
[DEBUG] 2024-03-12 02:24:12.952 FileSystemUtils [140042884445248] Environment value for variable HOME is /home/vcm
[DEBUG] 2024-03-12 02:24:12.952 FileSystemUtils [140042884445248] Home directory is missing the final / appending one to normalize
[DEBUG] 2024-03-12 02:24:12.952 FileSystemUtils [140042884445248] Final Home Directory is /home/vcm/
[INFO] 2024-03-12 02:24:12.952 Aws::Config::AWSConfigFileProfileConfigLoader [140042884445248] Unable to open config file /home/vcm/.aws/config for reading.
[INFO] 2024-03-12 02:24:12.952 Aws::Config::AWSProfileConfigLoaderBase [140042884445248] Failed to reload configuration.
[INFO] 2024-03-12 02:24:12.952 event-loop [140042884445248] id=0x55b5a2050920: Initializing edge-triggered epoll
[INFO] 2024-03-12 02:24:12.952 event-loop [140042884445248] id=0x55b5a2050920: Using eventfd for cross-thread notifications.
[INFO] 2024-03-12 02:24:12.952 event-loop [140042884445248] id=0x55b5a2050920: Starting event-loop thread.
[INFO] 2024-03-12 02:24:12.952 event-loop [140042884445248] id=0x55b5a1fc80a0: Initializing edge-triggered epoll
[INFO] 2024-03-12 02:24:12.952 event-loop [140042884445248] id=0x55b5a1fc80a0: Using eventfd for cross-thread notifications.
[INFO] 2024-03-12 02:24:12.952 event-loop [140042884445248] id=0x55b5a1fc80a0: Starting event-loop thread.
[INFO] 2024-03-12 02:24:12.952 dns [140042884445248] id=0x55b5a2054c30: Initializing default host resolver with 8 max host entries.
[INFO] 2024-03-12 02:24:12.952 event-loop [140042867590720] id=0x55b5a1fc80a0: main loop started
[INFO] 2024-03-12 02:24:12.952 event-loop [140042867590720] id=0x55b5a1fc80a0: default timeout 100000, and max events to process per tick 100
[INFO] 2024-03-12 02:24:12.952 event-loop [140042875983424] id=0x55b5a2050920: main loop started
[INFO] 2024-03-12 02:24:12.953 event-loop [140042875983424] id=0x55b5a2050920: default timeout 100000, and max events to process per tick 100
[INFO] 2024-03-12 02:24:12.953 channel-bootstrap [140042884445248] id=0x55b5a2054fa0: Initializing client bootstrap with event-loop group 0x55b5a20557d0
[DEBUG] 2024-03-12 02:24:12.991 HttpClientFactory [140042884445248] Initializing Http Static State
[DEBUG] 2024-03-12 02:24:12.991 HttpClientFactory [140042884445248] Initializing Curl Http Client
[INFO] 2024-03-12 02:24:12.991 CurlHttpClient [140042884445248] Initializing Curl library with version: 7.81.0, ssl version: OpenSSL/3.0.2
[INFO] 2024-03-12 02:24:12.992 EC2MetadataClient [140042884445248] Using IMDS endpoint: http://169.254.169.254
[DEBUG] 2024-03-12 02:24:12.992 ClientConfiguration [140042884445248] Request Compression enabled
[DEBUG] 2024-03-12 02:24:12.992 ClientConfiguration [140042884445248] ClientConfiguration will use MinReqCompression: 10240
[DEBUG] 2024-03-12 02:24:12.992 ClientConfiguration [140042884445248] ClientConfiguration will use SDK Auto Resolved profile: [default] if not specified by users.
[INFO] 2024-03-12 02:24:12.992 ClientConfiguration [140042884445248] Retry Strategy will use the default max attempts.
[INFO] 2024-03-12 02:24:12.992 EC2MetadataClient [140042884445248] Creating AWSHttpResourceClient with max connections 2 and scheme http
[INFO] 2024-03-12 02:24:12.992 CurlHandleContainer [140042884445248] Initializing CurlHandleContainer with size 2
[DEBUG] 2024-03-12 02:24:12.992 ClientConfiguration [140042884445248] Request Compression enabled
[DEBUG] 2024-03-12 02:24:12.992 ClientConfiguration [140042884445248] ClientConfiguration will use MinReqCompression: 10240
[DEBUG] 2024-03-12 02:24:12.992 ClientConfiguration [140042884445248] ClientConfiguration will use SDK Auto Resolved profile: [default] if not specified by users.
[INFO] 2024-03-12 02:24:12.992 ClientConfiguration [140042884445248] Retry Strategy will use the default max attempts.
[DEBUG] 2024-03-12 02:24:12.992 CurlHandleContainer [140042884445248] Attempting to acquire curl connection.
[DEBUG] 2024-03-12 02:24:12.992 CurlHandleContainer [140042884445248] No current connections available in pool. Attempting to create new connections.
[DEBUG] 2024-03-12 02:24:12.992 CurlHandleContainer [140042884445248] attempting to grow pool size by 2
[INFO] 2024-03-12 02:24:12.993 CurlHandleContainer [140042884445248] Pool grown by 2
[DEBUG] 2024-03-12 02:24:12.993 CurlHandleContainer [140042884445248] Connection has been released. Continuing.
[DEBUG] 2024-03-12 02:24:12.993 CurlHandleContainer [140042884445248] Returning connection handle 0x55b5a214a7b0
[DEBUG] 2024-03-12 02:24:12.993 CurlHttpClient [140042884445248] Obtained connection handle 0x55b5a214a7b0
[DEBUG] 2024-03-12 02:24:12.993 CURL [140042884445248] (Text)   Trying 169.254.169.254:80...

[DEBUG] 2024-03-12 02:24:13.994 CURL [140042884445248] (Text) After 1000ms connect time, move on!

[DEBUG] 2024-03-12 02:24:13.994 CURL [140042884445248] (Text) connect to 169.254.169.254 port 80 failed: Connection timed out

[DEBUG] 2024-03-12 02:24:13.994 CURL [140042884445248] (Text) Connection timeout after 1001 ms

[DEBUG] 2024-03-12 02:24:13.994 CURL [140042884445248] (Text) Closing connection 0

[ERROR] 2024-03-12 02:24:13.994 CurlHttpClient [140042884445248] Curl returned error code 28 - Timeout was reached
[DEBUG] 2024-03-12 02:24:13.995 CurlHandleContainer [140042884445248] Destroy curl handle: 0x55b5a214a7b0
[DEBUG] 2024-03-12 02:24:13.995 CurlHandleContainer [140042884445248] Created replacement handle and released to pool: 0x55b5a214c070
[ERROR] 2024-03-12 02:24:13.995 EC2MetadataClient [140042884445248] Http request to retrieve credentials failed
[WARN] 2024-03-12 02:24:13.995 EC2MetadataClient [140042884445248] Request failed, now waiting 0 ms before attempting again.
[DEBUG] 2024-03-12 02:24:13.995 CurlHandleContainer [140042884445248] Attempting to acquire curl connection.
[DEBUG] 2024-03-12 02:24:13.995 CurlHandleContainer [140042884445248] Connection has been released. Continuing.
[DEBUG] 2024-03-12 02:24:13.995 CurlHandleContainer [140042884445248] Returning connection handle 0x55b5a214c070
[DEBUG] 2024-03-12 02:24:13.995 CurlHttpClient [140042884445248] Obtained connection handle 0x55b5a214c070
[DEBUG] 2024-03-12 02:24:13.995 CURL [140042884445248] (Text)   Trying 169.254.169.254:80...

[DEBUG] 2024-03-12 02:24:14.996 CURL [140042884445248] (Text) After 1000ms connect time, move on!

[DEBUG] 2024-03-12 02:24:14.996 CURL [140042884445248] (Text) connect to 169.254.169.254 port 80 failed: Connection timed out

[DEBUG] 2024-03-12 02:24:14.996 CURL [140042884445248] (Text) Connection timeout after 1000 ms

[DEBUG] 2024-03-12 02:24:14.996 CURL [140042884445248] (Text) Closing connection 0

[ERROR] 2024-03-12 02:24:14.996 CurlHttpClient [140042884445248] Curl returned error code 28 - Timeout was reached
[DEBUG] 2024-03-12 02:24:14.996 CurlHandleContainer [140042884445248] Destroy curl handle: 0x55b5a214c070
[DEBUG] 2024-03-12 02:24:14.996 CurlHandleContainer [140042884445248] Created replacement handle and released to pool: 0x55b5a214c070
[ERROR] 2024-03-12 02:24:14.996 EC2MetadataClient [140042884445248] Http request to retrieve credentials failed
[ERROR] 2024-03-12 02:24:14.996 EC2MetadataClient [140042884445248] Can not retrieve resource from http://169.254.169.254/latest/api/token
[DEBUG] 2024-03-12 02:24:14.996 CurlHandleContainer [140042884445248] Attempting to acquire curl connection.
[DEBUG] 2024-03-12 02:24:14.996 CurlHandleContainer [140042884445248] Connection has been released. Continuing.
[DEBUG] 2024-03-12 02:24:14.996 CurlHandleContainer [140042884445248] Returning connection handle 0x55b5a214c070
[DEBUG] 2024-03-12 02:24:14.996 CurlHttpClient [140042884445248] Obtained connection handle 0x55b5a214c070
[DEBUG] 2024-03-12 02:24:14.996 CURL [140042884445248] (Text)   Trying 169.254.169.254:80...

[DEBUG] 2024-03-12 02:24:15.997 CURL [140042884445248] (Text) After 1000ms connect time, move on!

[DEBUG] 2024-03-12 02:24:15.997 CURL [140042884445248] (Text) connect to 169.254.169.254 port 80 failed: Connection timed out

[DEBUG] 2024-03-12 02:24:15.997 CURL [140042884445248] (Text) Connection timeout after 1001 ms

[DEBUG] 2024-03-12 02:24:15.998 CURL [140042884445248] (Text) Closing connection 0

[ERROR] 2024-03-12 02:24:15.998 CurlHttpClient [140042884445248] Curl returned error code 28 - Timeout was reached
[DEBUG] 2024-03-12 02:24:15.998 CurlHandleContainer [140042884445248] Destroy curl handle: 0x55b5a214c070
[DEBUG] 2024-03-12 02:24:15.998 CurlHandleContainer [140042884445248] Created replacement handle and released to pool: 0x55b5a214c070
[ERROR] 2024-03-12 02:24:15.998 EC2MetadataClient [140042884445248] Http request to retrieve credentials failed
[WARN] 2024-03-12 02:24:15.998 EC2MetadataClient [140042884445248] Request failed, now waiting 0 ms before attempting again.
[DEBUG] 2024-03-12 02:24:15.998 CurlHandleContainer [140042884445248] Attempting to acquire curl connection.
[DEBUG] 2024-03-12 02:24:15.998 CurlHandleContainer [140042884445248] Connection has been released. Continuing.
[DEBUG] 2024-03-12 02:24:15.998 CurlHandleContainer [140042884445248] Returning connection handle 0x55b5a214c070
[DEBUG] 2024-03-12 02:24:15.998 CurlHttpClient [140042884445248] Obtained connection handle 0x55b5a214c070
[DEBUG] 2024-03-12 02:24:15.998 CURL [140042884445248] (Text)   Trying 169.254.169.254:80...

[DEBUG] 2024-03-12 02:24:16.999 CURL [140042884445248] (Text) After 1000ms connect time, move on!

[DEBUG] 2024-03-12 02:24:16.999 CURL [140042884445248] (Text) connect to 169.254.169.254 port 80 failed: Connection timed out

[DEBUG] 2024-03-12 02:24:17.000 CURL [140042884445248] (Text) Connection timeout after 1001 ms

[DEBUG] 2024-03-12 02:24:17.000 CURL [140042884445248] (Text) Closing connection 0

[ERROR] 2024-03-12 02:24:17.000 CurlHttpClient [140042884445248] Curl returned error code 28 - Timeout was reached
[DEBUG] 2024-03-12 02:24:17.000 CurlHandleContainer [140042884445248] Destroy curl handle: 0x55b5a214c070
