
bb_init()
    conn:
    proto_major =  7
    proto_minor =  34
    async_read =  1
    max_write =  131072
    max_readahead =  131072
    capable = 00000ffb
    want = 00000010
    max_background =  0
    congestion_threshold =  0
    context:
    fuse = b88f2f40
    uid =  0
    gid =  0
    pid =  0
    private_data = b8828240
    logfile = b8893b00
    rootdir = /home/vcm/File-Scheduler/rootdir
    umask = 00000

bb_getattr(path="/.git", statbuf=0xdaadeea0)
    bb_fullpath:  rootdir = "/home/vcm/File-Scheduler/rootdir", path = "/.git", fpath = "/home/vcm/File-Scheduler/rootdir/.git"
    lstat returned -1
    ERROR lstat: No such file or directory
    si:
    st_dev =  0
    st_ino =  0
    st_mode = 0 0
    st_nlink =  0
    st_uid =  0
    st_gid =  0
    st_rdev =  0
    st_size =  0
    st_blksize =  0
    st_blocks =  0
    st_atime = 0x 00000000
    st_mtime = 0x 00000000
    st_ctime = 0x 00000000

bb_getattr(path="/.git", statbuf=0xdb2dfea0)
    bb_fullpath:  rootdir = "/home/vcm/File-Scheduler/rootdir", path = "/.git", fpath = "/home/vcm/File-Scheduler/rootdir/.git"
    lstat returned -1
    ERROR lstat: No such file or directory
    si:
    st_dev =  0
    st_ino =  0
    st_mode = 0 0
    st_nlink =  0
    st_uid =  0
    st_gid =  0
    st_rdev =  0
    st_size =  0
    st_blksize =  0
    st_blocks =  0
    st_atime = 0x 00000000
    st_mtime = 0x 00000000
    st_ctime = 0x 00000000

bb_opendir(path="/", fi=0xdaadee90)
    bb_fullpath:  rootdir = "/home/vcm/File-Scheduler/rootdir", path = "/", fpath = "/home/vcm/File-Scheduler/rootdir/"
    opendir returned 0x0x7faed4002930
    fi:
    flags = 0x 00018800
    fh_old = 0x 00000000
    writepage =  0
    direct_io =  0
    keep_cache =  0
    fh = 0x 00007faed4002930
    lock_owner = 0x 0000000000000000

bb_getattr(path="/", statbuf=0xdb2dfe70)
    bb_fullpath:  rootdir = "/home/vcm/File-Scheduler/rootdir", path = "/", fpath = "/home/vcm/File-Scheduler/rootdir/"
    lstat returned 0
    si:
    st_dev =  64769
    st_ino =  54755652
    st_mode = 0 40775
    st_nlink =  2
    st_uid =  990
    st_gid =  1001
    st_rdev =  0
    st_size =  71
    st_blksize =  4096
    st_blocks =  0
    st_atime = 0x 6608168e
    st_mtime = 0x 6608168d
    st_ctime = 0x 6608168d

bb_readdir(path="/", buf=0xd40028b0, filler=0xdddebac0, offset=0, fi=0xdaadee90)
    readdir returned 0x0x7faed4002960
calling filler with name .
calling filler with name ..
calling filler with name file3
calling filler with name file4
calling filler with name file5
calling filler with name file6
calling filler with name file8
[LOG]: /file1
[LOG]: /file2
[LOG]: /file7
cloud calling filler with name PÌ≠⁄Æ
cloud calling filler with name PÌ≠⁄Æ
cloud calling filler with name PÌ≠⁄Æ
[Cloud] PÌ≠⁄Æ 
[Cloud] PÌ≠⁄Æ 
[Cloud] PÌ≠⁄Æ 
    fi:
    flags = 0x 00000000
    fh_old = 0x 7faed4002930
    writepage =  0
    direct_io =  0
    keep_cache =  0
    fh = 0x 00007faed4002930
    lock_owner = 0x 0000000000000000

bb_getattr(path="/file3", statbuf=0xdb2dfea0)
    bb_fullpath:  rootdir = "/home/vcm/File-Scheduler/rootdir", path = "/file3", fpath = "/home/vcm/File-Scheduler/rootdir/file3"
    lstat returned 0
    si:
    st_dev =  64769
    st_ino =  54755663
    st_mode = 0 100664
    st_nlink =  1
    st_uid =  990
    st_gid =  1001
    st_rdev =  0
    st_size =  3
    st_blksize =  4096
    st_blocks =  8
    st_atime = 0x 66081636
    st_mtime = 0x 66081636
    st_ctime = 0x 66081636
[Debug] ¿Ï-€Æ
[Debug] ¿Ï-€Æ
[Debug] ¿Ï-€Æ

bb_getattr(path="/.gitignore", statbuf=0xdaadeea0)
    bb_fullpath:  rootdir = "/home/vcm/File-Scheduler/rootdir", path = "/.gitignore", fpath = "/home/vcm/File-Scheduler/rootdir/.gitignore"
    lstat returned -1
    ERROR lstat: No such file or directory
    si:
    st_dev =  0
    st_ino =  0
    st_mode = 0 0
    st_nlink =  0
    st_uid =  0
    st_gid =  0
    st_rdev =  0
    st_size =  0
    st_blksize =  0
    st_blocks =  0
    st_atime = 0x 00000000
    st_mtime = 0x 00000000
    st_ctime = 0x 00000000
[Debug] ¿‹≠⁄Æ
[Debug] ¿‹≠⁄Æ
[Debug] ¿‹≠⁄Æ

bb_getattr(path="/file4", statbuf=0xdb2dfea0)
    bb_fullpath:  rootdir = "/home/vcm/File-Scheduler/rootdir", path = "/file4", fpath = "/home/vcm/File-Scheduler/rootdir/file4"
    lstat returned 0
    si:
    st_dev =  64769
    st_ino =  54755654
    st_mode = 0 100664
    st_nlink =  1
    st_uid =  990
    st_gid =  1001
    st_rdev =  0
    st_size =  3
    st_blksize =  4096
    st_blocks =  8
    st_atime = 0x 66081649
    st_mtime = 0x 66081649
    st_ctime = 0x 66081649
[Debug] ¿Ï-€Æ
[Debug] ¿Ï-€Æ
[Debug] ¿Ï-€Æ

bb_getattr(path="/file5", statbuf=0xdaadeea0)
    bb_fullpath:  rootdir = "/home/vcm/File-Scheduler/rootdir", path = "/file5", fpath = "/home/vcm/File-Scheduler/rootdir/file5"
    lstat returned 0
    si:
    st_dev =  64769
    st_ino =  54755650
    st_mode = 0 100664
    st_nlink =  1
    st_uid =  990
    st_gid =  1001
    st_rdev =  0
    st_size =  2
    st_blksize =  4096
    st_blocks =  8
    st_atime = 0x 66081665
    st_mtime = 0x 66081665
    st_ctime = 0x 66081665
[Debug] ¿‹≠⁄Æ
[Debug] ¿‹≠⁄Æ
[Debug] ¿‹≠⁄Æ

bb_getattr(path="/file6", statbuf=0xdb2dfea0)
    bb_fullpath:  rootdir = "/home/vcm/File-Scheduler/rootdir", path = "/file6", fpath = "/home/vcm/File-Scheduler/rootdir/file6"
    lstat returned 0
    si:
    st_dev =  64769
    st_ino =  54755651
    st_mode = 0 100664
    st_nlink =  1
    st_uid =  990
    st_gid =  1001
    st_rdev =  0
    st_size =  2
    st_blksize =  4096
    st_blocks =  8
    st_atime = 0x 66081680
    st_mtime = 0x 66081680
    st_ctime = 0x 66081680
[Debug] ¿Ï-€Æ
[Debug] ¿Ï-€Æ
[Debug] ¿Ï-€Æ

bb_getattr(path="/file8", statbuf=0xdaadeea0)
    bb_fullpath:  rootdir = "/home/vcm/File-Scheduler/rootdir", path = "/file8", fpath = "/home/vcm/File-Scheduler/rootdir/file8"
    lstat returned 0
    si:
    st_dev =  64769
    st_ino =  54755657
    st_mode = 0 100664
    st_nlink =  1
    st_uid =  990
    st_gid =  1001
    st_rdev =  0
    st_size =  7
    st_blksize =  4096
    st_blocks =  8
    st_atime = 0x 6608168d
    st_mtime = 0x 6608168d
    st_ctime = 0x 6608168d
[Debug] ¿‹≠⁄Æ
[Debug] ¿‹≠⁄Æ
[Debug] ¿‹≠⁄Æ

bb_getattr(path="/file1", statbuf=0xdb2dfea0)
    bb_fullpath:  rootdir = "/home/vcm/File-Scheduler/rootdir", path = "/file1", fpath = "/home/vcm/File-Scheduler/rootdir/file1"
    lstat returned -1
    ERROR lstat: No such file or directory
    si:
    st_dev =  0
    st_ino =  0
    st_mode = 0 100777
    st_nlink =  1
    st_uid =  990
    st_gid =  1001
    st_rdev =  0
    st_size =  3
    st_blksize =  4096
    st_blocks =  0
    st_atime = 0x 66081666
    st_mtime = 0x 66081666
    st_ctime = 0x 66081666
[Debug] ¿Ï-€Æ
[Debug] ¿Ï-€Æ
[Debug] ¿Ï-€Æ

bb_getattr(path="/file2", statbuf=0xdaadeea0)
    bb_fullpath:  rootdir = "/home/vcm/File-Scheduler/rootdir", path = "/file2", fpath = "/home/vcm/File-Scheduler/rootdir/file2"
    lstat returned -1
    ERROR lstat: No such file or directory
    si:
    st_dev =  0
    st_ino =  0
    st_mode = 0 100777
    st_nlink =  1
    st_uid =  990
    st_gid =  1001
    st_rdev =  0
    st_size =  3
    st_blksize =  4096
    st_blocks =  0
    st_atime = 0x 6608168e
    st_mtime = 0x 6608168e
    st_ctime = 0x 6608168e
[Debug] ¿‹≠⁄Æ
[Debug] ¿‹≠⁄Æ
[Debug] ¿‹≠⁄Æ

bb_getattr(path="/file7", statbuf=0xdb2dfea0)
    bb_fullpath:  rootdir = "/home/vcm/File-Scheduler/rootdir", path = "/file7", fpath = "/home/vcm/File-Scheduler/rootdir/file7"
    lstat returned -1
    ERROR lstat: No such file or directory
    si:
    st_dev =  0
    st_ino =  0
    st_mode = 0 100777
    st_nlink =  1
    st_uid =  990
    st_gid =  1001
    st_rdev =  0
    st_size =  2
    st_blksize =  4096
    st_blocks =  0
    st_atime = 0x 66081659
    st_mtime = 0x 66081659
    st_ctime = 0x 66081659
[Debug] ¿Ï-€Æ
[Debug] ¿Ï-€Æ
[Debug] ¿Ï-€Æ

bb_releasedir(path="/", fi=0xdb2dfe90)
    fi:
    flags = 0x 00000000
    fh_old = 0x 7faed4002930
    writepage =  0
    direct_io =  0
    keep_cache =  0
    fh = 0x 00007faed4002930
    lock_owner = 0x 0000000000000000

bb_getattr(path="/.git", statbuf=0xdaadeea0)
    bb_fullpath:  rootdir = "/home/vcm/File-Scheduler/rootdir", path = "/.git", fpath = "/home/vcm/File-Scheduler/rootdir/.git"
    lstat returned -1
    ERROR lstat: No such file or directory
    si:
    st_dev =  0
    st_ino =  0
    st_mode = 0 0
    st_nlink =  0
    st_uid =  0
    st_gid =  0
    st_rdev =  0
    st_size =  0
    st_blksize =  0
    st_blocks =  0
    st_atime = 0x 00000000
    st_mtime = 0x 00000000
    st_ctime = 0x 00000000
[Debug] ¿‹≠⁄Æ
[Debug] ¿‹≠⁄Æ
[Debug] ¿‹≠⁄Æ

bb_getattr(path="/.git", statbuf=0xdb2dfea0)
    bb_fullpath:  rootdir = "/home/vcm/File-Scheduler/rootdir", path = "/.git", fpath = "/home/vcm/File-Scheduler/rootdir/.git"
    lstat returned -1
    ERROR lstat: No such file or directory
    si:
    st_dev =  0
    st_ino =  0
    st_mode = 0 0
    st_nlink =  0
    st_uid =  0
    st_gid =  0
    st_rdev =  0
    st_size =  0
    st_blksize =  0
    st_blocks =  0
    st_atime = 0x 00000000
    st_mtime = 0x 00000000
    st_ctime = 0x 00000000
[Debug] ¿Ï-€Æ
[Debug] ¿Ï-€Æ
[Debug] ¿Ï-€Æ

bb_opendir(path="/", fi=0xdaadee90)
    bb_fullpath:  rootdir = "/home/vcm/File-Scheduler/rootdir", path = "/", fpath = "/home/vcm/File-Scheduler/rootdir/"
    opendir returned 0x0x7faed4002930
    fi:
    flags = 0x 00018800
    fh_old = 0x 00000000
    writepage =  0
    direct_io =  0
    keep_cache =  0
    fh = 0x 00007faed4002930
    lock_owner = 0x 0000000000000000

bb_getattr(path="/", statbuf=0xdb2dfe70)
    bb_fullpath:  rootdir = "/home/vcm/File-Scheduler/rootdir", path = "/", fpath = "/home/vcm/File-Scheduler/rootdir/"
    lstat returned 0
    si:
    st_dev =  64769
    st_ino =  54755652
    st_mode = 0 40775
    st_nlink =  2
    st_uid =  990
    st_gid =  1001
    st_rdev =  0
    st_size =  71
    st_blksize =  4096
    st_blocks =  0
    st_atime = 0x 6608168e
    st_mtime = 0x 6608168d
    st_ctime = 0x 6608168d
[Debug] 
[Debug] 
[Debug] 

bb_readdir(path="/", buf=0xd4103490, filler=0xdddebac0, offset=0, fi=0xdaadee90)
    readdir returned 0x0x7faed4002960
calling filler with name .
calling filler with name ..
calling filler with name file3
calling filler with name file4
calling filler with name file5
calling filler with name file6
calling filler with name file8
[LOG]: /file1
[LOG]: /file2
[LOG]: /file7
cloud calling filler with name PÌ≠⁄Æ
cloud calling filler with name PÌ≠⁄Æ
cloud calling filler with name PÌ≠⁄Æ
[Cloud] PÌ≠⁄Æ 
[Cloud] PÌ≠⁄Æ 
[Cloud] PÌ≠⁄Æ 
    fi:
    flags = 0x 00000000
    fh_old = 0x 7faed4002930
    writepage =  0
    direct_io =  0
    keep_cache =  0
    fh = 0x 00007faed4002930
    lock_owner = 0x 0000000000000000

bb_getattr(path="/file3", statbuf=0xdb2dfea0)
    bb_fullpath:  rootdir = "/home/vcm/File-Scheduler/rootdir", path = "/file3", fpath = "/home/vcm/File-Scheduler/rootdir/file3"
    lstat returned 0
    si:
    st_dev =  64769
    st_ino =  54755663
    st_mode = 0 100664
    st_nlink =  1
    st_uid =  990
    st_gid =  1001
    st_rdev =  0
    st_size =  3
    st_blksize =  4096
    st_blocks =  8
    st_atime = 0x 66081636
    st_mtime = 0x 66081636
    st_ctime = 0x 66081636
[Debug] ¿Ï-€Æ
[Debug] ¿Ï-€Æ
[Debug] ¿Ï-€Æ

bb_getattr(path="/.gitignore", statbuf=0xdaadeea0)
    bb_fullpath:  rootdir = "/home/vcm/File-Scheduler/rootdir", path = "/.gitignore", fpath = "/home/vcm/File-Scheduler/rootdir/.gitignore"
    lstat returned -1
    ERROR lstat: No such file or directory
    si:
    st_dev =  0
    st_ino =  0
    st_mode = 0 0
    st_nlink =  0
    st_uid =  0
    st_gid =  0
    st_rdev =  0
    st_size =  0
    st_blksize =  0
    st_blocks =  0
    st_atime = 0x 00000000
    st_mtime = 0x 00000000
    st_ctime = 0x 00000000
[Debug] ¿‹≠⁄Æ
[Debug] ¿‹≠⁄Æ
[Debug] ¿‹≠⁄Æ

bb_getattr(path="/file4", statbuf=0xdb2dfea0)
    bb_fullpath:  rootdir = "/home/vcm/File-Scheduler/rootdir", path = "/file4", fpath = "/home/vcm/File-Scheduler/rootdir/file4"
    lstat returned 0
    si:
    st_dev =  64769
    st_ino =  54755654
    st_mode = 0 100664
    st_nlink =  1
    st_uid =  990
    st_gid =  1001
    st_rdev =  0
    st_size =  3
    st_blksize =  4096
    st_blocks =  8
    st_atime = 0x 66081649
    st_mtime = 0x 66081649
    st_ctime = 0x 66081649
[Debug] ¿Ï-€Æ
[Debug] ¿Ï-€Æ
[Debug] ¿Ï-€Æ

bb_getattr(path="/file5", statbuf=0xdaadeea0)
    bb_fullpath:  rootdir = "/home/vcm/File-Scheduler/rootdir", path = "/file5", fpath = "/home/vcm/File-Scheduler/rootdir/file5"
    lstat returned 0
    si:
    st_dev =  64769
    st_ino =  54755650
    st_mode = 0 100664
    st_nlink =  1
    st_uid =  990
    st_gid =  1001
    st_rdev =  0
    st_size =  2
    st_blksize =  4096
    st_blocks =  8
    st_atime = 0x 66081665
    st_mtime = 0x 66081665
    st_ctime = 0x 66081665
[Debug] ¿‹≠⁄Æ
[Debug] ¿‹≠⁄Æ
[Debug] ¿‹≠⁄Æ

bb_getattr(path="/file6", statbuf=0xdb2dfea0)
    bb_fullpath:  rootdir = "/home/vcm/File-Scheduler/rootdir", path = "/file6", fpath = "/home/vcm/File-Scheduler/rootdir/file6"
    lstat returned 0
    si:
    st_dev =  64769
    st_ino =  54755651
    st_mode = 0 100664
    st_nlink =  1
    st_uid =  990
    st_gid =  1001
    st_rdev =  0
    st_size =  2
    st_blksize =  4096
    st_blocks =  8
    st_atime = 0x 66081680
    st_mtime = 0x 66081680
    st_ctime = 0x 66081680
[Debug] ¿Ï-€Æ
[Debug] ¿Ï-€Æ
[Debug] ¿Ï-€Æ

bb_getattr(path="/file8", statbuf=0xdaadeea0)
    bb_fullpath:  rootdir = "/home/vcm/File-Scheduler/rootdir", path = "/file8", fpath = "/home/vcm/File-Scheduler/rootdir/file8"
    lstat returned 0
    si:
    st_dev =  64769
    st_ino =  54755657
    st_mode = 0 100664
    st_nlink =  1
    st_uid =  990
    st_gid =  1001
    st_rdev =  0
    st_size =  7
    st_blksize =  4096
    st_blocks =  8
    st_atime = 0x 6608168d
    st_mtime = 0x 6608168d
    st_ctime = 0x 6608168d
[Debug] ¿‹≠⁄Æ
[Debug] ¿‹≠⁄Æ
[Debug] ¿‹≠⁄Æ

bb_getattr(path="/file1", statbuf=0xdb2dfea0)
    bb_fullpath:  rootdir = "/home/vcm/File-Scheduler/rootdir", path = "/file1", fpath = "/home/vcm/File-Scheduler/rootdir/file1"
    lstat returned -1
    ERROR lstat: No such file or directory
    si:
    st_dev =  0
    st_ino =  0
    st_mode = 0 100777
    st_nlink =  1
    st_uid =  990
    st_gid =  1001
    st_rdev =  0
    st_size =  3
    st_blksize =  4096
    st_blocks =  0
    st_atime = 0x 66081666
    st_mtime = 0x 66081666
    st_ctime = 0x 66081666
[Debug] ¿Ï-€Æ
[Debug] ¿Ï-€Æ
[Debug] ¿Ï-€Æ

bb_getattr(path="/file2", statbuf=0xdaadeea0)
    bb_fullpath:  rootdir = "/home/vcm/File-Scheduler/rootdir", path = "/file2", fpath = "/home/vcm/File-Scheduler/rootdir/file2"
    lstat returned -1
    ERROR lstat: No such file or directory
    si:
    st_dev =  0
    st_ino =  0
    st_mode = 0 100777
    st_nlink =  1
    st_uid =  990
    st_gid =  1001
    st_rdev =  0
    st_size =  3
    st_blksize =  4096
    st_blocks =  0
    st_atime = 0x 6608168e
    st_mtime = 0x 6608168e
    st_ctime = 0x 6608168e
[Debug] ¿‹≠⁄Æ
[Debug] ¿‹≠⁄Æ
[Debug] ¿‹≠⁄Æ

bb_getattr(path="/file7", statbuf=0xdb2dfea0)
    bb_fullpath:  rootdir = "/home/vcm/File-Scheduler/rootdir", path = "/file7", fpath = "/home/vcm/File-Scheduler/rootdir/file7"
    lstat returned -1
    ERROR lstat: No such file or directory
    si:
    st_dev =  0
    st_ino =  0
    st_mode = 0 100777
    st_nlink =  1
    st_uid =  990
    st_gid =  1001
    st_rdev =  0
    st_size =  2
    st_blksize =  4096
    st_blocks =  0
    st_atime = 0x 66081659
    st_mtime = 0x 66081659
    st_ctime = 0x 66081659
[Debug] ¿Ï-€Æ
[Debug] ¿Ï-€Æ
[Debug] ¿Ï-€Æ

bb_releasedir(path="/", fi=0xdb2dfe90)
    fi:
    flags = 0x 00000000
    fh_old = 0x 7faed4002930
    writepage =  0
    direct_io =  0
    keep_cache =  0
    fh = 0x 00007faed4002930
    lock_owner = 0x 0000000000000000

bb_getattr(path="/", statbuf=0xdaadee70)
    bb_fullpath:  rootdir = "/home/vcm/File-Scheduler/rootdir", path = "/", fpath = "/home/vcm/File-Scheduler/rootdir/"
    lstat returned 0
    si:
    st_dev =  64769
    st_ino =  54755652
    st_mode = 0 40775
    st_nlink =  2
    st_uid =  990
    st_gid =  1001
    st_rdev =  0
    st_size =  71
    st_blksize =  4096
    st_blocks =  0
    st_atime = 0x 6608168e
    st_mtime = 0x 6608168d
    st_ctime = 0x 6608168d
[Debug] 
[Debug] 
[Debug] 

bb_access(path="/", mask=01)
    bb_fullpath:  rootdir = "/home/vcm/File-Scheduler/rootdir", path = "/", fpath = "/home/vcm/File-Scheduler/rootdir/"

bb_opendir(path="/", fi=0xdaadee90)
    bb_fullpath:  rootdir = "/home/vcm/File-Scheduler/rootdir", path = "/", fpath = "/home/vcm/File-Scheduler/rootdir/"
    opendir returned 0x0x7faed4002930
    fi:
    flags = 0x 00018800
    fh_old = 0x 00000000
    writepage =  0
    direct_io =  0
    keep_cache =  0
    fh = 0x 00007faed4002930
    lock_owner = 0x 0000000000000000

bb_getattr(path="/", statbuf=0xdb2dfe70)
    bb_fullpath:  rootdir = "/home/vcm/File-Scheduler/rootdir", path = "/", fpath = "/home/vcm/File-Scheduler/rootdir/"
    lstat returned 0
    si:
    st_dev =  64769
    st_ino =  54755652
    st_mode = 0 40775
    st_nlink =  2
    st_uid =  990
    st_gid =  1001
    st_rdev =  0
    st_size =  71
    st_blksize =  4096
    st_blocks =  0
    st_atime = 0x 6608168e
    st_mtime = 0x 6608168d
    st_ctime = 0x 6608168d
[Debug] 
[Debug] 
[Debug] 

bb_readdir(path="/", buf=0xd4015b80, filler=0xdddebac0, offset=0, fi=0xdaadee90)
    readdir returned 0x0x7faed4002960
calling filler with name .
calling filler with name ..
calling filler with name file3
calling filler with name file4
calling filler with name file5
calling filler with name file6
calling filler with name file8
[LOG]: /file1
[LOG]: /file2
[LOG]: /file7
cloud calling filler with name PÌ≠⁄Æ
cloud calling filler with name PÌ≠⁄Æ
cloud calling filler with name PÌ≠⁄Æ
[Cloud] PÌ≠⁄Æ 
[Cloud] PÌ≠⁄Æ 
[Cloud] PÌ≠⁄Æ 
    fi:
    flags = 0x 00000000
    fh_old = 0x 7faed4002930
    writepage =  0
    direct_io =  0
    keep_cache =  0
    fh = 0x 00007faed4002930
    lock_owner = 0x 0000000000000000

bb_getattr(path="/file3", statbuf=0xdb2dfea0)
    bb_fullpath:  rootdir = "/home/vcm/File-Scheduler/rootdir", path = "/file3", fpath = "/home/vcm/File-Scheduler/rootdir/file3"
    lstat returned 0
    si:
    st_dev =  64769
    st_ino =  54755663
    st_mode = 0 100664
    st_nlink =  1
    st_uid =  990
    st_gid =  1001
    st_rdev =  0
    st_size =  3
    st_blksize =  4096
    st_blocks =  8
    st_atime = 0x 66081636
    st_mtime = 0x 66081636
    st_ctime = 0x 66081636
[Debug] ¿Ï-€Æ
[Debug] ¿Ï-€Æ
[Debug] ¿Ï-€Æ

bb_getattr(path="/file4", statbuf=0xdaadeea0)
    bb_fullpath:  rootdir = "/home/vcm/File-Scheduler/rootdir", path = "/file4", fpath = "/home/vcm/File-Scheduler/rootdir/file4"
    lstat returned 0
    si:
    st_dev =  64769
    st_ino =  54755654
    st_mode = 0 100664
    st_nlink =  1
    st_uid =  990
    st_gid =  1001
    st_rdev =  0
    st_size =  3
    st_blksize =  4096
    st_blocks =  8
    st_atime = 0x 66081649
    st_mtime = 0x 66081649
    st_ctime = 0x 66081649
[Debug] ¿‹≠⁄Æ
[Debug] ¿‹≠⁄Æ
[Debug] ¿‹≠⁄Æ

bb_getattr(path="/file5", statbuf=0xdb2dfea0)
    bb_fullpath:  rootdir = "/home/vcm/File-Scheduler/rootdir", path = "/file5", fpath = "/home/vcm/File-Scheduler/rootdir/file5"
    lstat returned 0
    si:
    st_dev =  64769
    st_ino =  54755650
    st_mode = 0 100664
    st_nlink =  1
    st_uid =  990
    st_gid =  1001
    st_rdev =  0
    st_size =  2
    st_blksize =  4096
    st_blocks =  8
    st_atime = 0x 66081665
    st_mtime = 0x 66081665
    st_ctime = 0x 66081665
[Debug] ¿Ï-€Æ
[Debug] ¿Ï-€Æ
[Debug] ¿Ï-€Æ

bb_getattr(path="/file6", statbuf=0xdaadeea0)
    bb_fullpath:  rootdir = "/home/vcm/File-Scheduler/rootdir", path = "/file6", fpath = "/home/vcm/File-Scheduler/rootdir/file6"
    lstat returned 0
    si:
    st_dev =  64769
    st_ino =  54755651
    st_mode = 0 100664
    st_nlink =  1
    st_uid =  990
    st_gid =  1001
    st_rdev =  0
    st_size =  2
    st_blksize =  4096
    st_blocks =  8
    st_atime = 0x 66081680
    st_mtime = 0x 66081680
    st_ctime = 0x 66081680
[Debug] ¿‹≠⁄Æ
[Debug] ¿‹≠⁄Æ
[Debug] ¿‹≠⁄Æ

bb_getattr(path="/file8", statbuf=0xdb2dfea0)
    bb_fullpath:  rootdir = "/home/vcm/File-Scheduler/rootdir", path = "/file8", fpath = "/home/vcm/File-Scheduler/rootdir/file8"
    lstat returned 0
    si:
    st_dev =  64769
    st_ino =  54755657
    st_mode = 0 100664
    st_nlink =  1
    st_uid =  990
    st_gid =  1001
    st_rdev =  0
    st_size =  7
    st_blksize =  4096
    st_blocks =  8
    st_atime = 0x 6608168d
    st_mtime = 0x 6608168d
    st_ctime = 0x 6608168d
[Debug] ¿Ï-€Æ
[Debug] ¿Ï-€Æ
[Debug] ¿Ï-€Æ

bb_getattr(path="/file1", statbuf=0xdaadeea0)
    bb_fullpath:  rootdir = "/home/vcm/File-Scheduler/rootdir", path = "/file1", fpath = "/home/vcm/File-Scheduler/rootdir/file1"
    lstat returned -1
    ERROR lstat: No such file or directory
    si:
    st_dev =  0
    st_ino =  0
    st_mode = 0 100777
    st_nlink =  1
    st_uid =  990
    st_gid =  1001
    st_rdev =  0
    st_size =  3
    st_blksize =  4096
    st_blocks =  0
    st_atime = 0x 66081666
    st_mtime = 0x 66081666
    st_ctime = 0x 66081666
[Debug] ¿‹≠⁄Æ
[Debug] ¿‹≠⁄Æ
[Debug] ¿‹≠⁄Æ

bb_getattr(path="/file2", statbuf=0xdb2dfea0)
    bb_fullpath:  rootdir = "/home/vcm/File-Scheduler/rootdir", path = "/file2", fpath = "/home/vcm/File-Scheduler/rootdir/file2"
    lstat returned -1
    ERROR lstat: No such file or directory
    si:
    st_dev =  0
    st_ino =  0
    st_mode = 0 100777
    st_nlink =  1
    st_uid =  990
    st_gid =  1001
    st_rdev =  0
    st_size =  3
    st_blksize =  4096
    st_blocks =  0
    st_atime = 0x 6608168e
    st_mtime = 0x 6608168e
    st_ctime = 0x 6608168e
[Debug] ¿Ï-€Æ
[Debug] ¿Ï-€Æ
[Debug] ¿Ï-€Æ

bb_getattr(path="/file7", statbuf=0xdaadeea0)
    bb_fullpath:  rootdir = "/home/vcm/File-Scheduler/rootdir", path = "/file7", fpath = "/home/vcm/File-Scheduler/rootdir/file7"
    lstat returned -1
    ERROR lstat: No such file or directory
    si:
    st_dev =  0
    st_ino =  0
    st_mode = 0 100777
    st_nlink =  1
    st_uid =  990
    st_gid =  1001
    st_rdev =  0
    st_size =  2
    st_blksize =  4096
    st_blocks =  0
    st_atime = 0x 66081659
    st_mtime = 0x 66081659
    st_ctime = 0x 66081659
[Debug] ¿‹≠⁄Æ
[Debug] ¿‹≠⁄Æ
[Debug] ¿‹≠⁄Æ

bb_releasedir(path="/", fi=0xdaadee90)
    fi:
    flags = 0x 00000000
    fh_old = 0x 7faed4002930
    writepage =  0
    direct_io =  0
    keep_cache =  0
    fh = 0x 00007faed4002930
    lock_owner = 0x 0000000000000000

bb_getattr(path="/.git", statbuf=0xdb2dfea0)
    bb_fullpath:  rootdir = "/home/vcm/File-Scheduler/rootdir", path = "/.git", fpath = "/home/vcm/File-Scheduler/rootdir/.git"
    lstat returned -1
    ERROR lstat: No such file or directory
    si:
    st_dev =  0
    st_ino =  0
    st_mode = 0 0
    st_nlink =  0
    st_uid =  0
    st_gid =  0
    st_rdev =  0
    st_size =  0
    st_blksize =  0
    st_blocks =  0
    st_atime = 0x 00000000
    st_mtime = 0x 00000000
    st_ctime = 0x 00000000
[Debug] ¿Ï-€Æ
[Debug] ¿Ï-€Æ
[Debug] ¿Ï-€Æ

bb_getattr(path="/.git", statbuf=0xdaadeea0)
    bb_fullpath:  rootdir = "/home/vcm/File-Scheduler/rootdir", path = "/.git", fpath = "/home/vcm/File-Scheduler/rootdir/.git"
    lstat returned -1
    ERROR lstat: No such file or directory
    si:
    st_dev =  0
    st_ino =  0
    st_mode = 0 0
    st_nlink =  0
    st_uid =  0
    st_gid =  0
    st_rdev =  0
    st_size =  0
    st_blksize =  0
    st_blocks =  0
    st_atime = 0x 00000000
    st_mtime = 0x 00000000
    st_ctime = 0x 00000000
[Debug] ¿‹≠⁄Æ
[Debug] ¿‹≠⁄Æ
[Debug] ¿‹≠⁄Æ

bb_opendir(path="/", fi=0xdb2dfe90)
    bb_fullpath:  rootdir = "/home/vcm/File-Scheduler/rootdir", path = "/", fpath = "/home/vcm/File-Scheduler/rootdir/"
    opendir returned 0x0x7faecc001ba0
    fi:
    flags = 0x 00018800
    fh_old = 0x 00000000
    writepage =  0
    direct_io =  0
    keep_cache =  0
    fh = 0x 00007faecc001ba0
    lock_owner = 0x 0000000000000000

bb_getattr(path="/", statbuf=0xdaadee70)
    bb_fullpath:  rootdir = "/home/vcm/File-Scheduler/rootdir", path = "/", fpath = "/home/vcm/File-Scheduler/rootdir/"
    lstat returned 0
    si:
    st_dev =  64769
    st_ino =  54755652
    st_mode = 0 40775
    st_nlink =  2
    st_uid =  990
    st_gid =  1001
    st_rdev =  0
    st_size =  71
    st_blksize =  4096
    st_blocks =  0
    st_atime = 0x 6608168e
    st_mtime = 0x 6608168d
    st_ctime = 0x 6608168d
[Debug] 
[Debug] 
[Debug] 

bb_readdir(path="/", buf=0xcc001b20, filler=0xdddebac0, offset=0, fi=0xdb2dfe90)
    readdir returned 0x0x7faecc001bd0
calling filler with name .
calling filler with name ..
calling filler with name file3
calling filler with name file4
calling filler with name file5
calling filler with name file6
calling filler with name file8
[LOG]: /file1
[LOG]: /file2
[LOG]: /file7
cloud calling filler with name P˝-€Æ
cloud calling filler with name P˝-€Æ
cloud calling filler with name P˝-€Æ
[Cloud] P˝-€Æ 
[Cloud] P˝-€Æ 
[Cloud] P˝-€Æ 
    fi:
    flags = 0x 00000000
    fh_old = 0x 7faecc001ba0
    writepage =  0
    direct_io =  0
    keep_cache =  0
    fh = 0x 00007faecc001ba0
    lock_owner = 0x 0000000000000000

bb_getattr(path="/file3", statbuf=0xdaadeea0)
    bb_fullpath:  rootdir = "/home/vcm/File-Scheduler/rootdir", path = "/file3", fpath = "/home/vcm/File-Scheduler/rootdir/file3"
    lstat returned 0
    si:
    st_dev =  64769
    st_ino =  54755663
    st_mode = 0 100664
    st_nlink =  1
    st_uid =  990
    st_gid =  1001
    st_rdev =  0
    st_size =  3
    st_blksize =  4096
    st_blocks =  8
    st_atime = 0x 66081636
    st_mtime = 0x 66081636
    st_ctime = 0x 66081636
[Debug] ¿‹≠⁄Æ
[Debug] ¿‹≠⁄Æ
[Debug] ¿‹≠⁄Æ

bb_getattr(path="/.gitignore", statbuf=0xdb2dfea0)
    bb_fullpath:  rootdir = "/home/vcm/File-Scheduler/rootdir", path = "/.gitignore", fpath = "/home/vcm/File-Scheduler/rootdir/.gitignore"
    lstat returned -1
    ERROR lstat: No such file or directory
    si:
    st_dev =  0
    st_ino =  0
    st_mode = 0 0
    st_nlink =  0
    st_uid =  0
    st_gid =  0
    st_rdev =  0
    st_size =  0
    st_blksize =  0
    st_blocks =  0
    st_atime = 0x 00000000
    st_mtime = 0x 00000000
    st_ctime = 0x 00000000
[Debug] ¿Ï-€Æ
[Debug] ¿Ï-€Æ
[Debug] ¿Ï-€Æ

bb_getattr(path="/file4", statbuf=0xdaadeea0)
    bb_fullpath:  rootdir = "/home/vcm/File-Scheduler/rootdir", path = "/file4", fpath = "/home/vcm/File-Scheduler/rootdir/file4"
    lstat returned 0
    si:
    st_dev =  64769
    st_ino =  54755654
    st_mode = 0 100664
    st_nlink =  1
    st_uid =  990
    st_gid =  1001
    st_rdev =  0
    st_size =  3
    st_blksize =  4096
    st_blocks =  8
    st_atime = 0x 66081649
    st_mtime = 0x 66081649
    st_ctime = 0x 66081649
[Debug] ¿‹≠⁄Æ
[Debug] ¿‹≠⁄Æ
[Debug] ¿‹≠⁄Æ

bb_getattr(path="/file5", statbuf=0xdb2dfea0)
    bb_fullpath:  rootdir = "/home/vcm/File-Scheduler/rootdir", path = "/file5", fpath = "/home/vcm/File-Scheduler/rootdir/file5"
    lstat returned 0
    si:
    st_dev =  64769
    st_ino =  54755650
    st_mode = 0 100664
    st_nlink =  1
    st_uid =  990
    st_gid =  1001
    st_rdev =  0
    st_size =  2
    st_blksize =  4096
    st_blocks =  8
    st_atime = 0x 66081665
    st_mtime = 0x 66081665
    st_ctime = 0x 66081665
[Debug] ¿Ï-€Æ
[Debug] ¿Ï-€Æ
[Debug] ¿Ï-€Æ

bb_getattr(path="/file6", statbuf=0xdaadeea0)
    bb_fullpath:  rootdir = "/home/vcm/File-Scheduler/rootdir", path = "/file6", fpath = "/home/vcm/File-Scheduler/rootdir/file6"
    lstat returned 0
    si:
    st_dev =  64769
    st_ino =  54755651
    st_mode = 0 100664
    st_nlink =  1
    st_uid =  990
    st_gid =  1001
    st_rdev =  0
    st_size =  2
    st_blksize =  4096
    st_blocks =  8
    st_atime = 0x 66081680
    st_mtime = 0x 66081680
    st_ctime = 0x 66081680
[Debug] ¿‹≠⁄Æ
[Debug] ¿‹≠⁄Æ
[Debug] ¿‹≠⁄Æ

bb_getattr(path="/file8", statbuf=0xdb2dfea0)
    bb_fullpath:  rootdir = "/home/vcm/File-Scheduler/rootdir", path = "/file8", fpath = "/home/vcm/File-Scheduler/rootdir/file8"
    lstat returned 0
    si:
    st_dev =  64769
    st_ino =  54755657
    st_mode = 0 100664
    st_nlink =  1
    st_uid =  990
    st_gid =  1001
    st_rdev =  0
    st_size =  7
    st_blksize =  4096
    st_blocks =  8
    st_atime = 0x 6608168d
    st_mtime = 0x 6608168d
    st_ctime = 0x 6608168d
[Debug] ¿Ï-€Æ
[Debug] ¿Ï-€Æ
[Debug] ¿Ï-€Æ

bb_getattr(path="/file1", statbuf=0xdaadeea0)
    bb_fullpath:  rootdir = "/home/vcm/File-Scheduler/rootdir", path = "/file1", fpath = "/home/vcm/File-Scheduler/rootdir/file1"
    lstat returned -1
    ERROR lstat: No such file or directory
    si:
    st_dev =  0
    st_ino =  0
    st_mode = 0 100777
    st_nlink =  1
    st_uid =  990
    st_gid =  1001
    st_rdev =  0
    st_size =  3
    st_blksize =  4096
    st_blocks =  0
    st_atime = 0x 66081666
    st_mtime = 0x 66081666
    st_ctime = 0x 66081666
[Debug] ¿‹≠⁄Æ
[Debug] ¿‹≠⁄Æ
[Debug] ¿‹≠⁄Æ

bb_getattr(path="/file2", statbuf=0xdb2dfea0)
    bb_fullpath:  rootdir = "/home/vcm/File-Scheduler/rootdir", path = "/file2", fpath = "/home/vcm/File-Scheduler/rootdir/file2"
    lstat returned -1
    ERROR lstat: No such file or directory
    si:
    st_dev =  0
    st_ino =  0
    st_mode = 0 100777
    st_nlink =  1
    st_uid =  990
    st_gid =  1001
    st_rdev =  0
    st_size =  3
    st_blksize =  4096
    st_blocks =  0
    st_atime = 0x 6608168e
    st_mtime = 0x 6608168e
    st_ctime = 0x 6608168e
[Debug] ¿Ï-€Æ
[Debug] ¿Ï-€Æ
[Debug] ¿Ï-€Æ

bb_getattr(path="/file7", statbuf=0xdaadeea0)
    bb_fullpath:  rootdir = "/home/vcm/File-Scheduler/rootdir", path = "/file7", fpath = "/home/vcm/File-Scheduler/rootdir/file7"
    lstat returned -1
    ERROR lstat: No such file or directory
    si:
    st_dev =  0
    st_ino =  0
    st_mode = 0 100777
    st_nlink =  1
    st_uid =  990
    st_gid =  1001
    st_rdev =  0
    st_size =  2
    st_blksize =  4096
    st_blocks =  0
    st_atime = 0x 66081659
    st_mtime = 0x 66081659
    st_ctime = 0x 66081659
[Debug] ¿‹≠⁄Æ
[Debug] ¿‹≠⁄Æ
[Debug] ¿‹≠⁄Æ

bb_releasedir(path="/", fi=0xdaadee90)
    fi:
    flags = 0x 00000000
    fh_old = 0x 7faecc001ba0
    writepage =  0
    direct_io =  0
    keep_cache =  0
    fh = 0x 00007faecc001ba0
    lock_owner = 0x 0000000000000000

bb_getattr(path="/file1", statbuf=0xdb2dfea0)
    bb_fullpath:  rootdir = "/home/vcm/File-Scheduler/rootdir", path = "/file1", fpath = "/home/vcm/File-Scheduler/rootdir/file1"
    lstat returned -1
    ERROR lstat: No such file or directory
    si:
    st_dev =  0
    st_ino =  0
    st_mode = 0 100777
    st_nlink =  1
    st_uid =  990
    st_gid =  1001
    st_rdev =  0
    st_size =  3
    st_blksize =  4096
    st_blocks =  0
    st_atime = 0x 66081666
    st_mtime = 0x 66081666
    st_ctime = 0x 66081666
[Debug] ¿Ï-€Æ
[Debug] ¿Ï-€Æ
[Debug] ¿Ï-€Æ

bb_open(path"/file1", fi=0xdaadef50)
    bb_fullpath:  rootdir = "/home/vcm/File-Scheduler/rootdir", path = "/file1", fpath = "/home/vcm/File-Scheduler/rootdir/file1"
[Cloud open] /file7, /file1
[Cloud open] /file2, /file1
[Cloud open] /file1, /file1
[LOG]: File at '/file1' downloaded successfully
[LOG]: File at '/file1' deleteed successfully
[Log] ffpath /home/vcm/File-Scheduler/rootdir/file1, path /file1
    open returned 11
    fi:
    flags = 0x 00008000
    fh_old = 0x 00000000
    writepage =  0
    direct_io =  0
    keep_cache =  0
    fh = 0x 000000000000000b
    lock_owner = 0x 0000000000000000

bb_read(path="/file1", buf=0xcc028680, size=4096, offset=0, fi=0xdb2dff50)
    fi:
    flags = 0x 00008000
    fh_old = 0x 0000000b
    writepage =  0
    direct_io =  0
    keep_cache =  0
    fh = 0x 000000000000000b
    lock_owner = 0x 0000000000000000
    pread returned 3

bb_flush(path="/file1", fi=0xdaadef50)
    fi:
    flags = 0x 00000000
    fh_old = 0x 0000000b
    writepage =  0
    direct_io =  0
    keep_cache =  0
    fh = 0x 000000000000000b
    lock_owner = 0x 8a88c67080e4fbd8

bb_release(path="/file1", fi=0xdb2dff50)
    fi:
    flags = 0x 00008000
    fh_old = 0x 0000000b
    writepage =  0
    direct_io =  0
    keep_cache =  0
    fh = 0x 000000000000000b
    lock_owner = 0x 0000000000000000

bb_opendir(path="/", fi=0xdaadee90)
    bb_fullpath:  rootdir = "/home/vcm/File-Scheduler/rootdir", path = "/", fpath = "/home/vcm/File-Scheduler/rootdir/"
    opendir returned 0x0x7faed4113de0
    fi:
    flags = 0x 00018800
    fh_old = 0x 00000000
    writepage =  0
    direct_io =  0
    keep_cache =  0
    fh = 0x 00007faed4113de0
    lock_owner = 0x 0000000000000000

bb_getattr(path="/", statbuf=0xdb2dfe70)
    bb_fullpath:  rootdir = "/home/vcm/File-Scheduler/rootdir", path = "/", fpath = "/home/vcm/File-Scheduler/rootdir/"
    lstat returned 0
    si:
    st_dev =  64769
    st_ino =  54755652
    st_mode = 0 40775
    st_nlink =  2
    st_uid =  990
    st_gid =  1001
    st_rdev =  0
    st_size =  84
    st_blksize =  4096
    st_blocks =  0
    st_atime = 0x 660816d4
    st_mtime = 0x 660816d3
    st_ctime = 0x 660816d3
[Debug] 
[Debug] 
[Debug] 

bb_readdir(path="/", buf=0xd40027a0, filler=0xdddebac0, offset=0, fi=0xdaadee90)
    readdir returned 0x0x7faed4113e10
calling filler with name .
calling filler with name ..
calling filler with name file3
calling filler with name file4
calling filler with name file5
calling filler with name file6
calling filler with name file8
calling filler with name file1
[LOG]: /file2
[LOG]: /file7
cloud calling filler with name PÌ≠⁄Æ
cloud calling filler with name PÌ≠⁄Æ
[Cloud] PÌ≠⁄Æ 
[Cloud] PÌ≠⁄Æ 
    fi:
    flags = 0x 00000000
    fh_old = 0x 7faed4113de0
    writepage =  0
    direct_io =  0
    keep_cache =  0
    fh = 0x 00007faed4113de0
    lock_owner = 0x 0000000000000000

bb_getattr(path="/file3", statbuf=0xdb2dfea0)
    bb_fullpath:  rootdir = "/home/vcm/File-Scheduler/rootdir", path = "/file3", fpath = "/home/vcm/File-Scheduler/rootdir/file3"
    lstat returned 0
    si:
    st_dev =  64769
    st_ino =  54755663
    st_mode = 0 100664
    st_nlink =  1
    st_uid =  990
    st_gid =  1001
    st_rdev =  0
    st_size =  3
    st_blksize =  4096
    st_blocks =  8
    st_atime = 0x 66081636
    st_mtime = 0x 66081636
    st_ctime = 0x 66081636
[Debug] ¿Ï-€Æ
[Debug] ¿Ï-€Æ

bb_getattr(path="/file4", statbuf=0xdaadeea0)
    bb_fullpath:  rootdir = "/home/vcm/File-Scheduler/rootdir", path = "/file4", fpath = "/home/vcm/File-Scheduler/rootdir/file4"
    lstat returned 0
    si:
    st_dev =  64769
    st_ino =  54755654
    st_mode = 0 100664
    st_nlink =  1
    st_uid =  990
    st_gid =  1001
    st_rdev =  0
    st_size =  3
    st_blksize =  4096
    st_blocks =  8
    st_atime = 0x 66081649
    st_mtime = 0x 66081649
    st_ctime = 0x 66081649
[Debug] ¿‹≠⁄Æ
[Debug] ¿‹≠⁄Æ

bb_getattr(path="/file5", statbuf=0xdb2dfea0)
    bb_fullpath:  rootdir = "/home/vcm/File-Scheduler/rootdir", path = "/file5", fpath = "/home/vcm/File-Scheduler/rootdir/file5"
    lstat returned 0
    si:
    st_dev =  64769
    st_ino =  54755650
    st_mode = 0 100664
    st_nlink =  1
    st_uid =  990
    st_gid =  1001
    st_rdev =  0
    st_size =  2
    st_blksize =  4096
    st_blocks =  8
    st_atime = 0x 66081665
    st_mtime = 0x 66081665
    st_ctime = 0x 66081665
[Debug] ¿Ï-€Æ
[Debug] ¿Ï-€Æ

bb_getattr(path="/file6", statbuf=0xdaadeea0)
    bb_fullpath:  rootdir = "/home/vcm/File-Scheduler/rootdir", path = "/file6", fpath = "/home/vcm/File-Scheduler/rootdir/file6"
    lstat returned 0
    si:
    st_dev =  64769
    st_ino =  54755651
    st_mode = 0 100664
    st_nlink =  1
    st_uid =  990
    st_gid =  1001
    st_rdev =  0
    st_size =  2
    st_blksize =  4096
    st_blocks =  8
    st_atime = 0x 66081680
    st_mtime = 0x 66081680
    st_ctime = 0x 66081680
[Debug] ¿‹≠⁄Æ
[Debug] ¿‹≠⁄Æ

bb_getattr(path="/file8", statbuf=0xdb2dfea0)
    bb_fullpath:  rootdir = "/home/vcm/File-Scheduler/rootdir", path = "/file8", fpath = "/home/vcm/File-Scheduler/rootdir/file8"
    lstat returned 0
    si:
    st_dev =  64769
    st_ino =  54755657
    st_mode = 0 100664
    st_nlink =  1
    st_uid =  990
    st_gid =  1001
    st_rdev =  0
    st_size =  7
    st_blksize =  4096
    st_blocks =  8
    st_atime = 0x 6608168d
    st_mtime = 0x 6608168d
    st_ctime = 0x 6608168d
[Debug] ¿Ï-€Æ
[Debug] ¿Ï-€Æ

bb_getattr(path="/file1", statbuf=0xdaadeea0)
    bb_fullpath:  rootdir = "/home/vcm/File-Scheduler/rootdir", path = "/file1", fpath = "/home/vcm/File-Scheduler/rootdir/file1"
    lstat returned 0
    si:
    st_dev =  64769
    st_ino =  54755653
    st_mode = 0 100664
    st_nlink =  1
    st_uid =  990
    st_gid =  1001
    st_rdev =  0
    st_size =  3
    st_blksize =  4096
    st_blocks =  8
    st_atime = 0x 660816d3
    st_mtime = 0x 660816d3
    st_ctime = 0x 660816d3
[Debug] ¿‹≠⁄Æ
[Debug] ¿‹≠⁄Æ

bb_getattr(path="/file2", statbuf=0xdb2dfea0)
    bb_fullpath:  rootdir = "/home/vcm/File-Scheduler/rootdir", path = "/file2", fpath = "/home/vcm/File-Scheduler/rootdir/file2"
    lstat returned -1
    ERROR lstat: No such file or directory
    si:
    st_dev =  0
    st_ino =  0
    st_mode = 0 100777
    st_nlink =  1
    st_uid =  990
    st_gid =  1001
    st_rdev =  0
    st_size =  3
    st_blksize =  4096
    st_blocks =  0
    st_atime = 0x 6608168e
    st_mtime = 0x 6608168e
    st_ctime = 0x 6608168e
[Debug] ¿Ï-€Æ
[Debug] ¿Ï-€Æ

bb_getattr(path="/file7", statbuf=0xdaadeea0)
    bb_fullpath:  rootdir = "/home/vcm/File-Scheduler/rootdir", path = "/file7", fpath = "/home/vcm/File-Scheduler/rootdir/file7"
    lstat returned -1
    ERROR lstat: No such file or directory
    si:
    st_dev =  0
    st_ino =  0
    st_mode = 0 100777
    st_nlink =  1
    st_uid =  990
    st_gid =  1001
    st_rdev =  0
    st_size =  2
    st_blksize =  4096
    st_blocks =  0
    st_atime = 0x 66081659
    st_mtime = 0x 66081659
    st_ctime = 0x 66081659
[Debug] ¿‹≠⁄Æ
[Debug] ¿‹≠⁄Æ

bb_releasedir(path="/", fi=0xdaadee90)
    fi:
    flags = 0x 00000000
    fh_old = 0x 7faed4113de0
    writepage =  0
    direct_io =  0
    keep_cache =  0
    fh = 0x 00007faed4113de0
    lock_owner = 0x 0000000000000000

bb_getattr(path="/file2", statbuf=0xdb2dfea0)
    bb_fullpath:  rootdir = "/home/vcm/File-Scheduler/rootdir", path = "/file2", fpath = "/home/vcm/File-Scheduler/rootdir/file2"
    lstat returned -1
    ERROR lstat: No such file or directory
    si:
    st_dev =  0
    st_ino =  0
    st_mode = 0 100777
    st_nlink =  1
    st_uid =  990
    st_gid =  1001
    st_rdev =  0
    st_size =  3
    st_blksize =  4096
    st_blocks =  0
    st_atime = 0x 6608168e
    st_mtime = 0x 6608168e
    st_ctime = 0x 6608168e
[Debug] ¿Ï-€Æ
[Debug] ¿Ï-€Æ

bb_open(path"/file2", fi=0xdaadef50)
    bb_fullpath:  rootdir = "/home/vcm/File-Scheduler/rootdir", path = "/file2", fpath = "/home/vcm/File-Scheduler/rootdir/file2"
[Cloud open] /file7, /file2
[Cloud open] /file2, /file2
[LOG]: File at '/file2' downloaded successfully
[LOG]: File at '/file2' deleteed successfully
[Log] ffpath /home/vcm/File-Scheduler/rootdir/file2, path /file2
[LOG]: Add file at '/file3' successfully.
[LOG] open upload filename p⁄≠⁄Æ, path ê⁄≠⁄Æ, fpath ¿ª[LOG]: Add file at '/file4' successfully.
[LOG] open upload filename p⁄≠⁄Æ, path ê⁄≠⁄Æ, fpath p[[LOG]: Add file at '/file5' successfully.
[LOG] open upload filename p⁄≠⁄Æ, path ê⁄≠⁄Æ, fpath –w‘Æ    open returned 11
    fi:
    flags = 0x 00008000
    fh_old = 0x 00000000
    writepage =  0
    direct_io =  0
    keep_cache =  0
    fh = 0x 000000000000000b
    lock_owner = 0x 0000000000000000

bb_read(path="/file2", buf=0xd4003690, size=4096, offset=0, fi=0xdaadef50)
    fi:
    flags = 0x 00008000
    fh_old = 0x 0000000b
    writepage =  0
    direct_io =  0
    keep_cache =  0
    fh = 0x 000000000000000b
    lock_owner = 0x 0000000000000000
    pread returned 3

bb_flush(path="/file2", fi=0xdaadef50)
    fi:
    flags = 0x 00000000
    fh_old = 0x 0000000b
    writepage =  0
    direct_io =  0
    keep_cache =  0
    fh = 0x 000000000000000b
    lock_owner = 0x 1a5a74e028177d22

bb_release(path="/file2", fi=0xdb2dff50)
    fi:
    flags = 0x 00008000
    fh_old = 0x 0000000b
    writepage =  0
    direct_io =  0
    keep_cache =  0
    fh = 0x 000000000000000b
    lock_owner = 0x 0000000000000000

bb_getattr(path="/.git", statbuf=0xdbae0ea0)
    bb_fullpath:  rootdir = "/home/vcm/File-Scheduler/rootdir", path = "/.git", fpath = "/home/vcm/File-Scheduler/rootdir/.git"
    lstat returned -1
    ERROR lstat: No such file or directory
    si:
    st_dev =  0
    st_ino =  0
    st_mode = 0 0
    st_nlink =  0
    st_uid =  0
    st_gid =  0
    st_rdev =  0
    st_size =  0
    st_blksize =  0
    st_blocks =  0
    st_atime = 0x 00000000
    st_mtime = 0x 00000000
    st_ctime = 0x 00000000
[Debug] ¿¸≠€Æ
[Debug] ¿¸≠€Æ

bb_getattr(path="/.git", statbuf=0xdb2dfea0)
    bb_fullpath:  rootdir = "/home/vcm/File-Scheduler/rootdir", path = "/.git", fpath = "/home/vcm/File-Scheduler/rootdir/.git"
    lstat returned -1
    ERROR lstat: No such file or directory
    si:
    st_dev =  0
    st_ino =  0
    st_mode = 0 0
    st_nlink =  0
    st_uid =  0
    st_gid =  0
    st_rdev =  0
    st_size =  0
    st_blksize =  0
    st_blocks =  0
    st_atime = 0x 00000000
    st_mtime = 0x 00000000
    st_ctime = 0x 00000000
[Debug] ¿Ï-€Æ
[Debug] ¿Ï-€Æ

bb_opendir(path="/", fi=0xdaadee90)
    bb_fullpath:  rootdir = "/home/vcm/File-Scheduler/rootdir", path = "/", fpath = "/home/vcm/File-Scheduler/rootdir/"
    opendir returned 0x0x7faed4128740
    fi:
    flags = 0x 00018800
    fh_old = 0x 00000000
    writepage =  0
    direct_io =  0
    keep_cache =  0
    fh = 0x 00007faed4128740
    lock_owner = 0x 0000000000000000

bb_getattr(path="/", statbuf=0xdbae0e70)
    bb_fullpath:  rootdir = "/home/vcm/File-Scheduler/rootdir", path = "/", fpath = "/home/vcm/File-Scheduler/rootdir/"
    lstat returned 0
    si:
    st_dev =  64769
    st_ino =  54755652
    st_mode = 0 40775
    st_nlink =  2
    st_uid =  990
    st_gid =  1001
    st_rdev =  0
    st_size =  58
    st_blksize =  4096
    st_blocks =  0
    st_atime = 0x 660816d4
    st_mtime = 0x 660816d6
    st_ctime = 0x 660816d6
[Debug] 
[Debug] 

bb_readdir(path="/", buf=0xd40075f0, filler=0xdddebac0, offset=0, fi=0xdb2dfe90)
    readdir returned 0x0x7faed4128770
calling filler with name .
calling filler with name ..
calling filler with name file6
calling filler with name file8
calling filler with name file1
calling filler with name file2
[LOG]: /file3
[LOG]: /file4
[LOG]: /file5
[LOG]: /file7
cloud calling filler with name P˝-€Æ
cloud calling filler with name P˝-€Æ
cloud calling filler with name P˝-€Æ
cloud calling filler with name P˝-€Æ
[Cloud] P˝-€Æ 
[Cloud] P˝-€Æ 
[Cloud] P˝-€Æ 
[Cloud] P˝-€Æ 
    fi:
    flags = 0x 00000000
    fh_old = 0x 7faed4128740
    writepage =  0
    direct_io =  0
    keep_cache =  0
    fh = 0x 00007faed4128740
    lock_owner = 0x 0000000000000000

bb_getattr(path="/file6", statbuf=0xdaadeea0)
    bb_fullpath:  rootdir = "/home/vcm/File-Scheduler/rootdir", path = "/file6", fpath = "/home/vcm/File-Scheduler/rootdir/file6"
    lstat returned 0
    si:
    st_dev =  64769
    st_ino =  54755651
    st_mode = 0 100664
    st_nlink =  1
    st_uid =  990
    st_gid =  1001
    st_rdev =  0
    st_size =  2
    st_blksize =  4096
    st_blocks =  8
    st_atime = 0x 66081680
    st_mtime = 0x 66081680
    st_ctime = 0x 66081680
[Debug] ¿‹≠⁄Æ
[Debug] ¿‹≠⁄Æ
[Debug] ¿‹≠⁄Æ
[Debug] ¿‹≠⁄Æ

bb_getattr(path="/.gitignore", statbuf=0xdbae0ea0)
    bb_fullpath:  rootdir = "/home/vcm/File-Scheduler/rootdir", path = "/.gitignore", fpath = "/home/vcm/File-Scheduler/rootdir/.gitignore"
    lstat returned -1
    ERROR lstat: No such file or directory
    si:
    st_dev =  0
    st_ino =  0
    st_mode = 0 0
    st_nlink =  0
    st_uid =  0
    st_gid =  0
    st_rdev =  0
    st_size =  0
    st_blksize =  0
    st_blocks =  0
    st_atime = 0x 00000000
    st_mtime = 0x 00000000
    st_ctime = 0x 00000000
[Debug] ¿¸≠€Æ
[Debug] ¿¸≠€Æ
[Debug] ¿¸≠€Æ
[Debug] ¿¸≠€Æ

bb_getattr(path="/file8", statbuf=0xdb2dfea0)
    bb_fullpath:  rootdir = "/home/vcm/File-Scheduler/rootdir", path = "/file8", fpath = "/home/vcm/File-Scheduler/rootdir/file8"
    lstat returned 0
    si:
    st_dev =  64769
    st_ino =  54755657
    st_mode = 0 100664
    st_nlink =  1
    st_uid =  990
    st_gid =  1001
    st_rdev =  0
    st_size =  7
    st_blksize =  4096
    st_blocks =  8
    st_atime = 0x 6608168d
    st_mtime = 0x 6608168d
    st_ctime = 0x 6608168d
[Debug] ¿Ï-€Æ
[Debug] ¿Ï-€Æ
[Debug] ¿Ï-€Æ
[Debug] ¿Ï-€Æ

bb_getattr(path="/file1", statbuf=0xdaadeea0)
    bb_fullpath:  rootdir = "/home/vcm/File-Scheduler/rootdir", path = "/file1", fpath = "/home/vcm/File-Scheduler/rootdir/file1"
    lstat returned 0
    si:
    st_dev =  64769
    st_ino =  54755653
    st_mode = 0 100664
    st_nlink =  1
    st_uid =  990
    st_gid =  1001
    st_rdev =  0
    st_size =  3
    st_blksize =  4096
    st_blocks =  8
    st_atime = 0x 660816d3
    st_mtime = 0x 660816d3
    st_ctime = 0x 660816d3
[Debug] ¿‹≠⁄Æ
[Debug] ¿‹≠⁄Æ
[Debug] ¿‹≠⁄Æ
[Debug] ¿‹≠⁄Æ

bb_getattr(path="/file2", statbuf=0xdbae0e70)
    bb_fullpath:  rootdir = "/home/vcm/File-Scheduler/rootdir", path = "/file2", fpath = "/home/vcm/File-Scheduler/rootdir/file2"
    lstat returned 0
    si:
    st_dev =  64769
    st_ino =  54755664
    st_mode = 0 100664
    st_nlink =  1
    st_uid =  990
    st_gid =  1001
    st_rdev =  0
    st_size =  3
    st_blksize =  4096
    st_blocks =  8
    st_atime = 0x 660816d6
    st_mtime = 0x 660816d6
    st_ctime = 0x 660816d6
[Debug] 
[Debug] 
[Debug] 
[Debug] 

bb_getattr(path="/file3", statbuf=0xdb2dfea0)
    bb_fullpath:  rootdir = "/home/vcm/File-Scheduler/rootdir", path = "/file3", fpath = "/home/vcm/File-Scheduler/rootdir/file3"
    lstat returned -1
    ERROR lstat: No such file or directory
    si:
    st_dev =  0
    st_ino =  0
    st_mode = 0 100777
    st_nlink =  1
    st_uid =  990
    st_gid =  1001
    st_rdev =  0
    st_size =  3
    st_blksize =  4096
    st_blocks =  0
    st_atime = 0x 660816d7
    st_mtime = 0x 660816d7
    st_ctime = 0x 660816d7
[Debug] ¿Ï-€Æ
[Debug] ¿Ï-€Æ
[Debug] ¿Ï-€Æ
[Debug] ¿Ï-€Æ

bb_getattr(path="/file4", statbuf=0xdaadeea0)
    bb_fullpath:  rootdir = "/home/vcm/File-Scheduler/rootdir", path = "/file4", fpath = "/home/vcm/File-Scheduler/rootdir/file4"
    lstat returned -1
    ERROR lstat: No such file or directory
    si:
    st_dev =  0
    st_ino =  0
    st_mode = 0 100777
    st_nlink =  1
    st_uid =  990
    st_gid =  1001
    st_rdev =  0
    st_size =  3
    st_blksize =  4096
    st_blocks =  0
    st_atime = 0x 660816d7
    st_mtime = 0x 660816d7
    st_ctime = 0x 660816d7
[Debug] ¿‹≠⁄Æ
[Debug] ¿‹≠⁄Æ
[Debug] ¿‹≠⁄Æ
[Debug] ¿‹≠⁄Æ

bb_getattr(path="/file5", statbuf=0xdbae0ea0)
    bb_fullpath:  rootdir = "/home/vcm/File-Scheduler/rootdir", path = "/file5", fpath = "/home/vcm/File-Scheduler/rootdir/file5"
    lstat returned -1
    ERROR lstat: No such file or directory
    si:
    st_dev =  0
    st_ino =  0
    st_mode = 0 100777
    st_nlink =  1
    st_uid =  990
    st_gid =  1001
    st_rdev =  0
    st_size =  2
    st_blksize =  4096
    st_blocks =  0
    st_atime = 0x 660816d7
    st_mtime = 0x 660816d7
    st_ctime = 0x 660816d7
[Debug] ¿¸≠€Æ
[Debug] ¿¸≠€Æ
[Debug] ¿¸≠€Æ
[Debug] ¿¸≠€Æ

bb_getattr(path="/file7", statbuf=0xdb2dfea0)
    bb_fullpath:  rootdir = "/home/vcm/File-Scheduler/rootdir", path = "/file7", fpath = "/home/vcm/File-Scheduler/rootdir/file7"
    lstat returned -1
    ERROR lstat: No such file or directory
    si:
    st_dev =  0
    st_ino =  0
    st_mode = 0 100777
    st_nlink =  1
    st_uid =  990
    st_gid =  1001
    st_rdev =  0
    st_size =  2
    st_blksize =  4096
    st_blocks =  0
    st_atime = 0x 66081659
    st_mtime = 0x 66081659
    st_ctime = 0x 66081659
[Debug] ¿Ï-€Æ
[Debug] ¿Ï-€Æ
[Debug] ¿Ï-€Æ
[Debug] ¿Ï-€Æ

bb_releasedir(path="/", fi=0xdbae0e90)
    fi:
    flags = 0x 00000000
    fh_old = 0x 7faed4128740
    writepage =  0
    direct_io =  0
    keep_cache =  0
    fh = 0x 00007faed4128740
    lock_owner = 0x 0000000000000000

bb_opendir(path="/", fi=0xdb2dfe90)
    bb_fullpath:  rootdir = "/home/vcm/File-Scheduler/rootdir", path = "/", fpath = "/home/vcm/File-Scheduler/rootdir/"
    opendir returned 0x0x7faecc001ba0
    fi:
    flags = 0x 00018800
    fh_old = 0x 00000000
    writepage =  0
    direct_io =  0
    keep_cache =  0
    fh = 0x 00007faecc001ba0
    lock_owner = 0x 0000000000000000

bb_getattr(path="/", statbuf=0xdaadee70)
    bb_fullpath:  rootdir = "/home/vcm/File-Scheduler/rootdir", path = "/", fpath = "/home/vcm/File-Scheduler/rootdir/"
    lstat returned 0
    si:
    st_dev =  64769
    st_ino =  54755652
    st_mode = 0 40775
    st_nlink =  2
    st_uid =  990
    st_gid =  1001
    st_rdev =  0
    st_size =  58
    st_blksize =  4096
    st_blocks =  0
    st_atime = 0x 660816d7
    st_mtime = 0x 660816d6
    st_ctime = 0x 660816d6
[Debug] 
[Debug] 
[Debug] 
[Debug] 

bb_readdir(path="/", buf=0xcc00c9b0, filler=0xdddebac0, offset=0, fi=0xdbae0e90)
    readdir returned 0x0x7faecc001bd0
calling filler with name .
calling filler with name ..
calling filler with name file6
calling filler with name file8
calling filler with name file1
calling filler with name file2
[LOG]: /file3
[LOG]: /file4
[LOG]: /file5
[LOG]: /file7
cloud calling filler with name PÆ€Æ
cloud calling filler with name PÆ€Æ
cloud calling filler with name PÆ€Æ
cloud calling filler with name PÆ€Æ
[Cloud] PÆ€Æ 
[Cloud] PÆ€Æ 
[Cloud] PÆ€Æ 
[Cloud] PÆ€Æ 
    fi:
    flags = 0x 00000000
    fh_old = 0x 7faecc001ba0
    writepage =  0
    direct_io =  0
    keep_cache =  0
    fh = 0x 00007faecc001ba0
    lock_owner = 0x 0000000000000000

bb_getattr(path="/file6", statbuf=0xdb2dfea0)
    bb_fullpath:  rootdir = "/home/vcm/File-Scheduler/rootdir", path = "/file6", fpath = "/home/vcm/File-Scheduler/rootdir/file6"
    lstat returned 0
    si:
    st_dev =  64769
    st_ino =  54755651
    st_mode = 0 100664
    st_nlink =  1
    st_uid =  990
    st_gid =  1001
    st_rdev =  0
    st_size =  2
    st_blksize =  4096
    st_blocks =  8
    st_atime = 0x 66081680
    st_mtime = 0x 66081680
    st_ctime = 0x 66081680
[Debug] ¿Ï-€Æ
[Debug] ¿Ï-€Æ
[Debug] ¿Ï-€Æ
[Debug] ¿Ï-€Æ

bb_getattr(path="/file8", statbuf=0xdaadeea0)
    bb_fullpath:  rootdir = "/home/vcm/File-Scheduler/rootdir", path = "/file8", fpath = "/home/vcm/File-Scheduler/rootdir/file8"
    lstat returned 0
    si:
    st_dev =  64769
    st_ino =  54755657
    st_mode = 0 100664
    st_nlink =  1
    st_uid =  990
    st_gid =  1001
    st_rdev =  0
    st_size =  7
    st_blksize =  4096
    st_blocks =  8
    st_atime = 0x 6608168d
    st_mtime = 0x 6608168d
    st_ctime = 0x 6608168d
[Debug] ¿‹≠⁄Æ
[Debug] ¿‹≠⁄Æ
[Debug] ¿‹≠⁄Æ
[Debug] ¿‹≠⁄Æ

bb_getattr(path="/file1", statbuf=0xdbae0ea0)
    bb_fullpath:  rootdir = "/home/vcm/File-Scheduler/rootdir", path = "/file1", fpath = "/home/vcm/File-Scheduler/rootdir/file1"
    lstat returned 0
    si:
    st_dev =  64769
    st_ino =  54755653
    st_mode = 0 100664
    st_nlink =  1
    st_uid =  990
    st_gid =  1001
    st_rdev =  0
    st_size =  3
    st_blksize =  4096
    st_blocks =  8
    st_atime = 0x 660816d3
    st_mtime = 0x 660816d3
    st_ctime = 0x 660816d3
[Debug] ¿¸≠€Æ
[Debug] ¿¸≠€Æ
[Debug] ¿¸≠€Æ
[Debug] ¿¸≠€Æ

bb_getattr(path="/file2", statbuf=0xdb2dfea0)
    bb_fullpath:  rootdir = "/home/vcm/File-Scheduler/rootdir", path = "/file2", fpath = "/home/vcm/File-Scheduler/rootdir/file2"
    lstat returned 0
    si:
    st_dev =  64769
    st_ino =  54755664
    st_mode = 0 100664
    st_nlink =  1
    st_uid =  990
    st_gid =  1001
    st_rdev =  0
    st_size =  3
    st_blksize =  4096
    st_blocks =  8
    st_atime = 0x 660816d6
    st_mtime = 0x 660816d6
    st_ctime = 0x 660816d6
[Debug] ¿Ï-€Æ
[Debug] ¿Ï-€Æ
[Debug] ¿Ï-€Æ
[Debug] ¿Ï-€Æ

bb_getattr(path="/file3", statbuf=0xdaadeea0)
    bb_fullpath:  rootdir = "/home/vcm/File-Scheduler/rootdir", path = "/file3", fpath = "/home/vcm/File-Scheduler/rootdir/file3"
    lstat returned -1
    ERROR lstat: No such file or directory
    si:
    st_dev =  0
    st_ino =  0
    st_mode = 0 100777
    st_nlink =  1
    st_uid =  990
    st_gid =  1001
    st_rdev =  0
    st_size =  3
    st_blksize =  4096
    st_blocks =  0
    st_atime = 0x 660816d7
    st_mtime = 0x 660816d7
    st_ctime = 0x 660816d7
[Debug] ¿‹≠⁄Æ
[Debug] ¿‹≠⁄Æ
[Debug] ¿‹≠⁄Æ
[Debug] ¿‹≠⁄Æ

bb_getattr(path="/file4", statbuf=0xdbae0ea0)
    bb_fullpath:  rootdir = "/home/vcm/File-Scheduler/rootdir", path = "/file4", fpath = "/home/vcm/File-Scheduler/rootdir/file4"
    lstat returned -1
    ERROR lstat: No such file or directory
    si:
    st_dev =  0
    st_ino =  0
    st_mode = 0 100777
    st_nlink =  1
    st_uid =  990
    st_gid =  1001
    st_rdev =  0
    st_size =  3
    st_blksize =  4096
    st_blocks =  0
    st_atime = 0x 660816d7
    st_mtime = 0x 660816d7
    st_ctime = 0x 660816d7
[Debug] ¿¸≠€Æ
[Debug] ¿¸≠€Æ
[Debug] ¿¸≠€Æ
[Debug] ¿¸≠€Æ

bb_getattr(path="/file5", statbuf=0xdb2dfea0)
    bb_fullpath:  rootdir = "/home/vcm/File-Scheduler/rootdir", path = "/file5", fpath = "/home/vcm/File-Scheduler/rootdir/file5"
    lstat returned -1
    ERROR lstat: No such file or directory
    si:
    st_dev =  0
    st_ino =  0
    st_mode = 0 100777
    st_nlink =  1
    st_uid =  990
    st_gid =  1001
    st_rdev =  0
    st_size =  2
    st_blksize =  4096
    st_blocks =  0
    st_atime = 0x 660816d7
    st_mtime = 0x 660816d7
    st_ctime = 0x 660816d7
[Debug] ¿Ï-€Æ
[Debug] ¿Ï-€Æ
[Debug] ¿Ï-€Æ
[Debug] ¿Ï-€Æ

bb_getattr(path="/file7", statbuf=0xdaadeea0)
    bb_fullpath:  rootdir = "/home/vcm/File-Scheduler/rootdir", path = "/file7", fpath = "/home/vcm/File-Scheduler/rootdir/file7"
    lstat returned -1
    ERROR lstat: No such file or directory
    si:
    st_dev =  0
    st_ino =  0
    st_mode = 0 100777
    st_nlink =  1
    st_uid =  990
    st_gid =  1001
    st_rdev =  0
    st_size =  2
    st_blksize =  4096
    st_blocks =  0
    st_atime = 0x 66081659
    st_mtime = 0x 66081659
    st_ctime = 0x 66081659
[Debug] ¿‹≠⁄Æ
[Debug] ¿‹≠⁄Æ
[Debug] ¿‹≠⁄Æ
[Debug] ¿‹≠⁄Æ

bb_releasedir(path="/", fi=0xdb2dfe90)
    fi:
    flags = 0x 00000000
    fh_old = 0x 7faecc001ba0
    writepage =  0
    direct_io =  0
    keep_cache =  0
    fh = 0x 00007faecc001ba0
    lock_owner = 0x 0000000000000000

bb_getattr(path="/.git", statbuf=0xdaadeea0)
    bb_fullpath:  rootdir = "/home/vcm/File-Scheduler/rootdir", path = "/.git", fpath = "/home/vcm/File-Scheduler/rootdir/.git"
    lstat returned -1
    ERROR lstat: No such file or directory
    si:
    st_dev =  0
    st_ino =  0
    st_mode = 0 0
    st_nlink =  0
    st_uid =  0
    st_gid =  0
    st_rdev =  0
    st_size =  0
    st_blksize =  0
    st_blocks =  0
    st_atime = 0x 00000000
    st_mtime = 0x 00000000
    st_ctime = 0x 00000000
[Debug] ¿‹≠⁄Æ
[Debug] ¿‹≠⁄Æ
[Debug] ¿‹≠⁄Æ
[Debug] ¿‹≠⁄Æ

bb_getattr(path="/.git", statbuf=0xdaadeea0)
    bb_fullpath:  rootdir = "/home/vcm/File-Scheduler/rootdir", path = "/.git", fpath = "/home/vcm/File-Scheduler/rootdir/.git"
    lstat returned -1
    ERROR lstat: No such file or directory
    si:
    st_dev =  0
    st_ino =  0
    st_mode = 0 0
    st_nlink =  0
    st_uid =  0
    st_gid =  0
    st_rdev =  0
    st_size =  0
    st_blksize =  0
    st_blocks =  0
    st_atime = 0x 00000000
    st_mtime = 0x 00000000
    st_ctime = 0x 00000000
[Debug] ¿‹≠⁄Æ
[Debug] ¿‹≠⁄Æ
[Debug] ¿‹≠⁄Æ
[Debug] ¿‹≠⁄Æ

bb_opendir(path="/", fi=0xdb2dfe90)
    bb_fullpath:  rootdir = "/home/vcm/File-Scheduler/rootdir", path = "/", fpath = "/home/vcm/File-Scheduler/rootdir/"
    opendir returned 0x0x7faecc001ba0
    fi:
    flags = 0x 00018800
    fh_old = 0x 00000000
    writepage =  0
    direct_io =  0
    keep_cache =  0
    fh = 0x 00007faecc001ba0
    lock_owner = 0x 0000000000000000

bb_getattr(path="/", statbuf=0xdbae0e70)
    bb_fullpath:  rootdir = "/home/vcm/File-Scheduler/rootdir", path = "/", fpath = "/home/vcm/File-Scheduler/rootdir/"
    lstat returned 0
    si:
    st_dev =  64769
    st_ino =  54755652
    st_mode = 0 40775
    st_nlink =  2
    st_uid =  990
    st_gid =  1001
    st_rdev =  0
    st_size =  58
    st_blksize =  4096
    st_blocks =  0
    st_atime = 0x 660816d7
    st_mtime = 0x 660816d6
    st_ctime = 0x 660816d6
[Debug] 
[Debug] 
[Debug] 
[Debug] 

bb_readdir(path="/", buf=0xcc00b290, filler=0xdddebac0, offset=0, fi=0xdaadee90)
    readdir returned 0x0x7faecc001bd0
calling filler with name .
calling filler with name ..
calling filler with name file6
calling filler with name file8
calling filler with name file1
calling filler with name file2
[LOG]: /file3
[LOG]: /file4
[LOG]: /file5
[LOG]: /file7
cloud calling filler with name PÌ≠⁄Æ
cloud calling filler with name PÌ≠⁄Æ
cloud calling filler with name PÌ≠⁄Æ
cloud calling filler with name PÌ≠⁄Æ
[Cloud] PÌ≠⁄Æ 
[Cloud] PÌ≠⁄Æ 
[Cloud] PÌ≠⁄Æ 
[Cloud] PÌ≠⁄Æ 
    fi:
    flags = 0x 00000000
    fh_old = 0x 7faecc001ba0
    writepage =  0
    direct_io =  0
    keep_cache =  0
    fh = 0x 00007faecc001ba0
    lock_owner = 0x 0000000000000000

bb_getattr(path="/file6", statbuf=0xdb2dfea0)
    bb_fullpath:  rootdir = "/home/vcm/File-Scheduler/rootdir", path = "/file6", fpath = "/home/vcm/File-Scheduler/rootdir/file6"
    lstat returned 0
    si:
    st_dev =  64769
    st_ino =  54755651
    st_mode = 0 100664
    st_nlink =  1
    st_uid =  990
    st_gid =  1001
    st_rdev =  0
    st_size =  2
    st_blksize =  4096
    st_blocks =  8
    st_atime = 0x 66081680
    st_mtime = 0x 66081680
    st_ctime = 0x 66081680
[Debug] ¿Ï-€Æ
[Debug] ¿Ï-€Æ
[Debug] ¿Ï-€Æ
[Debug] ¿Ï-€Æ

bb_getattr(path="/.gitignore", statbuf=0xdbae0ea0)
    bb_fullpath:  rootdir = "/home/vcm/File-Scheduler/rootdir", path = "/.gitignore", fpath = "/home/vcm/File-Scheduler/rootdir/.gitignore"
    lstat returned -1
    ERROR lstat: No such file or directory
    si:
    st_dev =  0
    st_ino =  0
    st_mode = 0 0
    st_nlink =  0
    st_uid =  0
    st_gid =  0
    st_rdev =  0
    st_size =  0
    st_blksize =  0
    st_blocks =  0
    st_atime = 0x 00000000
    st_mtime = 0x 00000000
    st_ctime = 0x 00000000
[Debug] ¿¸≠€Æ
[Debug] ¿¸≠€Æ
[Debug] ¿¸≠€Æ
[Debug] ¿¸≠€Æ

bb_getattr(path="/file8", statbuf=0xdaadeea0)
    bb_fullpath:  rootdir = "/home/vcm/File-Scheduler/rootdir", path = "/file8", fpath = "/home/vcm/File-Scheduler/rootdir/file8"
    lstat returned 0
    si:
    st_dev =  64769
    st_ino =  54755657
    st_mode = 0 100664
    st_nlink =  1
    st_uid =  990
    st_gid =  1001
    st_rdev =  0
    st_size =  7
    st_blksize =  4096
    st_blocks =  8
    st_atime = 0x 6608168d
    st_mtime = 0x 6608168d
    st_ctime = 0x 6608168d
[Debug] ¿‹≠⁄Æ
[Debug] ¿‹≠⁄Æ
[Debug] ¿‹≠⁄Æ
[Debug] ¿‹≠⁄Æ

bb_getattr(path="/file1", statbuf=0xdb2dfea0)
    bb_fullpath:  rootdir = "/home/vcm/File-Scheduler/rootdir", path = "/file1", fpath = "/home/vcm/File-Scheduler/rootdir/file1"
    lstat returned 0
    si:
    st_dev =  64769
    st_ino =  54755653
    st_mode = 0 100664
    st_nlink =  1
    st_uid =  990
    st_gid =  1001
    st_rdev =  0
    st_size =  3
    st_blksize =  4096
    st_blocks =  8
    st_atime = 0x 660816d3
    st_mtime = 0x 660816d3
    st_ctime = 0x 660816d3
[Debug] ¿Ï-€Æ
[Debug] ¿Ï-€Æ
[Debug] ¿Ï-€Æ
[Debug] ¿Ï-€Æ

bb_getattr(path="/file2", statbuf=0xdbae0ea0)
    bb_fullpath:  rootdir = "/home/vcm/File-Scheduler/rootdir", path = "/file2", fpath = "/home/vcm/File-Scheduler/rootdir/file2"
    lstat returned 0
    si:
    st_dev =  64769
    st_ino =  54755664
    st_mode = 0 100664
    st_nlink =  1
    st_uid =  990
    st_gid =  1001
    st_rdev =  0
    st_size =  3
    st_blksize =  4096
    st_blocks =  8
    st_atime = 0x 660816d6
    st_mtime = 0x 660816d6
    st_ctime = 0x 660816d6
[Debug] ¿¸≠€Æ
[Debug] ¿¸≠€Æ
[Debug] ¿¸≠€Æ
[Debug] ¿¸≠€Æ

bb_getattr(path="/file3", statbuf=0xdaadeea0)
    bb_fullpath:  rootdir = "/home/vcm/File-Scheduler/rootdir", path = "/file3", fpath = "/home/vcm/File-Scheduler/rootdir/file3"
    lstat returned -1
    ERROR lstat: No such file or directory
    si:
    st_dev =  0
    st_ino =  0
    st_mode = 0 100777
    st_nlink =  1
    st_uid =  990
    st_gid =  1001
    st_rdev =  0
    st_size =  3
    st_blksize =  4096
    st_blocks =  0
    st_atime = 0x 660816d7
    st_mtime = 0x 660816d7
    st_ctime = 0x 660816d7
[Debug] ¿‹≠⁄Æ
[Debug] ¿‹≠⁄Æ
[Debug] ¿‹≠⁄Æ
[Debug] ¿‹≠⁄Æ

bb_getattr(path="/file4", statbuf=0xdb2dfea0)
    bb_fullpath:  rootdir = "/home/vcm/File-Scheduler/rootdir", path = "/file4", fpath = "/home/vcm/File-Scheduler/rootdir/file4"
    lstat returned -1
    ERROR lstat: No such file or directory
    si:
    st_dev =  0
    st_ino =  0
    st_mode = 0 100777
    st_nlink =  1
    st_uid =  990
    st_gid =  1001
    st_rdev =  0
    st_size =  3
    st_blksize =  4096
    st_blocks =  0
    st_atime = 0x 660816d7
    st_mtime = 0x 660816d7
    st_ctime = 0x 660816d7
[Debug] ¿Ï-€Æ
[Debug] ¿Ï-€Æ
[Debug] ¿Ï-€Æ
[Debug] ¿Ï-€Æ

bb_getattr(path="/file5", statbuf=0xdbae0ea0)
    bb_fullpath:  rootdir = "/home/vcm/File-Scheduler/rootdir", path = "/file5", fpath = "/home/vcm/File-Scheduler/rootdir/file5"
    lstat returned -1
    ERROR lstat: No such file or directory
    si:
    st_dev =  0
    st_ino =  0
    st_mode = 0 100777
    st_nlink =  1
    st_uid =  990
    st_gid =  1001
    st_rdev =  0
    st_size =  2
    st_blksize =  4096
    st_blocks =  0
    st_atime = 0x 660816d7
    st_mtime = 0x 660816d7
    st_ctime = 0x 660816d7
[Debug] ¿¸≠€Æ
[Debug] ¿¸≠€Æ
[Debug] ¿¸≠€Æ
[Debug] ¿¸≠€Æ

bb_getattr(path="/file7", statbuf=0xdaadeea0)
    bb_fullpath:  rootdir = "/home/vcm/File-Scheduler/rootdir", path = "/file7", fpath = "/home/vcm/File-Scheduler/rootdir/file7"
    lstat returned -1
    ERROR lstat: No such file or directory
    si:
    st_dev =  0
    st_ino =  0
    st_mode = 0 100777
    st_nlink =  1
    st_uid =  990
    st_gid =  1001
    st_rdev =  0
    st_size =  2
    st_blksize =  4096
    st_blocks =  0
    st_atime = 0x 66081659
    st_mtime = 0x 66081659
    st_ctime = 0x 66081659
[Debug] ¿‹≠⁄Æ
[Debug] ¿‹≠⁄Æ
[Debug] ¿‹≠⁄Æ
[Debug] ¿‹≠⁄Æ

bb_releasedir(path="/", fi=0xdbae0e90)
    fi:
    flags = 0x 00000000
    fh_old = 0x 7faecc001ba0
    writepage =  0
    direct_io =  0
    keep_cache =  0
    fh = 0x 00007faecc001ba0
    lock_owner = 0x 0000000000000000

bb_getattr(path="/.git", statbuf=0xdaadeea0)
    bb_fullpath:  rootdir = "/home/vcm/File-Scheduler/rootdir", path = "/.git", fpath = "/home/vcm/File-Scheduler/rootdir/.git"
    lstat returned -1
    ERROR lstat: No such file or directory
    si:
    st_dev =  0
    st_ino =  0
    st_mode = 0 0
    st_nlink =  0
    st_uid =  0
    st_gid =  0
    st_rdev =  0
    st_size =  0
    st_blksize =  0
    st_blocks =  0
    st_atime = 0x 00000000
    st_mtime = 0x 00000000
    st_ctime = 0x 00000000
[Debug] ¿‹≠⁄Æ
[Debug] ¿‹≠⁄Æ
[Debug] ¿‹≠⁄Æ
[Debug] ¿‹≠⁄Æ

bb_getattr(path="/.git", statbuf=0xdb2dfea0)
    bb_fullpath:  rootdir = "/home/vcm/File-Scheduler/rootdir", path = "/.git", fpath = "/home/vcm/File-Scheduler/rootdir/.git"
    lstat returned -1
    ERROR lstat: No such file or directory
    si:
    st_dev =  0
    st_ino =  0
    st_mode = 0 0
    st_nlink =  0
    st_uid =  0
    st_gid =  0
    st_rdev =  0
    st_size =  0
    st_blksize =  0
    st_blocks =  0
    st_atime = 0x 00000000
    st_mtime = 0x 00000000
    st_ctime = 0x 00000000
[Debug] ¿Ï-€Æ
[Debug] ¿Ï-€Æ
[Debug] ¿Ï-€Æ
[Debug] ¿Ï-€Æ

bb_opendir(path="/", fi=0xdbae0e90)
    bb_fullpath:  rootdir = "/home/vcm/File-Scheduler/rootdir", path = "/", fpath = "/home/vcm/File-Scheduler/rootdir/"
    opendir returned 0x0x7faed000ec30
    fi:
    flags = 0x 00018800
    fh_old = 0x 00000000
    writepage =  0
    direct_io =  0
    keep_cache =  0
    fh = 0x 00007faed000ec30
    lock_owner = 0x 0000000000000000

bb_getattr(path="/", statbuf=0xdaadee70)
    bb_fullpath:  rootdir = "/home/vcm/File-Scheduler/rootdir", path = "/", fpath = "/home/vcm/File-Scheduler/rootdir/"
    lstat returned 0
    si:
    st_dev =  64769
    st_ino =  54755652
    st_mode = 0 40775
    st_nlink =  2
    st_uid =  990
    st_gid =  1001
    st_rdev =  0
    st_size =  58
    st_blksize =  4096
    st_blocks =  0
    st_atime = 0x 660816d7
    st_mtime = 0x 660816d6
    st_ctime = 0x 660816d6
[Debug] 
[Debug] 
[Debug] 
[Debug] 

bb_readdir(path="/", buf=0xd0005410, filler=0xdddebac0, offset=0, fi=0xdb2dfe90)
    readdir returned 0x0x7faed000ec60
calling filler with name .
calling filler with name ..
calling filler with name file6
calling filler with name file8
calling filler with name file1
calling filler with name file2
[LOG]: /file3
[LOG]: /file4
[LOG]: /file5
[LOG]: /file7
cloud calling filler with name P˝-€Æ
cloud calling filler with name P˝-€Æ
cloud calling filler with name P˝-€Æ
cloud calling filler with name P˝-€Æ
[Cloud] P˝-€Æ 
[Cloud] P˝-€Æ 
[Cloud] P˝-€Æ 
[Cloud] P˝-€Æ 
    fi:
    flags = 0x 00000000
    fh_old = 0x 7faed000ec30
    writepage =  0
    direct_io =  0
    keep_cache =  0
    fh = 0x 00007faed000ec30
    lock_owner = 0x 0000000000000000

bb_getattr(path="/file6", statbuf=0xdbae0ea0)
    bb_fullpath:  rootdir = "/home/vcm/File-Scheduler/rootdir", path = "/file6", fpath = "/home/vcm/File-Scheduler/rootdir/file6"
    lstat returned 0
    si:
    st_dev =  64769
    st_ino =  54755651
    st_mode = 0 100664
    st_nlink =  1
    st_uid =  990
    st_gid =  1001
    st_rdev =  0
    st_size =  2
    st_blksize =  4096
    st_blocks =  8
    st_atime = 0x 66081680
    st_mtime = 0x 66081680
    st_ctime = 0x 66081680
[Debug] ¿¸≠€Æ
[Debug] ¿¸≠€Æ
[Debug] ¿¸≠€Æ
[Debug] ¿¸≠€Æ

bb_getattr(path="/.gitignore", statbuf=0xdaadeea0)
    bb_fullpath:  rootdir = "/home/vcm/File-Scheduler/rootdir", path = "/.gitignore", fpath = "/home/vcm/File-Scheduler/rootdir/.gitignore"
    lstat returned -1
    ERROR lstat: No such file or directory
    si:
    st_dev =  0
    st_ino =  0
    st_mode = 0 0
    st_nlink =  0
    st_uid =  0
    st_gid =  0
    st_rdev =  0
    st_size =  0
    st_blksize =  0
    st_blocks =  0
    st_atime = 0x 00000000
    st_mtime = 0x 00000000
    st_ctime = 0x 00000000
[Debug] ¿‹≠⁄Æ
[Debug] ¿‹≠⁄Æ
[Debug] ¿‹≠⁄Æ
[Debug] ¿‹≠⁄Æ

bb_getattr(path="/file8", statbuf=0xdb2dfea0)
    bb_fullpath:  rootdir = "/home/vcm/File-Scheduler/rootdir", path = "/file8", fpath = "/home/vcm/File-Scheduler/rootdir/file8"
    lstat returned 0
    si:
    st_dev =  64769
    st_ino =  54755657
    st_mode = 0 100664
    st_nlink =  1
    st_uid =  990
    st_gid =  1001
    st_rdev =  0
    st_size =  7
    st_blksize =  4096
    st_blocks =  8
    st_atime = 0x 6608168d
    st_mtime = 0x 6608168d
    st_ctime = 0x 6608168d
[Debug] ¿Ï-€Æ
[Debug] ¿Ï-€Æ
[Debug] ¿Ï-€Æ
[Debug] ¿Ï-€Æ

bb_getattr(path="/file1", statbuf=0xdbae0ea0)
    bb_fullpath:  rootdir = "/home/vcm/File-Scheduler/rootdir", path = "/file1", fpath = "/home/vcm/File-Scheduler/rootdir/file1"
    lstat returned 0
    si:
    st_dev =  64769
    st_ino =  54755653
    st_mode = 0 100664
    st_nlink =  1
    st_uid =  990
    st_gid =  1001
    st_rdev =  0
    st_size =  3
    st_blksize =  4096
    st_blocks =  8
    st_atime = 0x 660816d3
    st_mtime = 0x 660816d3
    st_ctime = 0x 660816d3
[Debug] ¿¸≠€Æ
[Debug] ¿¸≠€Æ
[Debug] ¿¸≠€Æ
[Debug] ¿¸≠€Æ

bb_getattr(path="/file2", statbuf=0xdaadeea0)
    bb_fullpath:  rootdir = "/home/vcm/File-Scheduler/rootdir", path = "/file2", fpath = "/home/vcm/File-Scheduler/rootdir/file2"
    lstat returned 0
    si:
    st_dev =  64769
    st_ino =  54755664
    st_mode = 0 100664
    st_nlink =  1
    st_uid =  990
    st_gid =  1001
    st_rdev =  0
    st_size =  3
    st_blksize =  4096
    st_blocks =  8
    st_atime = 0x 660816d6
    st_mtime = 0x 660816d6
    st_ctime = 0x 660816d6
[Debug] ¿‹≠⁄Æ
[Debug] ¿‹≠⁄Æ
[Debug] ¿‹≠⁄Æ
[Debug] ¿‹≠⁄Æ

bb_getattr(path="/file3", statbuf=0xdb2dfea0)
    bb_fullpath:  rootdir = "/home/vcm/File-Scheduler/rootdir", path = "/file3", fpath = "/home/vcm/File-Scheduler/rootdir/file3"
    lstat returned -1
    ERROR lstat: No such file or directory
    si:
    st_dev =  0
    st_ino =  0
    st_mode = 0 100777
    st_nlink =  1
    st_uid =  990
    st_gid =  1001
    st_rdev =  0
    st_size =  3
    st_blksize =  4096
    st_blocks =  0
    st_atime = 0x 660816d7
    st_mtime = 0x 660816d7
    st_ctime = 0x 660816d7
[Debug] ¿Ï-€Æ
[Debug] ¿Ï-€Æ
[Debug] ¿Ï-€Æ
[Debug] ¿Ï-€Æ

bb_getattr(path="/file4", statbuf=0xdbae0ea0)
    bb_fullpath:  rootdir = "/home/vcm/File-Scheduler/rootdir", path = "/file4", fpath = "/home/vcm/File-Scheduler/rootdir/file4"
    lstat returned -1
    ERROR lstat: No such file or directory
    si:
    st_dev =  0
    st_ino =  0
    st_mode = 0 100777
    st_nlink =  1
    st_uid =  990
    st_gid =  1001
    st_rdev =  0
    st_size =  3
    st_blksize =  4096
    st_blocks =  0
    st_atime = 0x 660816d7
    st_mtime = 0x 660816d7
    st_ctime = 0x 660816d7
[Debug] ¿¸≠€Æ
[Debug] ¿¸≠€Æ
[Debug] ¿¸≠€Æ
[Debug] ¿¸≠€Æ

bb_getattr(path="/file5", statbuf=0xdaadeea0)
    bb_fullpath:  rootdir = "/home/vcm/File-Scheduler/rootdir", path = "/file5", fpath = "/home/vcm/File-Scheduler/rootdir/file5"
    lstat returned -1
    ERROR lstat: No such file or directory
    si:
    st_dev =  0
    st_ino =  0
    st_mode = 0 100777
    st_nlink =  1
    st_uid =  990
    st_gid =  1001
    st_rdev =  0
    st_size =  2
    st_blksize =  4096
    st_blocks =  0
    st_atime = 0x 660816d7
    st_mtime = 0x 660816d7
    st_ctime = 0x 660816d7
[Debug] ¿‹≠⁄Æ
[Debug] ¿‹≠⁄Æ
[Debug] ¿‹≠⁄Æ
[Debug] ¿‹≠⁄Æ

bb_getattr(path="/file7", statbuf=0xdaadeea0)
    bb_fullpath:  rootdir = "/home/vcm/File-Scheduler/rootdir", path = "/file7", fpath = "/home/vcm/File-Scheduler/rootdir/file7"
    lstat returned -1
    ERROR lstat: No such file or directory
    si:
    st_dev =  0
    st_ino =  0
    st_mode = 0 100777
    st_nlink =  1
    st_uid =  990
    st_gid =  1001
    st_rdev =  0
    st_size =  2
    st_blksize =  4096
    st_blocks =  0
    st_atime = 0x 66081659
    st_mtime = 0x 66081659
    st_ctime = 0x 66081659
[Debug] ¿‹≠⁄Æ
[Debug] ¿‹≠⁄Æ
[Debug] ¿‹≠⁄Æ
[Debug] ¿‹≠⁄Æ

bb_releasedir(path="/", fi=0xdb2dfe90)
    fi:
    flags = 0x 00000000
    fh_old = 0x 7faed000ec30
    writepage =  0
    direct_io =  0
    keep_cache =  0
    fh = 0x 00007faed000ec30
    lock_owner = 0x 0000000000000000

bb_getattr(path="/", statbuf=0xdaadee70)
    bb_fullpath:  rootdir = "/home/vcm/File-Scheduler/rootdir", path = "/", fpath = "/home/vcm/File-Scheduler/rootdir/"
    lstat returned 0
    si:
    st_dev =  64769
    st_ino =  54755652
    st_mode = 0 40775
    st_nlink =  2
    st_uid =  990
    st_gid =  1001
    st_rdev =  0
    st_size =  58
    st_blksize =  4096
    st_blocks =  0
    st_atime = 0x 660816d7
    st_mtime = 0x 660816d6
    st_ctime = 0x 660816d6
[Debug] 
[Debug] 
[Debug] 
[Debug] 

bb_getattr(path="/.git", statbuf=0xdbae0ea0)
    bb_fullpath:  rootdir = "/home/vcm/File-Scheduler/rootdir", path = "/.git", fpath = "/home/vcm/File-Scheduler/rootdir/.git"
    lstat returned -1
    ERROR lstat: No such file or directory
    si:
    st_dev =  0
    st_ino =  0
    st_mode = 0 0
    st_nlink =  0
    st_uid =  0
    st_gid =  0
    st_rdev =  0
    st_size =  0
    st_blksize =  0
    st_blocks =  0
    st_atime = 0x 00000000
    st_mtime = 0x 00000000
    st_ctime = 0x 00000000
[Debug] ¿¸≠€Æ
[Debug] ¿¸≠€Æ
[Debug] ¿¸≠€Æ
[Debug] ¿¸≠€Æ

bb_getattr(path="/.git", statbuf=0xdb2dfea0)
    bb_fullpath:  rootdir = "/home/vcm/File-Scheduler/rootdir", path = "/.git", fpath = "/home/vcm/File-Scheduler/rootdir/.git"
    lstat returned -1
    ERROR lstat: No such file or directory
    si:
    st_dev =  0
    st_ino =  0
    st_mode = 0 0
    st_nlink =  0
    st_uid =  0
    st_gid =  0
    st_rdev =  0
    st_size =  0
    st_blksize =  0
    st_blocks =  0
    st_atime = 0x 00000000
    st_mtime = 0x 00000000
    st_ctime = 0x 00000000
[Debug] ¿Ï-€Æ
[Debug] ¿Ï-€Æ
[Debug] ¿Ï-€Æ
[Debug] ¿Ï-€Æ

bb_opendir(path="/", fi=0xdaadee90)
    bb_fullpath:  rootdir = "/home/vcm/File-Scheduler/rootdir", path = "/", fpath = "/home/vcm/File-Scheduler/rootdir/"
    opendir returned 0x0x7faed4122220
    fi:
    flags = 0x 00018800
    fh_old = 0x 00000000
    writepage =  0
    direct_io =  0
    keep_cache =  0
    fh = 0x 00007faed4122220
    lock_owner = 0x 0000000000000000

bb_getattr(path="/", statbuf=0xdbae0e70)
    bb_fullpath:  rootdir = "/home/vcm/File-Scheduler/rootdir", path = "/", fpath = "/home/vcm/File-Scheduler/rootdir/"
    lstat returned 0
    si:
    st_dev =  64769
    st_ino =  54755652
    st_mode = 0 40775
    st_nlink =  2
    st_uid =  990
    st_gid =  1001
    st_rdev =  0
    st_size =  58
    st_blksize =  4096
    st_blocks =  0
    st_atime = 0x 660816d7
    st_mtime = 0x 660816d6
    st_ctime = 0x 660816d6
[Debug] 
[Debug] 
[Debug] 
[Debug] 

bb_readdir(path="/", buf=0xd4116200, filler=0xdddebac0, offset=0, fi=0xdb2dfe90)
    readdir returned 0x0x7faed4122250
calling filler with name .
calling filler with name ..
calling filler with name file6
calling filler with name file8
calling filler with name file1
calling filler with name file2
[LOG]: /file3
[LOG]: /file4
[LOG]: /file5
[LOG]: /file7
cloud calling filler with name P˝-€Æ
cloud calling filler with name P˝-€Æ
cloud calling filler with name P˝-€Æ
cloud calling filler with name P˝-€Æ
[Cloud] P˝-€Æ 
[Cloud] P˝-€Æ 
[Cloud] P˝-€Æ 
[Cloud] P˝-€Æ 
    fi:
    flags = 0x 00000000
    fh_old = 0x 7faed4122220
    writepage =  0
    direct_io =  0
    keep_cache =  0
    fh = 0x 00007faed4122220
    lock_owner = 0x 0000000000000000

bb_getattr(path="/file6", statbuf=0xdaadeea0)
    bb_fullpath:  rootdir = "/home/vcm/File-Scheduler/rootdir", path = "/file6", fpath = "/home/vcm/File-Scheduler/rootdir/file6"
    lstat returned 0
    si:
    st_dev =  64769
    st_ino =  54755651
    st_mode = 0 100664
    st_nlink =  1
    st_uid =  990
    st_gid =  1001
    st_rdev =  0
    st_size =  2
    st_blksize =  4096
    st_blocks =  8
    st_atime = 0x 66081680
    st_mtime = 0x 66081680
    st_ctime = 0x 66081680
[Debug] ¿‹≠⁄Æ
[Debug] ¿‹≠⁄Æ
[Debug] ¿‹≠⁄Æ
[Debug] ¿‹≠⁄Æ

bb_getattr(path="/.gitignore", statbuf=0xdbae0ea0)
    bb_fullpath:  rootdir = "/home/vcm/File-Scheduler/rootdir", path = "/.gitignore", fpath = "/home/vcm/File-Scheduler/rootdir/.gitignore"
    lstat returned -1
    ERROR lstat: No such file or directory
    si:
    st_dev =  0
    st_ino =  0
    st_mode = 0 0
    st_nlink =  0
    st_uid =  0
    st_gid =  0
    st_rdev =  0
    st_size =  0
    st_blksize =  0
    st_blocks =  0
    st_atime = 0x 00000000
    st_mtime = 0x 00000000
    st_ctime = 0x 00000000
[Debug] ¿¸≠€Æ
[Debug] ¿¸≠€Æ
[Debug] ¿¸≠€Æ
[Debug] ¿¸≠€Æ

bb_getattr(path="/file8", statbuf=0xdb2dfea0)
    bb_fullpath:  rootdir = "/home/vcm/File-Scheduler/rootdir", path = "/file8", fpath = "/home/vcm/File-Scheduler/rootdir/file8"
    lstat returned 0
    si:
    st_dev =  64769
    st_ino =  54755657
    st_mode = 0 100664
    st_nlink =  1
    st_uid =  990
    st_gid =  1001
    st_rdev =  0
    st_size =  7
    st_blksize =  4096
    st_blocks =  8
    st_atime = 0x 6608168d
    st_mtime = 0x 6608168d
    st_ctime = 0x 6608168d
[Debug] ¿Ï-€Æ
[Debug] ¿Ï-€Æ
[Debug] ¿Ï-€Æ
[Debug] ¿Ï-€Æ

bb_getattr(path="/file1", statbuf=0xdaadeea0)
    bb_fullpath:  rootdir = "/home/vcm/File-Scheduler/rootdir", path = "/file1", fpath = "/home/vcm/File-Scheduler/rootdir/file1"
    lstat returned 0
    si:
    st_dev =  64769
    st_ino =  54755653
    st_mode = 0 100664
    st_nlink =  1
    st_uid =  990
    st_gid =  1001
    st_rdev =  0
    st_size =  3
    st_blksize =  4096
    st_blocks =  8
    st_atime = 0x 660816d3
    st_mtime = 0x 660816d3
    st_ctime = 0x 660816d3
[Debug] ¿‹≠⁄Æ
[Debug] ¿‹≠⁄Æ
[Debug] ¿‹≠⁄Æ
[Debug] ¿‹≠⁄Æ

bb_getattr(path="/file2", statbuf=0xdbae0ea0)
    bb_fullpath:  rootdir = "/home/vcm/File-Scheduler/rootdir", path = "/file2", fpath = "/home/vcm/File-Scheduler/rootdir/file2"
    lstat returned 0
    si:
    st_dev =  64769
    st_ino =  54755664
    st_mode = 0 100664
    st_nlink =  1
    st_uid =  990
    st_gid =  1001
    st_rdev =  0
    st_size =  3
    st_blksize =  4096
    st_blocks =  8
    st_atime = 0x 660816d6
    st_mtime = 0x 660816d6
    st_ctime = 0x 660816d6
[Debug] ¿¸≠€Æ
[Debug] ¿¸≠€Æ
[Debug] ¿¸≠€Æ
[Debug] ¿¸≠€Æ

bb_getattr(path="/file3", statbuf=0xdb2dfea0)
    bb_fullpath:  rootdir = "/home/vcm/File-Scheduler/rootdir", path = "/file3", fpath = "/home/vcm/File-Scheduler/rootdir/file3"
    lstat returned -1
    ERROR lstat: No such file or directory
    si:
    st_dev =  0
    st_ino =  0
    st_mode = 0 100777
    st_nlink =  1
    st_uid =  990
    st_gid =  1001
    st_rdev =  0
    st_size =  3
    st_blksize =  4096
    st_blocks =  0
    st_atime = 0x 660816d7
    st_mtime = 0x 660816d7
    st_ctime = 0x 660816d7
[Debug] ¿Ï-€Æ
[Debug] ¿Ï-€Æ
[Debug] ¿Ï-€Æ
[Debug] ¿Ï-€Æ

bb_getattr(path="/file4", statbuf=0xdaadeea0)
    bb_fullpath:  rootdir = "/home/vcm/File-Scheduler/rootdir", path = "/file4", fpath = "/home/vcm/File-Scheduler/rootdir/file4"
    lstat returned -1
    ERROR lstat: No such file or directory
    si:
    st_dev =  0
    st_ino =  0
    st_mode = 0 100777
    st_nlink =  1
    st_uid =  990
    st_gid =  1001
    st_rdev =  0
    st_size =  3
    st_blksize =  4096
    st_blocks =  0
    st_atime = 0x 660816d7
    st_mtime = 0x 660816d7
    st_ctime = 0x 660816d7
[Debug] ¿‹≠⁄Æ
[Debug] ¿‹≠⁄Æ
[Debug] ¿‹≠⁄Æ
[Debug] ¿‹≠⁄Æ

bb_getattr(path="/file5", statbuf=0xdbae0ea0)
    bb_fullpath:  rootdir = "/home/vcm/File-Scheduler/rootdir", path = "/file5", fpath = "/home/vcm/File-Scheduler/rootdir/file5"
    lstat returned -1
    ERROR lstat: No such file or directory
    si:
    st_dev =  0
    st_ino =  0
    st_mode = 0 100777
    st_nlink =  1
    st_uid =  990
    st_gid =  1001
    st_rdev =  0
    st_size =  2
    st_blksize =  4096
    st_blocks =  0
    st_atime = 0x 660816d7
    st_mtime = 0x 660816d7
    st_ctime = 0x 660816d7
[Debug] ¿¸≠€Æ
[Debug] ¿¸≠€Æ
[Debug] ¿¸≠€Æ
[Debug] ¿¸≠€Æ

bb_getattr(path="/file7", statbuf=0xdb2dfea0)
    bb_fullpath:  rootdir = "/home/vcm/File-Scheduler/rootdir", path = "/file7", fpath = "/home/vcm/File-Scheduler/rootdir/file7"
    lstat returned -1
    ERROR lstat: No such file or directory
    si:
    st_dev =  0
    st_ino =  0
    st_mode = 0 100777
    st_nlink =  1
    st_uid =  990
    st_gid =  1001
    st_rdev =  0
    st_size =  2
    st_blksize =  4096
    st_blocks =  0
    st_atime = 0x 66081659
    st_mtime = 0x 66081659
    st_ctime = 0x 66081659
[Debug] ¿Ï-€Æ
[Debug] ¿Ï-€Æ
[Debug] ¿Ï-€Æ
[Debug] ¿Ï-€Æ

bb_releasedir(path="/", fi=0xdbae0e90)
    fi:
    flags = 0x 00000000
    fh_old = 0x 7faed4122220
    writepage =  0
    direct_io =  0
    keep_cache =  0
    fh = 0x 00007faed4122220
    lock_owner = 0x 0000000000000000

bb_destroy(userdata=0xb8828240)
